-- The C compiler identification is GNU 13.3.0
-- The CXX compiler identification is GNU 13.3.0
-- Detecting C compiler ABI info
-- Detecting C compiler ABI info - done
-- Check for working C compiler: /usr/bin/cc - skipped
-- Detecting C compile features
-- Detecting C compile features - done
-- Detecting CXX compiler ABI info
-- Detecting CXX compiler ABI info - done
-- Check for working CXX compiler: /usr/bin/c++ - skipped
-- Detecting CXX compile features
-- Detecting CXX compile features - done
-- Found ament_cmake: 2.5.4 (/opt/ros/jazzy/share/ament_cmake/cmake)
-- Found Python3: /usr/bin/python3 (found version "3.12.3") found components: Interpreter 
-- Found rclcpp: 28.1.9 (/opt/ros/jazzy/share/rclcpp/cmake)
-- Found rosidl_generator_c: 4.6.5 (/opt/ros/jazzy/share/rosidl_generator_c/cmake)
-- Found rosidl_generator_cpp: 4.6.5 (/opt/ros/jazzy/share/rosidl_generator_cpp/cmake)
-- Using all available rosidl_typesupport_c: rosidl_typesupport_fastrtps_c;rosidl_typesupport_introspection_c
-- Using all available rosidl_typesupport_cpp: rosidl_typesupport_fastrtps_cpp;rosidl_typesupport_introspection_cpp
-- Found rmw_implementation_cmake: 7.3.2 (/opt/ros/jazzy/share/rmw_implementation_cmake/cmake)
-- Found rmw_fastrtps_cpp: 8.4.2 (/opt/ros/jazzy/share/rmw_fastrtps_cpp/cmake)
-- Found OpenSSL: /usr/lib/x86_64-linux-gnu/libcrypto.so (found version "3.0.13")  
-- Found FastRTPS: /opt/ros/jazzy/include (Required is at least version "2.13") 
-- Using RMW implementation 'rmw_fastrtps_cpp' as default
-- Found rclcpp_action: 28.1.9 (/opt/ros/jazzy/share/rclcpp_action/cmake)
-- Found nav_msgs: 5.3.6 (/opt/ros/jazzy/share/nav_msgs/cmake)
-- Found nav2_msgs: 1.3.6 (/opt/ros/jazzy/share/nav2_msgs/cmake)
-- Found visualization_msgs: 5.3.6 (/opt/ros/jazzy/share/visualization_msgs/cmake)
-- Found mapf_planner: 0.0.0 (/home/addinnedu/Rotus_team/roscamp-repo-3/Ros_Files/install/mapf_planner/share/mapf_planner/cmake)
-- Configuring done (1.5s)
-- Generating done (0.0s)
-- Build files have been written to: /home/addinnedu/ROS2_Jazzy_Study/build/mapf_planner
[  6%] [32mBuilding CXX object CMakeFiles/astar_node.dir/src/astar.cpp.o[0m
[  6%] [32mBuilding CXX object CMakeFiles/cbs_planner_node_test.dir/src/cbs_planner_node_test.cpp.o[0m
[  9%] [32mBuilding CXX object CMakeFiles/waypoint_follower.dir/src/waypoint_follower.cpp.o[0m
[ 12%] [32mBuilding CXX object CMakeFiles/cbs_planner_node_test.dir/src/cbs.cpp.o[0m
[ 15%] [32mBuilding CXX object CMakeFiles/astar_node.dir/src/astar_node.cpp.o[0m
[ 18%] [32mBuilding CXX object CMakeFiles/cbs_planner_node.dir/src/cbs.cpp.o[0m
[ 21%] [32mBuilding CXX object CMakeFiles/cbs_planner_node.dir/src/astar.cpp.o[0m
[ 25%] [32mBuilding CXX object CMakeFiles/cbs_planner_pose_publisher.dir/src/cbs_planner_pose_publisher.cpp.o[0m
[ 28%] [32mBuilding CXX object CMakeFiles/cbs_planner_node_test2.dir/src/cbs_planner_node_test2.cpp.o[0m
[ 34%] [32mBuilding CXX object CMakeFiles/grid_map_publisher.dir/src/grid_map_publisher.cpp.o[0m
[ 40%] [32mBuilding CXX object CMakeFiles/cbs_planner_node_test2.dir/src/cbs.cpp.o[0m
[ 40%] [32mBuilding CXX object CMakeFiles/prioritized_planner_node.dir/src/prioritized_planner_node.cpp.o[0m
[ 40%] [32mBuilding CXX object CMakeFiles/cbs_planner_node.dir/src/cbs_planner_node.cpp.o[0m
[ 46%] [32mBuilding CXX object CMakeFiles/tracked_path_publisher.dir/src/tracked_path_publisher.cpp.o[0m
[ 46%] [32mBuilding CXX object CMakeFiles/prioritized_planner_node.dir/src/astar.cpp.o[0m
[ 50%] [32mBuilding CXX object CMakeFiles/cbs_planner_node_pose_pub.dir/src/cbs_planner_node_pose_pub.cpp.o[0m
[ 53%] [32mBuilding CXX object CMakeFiles/cbs_planner_node_test.dir/src/astar.cpp.o[0m
[ 56%] [32mBuilding CXX object CMakeFiles/cbs_planner_node_test2.dir/src/astar.cpp.o[0m
[ 59%] [32mBuilding CXX object CMakeFiles/cbs_planner_node_pose_pub.dir/src/cbs.cpp.o[0m
[ 62%] [32mBuilding CXX object CMakeFiles/cbs_planner_pose_publisher.dir/src/cbs.cpp.o[0m
[ 65%] [32mBuilding CXX object CMakeFiles/cbs_planner_pose_publisher.dir/src/astar.cpp.o[0m
[ 68%] [32mBuilding CXX object CMakeFiles/cbs_planner_node_pose_pub.dir/src/astar.cpp.o[0m
[ 71%] [32m[1mLinking CXX executable cbs_planner_node_test2[0m
[ 75%] [32m[1mLinking CXX executable grid_map_publisher[0m
[ 78%] [32m[1mLinking CXX executable cbs_planner_node[0m
[ 78%] Built target grid_map_publisher
[ 78%] Built target cbs_planner_node_test2
[ 78%] Built target cbs_planner_node
[ 81%] [32m[1mLinking CXX executable cbs_planner_node_pose_pub[0m
[ 84%] [32m[1mLinking CXX executable waypoint_follower[0m
[ 87%] [32m[1mLinking CXX executable cbs_planner_pose_publisher[0m
[ 87%] Built target cbs_planner_node_pose_pub
[ 90%] [32m[1mLinking CXX executable astar_node[0m
[ 90%] Built target cbs_planner_pose_publisher
[ 90%] Built target waypoint_follower
[ 93%] [32m[1mLinking CXX executable prioritized_planner_node[0m
[ 93%] Built target astar_node
[ 96%] [32m[1mLinking CXX executable tracked_path_publisher[0m
[ 96%] Built target prioritized_planner_node
[ 96%] Built target tracked_path_publisher
[100%] [32m[1mLinking CXX executable cbs_planner_node_test[0m
[100%] Built target cbs_planner_node_test
-- Install configuration: ""
-- Installing: /home/addinnedu/ROS2_Jazzy_Study/install/mapf_planner/lib/mapf_planner/astar_node
-- Set non-toolchain portion of runtime path of "/home/addinnedu/ROS2_Jazzy_Study/install/mapf_planner/lib/mapf_planner/astar_node" to ""
-- Installing: /home/addinnedu/ROS2_Jazzy_Study/install/mapf_planner/lib/mapf_planner/grid_map_publisher
-- Set non-toolchain portion of runtime path of "/home/addinnedu/ROS2_Jazzy_Study/install/mapf_planner/lib/mapf_planner/grid_map_publisher" to ""
-- Installing: /home/addinnedu/ROS2_Jazzy_Study/install/mapf_planner/lib/mapf_planner/prioritized_planner_node
-- Set non-toolchain portion of runtime path of "/home/addinnedu/ROS2_Jazzy_Study/install/mapf_planner/lib/mapf_planner/prioritized_planner_node" to ""
-- Installing: /home/addinnedu/ROS2_Jazzy_Study/install/mapf_planner/lib/mapf_planner/cbs_planner_node
-- Set non-toolchain portion of runtime path of "/home/addinnedu/ROS2_Jazzy_Study/install/mapf_planner/lib/mapf_planner/cbs_planner_node" to ""
-- Installing: /home/addinnedu/ROS2_Jazzy_Study/install/mapf_planner/lib/mapf_planner/waypoint_follower
-- Set non-toolchain portion of runtime path of "/home/addinnedu/ROS2_Jazzy_Study/install/mapf_planner/lib/mapf_planner/waypoint_follower" to ""
-- Installing: /home/addinnedu/ROS2_Jazzy_Study/install/mapf_planner/lib/mapf_planner/tracked_path_publisher
-- Set non-toolchain portion of runtime path of "/home/addinnedu/ROS2_Jazzy_Study/install/mapf_planner/lib/mapf_planner/tracked_path_publisher" to ""
-- Installing: /home/addinnedu/ROS2_Jazzy_Study/install/mapf_planner/lib/mapf_planner/cbs_planner_node_test
-- Set non-toolchain portion of runtime path of "/home/addinnedu/ROS2_Jazzy_Study/install/mapf_planner/lib/mapf_planner/cbs_planner_node_test" to ""
-- Installing: /home/addinnedu/ROS2_Jazzy_Study/install/mapf_planner/lib/mapf_planner/cbs_planner_node_test2
-- Set non-toolchain portion of runtime path of "/home/addinnedu/ROS2_Jazzy_Study/install/mapf_planner/lib/mapf_planner/cbs_planner_node_test2" to ""
-- Installing: /home/addinnedu/ROS2_Jazzy_Study/install/mapf_planner/lib/mapf_planner/cbs_planner_pose_publisher
-- Set non-toolchain portion of runtime path of "/home/addinnedu/ROS2_Jazzy_Study/install/mapf_planner/lib/mapf_planner/cbs_planner_pose_publisher" to ""
-- Installing: /home/addinnedu/ROS2_Jazzy_Study/install/mapf_planner/lib/mapf_planner/cbs_planner_node_pose_pub
-- Set non-toolchain portion of runtime path of "/home/addinnedu/ROS2_Jazzy_Study/install/mapf_planner/lib/mapf_planner/cbs_planner_node_pose_pub" to ""
-- Installing: /home/addinnedu/ROS2_Jazzy_Study/install/mapf_planner/share/mapf_planner//launch
-- Installing: /home/addinnedu/ROS2_Jazzy_Study/install/mapf_planner/share/mapf_planner//launch/multi_node_launch.py
-- Installing: /home/addinnedu/ROS2_Jazzy_Study/install/mapf_planner/share/ament_index/resource_index/package_run_dependencies/mapf_planner
-- Installing: /home/addinnedu/ROS2_Jazzy_Study/install/mapf_planner/share/ament_index/resource_index/parent_prefix_path/mapf_planner
-- Installing: /home/addinnedu/ROS2_Jazzy_Study/install/mapf_planner/share/mapf_planner/environment/ament_prefix_path.sh
-- Installing: /home/addinnedu/ROS2_Jazzy_Study/install/mapf_planner/share/mapf_planner/environment/ament_prefix_path.dsv
-- Installing: /home/addinnedu/ROS2_Jazzy_Study/install/mapf_planner/share/mapf_planner/environment/path.sh
-- Installing: /home/addinnedu/ROS2_Jazzy_Study/install/mapf_planner/share/mapf_planner/environment/path.dsv
-- Installing: /home/addinnedu/ROS2_Jazzy_Study/install/mapf_planner/share/mapf_planner/local_setup.bash
-- Installing: /home/addinnedu/ROS2_Jazzy_Study/install/mapf_planner/share/mapf_planner/local_setup.sh
-- Installing: /home/addinnedu/ROS2_Jazzy_Study/install/mapf_planner/share/mapf_planner/local_setup.zsh
-- Installing: /home/addinnedu/ROS2_Jazzy_Study/install/mapf_planner/share/mapf_planner/local_setup.dsv
-- Installing: /home/addinnedu/ROS2_Jazzy_Study/install/mapf_planner/share/mapf_planner/package.dsv
-- Installing: /home/addinnedu/ROS2_Jazzy_Study/install/mapf_planner/share/ament_index/resource_index/packages/mapf_planner
-- Installing: /home/addinnedu/ROS2_Jazzy_Study/install/mapf_planner/share/mapf_planner/cmake/mapf_plannerConfig.cmake
-- Installing: /home/addinnedu/ROS2_Jazzy_Study/install/mapf_planner/share/mapf_planner/cmake/mapf_plannerConfig-version.cmake
-- Installing: /home/addinnedu/ROS2_Jazzy_Study/install/mapf_planner/share/mapf_planner/package.xml
