[0.211s] Invoking command in '/home/addinnedu/ROS2_Jazzy_Study/build/mapf_planner': CMAKE_PREFIX_PATH=${CMAKE_PREFIX_PATH}:/home/addinnedu/monitoring_camera_ws/install/aruco_marker_pkg:/opt/ros/jazzy DEBUGINFOD_URLS=https://debuginfod.ubuntu.com /usr/bin/cmake /home/addinnedu/ROS2_Jazzy_Study/src/mapf_planner -DCMAKE_INSTALL_PREFIX=/home/addinnedu/ROS2_Jazzy_Study/install/mapf_planner
[0.754s] -- The C compiler identification is GNU 13.3.0
[0.754s] -- The CXX compiler identification is GNU 13.3.0
[0.754s] -- Detecting C compiler ABI info
[0.755s] -- Detecting C compiler ABI info - done
[0.755s] -- Check for working C compiler: /usr/bin/cc - skipped
[0.755s] -- Detecting C compile features
[0.755s] -- Detecting C compile features - done
[0.755s] -- Detecting CXX compiler ABI info
[0.755s] -- Detecting CXX compiler ABI info - done
[0.755s] -- Check for working CXX compiler: /usr/bin/c++ - skipped
[0.755s] -- Detecting CXX compile features
[0.755s] -- Detecting CXX compile features - done
[0.755s] -- Found ament_cmake: 2.5.4 (/opt/ros/jazzy/share/ament_cmake/cmake)
[0.755s] -- Found Python3: /usr/bin/python3 (found version "3.12.3") found components: Interpreter 
[0.886s] -- Found rclcpp: 28.1.9 (/opt/ros/jazzy/share/rclcpp/cmake)
[0.952s] -- Found rosidl_generator_c: 4.6.5 (/opt/ros/jazzy/share/rosidl_generator_c/cmake)
[0.973s] -- Found rosidl_generator_cpp: 4.6.5 (/opt/ros/jazzy/share/rosidl_generator_cpp/cmake)
[0.997s] -- Using all available rosidl_typesupport_c: rosidl_typesupport_fastrtps_c;rosidl_typesupport_introspection_c
[1.023s] -- Using all available rosidl_typesupport_cpp: rosidl_typesupport_fastrtps_cpp;rosidl_typesupport_introspection_cpp
[1.125s] -- Found rmw_implementation_cmake: 7.3.2 (/opt/ros/jazzy/share/rmw_implementation_cmake/cmake)
[1.130s] -- Found rmw_fastrtps_cpp: 8.4.2 (/opt/ros/jazzy/share/rmw_fastrtps_cpp/cmake)
[1.235s] -- Found OpenSSL: /usr/lib/x86_64-linux-gnu/libcrypto.so (found version "3.0.13")  
[1.256s] -- Found FastRTPS: /opt/ros/jazzy/include (Required is at least version "2.13") 
[1.280s] -- Using RMW implementation 'rmw_fastrtps_cpp' as default
[1.372s] -- Found rclcpp_action: 28.1.9 (/opt/ros/jazzy/share/rclcpp_action/cmake)
[1.428s] -- Found nav_msgs: 5.3.6 (/opt/ros/jazzy/share/nav_msgs/cmake)
[1.496s] -- Found nav2_msgs: 1.3.6 (/opt/ros/jazzy/share/nav2_msgs/cmake)
[1.584s] -- Found visualization_msgs: 5.3.6 (/opt/ros/jazzy/share/visualization_msgs/cmake)
[1.639s] -- Found mapf_planner: 0.0.0 (/home/addinnedu/Rotus_team/roscamp-repo-3/Ros_Files/install/mapf_planner/share/mapf_planner/cmake)
[1.731s] -- Configuring done (1.5s)
[1.775s] -- Generating done (0.0s)
[1.788s] -- Build files have been written to: /home/addinnedu/ROS2_Jazzy_Study/build/mapf_planner
[1.801s] Invoked command in '/home/addinnedu/ROS2_Jazzy_Study/build/mapf_planner' returned '0': CMAKE_PREFIX_PATH=${CMAKE_PREFIX_PATH}:/home/addinnedu/monitoring_camera_ws/install/aruco_marker_pkg:/opt/ros/jazzy DEBUGINFOD_URLS=https://debuginfod.ubuntu.com /usr/bin/cmake /home/addinnedu/ROS2_Jazzy_Study/src/mapf_planner -DCMAKE_INSTALL_PREFIX=/home/addinnedu/ROS2_Jazzy_Study/install/mapf_planner
[1.802s] Invoking command in '/home/addinnedu/ROS2_Jazzy_Study/build/mapf_planner': CMAKE_PREFIX_PATH=${CMAKE_PREFIX_PATH}:/home/addinnedu/monitoring_camera_ws/install/aruco_marker_pkg:/opt/ros/jazzy DEBUGINFOD_URLS=https://debuginfod.ubuntu.com /usr/bin/cmake --build /home/addinnedu/ROS2_Jazzy_Study/build/mapf_planner -- -j16 -l16
[1.865s] [  6%] [32mBuilding CXX object CMakeFiles/astar_node.dir/src/astar.cpp.o[0m
[1.865s] [  6%] [32mBuilding CXX object CMakeFiles/cbs_planner_node_test.dir/src/cbs_planner_node_test.cpp.o[0m
[1.866s] [  9%] [32mBuilding CXX object CMakeFiles/waypoint_follower.dir/src/waypoint_follower.cpp.o[0m
[1.866s] [ 12%] [32mBuilding CXX object CMakeFiles/cbs_planner_node_test.dir/src/cbs.cpp.o[0m
[1.866s] [ 15%] [32mBuilding CXX object CMakeFiles/astar_node.dir/src/astar_node.cpp.o[0m
[1.866s] [ 18%] [32mBuilding CXX object CMakeFiles/cbs_planner_node.dir/src/cbs.cpp.o[0m
[1.868s] [ 21%] [32mBuilding CXX object CMakeFiles/cbs_planner_node.dir/src/astar.cpp.o[0m
[1.870s] [ 25%] [32mBuilding CXX object CMakeFiles/cbs_planner_pose_publisher.dir/src/cbs_planner_pose_publisher.cpp.o[0m
[1.870s] [ 28%] [32mBuilding CXX object CMakeFiles/cbs_planner_node_test2.dir/src/cbs_planner_node_test2.cpp.o[0m
[1.873s] [ 34%] [32mBuilding CXX object CMakeFiles/grid_map_publisher.dir/src/grid_map_publisher.cpp.o[0m
[1.878s] [ 40%] [32mBuilding CXX object CMakeFiles/cbs_planner_node_test2.dir/src/cbs.cpp.o[0m
[1.878s] [ 40%] [32mBuilding CXX object CMakeFiles/prioritized_planner_node.dir/src/prioritized_planner_node.cpp.o[0m
[1.878s] [ 40%] [32mBuilding CXX object CMakeFiles/cbs_planner_node.dir/src/cbs_planner_node.cpp.o[0m
[1.878s] [ 46%] [32mBuilding CXX object CMakeFiles/tracked_path_publisher.dir/src/tracked_path_publisher.cpp.o[0m
[1.879s] [ 46%] [32mBuilding CXX object CMakeFiles/prioritized_planner_node.dir/src/astar.cpp.o[0m
[1.884s] [ 50%] [32mBuilding CXX object CMakeFiles/cbs_planner_node_pose_pub.dir/src/cbs_planner_node_pose_pub.cpp.o[0m
[3.334s] [ 53%] [32mBuilding CXX object CMakeFiles/cbs_planner_node_test.dir/src/astar.cpp.o[0m
[3.358s] [ 56%] [32mBuilding CXX object CMakeFiles/cbs_planner_node_test2.dir/src/astar.cpp.o[0m
[3.425s] [ 59%] [32mBuilding CXX object CMakeFiles/cbs_planner_node_pose_pub.dir/src/cbs.cpp.o[0m
[4.668s] [ 62%] [32mBuilding CXX object CMakeFiles/cbs_planner_pose_publisher.dir/src/cbs.cpp.o[0m
[6.270s] [ 65%] [32mBuilding CXX object CMakeFiles/cbs_planner_pose_publisher.dir/src/astar.cpp.o[0m
[6.657s] [ 68%] [32mBuilding CXX object CMakeFiles/cbs_planner_node_pose_pub.dir/src/astar.cpp.o[0m
[8.670s] [ 71%] [32m[1mLinking CXX executable cbs_planner_node_test2[0m
[8.811s] [ 75%] [32m[1mLinking CXX executable grid_map_publisher[0m
[8.949s] [ 78%] [32m[1mLinking CXX executable cbs_planner_node[0m
[9.120s] [ 78%] Built target grid_map_publisher
[9.166s] [ 78%] Built target cbs_planner_node_test2
[9.258s] [ 78%] Built target cbs_planner_node
[12.134s] [ 81%] [32m[1mLinking CXX executable cbs_planner_node_pose_pub[0m
[12.371s] [ 84%] [32m[1mLinking CXX executable waypoint_follower[0m
[12.394s] [ 87%] [32m[1mLinking CXX executable cbs_planner_pose_publisher[0m
[12.448s] [ 87%] Built target cbs_planner_node_pose_pub
[12.654s] [ 90%] [32m[1mLinking CXX executable astar_node[0m
[12.737s] [ 90%] Built target cbs_planner_pose_publisher
[12.816s] [ 90%] Built target waypoint_follower
[12.816s] [ 93%] [32m[1mLinking CXX executable prioritized_planner_node[0m
[12.992s] [ 93%] Built target astar_node
[13.061s] [ 96%] [32m[1mLinking CXX executable tracked_path_publisher[0m
[13.119s] [ 96%] Built target prioritized_planner_node
[13.312s] [ 96%] Built target tracked_path_publisher
[14.029s] [100%] [32m[1mLinking CXX executable cbs_planner_node_test[0m
[14.360s] [100%] Built target cbs_planner_node_test
[14.373s] Invoked command in '/home/addinnedu/ROS2_Jazzy_Study/build/mapf_planner' returned '0': CMAKE_PREFIX_PATH=${CMAKE_PREFIX_PATH}:/home/addinnedu/monitoring_camera_ws/install/aruco_marker_pkg:/opt/ros/jazzy DEBUGINFOD_URLS=https://debuginfod.ubuntu.com /usr/bin/cmake --build /home/addinnedu/ROS2_Jazzy_Study/build/mapf_planner -- -j16 -l16
[14.374s] Invoking command in '/home/addinnedu/ROS2_Jazzy_Study/build/mapf_planner': CMAKE_PREFIX_PATH=${CMAKE_PREFIX_PATH}:/home/addinnedu/monitoring_camera_ws/install/aruco_marker_pkg:/opt/ros/jazzy DEBUGINFOD_URLS=https://debuginfod.ubuntu.com /usr/bin/cmake --install /home/addinnedu/ROS2_Jazzy_Study/build/mapf_planner
[14.383s] -- Install configuration: ""
[14.383s] -- Installing: /home/addinnedu/ROS2_Jazzy_Study/install/mapf_planner/lib/mapf_planner/astar_node
[14.387s] -- Set non-toolchain portion of runtime path of "/home/addinnedu/ROS2_Jazzy_Study/install/mapf_planner/lib/mapf_planner/astar_node" to ""
[14.387s] -- Installing: /home/addinnedu/ROS2_Jazzy_Study/install/mapf_planner/lib/mapf_planner/grid_map_publisher
[14.388s] -- Set non-toolchain portion of runtime path of "/home/addinnedu/ROS2_Jazzy_Study/install/mapf_planner/lib/mapf_planner/grid_map_publisher" to ""
[14.388s] -- Installing: /home/addinnedu/ROS2_Jazzy_Study/install/mapf_planner/lib/mapf_planner/prioritized_planner_node
[14.393s] -- Set non-toolchain portion of runtime path of "/home/addinnedu/ROS2_Jazzy_Study/install/mapf_planner/lib/mapf_planner/prioritized_planner_node" to ""
[14.393s] -- Installing: /home/addinnedu/ROS2_Jazzy_Study/install/mapf_planner/lib/mapf_planner/cbs_planner_node
[14.394s] -- Set non-toolchain portion of runtime path of "/home/addinnedu/ROS2_Jazzy_Study/install/mapf_planner/lib/mapf_planner/cbs_planner_node" to ""
[14.394s] -- Installing: /home/addinnedu/ROS2_Jazzy_Study/install/mapf_planner/lib/mapf_planner/waypoint_follower
[14.399s] -- Set non-toolchain portion of runtime path of "/home/addinnedu/ROS2_Jazzy_Study/install/mapf_planner/lib/mapf_planner/waypoint_follower" to ""
[14.399s] -- Installing: /home/addinnedu/ROS2_Jazzy_Study/install/mapf_planner/lib/mapf_planner/tracked_path_publisher
[14.403s] -- Set non-toolchain portion of runtime path of "/home/addinnedu/ROS2_Jazzy_Study/install/mapf_planner/lib/mapf_planner/tracked_path_publisher" to ""
[14.403s] -- Installing: /home/addinnedu/ROS2_Jazzy_Study/install/mapf_planner/lib/mapf_planner/cbs_planner_node_test
[14.408s] -- Set non-toolchain portion of runtime path of "/home/addinnedu/ROS2_Jazzy_Study/install/mapf_planner/lib/mapf_planner/cbs_planner_node_test" to ""
[14.408s] -- Installing: /home/addinnedu/ROS2_Jazzy_Study/install/mapf_planner/lib/mapf_planner/cbs_planner_node_test2
[14.410s] -- Set non-toolchain portion of runtime path of "/home/addinnedu/ROS2_Jazzy_Study/install/mapf_planner/lib/mapf_planner/cbs_planner_node_test2" to ""
[14.410s] -- Installing: /home/addinnedu/ROS2_Jazzy_Study/install/mapf_planner/lib/mapf_planner/cbs_planner_pose_publisher
[14.414s] -- Set non-toolchain portion of runtime path of "/home/addinnedu/ROS2_Jazzy_Study/install/mapf_planner/lib/mapf_planner/cbs_planner_pose_publisher" to ""
[14.414s] -- Installing: /home/addinnedu/ROS2_Jazzy_Study/install/mapf_planner/lib/mapf_planner/cbs_planner_node_pose_pub
[14.418s] -- Set non-toolchain portion of runtime path of "/home/addinnedu/ROS2_Jazzy_Study/install/mapf_planner/lib/mapf_planner/cbs_planner_node_pose_pub" to ""
[14.418s] -- Installing: /home/addinnedu/ROS2_Jazzy_Study/install/mapf_planner/share/mapf_planner//launch
[14.418s] -- Installing: /home/addinnedu/ROS2_Jazzy_Study/install/mapf_planner/share/mapf_planner//launch/multi_node_launch.py
[14.418s] -- Installing: /home/addinnedu/ROS2_Jazzy_Study/install/mapf_planner/share/ament_index/resource_index/package_run_dependencies/mapf_planner
[14.419s] -- Installing: /home/addinnedu/ROS2_Jazzy_Study/install/mapf_planner/share/ament_index/resource_index/parent_prefix_path/mapf_planner
[14.419s] -- Installing: /home/addinnedu/ROS2_Jazzy_Study/install/mapf_planner/share/mapf_planner/environment/ament_prefix_path.sh
[14.419s] -- Installing: /home/addinnedu/ROS2_Jazzy_Study/install/mapf_planner/share/mapf_planner/environment/ament_prefix_path.dsv
[14.419s] -- Installing: /home/addinnedu/ROS2_Jazzy_Study/install/mapf_planner/share/mapf_planner/environment/path.sh
[14.419s] -- Installing: /home/addinnedu/ROS2_Jazzy_Study/install/mapf_planner/share/mapf_planner/environment/path.dsv
[14.419s] -- Installing: /home/addinnedu/ROS2_Jazzy_Study/install/mapf_planner/share/mapf_planner/local_setup.bash
[14.419s] -- Installing: /home/addinnedu/ROS2_Jazzy_Study/install/mapf_planner/share/mapf_planner/local_setup.sh
[14.420s] -- Installing: /home/addinnedu/ROS2_Jazzy_Study/install/mapf_planner/share/mapf_planner/local_setup.zsh
[14.420s] -- Installing: /home/addinnedu/ROS2_Jazzy_Study/install/mapf_planner/share/mapf_planner/local_setup.dsv
[14.420s] -- Installing: /home/addinnedu/ROS2_Jazzy_Study/install/mapf_planner/share/mapf_planner/package.dsv
[14.420s] -- Installing: /home/addinnedu/ROS2_Jazzy_Study/install/mapf_planner/share/ament_index/resource_index/packages/mapf_planner
[14.420s] -- Installing: /home/addinnedu/ROS2_Jazzy_Study/install/mapf_planner/share/mapf_planner/cmake/mapf_plannerConfig.cmake
[14.420s] -- Installing: /home/addinnedu/ROS2_Jazzy_Study/install/mapf_planner/share/mapf_planner/cmake/mapf_plannerConfig-version.cmake
[14.420s] -- Installing: /home/addinnedu/ROS2_Jazzy_Study/install/mapf_planner/share/mapf_planner/package.xml
[14.423s] Invoked command in '/home/addinnedu/ROS2_Jazzy_Study/build/mapf_planner' returned '0': CMAKE_PREFIX_PATH=${CMAKE_PREFIX_PATH}:/home/addinnedu/monitoring_camera_ws/install/aruco_marker_pkg:/opt/ros/jazzy DEBUGINFOD_URLS=https://debuginfod.ubuntu.com /usr/bin/cmake --install /home/addinnedu/ROS2_Jazzy_Study/build/mapf_planner
