running egg_info
writing ../../build/pinky_mapf/pinky_mapf.egg-info/PKG-INFO
writing dependency_links to ../../build/pinky_mapf/pinky_mapf.egg-info/dependency_links.txt
writing entry points to ../../build/pinky_mapf/pinky_mapf.egg-info/entry_points.txt
writing requirements to ../../build/pinky_mapf/pinky_mapf.egg-info/requires.txt
writing top-level names to ../../build/pinky_mapf/pinky_mapf.egg-info/top_level.txt
reading manifest file '../../build/pinky_mapf/pinky_mapf.egg-info/SOURCES.txt'
writing manifest file '../../build/pinky_mapf/pinky_mapf.egg-info/SOURCES.txt'
running build
running build_py
running install
running install_lib
running install_data
running install_egg_info
removing '/home/addinnedu/ROS2_Jazzy_Study/install/pinky_mapf/lib/python3.12/site-packages/pinky_mapf-0.0.1-py3.12.egg-info' (and everything under it)
Copying ../../build/pinky_mapf/pinky_mapf.egg-info to /home/addinnedu/ROS2_Jazzy_Study/install/pinky_mapf/lib/python3.12/site-packages/pinky_mapf-0.0.1-py3.12.egg-info
running install_scripts
Installing follow_waypoints_client script to /home/addinnedu/ROS2_Jazzy_Study/install/pinky_mapf/lib/pinky_mapf
Installing goal_point script to /home/addinnedu/ROS2_Jazzy_Study/install/pinky_mapf/lib/pinky_mapf
Installing goal_point1 script to /home/addinnedu/ROS2_Jazzy_Study/install/pinky_mapf/lib/pinky_mapf
Installing goal_point2 script to /home/addinnedu/ROS2_Jazzy_Study/install/pinky_mapf/lib/pinky_mapf
Installing goal_point3 script to /home/addinnedu/ROS2_Jazzy_Study/install/pinky_mapf/lib/pinky_mapf
writing list of installed files to '/home/addinnedu/ROS2_Jazzy_Study/build/pinky_mapf/install.log'
