[1.512s] Invoking command in '/home/addinnedu/ROS2_Jazzy_Study/build/send_goal': DEBUGINFOD_URLS=https://debuginfod.ubuntu.com PYTHONPATH=/home/addinnedu/ROS2_Jazzy_Study/build/send_goal/prefix_override:/usr/lib/python3/dist-packages/colcon_core/task/python/colcon_distutils_commands:/home/addinnedu/ROS2_Jazzy_Study/install/send_goal/lib/python3.12/site-packages:${PYTHONPATH} /usr/bin/python3 -W ignore:setup.py install is deprecated -W ignore:easy_install command is deprecated setup.py develop --uninstall --editable --build-directory /home/addinnedu/ROS2_Jazzy_Study/build/send_goal/build
[1.808s] running develop
[2.012s] Removing /home/addinnedu/ROS2_Jazzy_Study/install/send_goal/lib/python3.12/site-packages/send-goal.egg-link (link to .)
[2.055s] Invoked command in '/home/addinnedu/ROS2_Jazzy_Study/build/send_goal' returned '0': DEBUGINFOD_URLS=https://debuginfod.ubuntu.com PYTHONPATH=/home/addinnedu/ROS2_Jazzy_Study/build/send_goal/prefix_override:/usr/lib/python3/dist-packages/colcon_core/task/python/colcon_distutils_commands:/home/addinnedu/ROS2_Jazzy_Study/install/send_goal/lib/python3.12/site-packages:${PYTHONPATH} /usr/bin/python3 -W ignore:setup.py install is deprecated -W ignore:easy_install command is deprecated setup.py develop --uninstall --editable --build-directory /home/addinnedu/ROS2_Jazzy_Study/build/send_goal/build
[2.056s] Invoking command in '/home/addinnedu/ROS2_Jazzy_Study/src/send_goal': DEBUGINFOD_URLS=https://debuginfod.ubuntu.com PYTHONPATH=/home/addinnedu/ROS2_Jazzy_Study/build/send_goal/prefix_override:/usr/lib/python3/dist-packages/colcon_core/task/python/colcon_distutils_commands:/home/addinnedu/ROS2_Jazzy_Study/install/send_goal/lib/python3.12/site-packages:${PYTHONPATH} /usr/bin/python3 -W ignore:setup.py install is deprecated -W ignore:easy_install command is deprecated setup.py egg_info --egg-base ../../build/send_goal build --build-base /home/addinnedu/ROS2_Jazzy_Study/build/send_goal/build install --record /home/addinnedu/ROS2_Jazzy_Study/build/send_goal/install.log --single-version-externally-managed install_data --force
[2.298s] running egg_info
[2.317s] writing ../../build/send_goal/send_goal.egg-info/PKG-INFO
[2.318s] writing dependency_links to ../../build/send_goal/send_goal.egg-info/dependency_links.txt
[2.318s] writing entry points to ../../build/send_goal/send_goal.egg-info/entry_points.txt
[2.318s] writing requirements to ../../build/send_goal/send_goal.egg-info/requires.txt
[2.318s] writing top-level names to ../../build/send_goal/send_goal.egg-info/top_level.txt
[2.357s] reading manifest file '../../build/send_goal/send_goal.egg-info/SOURCES.txt'
[2.357s] adding license file 'LICENSE'
[2.358s] writing manifest file '../../build/send_goal/send_goal.egg-info/SOURCES.txt'
[2.358s] running build
[2.358s] running build_py
[2.358s] running install
[2.363s] running install_lib
[2.383s] creating /home/addinnedu/ROS2_Jazzy_Study/install/send_goal/lib/python3.12/site-packages/send_goal
[2.383s] copying /home/addinnedu/ROS2_Jazzy_Study/build/send_goal/build/lib/send_goal/FollowWaypointsClient.py -> /home/addinnedu/ROS2_Jazzy_Study/install/send_goal/lib/python3.12/site-packages/send_goal
[2.383s] copying /home/addinnedu/ROS2_Jazzy_Study/build/send_goal/build/lib/send_goal/python_node.py -> /home/addinnedu/ROS2_Jazzy_Study/install/send_goal/lib/python3.12/site-packages/send_goal
[2.384s] copying /home/addinnedu/ROS2_Jazzy_Study/build/send_goal/build/lib/send_goal/__init__.py -> /home/addinnedu/ROS2_Jazzy_Study/install/send_goal/lib/python3.12/site-packages/send_goal
[2.384s] copying /home/addinnedu/ROS2_Jazzy_Study/build/send_goal/build/lib/send_goal/simple_nav_goal.py -> /home/addinnedu/ROS2_Jazzy_Study/install/send_goal/lib/python3.12/site-packages/send_goal
[2.384s] byte-compiling /home/addinnedu/ROS2_Jazzy_Study/install/send_goal/lib/python3.12/site-packages/send_goal/FollowWaypointsClient.py to FollowWaypointsClient.cpython-312.pyc
[2.385s] byte-compiling /home/addinnedu/ROS2_Jazzy_Study/install/send_goal/lib/python3.12/site-packages/send_goal/python_node.py to python_node.cpython-312.pyc
[2.385s] byte-compiling /home/addinnedu/ROS2_Jazzy_Study/install/send_goal/lib/python3.12/site-packages/send_goal/__init__.py to __init__.cpython-312.pyc
[2.385s] byte-compiling /home/addinnedu/ROS2_Jazzy_Study/install/send_goal/lib/python3.12/site-packages/send_goal/simple_nav_goal.py to simple_nav_goal.cpython-312.pyc
[2.385s] running install_data
[2.385s] copying resource/send_goal -> /home/addinnedu/ROS2_Jazzy_Study/install/send_goal/share/ament_index/resource_index/packages
[2.385s] copying package.xml -> /home/addinnedu/ROS2_Jazzy_Study/install/send_goal/share/send_goal
[2.385s] running install_egg_info
[2.406s] Copying ../../build/send_goal/send_goal.egg-info to /home/addinnedu/ROS2_Jazzy_Study/install/send_goal/lib/python3.12/site-packages/send_goal-0.0.0-py3.12.egg-info
[2.407s] running install_scripts
[2.537s] Installing follow_waypoints_client script to /home/addinnedu/ROS2_Jazzy_Study/install/send_goal/lib/send_goal
[2.538s] Installing python_node script to /home/addinnedu/ROS2_Jazzy_Study/install/send_goal/lib/send_goal
[2.538s] Installing simple_nav_goal script to /home/addinnedu/ROS2_Jazzy_Study/install/send_goal/lib/send_goal
[2.538s] writing list of installed files to '/home/addinnedu/ROS2_Jazzy_Study/build/send_goal/install.log'
[2.574s] Invoked command in '/home/addinnedu/ROS2_Jazzy_Study/src/send_goal' returned '0': DEBUGINFOD_URLS=https://debuginfod.ubuntu.com PYTHONPATH=/home/addinnedu/ROS2_Jazzy_Study/build/send_goal/prefix_override:/usr/lib/python3/dist-packages/colcon_core/task/python/colcon_distutils_commands:/home/addinnedu/ROS2_Jazzy_Study/install/send_goal/lib/python3.12/site-packages:${PYTHONPATH} /usr/bin/python3 -W ignore:setup.py install is deprecated -W ignore:easy_install command is deprecated setup.py egg_info --egg-base ../../build/send_goal build --build-base /home/addinnedu/ROS2_Jazzy_Study/build/send_goal/build install --record /home/addinnedu/ROS2_Jazzy_Study/build/send_goal/install.log --single-version-externally-managed install_data --force
