[1.429s] Invoking command in '/home/addinnedu/ROS2_Jazzy_Study/build/my_demo_pkg': DEBUGINFOD_URLS=https://debuginfod.ubuntu.com PYTHONPATH=/home/addinnedu/ROS2_Jazzy_Study/build/my_demo_pkg/prefix_override:/usr/lib/python3/dist-packages/colcon_core/task/python/colcon_distutils_commands:/home/addinnedu/ROS2_Jazzy_Study/install/my_demo_pkg/lib/python3.12/site-packages:${PYTHONPATH} /usr/bin/python3 -W ignore:setup.py install is deprecated -W ignore:easy_install command is deprecated setup.py develop --editable --build-directory /home/addinnedu/ROS2_Jazzy_Study/build/my_demo_pkg/build --no-deps symlink_data
[1.761s] running develop
[2.100s] running egg_info
[2.100s] creating my_demo_pkg.egg-info
[2.136s] writing my_demo_pkg.egg-info/PKG-INFO
[2.136s] writing dependency_links to my_demo_pkg.egg-info/dependency_links.txt
[2.136s] writing entry points to my_demo_pkg.egg-info/entry_points.txt
[2.137s] writing requirements to my_demo_pkg.egg-info/requires.txt
[2.137s] writing top-level names to my_demo_pkg.egg-info/top_level.txt
[2.137s] writing manifest file 'my_demo_pkg.egg-info/SOURCES.txt'
[2.210s] reading manifest file 'my_demo_pkg.egg-info/SOURCES.txt'
[2.211s] writing manifest file 'my_demo_pkg.egg-info/SOURCES.txt'
[2.251s] running build_ext
[2.251s] Creating /home/addinnedu/ROS2_Jazzy_Study/install/my_demo_pkg/lib/python3.12/site-packages/my-demo-pkg.egg-link (link to .)
[2.252s] Installing talker1 script to /home/addinnedu/ROS2_Jazzy_Study/install/my_demo_pkg/lib/my_demo_pkg
[2.252s] Installing talker2 script to /home/addinnedu/ROS2_Jazzy_Study/install/my_demo_pkg/lib/my_demo_pkg
[2.253s] 
[2.253s] Installed /home/addinnedu/ROS2_Jazzy_Study/build/my_demo_pkg
[2.253s] running symlink_data
[2.253s] symbolically linking /home/addinnedu/ROS2_Jazzy_Study/build/my_demo_pkg/package.xml -> /home/addinnedu/ROS2_Jazzy_Study/install/my_demo_pkg/share/my_demo_pkg
[2.384s] Invoked command in '/home/addinnedu/ROS2_Jazzy_Study/build/my_demo_pkg' returned '0': DEBUGINFOD_URLS=https://debuginfod.ubuntu.com PYTHONPATH=/home/addinnedu/ROS2_Jazzy_Study/build/my_demo_pkg/prefix_override:/usr/lib/python3/dist-packages/colcon_core/task/python/colcon_distutils_commands:/home/addinnedu/ROS2_Jazzy_Study/install/my_demo_pkg/lib/python3.12/site-packages:${PYTHONPATH} /usr/bin/python3 -W ignore:setup.py install is deprecated -W ignore:easy_install command is deprecated setup.py develop --editable --build-directory /home/addinnedu/ROS2_Jazzy_Study/build/my_demo_pkg/build --no-deps symlink_data
