[1.425s] Invoking command in '/home/addinnedu/ROS2_Jazzy_Study/src/pinky_mapf': DEBUGINFOD_URLS=https://debuginfod.ubuntu.com PYTHONPATH=/home/addinnedu/ROS2_Jazzy_Study/build/pinky_mapf/prefix_override:/usr/lib/python3/dist-packages/colcon_core/task/python/colcon_distutils_commands:/home/addinnedu/ROS2_Jazzy_Study/install/pinky_mapf/lib/python3.12/site-packages:${PYTHONPATH} /usr/bin/python3 -W ignore:setup.py install is deprecated -W ignore:easy_install command is deprecated setup.py egg_info --egg-base ../../build/pinky_mapf build --build-base /home/addinnedu/ROS2_Jazzy_Study/build/pinky_mapf/build install --record /home/addinnedu/ROS2_Jazzy_Study/build/pinky_mapf/install.log --single-version-externally-managed install_data
[1.675s] running egg_info
[1.675s] creating ../../build/pinky_mapf/pinky_mapf.egg-info
[1.695s] writing ../../build/pinky_mapf/pinky_mapf.egg-info/PKG-INFO
[1.695s] writing dependency_links to ../../build/pinky_mapf/pinky_mapf.egg-info/dependency_links.txt
[1.695s] writing entry points to ../../build/pinky_mapf/pinky_mapf.egg-info/entry_points.txt
[1.695s] writing requirements to ../../build/pinky_mapf/pinky_mapf.egg-info/requires.txt
[1.695s] writing top-level names to ../../build/pinky_mapf/pinky_mapf.egg-info/top_level.txt
[1.695s] writing manifest file '../../build/pinky_mapf/pinky_mapf.egg-info/SOURCES.txt'
[1.738s] reading manifest file '../../build/pinky_mapf/pinky_mapf.egg-info/SOURCES.txt'
[1.739s] writing manifest file '../../build/pinky_mapf/pinky_mapf.egg-info/SOURCES.txt'
[1.739s] running build
[1.739s] running build_py
[1.739s] creating /home/addinnedu/ROS2_Jazzy_Study/build/pinky_mapf/build
[1.739s] creating /home/addinnedu/ROS2_Jazzy_Study/build/pinky_mapf/build/lib
[1.739s] creating /home/addinnedu/ROS2_Jazzy_Study/build/pinky_mapf/build/lib/pinky_mapf
[1.740s] copying pinky_mapf/goal_point.py -> /home/addinnedu/ROS2_Jazzy_Study/build/pinky_mapf/build/lib/pinky_mapf
[1.740s] copying pinky_mapf/follow_waypoints_client.py -> /home/addinnedu/ROS2_Jazzy_Study/build/pinky_mapf/build/lib/pinky_mapf
[1.740s] copying pinky_mapf/central_waypoint_publisher.py -> /home/addinnedu/ROS2_Jazzy_Study/build/pinky_mapf/build/lib/pinky_mapf
[1.740s] copying pinky_mapf/__init__.py -> /home/addinnedu/ROS2_Jazzy_Study/build/pinky_mapf/build/lib/pinky_mapf
[1.740s] copying pinky_mapf/goal_point2.py -> /home/addinnedu/ROS2_Jazzy_Study/build/pinky_mapf/build/lib/pinky_mapf
[1.740s] copying pinky_mapf/goal_point3.py -> /home/addinnedu/ROS2_Jazzy_Study/build/pinky_mapf/build/lib/pinky_mapf
[1.740s] copying pinky_mapf/goal_point1.py -> /home/addinnedu/ROS2_Jazzy_Study/build/pinky_mapf/build/lib/pinky_mapf
[1.740s] running install
[1.745s] running install_lib
[1.766s] creating /home/addinnedu/ROS2_Jazzy_Study/install/pinky_mapf/lib/python3.12/site-packages/pinky_mapf
[1.767s] copying /home/addinnedu/ROS2_Jazzy_Study/build/pinky_mapf/build/lib/pinky_mapf/goal_point.py -> /home/addinnedu/ROS2_Jazzy_Study/install/pinky_mapf/lib/python3.12/site-packages/pinky_mapf
[1.767s] copying /home/addinnedu/ROS2_Jazzy_Study/build/pinky_mapf/build/lib/pinky_mapf/follow_waypoints_client.py -> /home/addinnedu/ROS2_Jazzy_Study/install/pinky_mapf/lib/python3.12/site-packages/pinky_mapf
[1.767s] copying /home/addinnedu/ROS2_Jazzy_Study/build/pinky_mapf/build/lib/pinky_mapf/central_waypoint_publisher.py -> /home/addinnedu/ROS2_Jazzy_Study/install/pinky_mapf/lib/python3.12/site-packages/pinky_mapf
[1.767s] copying /home/addinnedu/ROS2_Jazzy_Study/build/pinky_mapf/build/lib/pinky_mapf/__init__.py -> /home/addinnedu/ROS2_Jazzy_Study/install/pinky_mapf/lib/python3.12/site-packages/pinky_mapf
[1.767s] copying /home/addinnedu/ROS2_Jazzy_Study/build/pinky_mapf/build/lib/pinky_mapf/goal_point2.py -> /home/addinnedu/ROS2_Jazzy_Study/install/pinky_mapf/lib/python3.12/site-packages/pinky_mapf
[1.767s] copying /home/addinnedu/ROS2_Jazzy_Study/build/pinky_mapf/build/lib/pinky_mapf/goal_point3.py -> /home/addinnedu/ROS2_Jazzy_Study/install/pinky_mapf/lib/python3.12/site-packages/pinky_mapf
[1.767s] copying /home/addinnedu/ROS2_Jazzy_Study/build/pinky_mapf/build/lib/pinky_mapf/goal_point1.py -> /home/addinnedu/ROS2_Jazzy_Study/install/pinky_mapf/lib/python3.12/site-packages/pinky_mapf
[1.767s] byte-compiling /home/addinnedu/ROS2_Jazzy_Study/install/pinky_mapf/lib/python3.12/site-packages/pinky_mapf/goal_point.py to goal_point.cpython-312.pyc
[1.768s] byte-compiling /home/addinnedu/ROS2_Jazzy_Study/install/pinky_mapf/lib/python3.12/site-packages/pinky_mapf/follow_waypoints_client.py to follow_waypoints_client.cpython-312.pyc
[1.769s] byte-compiling /home/addinnedu/ROS2_Jazzy_Study/install/pinky_mapf/lib/python3.12/site-packages/pinky_mapf/central_waypoint_publisher.py to central_waypoint_publisher.cpython-312.pyc
[1.769s] byte-compiling /home/addinnedu/ROS2_Jazzy_Study/install/pinky_mapf/lib/python3.12/site-packages/pinky_mapf/__init__.py to __init__.cpython-312.pyc
[1.769s] byte-compiling /home/addinnedu/ROS2_Jazzy_Study/install/pinky_mapf/lib/python3.12/site-packages/pinky_mapf/goal_point2.py to goal_point2.cpython-312.pyc
[1.770s] byte-compiling /home/addinnedu/ROS2_Jazzy_Study/install/pinky_mapf/lib/python3.12/site-packages/pinky_mapf/goal_point3.py to goal_point3.cpython-312.pyc
[1.770s] byte-compiling /home/addinnedu/ROS2_Jazzy_Study/install/pinky_mapf/lib/python3.12/site-packages/pinky_mapf/goal_point1.py to goal_point1.cpython-312.pyc
[1.771s] running install_data
[1.771s] creating /home/addinnedu/ROS2_Jazzy_Study/install/pinky_mapf/share/ament_index
[1.771s] creating /home/addinnedu/ROS2_Jazzy_Study/install/pinky_mapf/share/ament_index/resource_index
[1.771s] creating /home/addinnedu/ROS2_Jazzy_Study/install/pinky_mapf/share/ament_index/resource_index/packages
[1.771s] copying resource/pinky_mapf -> /home/addinnedu/ROS2_Jazzy_Study/install/pinky_mapf/share/ament_index/resource_index/packages
[1.771s] copying package.xml -> /home/addinnedu/ROS2_Jazzy_Study/install/pinky_mapf/share/pinky_mapf
[1.771s] running install_egg_info
[1.794s] Copying ../../build/pinky_mapf/pinky_mapf.egg-info to /home/addinnedu/ROS2_Jazzy_Study/install/pinky_mapf/lib/python3.12/site-packages/pinky_mapf-0.0.1-py3.12.egg-info
[1.794s] running install_scripts
[1.995s] Installing follow_waypoints_client script to /home/addinnedu/ROS2_Jazzy_Study/install/pinky_mapf/lib/pinky_mapf
[1.996s] Installing goal_point script to /home/addinnedu/ROS2_Jazzy_Study/install/pinky_mapf/lib/pinky_mapf
[1.996s] Installing goal_point1 script to /home/addinnedu/ROS2_Jazzy_Study/install/pinky_mapf/lib/pinky_mapf
[1.996s] Installing goal_point2 script to /home/addinnedu/ROS2_Jazzy_Study/install/pinky_mapf/lib/pinky_mapf
[1.998s] Installing goal_point3 script to /home/addinnedu/ROS2_Jazzy_Study/install/pinky_mapf/lib/pinky_mapf
[1.998s] writing list of installed files to '/home/addinnedu/ROS2_Jazzy_Study/build/pinky_mapf/install.log'
[2.053s] Invoked command in '/home/addinnedu/ROS2_Jazzy_Study/src/pinky_mapf' returned '0': DEBUGINFOD_URLS=https://debuginfod.ubuntu.com PYTHONPATH=/home/addinnedu/ROS2_Jazzy_Study/build/pinky_mapf/prefix_override:/usr/lib/python3/dist-packages/colcon_core/task/python/colcon_distutils_commands:/home/addinnedu/ROS2_Jazzy_Study/install/pinky_mapf/lib/python3.12/site-packages:${PYTHONPATH} /usr/bin/python3 -W ignore:setup.py install is deprecated -W ignore:easy_install command is deprecated setup.py egg_info --egg-base ../../build/pinky_mapf build --build-base /home/addinnedu/ROS2_Jazzy_Study/build/pinky_mapf/build install --record /home/addinnedu/ROS2_Jazzy_Study/build/pinky_mapf/install.log --single-version-externally-managed install_data
