[1.604s] Invoking command in '/home/addinnedu/ROS2_Jazzy_Study/build/pinky_mapf': DEBUGINFOD_URLS=https://debuginfod.ubuntu.com PYTHONPATH=/home/addinnedu/ROS2_Jazzy_Study/build/pinky_mapf/prefix_override:/usr/lib/python3/dist-packages/colcon_core/task/python/colcon_distutils_commands:/home/addinnedu/ROS2_Jazzy_Study/install/pinky_mapf/lib/python3.12/site-packages:${PYTHONPATH} /usr/bin/python3 -W ignore:setup.py install is deprecated -W ignore:easy_install command is deprecated setup.py develop --editable --build-directory /home/addinnedu/ROS2_Jazzy_Study/build/pinky_mapf/build --no-deps symlink_data --force
[1.965s] running develop
[2.188s] running egg_info
[2.209s] writing pinky_mapf.egg-info/PKG-INFO
[2.210s] writing dependency_links to pinky_mapf.egg-info/dependency_links.txt
[2.210s] writing entry points to pinky_mapf.egg-info/entry_points.txt
[2.210s] writing requirements to pinky_mapf.egg-info/requires.txt
[2.210s] writing top-level names to pinky_mapf.egg-info/top_level.txt
[2.252s] reading manifest file 'pinky_mapf.egg-info/SOURCES.txt'
[2.253s] writing manifest file 'pinky_mapf.egg-info/SOURCES.txt'
[2.278s] running build_ext
[2.278s] Creating /home/addinnedu/ROS2_Jazzy_Study/install/pinky_mapf/lib/python3.12/site-packages/pinky-mapf.egg-link (link to .)
[2.279s] Installing follow_waypoints_client script to /home/addinnedu/ROS2_Jazzy_Study/install/pinky_mapf/lib/pinky_mapf
[2.279s] Installing goal_point script to /home/addinnedu/ROS2_Jazzy_Study/install/pinky_mapf/lib/pinky_mapf
[2.279s] Installing goal_point1 script to /home/addinnedu/ROS2_Jazzy_Study/install/pinky_mapf/lib/pinky_mapf
[2.280s] Installing goal_point2 script to /home/addinnedu/ROS2_Jazzy_Study/install/pinky_mapf/lib/pinky_mapf
[2.280s] Installing goal_point3 script to /home/addinnedu/ROS2_Jazzy_Study/install/pinky_mapf/lib/pinky_mapf
[2.280s] 
[2.280s] Installed /home/addinnedu/ROS2_Jazzy_Study/build/pinky_mapf
[2.280s] running symlink_data
[2.280s] symbolically linking /home/addinnedu/ROS2_Jazzy_Study/build/pinky_mapf/resource/pinky_mapf -> /home/addinnedu/ROS2_Jazzy_Study/install/pinky_mapf/share/ament_index/resource_index/packages
[2.280s] symbolically linking /home/addinnedu/ROS2_Jazzy_Study/build/pinky_mapf/package.xml -> /home/addinnedu/ROS2_Jazzy_Study/install/pinky_mapf/share/pinky_mapf
[2.341s] Invoked command in '/home/addinnedu/ROS2_Jazzy_Study/build/pinky_mapf' returned '0': DEBUGINFOD_URLS=https://debuginfod.ubuntu.com PYTHONPATH=/home/addinnedu/ROS2_Jazzy_Study/build/pinky_mapf/prefix_override:/usr/lib/python3/dist-packages/colcon_core/task/python/colcon_distutils_commands:/home/addinnedu/ROS2_Jazzy_Study/install/pinky_mapf/lib/python3.12/site-packages:${PYTHONPATH} /usr/bin/python3 -W ignore:setup.py install is deprecated -W ignore:easy_install command is deprecated setup.py develop --editable --build-directory /home/addinnedu/ROS2_Jazzy_Study/build/pinky_mapf/build --no-deps symlink_data --force
