[1.496s] Invoking command in '/home/addinnedu/ROS2_Jazzy_Study/src/aruco_marker_pkg': DEBUGINFOD_URLS=https://debuginfod.ubuntu.com PYTHONPATH=/home/addinnedu/ROS2_Jazzy_Study/build/aruco_marker_pkg/prefix_override:/usr/lib/python3/dist-packages/colcon_core/task/python/colcon_distutils_commands:/home/addinnedu/ROS2_Jazzy_Study/install/aruco_marker_pkg/lib/python3.12/site-packages:${PYTHONPATH} /usr/bin/python3 -W ignore:setup.py install is deprecated -W ignore:easy_install command is deprecated setup.py egg_info --egg-base ../../build/aruco_marker_pkg build --build-base /home/addinnedu/ROS2_Jazzy_Study/build/aruco_marker_pkg/build install --record /home/addinnedu/ROS2_Jazzy_Study/build/aruco_marker_pkg/install.log --single-version-externally-managed install_data
[1.750s] running egg_info
[1.770s] writing ../../build/aruco_marker_pkg/aruco_marker_pkg.egg-info/PKG-INFO
[1.770s] writing dependency_links to ../../build/aruco_marker_pkg/aruco_marker_pkg.egg-info/dependency_links.txt
[1.771s] writing entry points to ../../build/aruco_marker_pkg/aruco_marker_pkg.egg-info/entry_points.txt
[1.771s] writing requirements to ../../build/aruco_marker_pkg/aruco_marker_pkg.egg-info/requires.txt
[1.771s] writing top-level names to ../../build/aruco_marker_pkg/aruco_marker_pkg.egg-info/top_level.txt
[1.812s] reading manifest file '../../build/aruco_marker_pkg/aruco_marker_pkg.egg-info/SOURCES.txt'
[1.813s] writing manifest file '../../build/aruco_marker_pkg/aruco_marker_pkg.egg-info/SOURCES.txt'
[1.813s] running build
[1.813s] running build_py
[1.813s] copying aruco_marker_pkg/qmonitor_state_machine.py -> /home/addinnedu/ROS2_Jazzy_Study/build/aruco_marker_pkg/build/lib/aruco_marker_pkg
[1.814s] running install
[1.821s] running install_lib
[1.843s] copying /home/addinnedu/ROS2_Jazzy_Study/build/aruco_marker_pkg/build/lib/aruco_marker_pkg/qmonitor_state_machine.py -> /home/addinnedu/ROS2_Jazzy_Study/install/aruco_marker_pkg/lib/python3.12/site-packages/aruco_marker_pkg
[1.844s] byte-compiling /home/addinnedu/ROS2_Jazzy_Study/install/aruco_marker_pkg/lib/python3.12/site-packages/aruco_marker_pkg/qmonitor_state_machine.py to qmonitor_state_machine.cpython-312.pyc
[1.849s] running install_data
[1.849s] running install_egg_info
[1.872s] removing '/home/addinnedu/ROS2_Jazzy_Study/install/aruco_marker_pkg/lib/python3.12/site-packages/aruco_marker_pkg-0.0.0-py3.12.egg-info' (and everything under it)
[1.872s] Copying ../../build/aruco_marker_pkg/aruco_marker_pkg.egg-info to /home/addinnedu/ROS2_Jazzy_Study/install/aruco_marker_pkg/lib/python3.12/site-packages/aruco_marker_pkg-0.0.0-py3.12.egg-info
[1.873s] running install_scripts
[2.013s] Installing aruco_TF_broadcaster script to /home/addinnedu/ROS2_Jazzy_Study/install/aruco_marker_pkg/lib/aruco_marker_pkg
[2.014s] Installing aruco_odom_publisher script to /home/addinnedu/ROS2_Jazzy_Study/install/aruco_marker_pkg/lib/aruco_marker_pkg
[2.014s] Installing aruco_path_tracker script to /home/addinnedu/ROS2_Jazzy_Study/install/aruco_marker_pkg/lib/aruco_marker_pkg
[2.014s] Installing aruco_test script to /home/addinnedu/ROS2_Jazzy_Study/install/aruco_marker_pkg/lib/aruco_marker_pkg
[2.014s] Installing marker_publisher_node script to /home/addinnedu/ROS2_Jazzy_Study/install/aruco_marker_pkg/lib/aruco_marker_pkg
[2.014s] Installing monitoring_gui script to /home/addinnedu/ROS2_Jazzy_Study/install/aruco_marker_pkg/lib/aruco_marker_pkg
[2.014s] Installing monitoring_gui_matplot script to /home/addinnedu/ROS2_Jazzy_Study/install/aruco_marker_pkg/lib/aruco_marker_pkg
[2.015s] Installing monitoring_map_gui script to /home/addinnedu/ROS2_Jazzy_Study/install/aruco_marker_pkg/lib/aruco_marker_pkg
[2.015s] Installing multi_aruco_odom_publisher script to /home/addinnedu/ROS2_Jazzy_Study/install/aruco_marker_pkg/lib/aruco_marker_pkg
[2.015s] Installing pose_publisher script to /home/addinnedu/ROS2_Jazzy_Study/install/aruco_marker_pkg/lib/aruco_marker_pkg
[2.015s] Installing qmonitor_state_machine script to /home/addinnedu/ROS2_Jazzy_Study/install/aruco_marker_pkg/lib/aruco_marker_pkg
[2.015s] writing list of installed files to '/home/addinnedu/ROS2_Jazzy_Study/build/aruco_marker_pkg/install.log'
[2.056s] Invoked command in '/home/addinnedu/ROS2_Jazzy_Study/src/aruco_marker_pkg' returned '0': DEBUGINFOD_URLS=https://debuginfod.ubuntu.com PYTHONPATH=/home/addinnedu/ROS2_Jazzy_Study/build/aruco_marker_pkg/prefix_override:/usr/lib/python3/dist-packages/colcon_core/task/python/colcon_distutils_commands:/home/addinnedu/ROS2_Jazzy_Study/install/aruco_marker_pkg/lib/python3.12/site-packages:${PYTHONPATH} /usr/bin/python3 -W ignore:setup.py install is deprecated -W ignore:easy_install command is deprecated setup.py egg_info --egg-base ../../build/aruco_marker_pkg build --build-base /home/addinnedu/ROS2_Jazzy_Study/build/aruco_marker_pkg/build install --record /home/addinnedu/ROS2_Jazzy_Study/build/aruco_marker_pkg/install.log --single-version-externally-managed install_data
