[1.350s] Invoking command in '/home/addinnedu/ROS2_Jazzy_Study/build/pinky_mapf': DEBUGINFOD_URLS=https://debuginfod.ubuntu.com PYTHONPATH=/home/addinnedu/ROS2_Jazzy_Study/build/pinky_mapf/prefix_override:/usr/lib/python3/dist-packages/colcon_core/task/python/colcon_distutils_commands:/home/addinnedu/ROS2_Jazzy_Study/install/pinky_mapf/lib/python3.12/site-packages:${PYTHONPATH} /usr/bin/python3 -W ignore:setup.py install is deprecated -W ignore:easy_install command is deprecated setup.py develop --editable --build-directory /home/addinnedu/ROS2_Jazzy_Study/build/pinky_mapf/build --no-deps symlink_data
[1.650s] running develop
[1.857s] running egg_info
[1.876s] writing pinky_mapf.egg-info/PKG-INFO
[1.877s] writing dependency_links to pinky_mapf.egg-info/dependency_links.txt
[1.877s] writing entry points to pinky_mapf.egg-info/entry_points.txt
[1.877s] writing requirements to pinky_mapf.egg-info/requires.txt
[1.877s] writing top-level names to pinky_mapf.egg-info/top_level.txt
[1.916s] reading manifest file 'pinky_mapf.egg-info/SOURCES.txt'
[1.917s] writing manifest file 'pinky_mapf.egg-info/SOURCES.txt'
[1.937s] running build_ext
[1.938s] Creating /home/addinnedu/ROS2_Jazzy_Study/install/pinky_mapf/lib/python3.12/site-packages/pinky-mapf.egg-link (link to .)
[1.938s] Installing follow_waypoints_client script to /home/addinnedu/ROS2_Jazzy_Study/install/pinky_mapf/lib/pinky_mapf
[1.938s] Installing goal_point script to /home/addinnedu/ROS2_Jazzy_Study/install/pinky_mapf/lib/pinky_mapf
[1.938s] Installing goal_point1 script to /home/addinnedu/ROS2_Jazzy_Study/install/pinky_mapf/lib/pinky_mapf
[1.939s] Installing goal_point2 script to /home/addinnedu/ROS2_Jazzy_Study/install/pinky_mapf/lib/pinky_mapf
[1.939s] Installing goal_point3 script to /home/addinnedu/ROS2_Jazzy_Study/install/pinky_mapf/lib/pinky_mapf
[1.939s] 
[1.939s] Installed /home/addinnedu/ROS2_Jazzy_Study/build/pinky_mapf
[1.939s] running symlink_data
[1.988s] Invoked command in '/home/addinnedu/ROS2_Jazzy_Study/build/pinky_mapf' returned '0': DEBUGINFOD_URLS=https://debuginfod.ubuntu.com PYTHONPATH=/home/addinnedu/ROS2_Jazzy_Study/build/pinky_mapf/prefix_override:/usr/lib/python3/dist-packages/colcon_core/task/python/colcon_distutils_commands:/home/addinnedu/ROS2_Jazzy_Study/install/pinky_mapf/lib/python3.12/site-packages:${PYTHONPATH} /usr/bin/python3 -W ignore:setup.py install is deprecated -W ignore:easy_install command is deprecated setup.py develop --editable --build-directory /home/addinnedu/ROS2_Jazzy_Study/build/pinky_mapf/build --no-deps symlink_data
