[0.781s] Invoking command in '/home/addinnedu/ROS2_Jazzy_Study/build/traffic_planner': CMAKE_PREFIX_PATH=${CMAKE_PREFIX_PATH}:/home/addinnedu/ROS2_Jazzy_Study/install/send_goal:/home/addinnedu/ROS2_Jazzy_Study/install/pinky_mapf:/home/addinnedu/ROS2_Jazzy_Study/install/my_demo_pkg:/home/addinnedu/ROS2_Jazzy_Study/install/aruco_marker_pkg:/opt/ros/jazzy DEBUGINFOD_URLS=https://debuginfod.ubuntu.com /usr/bin/cmake --build /home/addinnedu/ROS2_Jazzy_Study/build/traffic_planner -- -j16 -l16
[0.843s] [ 33%] Built target traffic_planner_lib
[0.876s] [ 50%] [32mBuilding CXX object CMakeFiles/traffic_planner_node_lib.dir/src/TrafficPlannerNode.cpp.o[0m
[7.397s] [ 66%] [32m[1mLinking CXX static library libtraffic_planner_node_lib.a[0m
[7.550s] [ 66%] Built target traffic_planner_node_lib
[7.583s] [ 83%] [32m[1mLinking CXX executable traffic_path_planner[0m
[7.900s] [100%] Built target traffic_path_planner
[7.913s] Invoked command in '/home/addinnedu/ROS2_Jazzy_Study/build/traffic_planner' returned '0': CMAKE_PREFIX_PATH=${CMAKE_PREFIX_PATH}:/home/addinnedu/ROS2_Jazzy_Study/install/send_goal:/home/addinnedu/ROS2_Jazzy_Study/install/pinky_mapf:/home/addinnedu/ROS2_Jazzy_Study/install/my_demo_pkg:/home/addinnedu/ROS2_Jazzy_Study/install/aruco_marker_pkg:/opt/ros/jazzy DEBUGINFOD_URLS=https://debuginfod.ubuntu.com /usr/bin/cmake --build /home/addinnedu/ROS2_Jazzy_Study/build/traffic_planner -- -j16 -l16
[7.914s] Invoking command in '/home/addinnedu/ROS2_Jazzy_Study/build/traffic_planner': CMAKE_PREFIX_PATH=${CMAKE_PREFIX_PATH}:/home/addinnedu/ROS2_Jazzy_Study/install/send_goal:/home/addinnedu/ROS2_Jazzy_Study/install/pinky_mapf:/home/addinnedu/ROS2_Jazzy_Study/install/my_demo_pkg:/home/addinnedu/ROS2_Jazzy_Study/install/aruco_marker_pkg:/opt/ros/jazzy DEBUGINFOD_URLS=https://debuginfod.ubuntu.com /usr/bin/cmake --install /home/addinnedu/ROS2_Jazzy_Study/build/traffic_planner
[7.923s] -- Install configuration: ""
[7.923s] -- Execute custom install script
[7.923s] -- Up-to-date symlink: /home/addinnedu/ROS2_Jazzy_Study/install/traffic_planner/lib/traffic_planner/traffic_path_planner
[7.923s] -- Up-to-date symlink: /home/addinnedu/ROS2_Jazzy_Study/install/traffic_planner/lib/traffic_planner/libtraffic_planner_lib.a
[7.923s] -- Up-to-date symlink: /home/addinnedu/ROS2_Jazzy_Study/install/traffic_planner/lib/traffic_planner/libtraffic_planner_node_lib.a
[7.924s] -- Up-to-date symlink: /home/addinnedu/ROS2_Jazzy_Study/install/traffic_planner/include//traffic_planner/TrafficPlanner.hpp
[7.924s] -- Up-to-date symlink: /home/addinnedu/ROS2_Jazzy_Study/install/traffic_planner/include//traffic_planner/TrafficPlannerNode.hpp
[7.924s] -- Up-to-date symlink: /home/addinnedu/ROS2_Jazzy_Study/install/traffic_planner/share/traffic_planner/launch//traffic_planner.launch.py
[7.924s] -- Up-to-date symlink: /home/addinnedu/ROS2_Jazzy_Study/install/traffic_planner/share/ament_index/resource_index/package_run_dependencies/traffic_planner
[7.924s] -- Up-to-date symlink: /home/addinnedu/ROS2_Jazzy_Study/install/traffic_planner/share/ament_index/resource_index/parent_prefix_path/traffic_planner
[7.925s] -- Up-to-date symlink: /home/addinnedu/ROS2_Jazzy_Study/install/traffic_planner/share/traffic_planner/environment/ament_prefix_path.sh
[7.925s] -- Up-to-date symlink: /home/addinnedu/ROS2_Jazzy_Study/install/traffic_planner/share/traffic_planner/environment/ament_prefix_path.dsv
[7.925s] -- Up-to-date symlink: /home/addinnedu/ROS2_Jazzy_Study/install/traffic_planner/share/traffic_planner/environment/path.sh
[7.925s] -- Up-to-date symlink: /home/addinnedu/ROS2_Jazzy_Study/install/traffic_planner/share/traffic_planner/environment/path.dsv
[7.925s] -- Up-to-date symlink: /home/addinnedu/ROS2_Jazzy_Study/install/traffic_planner/share/traffic_planner/local_setup.bash
[7.925s] -- Up-to-date symlink: /home/addinnedu/ROS2_Jazzy_Study/install/traffic_planner/share/traffic_planner/local_setup.sh
[7.925s] -- Up-to-date symlink: /home/addinnedu/ROS2_Jazzy_Study/install/traffic_planner/share/traffic_planner/local_setup.zsh
[7.925s] -- Up-to-date symlink: /home/addinnedu/ROS2_Jazzy_Study/install/traffic_planner/share/traffic_planner/local_setup.dsv
[7.926s] -- Symlinking: /home/addinnedu/ROS2_Jazzy_Study/install/traffic_planner/share/traffic_planner/package.dsv
[7.936s] -- Up-to-date symlink: /home/addinnedu/ROS2_Jazzy_Study/install/traffic_planner/share/ament_index/resource_index/packages/traffic_planner
[7.936s] -- Up-to-date symlink: /home/addinnedu/ROS2_Jazzy_Study/install/traffic_planner/share/traffic_planner/cmake/traffic_plannerConfig.cmake
[7.937s] -- Up-to-date symlink: /home/addinnedu/ROS2_Jazzy_Study/install/traffic_planner/share/traffic_planner/cmake/traffic_plannerConfig-version.cmake
[7.937s] -- Up-to-date symlink: /home/addinnedu/ROS2_Jazzy_Study/install/traffic_planner/share/traffic_planner/package.xml
[7.939s] Invoked command in '/home/addinnedu/ROS2_Jazzy_Study/build/traffic_planner' returned '0': CMAKE_PREFIX_PATH=${CMAKE_PREFIX_PATH}:/home/addinnedu/ROS2_Jazzy_Study/install/send_goal:/home/addinnedu/ROS2_Jazzy_Study/install/pinky_mapf:/home/addinnedu/ROS2_Jazzy_Study/install/my_demo_pkg:/home/addinnedu/ROS2_Jazzy_Study/install/aruco_marker_pkg:/opt/ros/jazzy DEBUGINFOD_URLS=https://debuginfod.ubuntu.com /usr/bin/cmake --install /home/addinnedu/ROS2_Jazzy_Study/build/traffic_planner
