running develop
running egg_info
creating send_goal.egg-info
writing send_goal.egg-info/PKG-INFO
writing dependency_links to send_goal.egg-info/dependency_links.txt
writing entry points to send_goal.egg-info/entry_points.txt
writing requirements to send_goal.egg-info/requires.txt
writing top-level names to send_goal.egg-info/top_level.txt
writing manifest file 'send_goal.egg-info/SOURCES.txt'
reading manifest file 'send_goal.egg-info/SOURCES.txt'
writing manifest file 'send_goal.egg-info/SOURCES.txt'
running build_ext
Creating /home/jewoo/ROS2_Jazzy_Study/install/send_goal/lib/python3.12/site-packages/send-goal.egg-link (link to .)
Installing follow_waypoints_client script to /home/jewoo/ROS2_Jazzy_Study/install/send_goal/lib/send_goal
Installing python_node script to /home/jewoo/ROS2_Jazzy_Study/install/send_goal/lib/send_goal
Installing simple_nav_goal script to /home/jewoo/ROS2_Jazzy_Study/install/send_goal/lib/send_goal

Installed /home/jewoo/ROS2_Jazzy_Study/build/send_goal
running symlink_data
creating /home/jewoo/ROS2_Jazzy_Study/install/send_goal/share/ament_index
creating /home/jewoo/ROS2_Jazzy_Study/install/send_goal/share/ament_index/resource_index
creating /home/jewoo/ROS2_Jazzy_Study/install/send_goal/share/ament_index/resource_index/packages
symbolically linking /home/jewoo/ROS2_Jazzy_Study/build/send_goal/resource/send_goal -> /home/jewoo/ROS2_Jazzy_Study/install/send_goal/share/ament_index/resource_index/packages
symbolically linking /home/jewoo/ROS2_Jazzy_Study/build/send_goal/package.xml -> /home/jewoo/ROS2_Jazzy_Study/install/send_goal/share/send_goal
