[1.065s] Invoking command in '/home/jewoo/ROS2_Jazzy_Study/build/send_goal': DEBUGINFOD_URLS=https://debuginfod.ubuntu.com PYTHONPATH=/home/jewoo/ROS2_Jazzy_Study/build/send_goal/prefix_override:/usr/lib/python3/dist-packages/colcon_core/task/python/colcon_distutils_commands:/home/jewoo/ROS2_Jazzy_Study/install/send_goal/lib/python3.12/site-packages:${PYTHONPATH} /usr/bin/python3 -W ignore:setup.py install is deprecated -W ignore:easy_install command is deprecated setup.py develop --editable --build-directory /home/jewoo/ROS2_Jazzy_Study/build/send_goal/build --no-deps symlink_data
[1.328s] running develop
[1.496s] running egg_info
[1.496s] creating send_goal.egg-info
[1.513s] writing send_goal.egg-info/PKG-INFO
[1.513s] writing dependency_links to send_goal.egg-info/dependency_links.txt
[1.513s] writing entry points to send_goal.egg-info/entry_points.txt
[1.513s] writing requirements to send_goal.egg-info/requires.txt
[1.513s] writing top-level names to send_goal.egg-info/top_level.txt
[1.513s] writing manifest file 'send_goal.egg-info/SOURCES.txt'
[1.548s] reading manifest file 'send_goal.egg-info/SOURCES.txt'
[1.549s] writing manifest file 'send_goal.egg-info/SOURCES.txt'
[1.568s] running build_ext
[1.568s] Creating /home/jewoo/ROS2_Jazzy_Study/install/send_goal/lib/python3.12/site-packages/send-goal.egg-link (link to .)
[1.568s] Installing follow_waypoints_client script to /home/jewoo/ROS2_Jazzy_Study/install/send_goal/lib/send_goal
[1.569s] Installing python_node script to /home/jewoo/ROS2_Jazzy_Study/install/send_goal/lib/send_goal
[1.569s] Installing simple_nav_goal script to /home/jewoo/ROS2_Jazzy_Study/install/send_goal/lib/send_goal
[1.569s] 
[1.569s] Installed /home/jewoo/ROS2_Jazzy_Study/build/send_goal
[1.569s] running symlink_data
[1.569s] creating /home/jewoo/ROS2_Jazzy_Study/install/send_goal/share/ament_index
[1.569s] creating /home/jewoo/ROS2_Jazzy_Study/install/send_goal/share/ament_index/resource_index
[1.569s] creating /home/jewoo/ROS2_Jazzy_Study/install/send_goal/share/ament_index/resource_index/packages
[1.569s] symbolically linking /home/jewoo/ROS2_Jazzy_Study/build/send_goal/resource/send_goal -> /home/jewoo/ROS2_Jazzy_Study/install/send_goal/share/ament_index/resource_index/packages
[1.569s] symbolically linking /home/jewoo/ROS2_Jazzy_Study/build/send_goal/package.xml -> /home/jewoo/ROS2_Jazzy_Study/install/send_goal/share/send_goal
[1.632s] Invoked command in '/home/jewoo/ROS2_Jazzy_Study/build/send_goal' returned '0': DEBUGINFOD_URLS=https://debuginfod.ubuntu.com PYTHONPATH=/home/jewoo/ROS2_Jazzy_Study/build/send_goal/prefix_override:/usr/lib/python3/dist-packages/colcon_core/task/python/colcon_distutils_commands:/home/jewoo/ROS2_Jazzy_Study/install/send_goal/lib/python3.12/site-packages:${PYTHONPATH} /usr/bin/python3 -W ignore:setup.py install is deprecated -W ignore:easy_install command is deprecated setup.py develop --editable --build-directory /home/jewoo/ROS2_Jazzy_Study/build/send_goal/build --no-deps symlink_data
