[1.588s] Invoking command in '/home/addinnedu/ROS2_Jazzy_Study/build/send_goal': DEBUGINFOD_URLS=https://debuginfod.ubuntu.com PYTHONPATH=/home/addinnedu/ROS2_Jazzy_Study/build/send_goal/prefix_override:/usr/lib/python3/dist-packages/colcon_core/task/python/colcon_distutils_commands:/home/addinnedu/ROS2_Jazzy_Study/install/send_goal/lib/python3.12/site-packages:${PYTHONPATH} /usr/bin/python3 -W ignore:setup.py install is deprecated -W ignore:easy_install command is deprecated setup.py develop --editable --build-directory /home/addinnedu/ROS2_Jazzy_Study/build/send_goal/build --no-deps symlink_data --force
[1.947s] running develop
[2.167s] running egg_info
[2.187s] writing send_goal.egg-info/PKG-INFO
[2.187s] writing dependency_links to send_goal.egg-info/dependency_links.txt
[2.187s] writing entry points to send_goal.egg-info/entry_points.txt
[2.188s] writing requirements to send_goal.egg-info/requires.txt
[2.188s] writing top-level names to send_goal.egg-info/top_level.txt
[2.230s] reading manifest file 'send_goal.egg-info/SOURCES.txt'
[2.231s] writing manifest file 'send_goal.egg-info/SOURCES.txt'
[2.251s] running build_ext
[2.251s] Creating /home/addinnedu/ROS2_Jazzy_Study/install/send_goal/lib/python3.12/site-packages/send-goal.egg-link (link to .)
[2.252s] Installing follow_waypoints_client script to /home/addinnedu/ROS2_Jazzy_Study/install/send_goal/lib/send_goal
[2.252s] Installing python_node script to /home/addinnedu/ROS2_Jazzy_Study/install/send_goal/lib/send_goal
[2.252s] Installing simple_nav_goal script to /home/addinnedu/ROS2_Jazzy_Study/install/send_goal/lib/send_goal
[2.252s] 
[2.253s] Installed /home/addinnedu/ROS2_Jazzy_Study/build/send_goal
[2.253s] running symlink_data
[2.253s] symbolically linking /home/addinnedu/ROS2_Jazzy_Study/build/send_goal/resource/send_goal -> /home/addinnedu/ROS2_Jazzy_Study/install/send_goal/share/ament_index/resource_index/packages
[2.253s] symbolically linking /home/addinnedu/ROS2_Jazzy_Study/build/send_goal/package.xml -> /home/addinnedu/ROS2_Jazzy_Study/install/send_goal/share/send_goal
[2.292s] Invoked command in '/home/addinnedu/ROS2_Jazzy_Study/build/send_goal' returned '0': DEBUGINFOD_URLS=https://debuginfod.ubuntu.com PYTHONPATH=/home/addinnedu/ROS2_Jazzy_Study/build/send_goal/prefix_override:/usr/lib/python3/dist-packages/colcon_core/task/python/colcon_distutils_commands:/home/addinnedu/ROS2_Jazzy_Study/install/send_goal/lib/python3.12/site-packages:${PYTHONPATH} /usr/bin/python3 -W ignore:setup.py install is deprecated -W ignore:easy_install command is deprecated setup.py develop --editable --build-directory /home/addinnedu/ROS2_Jazzy_Study/build/send_goal/build --no-deps symlink_data --force
