/home/addinnedu/ROS2_Jazzy_Study/install/send_goal/lib/python3.12/site-packages/send_goal/FollowWaypointsClient.py
/home/addinnedu/ROS2_Jazzy_Study/install/send_goal/lib/python3.12/site-packages/send_goal/python_node.py
/home/addinnedu/ROS2_Jazzy_Study/install/send_goal/lib/python3.12/site-packages/send_goal/__init__.py
/home/addinnedu/ROS2_Jazzy_Study/install/send_goal/lib/python3.12/site-packages/send_goal/simple_nav_goal.py
/home/addinnedu/ROS2_Jazzy_Study/install/send_goal/lib/python3.12/site-packages/send_goal/__pycache__/FollowWaypointsClient.cpython-312.pyc
/home/addinnedu/ROS2_Jazzy_Study/install/send_goal/lib/python3.12/site-packages/send_goal/__pycache__/python_node.cpython-312.pyc
/home/addinnedu/ROS2_Jazzy_Study/install/send_goal/lib/python3.12/site-packages/send_goal/__pycache__/__init__.cpython-312.pyc
/home/addinnedu/ROS2_Jazzy_Study/install/send_goal/lib/python3.12/site-packages/send_goal/__pycache__/simple_nav_goal.cpython-312.pyc
/home/addinnedu/ROS2_Jazzy_Study/install/send_goal/share/ament_index/resource_index/packages/send_goal
/home/addinnedu/ROS2_Jazzy_Study/install/send_goal/share/send_goal/package.xml
/home/addinnedu/ROS2_Jazzy_Study/install/send_goal/lib/python3.12/site-packages/send_goal-0.0.0-py3.12.egg-info/zip-safe
/home/addinnedu/ROS2_Jazzy_Study/install/send_goal/lib/python3.12/site-packages/send_goal-0.0.0-py3.12.egg-info/dependency_links.txt
/home/addinnedu/ROS2_Jazzy_Study/install/send_goal/lib/python3.12/site-packages/send_goal-0.0.0-py3.12.egg-info/entry_points.txt
/home/addinnedu/ROS2_Jazzy_Study/install/send_goal/lib/python3.12/site-packages/send_goal-0.0.0-py3.12.egg-info/requires.txt
/home/addinnedu/ROS2_Jazzy_Study/install/send_goal/lib/python3.12/site-packages/send_goal-0.0.0-py3.12.egg-info/SOURCES.txt
/home/addinnedu/ROS2_Jazzy_Study/install/send_goal/lib/python3.12/site-packages/send_goal-0.0.0-py3.12.egg-info/top_level.txt
/home/addinnedu/ROS2_Jazzy_Study/install/send_goal/lib/python3.12/site-packages/send_goal-0.0.0-py3.12.egg-info/PKG-INFO
/home/addinnedu/ROS2_Jazzy_Study/install/send_goal/lib/send_goal/follow_waypoints_client
/home/addinnedu/ROS2_Jazzy_Study/install/send_goal/lib/send_goal/python_node
/home/addinnedu/ROS2_Jazzy_Study/install/send_goal/lib/send_goal/simple_nav_goal
