[1.553s] Invoking command in '/home/addinnedu/ROS2_Jazzy_Study/build/aruco_marker_pkg': DEBUGINFOD_URLS=https://debuginfod.ubuntu.com PYTHONPATH=/home/addinnedu/ROS2_Jazzy_Study/build/aruco_marker_pkg/prefix_override:/usr/lib/python3/dist-packages/colcon_core/task/python/colcon_distutils_commands:/home/addinnedu/ROS2_Jazzy_Study/install/aruco_marker_pkg/lib/python3.12/site-packages:${PYTHONPATH} /usr/bin/python3 -W ignore:setup.py install is deprecated -W ignore:easy_install command is deprecated setup.py develop --editable --build-directory /home/addinnedu/ROS2_Jazzy_Study/build/aruco_marker_pkg/build --no-deps symlink_data
[1.855s] running develop
[2.064s] running egg_info
[2.084s] writing aruco_marker_pkg.egg-info/PKG-INFO
[2.084s] writing dependency_links to aruco_marker_pkg.egg-info/dependency_links.txt
[2.084s] writing entry points to aruco_marker_pkg.egg-info/entry_points.txt
[2.085s] writing requirements to aruco_marker_pkg.egg-info/requires.txt
[2.085s] writing top-level names to aruco_marker_pkg.egg-info/top_level.txt
[2.125s] reading manifest file 'aruco_marker_pkg.egg-info/SOURCES.txt'
[2.126s] writing manifest file 'aruco_marker_pkg.egg-info/SOURCES.txt'
[2.146s] running build_ext
[2.146s] Creating /home/addinnedu/ROS2_Jazzy_Study/install/aruco_marker_pkg/lib/python3.12/site-packages/aruco-marker-pkg.egg-link (link to .)
[2.147s] Installing aruco_TF_broadcaster script to /home/addinnedu/ROS2_Jazzy_Study/install/aruco_marker_pkg/lib/aruco_marker_pkg
[2.147s] Installing aruco_odom_publisher script to /home/addinnedu/ROS2_Jazzy_Study/install/aruco_marker_pkg/lib/aruco_marker_pkg
[2.147s] Installing aruco_path_tracker script to /home/addinnedu/ROS2_Jazzy_Study/install/aruco_marker_pkg/lib/aruco_marker_pkg
[2.147s] Installing aruco_test script to /home/addinnedu/ROS2_Jazzy_Study/install/aruco_marker_pkg/lib/aruco_marker_pkg
[2.148s] Installing marker_publisher_node script to /home/addinnedu/ROS2_Jazzy_Study/install/aruco_marker_pkg/lib/aruco_marker_pkg
[2.148s] Installing monitoring_gui script to /home/addinnedu/ROS2_Jazzy_Study/install/aruco_marker_pkg/lib/aruco_marker_pkg
[2.148s] Installing monitoring_gui_matplot script to /home/addinnedu/ROS2_Jazzy_Study/install/aruco_marker_pkg/lib/aruco_marker_pkg
[2.148s] Installing monitoring_map_gui script to /home/addinnedu/ROS2_Jazzy_Study/install/aruco_marker_pkg/lib/aruco_marker_pkg
[2.148s] Installing multi_aruco_odom_publisher script to /home/addinnedu/ROS2_Jazzy_Study/install/aruco_marker_pkg/lib/aruco_marker_pkg
[2.148s] Installing pose_publisher script to /home/addinnedu/ROS2_Jazzy_Study/install/aruco_marker_pkg/lib/aruco_marker_pkg
[2.148s] 
[2.148s] Installed /home/addinnedu/ROS2_Jazzy_Study/build/aruco_marker_pkg
[2.148s] running symlink_data
[2.198s] Invoked command in '/home/addinnedu/ROS2_Jazzy_Study/build/aruco_marker_pkg' returned '0': DEBUGINFOD_URLS=https://debuginfod.ubuntu.com PYTHONPATH=/home/addinnedu/ROS2_Jazzy_Study/build/aruco_marker_pkg/prefix_override:/usr/lib/python3/dist-packages/colcon_core/task/python/colcon_distutils_commands:/home/addinnedu/ROS2_Jazzy_Study/install/aruco_marker_pkg/lib/python3.12/site-packages:${PYTHONPATH} /usr/bin/python3 -W ignore:setup.py install is deprecated -W ignore:easy_install command is deprecated setup.py develop --editable --build-directory /home/addinnedu/ROS2_Jazzy_Study/build/aruco_marker_pkg/build --no-deps symlink_data
