[1.415s] Invoking command in '/home/addinnedu/ROS2_Jazzy_Study/src/send_goal': DEBUGINFOD_URLS=https://debuginfod.ubuntu.com PYTHONPATH=/home/addinnedu/ROS2_Jazzy_Study/build/send_goal/prefix_override:/usr/lib/python3/dist-packages/colcon_core/task/python/colcon_distutils_commands:/home/addinnedu/ROS2_Jazzy_Study/install/send_goal/lib/python3.12/site-packages:${PYTHONPATH} /usr/bin/python3 -W ignore:setup.py install is deprecated -W ignore:easy_install command is deprecated setup.py egg_info --egg-base ../../build/send_goal build --build-base /home/addinnedu/ROS2_Jazzy_Study/build/send_goal/build install --record /home/addinnedu/ROS2_Jazzy_Study/build/send_goal/install.log --single-version-externally-managed install_data
[1.671s] running egg_info
[1.672s] creating ../../build/send_goal/send_goal.egg-info
[1.692s] writing ../../build/send_goal/send_goal.egg-info/PKG-INFO
[1.692s] writing dependency_links to ../../build/send_goal/send_goal.egg-info/dependency_links.txt
[1.692s] writing entry points to ../../build/send_goal/send_goal.egg-info/entry_points.txt
[1.692s] writing requirements to ../../build/send_goal/send_goal.egg-info/requires.txt
[1.692s] writing top-level names to ../../build/send_goal/send_goal.egg-info/top_level.txt
[1.692s] writing manifest file '../../build/send_goal/send_goal.egg-info/SOURCES.txt'
[1.735s] reading manifest file '../../build/send_goal/send_goal.egg-info/SOURCES.txt'
[1.735s] adding license file 'LICENSE'
[1.735s] writing manifest file '../../build/send_goal/send_goal.egg-info/SOURCES.txt'
[1.735s] running build
[1.736s] running build_py
[1.736s] creating /home/addinnedu/ROS2_Jazzy_Study/build/send_goal/build
[1.736s] creating /home/addinnedu/ROS2_Jazzy_Study/build/send_goal/build/lib
[1.736s] creating /home/addinnedu/ROS2_Jazzy_Study/build/send_goal/build/lib/send_goal
[1.736s] copying send_goal/FollowWaypointsClient.py -> /home/addinnedu/ROS2_Jazzy_Study/build/send_goal/build/lib/send_goal
[1.736s] copying send_goal/python_node.py -> /home/addinnedu/ROS2_Jazzy_Study/build/send_goal/build/lib/send_goal
[1.736s] copying send_goal/__init__.py -> /home/addinnedu/ROS2_Jazzy_Study/build/send_goal/build/lib/send_goal
[1.736s] copying send_goal/simple_nav_goal.py -> /home/addinnedu/ROS2_Jazzy_Study/build/send_goal/build/lib/send_goal
[1.736s] running install
[1.741s] running install_lib
[1.762s] creating /home/addinnedu/ROS2_Jazzy_Study/install/send_goal/lib/python3.12/site-packages/send_goal
[1.762s] copying /home/addinnedu/ROS2_Jazzy_Study/build/send_goal/build/lib/send_goal/FollowWaypointsClient.py -> /home/addinnedu/ROS2_Jazzy_Study/install/send_goal/lib/python3.12/site-packages/send_goal
[1.763s] copying /home/addinnedu/ROS2_Jazzy_Study/build/send_goal/build/lib/send_goal/python_node.py -> /home/addinnedu/ROS2_Jazzy_Study/install/send_goal/lib/python3.12/site-packages/send_goal
[1.763s] copying /home/addinnedu/ROS2_Jazzy_Study/build/send_goal/build/lib/send_goal/__init__.py -> /home/addinnedu/ROS2_Jazzy_Study/install/send_goal/lib/python3.12/site-packages/send_goal
[1.763s] copying /home/addinnedu/ROS2_Jazzy_Study/build/send_goal/build/lib/send_goal/simple_nav_goal.py -> /home/addinnedu/ROS2_Jazzy_Study/install/send_goal/lib/python3.12/site-packages/send_goal
[1.763s] byte-compiling /home/addinnedu/ROS2_Jazzy_Study/install/send_goal/lib/python3.12/site-packages/send_goal/FollowWaypointsClient.py to FollowWaypointsClient.cpython-312.pyc
[1.764s] byte-compiling /home/addinnedu/ROS2_Jazzy_Study/install/send_goal/lib/python3.12/site-packages/send_goal/python_node.py to python_node.cpython-312.pyc
[1.764s] byte-compiling /home/addinnedu/ROS2_Jazzy_Study/install/send_goal/lib/python3.12/site-packages/send_goal/__init__.py to __init__.cpython-312.pyc
[1.764s] byte-compiling /home/addinnedu/ROS2_Jazzy_Study/install/send_goal/lib/python3.12/site-packages/send_goal/simple_nav_goal.py to simple_nav_goal.cpython-312.pyc
[1.765s] running install_data
[1.765s] creating /home/addinnedu/ROS2_Jazzy_Study/install/send_goal/share/ament_index
[1.765s] creating /home/addinnedu/ROS2_Jazzy_Study/install/send_goal/share/ament_index/resource_index
[1.765s] creating /home/addinnedu/ROS2_Jazzy_Study/install/send_goal/share/ament_index/resource_index/packages
[1.765s] copying resource/send_goal -> /home/addinnedu/ROS2_Jazzy_Study/install/send_goal/share/ament_index/resource_index/packages
[1.765s] copying package.xml -> /home/addinnedu/ROS2_Jazzy_Study/install/send_goal/share/send_goal
[1.765s] running install_egg_info
[1.790s] Copying ../../build/send_goal/send_goal.egg-info to /home/addinnedu/ROS2_Jazzy_Study/install/send_goal/lib/python3.12/site-packages/send_goal-0.0.0-py3.12.egg-info
[1.791s] running install_scripts
[2.000s] Installing follow_waypoints_client script to /home/addinnedu/ROS2_Jazzy_Study/install/send_goal/lib/send_goal
[2.000s] Installing python_node script to /home/addinnedu/ROS2_Jazzy_Study/install/send_goal/lib/send_goal
[2.000s] Installing simple_nav_goal script to /home/addinnedu/ROS2_Jazzy_Study/install/send_goal/lib/send_goal
[2.000s] writing list of installed files to '/home/addinnedu/ROS2_Jazzy_Study/build/send_goal/install.log'
[2.076s] Invoked command in '/home/addinnedu/ROS2_Jazzy_Study/src/send_goal' returned '0': DEBUGINFOD_URLS=https://debuginfod.ubuntu.com PYTHONPATH=/home/addinnedu/ROS2_Jazzy_Study/build/send_goal/prefix_override:/usr/lib/python3/dist-packages/colcon_core/task/python/colcon_distutils_commands:/home/addinnedu/ROS2_Jazzy_Study/install/send_goal/lib/python3.12/site-packages:${PYTHONPATH} /usr/bin/python3 -W ignore:setup.py install is deprecated -W ignore:easy_install command is deprecated setup.py egg_info --egg-base ../../build/send_goal build --build-base /home/addinnedu/ROS2_Jazzy_Study/build/send_goal/build install --record /home/addinnedu/ROS2_Jazzy_Study/build/send_goal/install.log --single-version-externally-managed install_data
