running develop
Removing /home/addinnedu/ROS2_Jazzy_Study/install/aruco_marker_pkg/lib/python3.12/site-packages/aruco-marker-pkg.egg-link (link to .)
running egg_info
writing ../../build/aruco_marker_pkg/aruco_marker_pkg.egg-info/PKG-INFO
writing dependency_links to ../../build/aruco_marker_pkg/aruco_marker_pkg.egg-info/dependency_links.txt
writing entry points to ../../build/aruco_marker_pkg/aruco_marker_pkg.egg-info/entry_points.txt
writing requirements to ../../build/aruco_marker_pkg/aruco_marker_pkg.egg-info/requires.txt
writing top-level names to ../../build/aruco_marker_pkg/aruco_marker_pkg.egg-info/top_level.txt
reading manifest file '../../build/aruco_marker_pkg/aruco_marker_pkg.egg-info/SOURCES.txt'
writing manifest file '../../build/aruco_marker_pkg/aruco_marker_pkg.egg-info/SOURCES.txt'
running build
running build_py
copying aruco_marker_pkg/qmonitor_state_machine.py -> /home/addinnedu/ROS2_Jazzy_Study/build/aruco_marker_pkg/build/lib/aruco_marker_pkg
copying aruco_marker_pkg/multi_aruco_odom_publisher.py -> /home/addinnedu/ROS2_Jazzy_Study/build/aruco_marker_pkg/build/lib/aruco_marker_pkg
running install
running install_lib
copying /home/addinnedu/ROS2_Jazzy_Study/build/aruco_marker_pkg/build/lib/aruco_marker_pkg/pose_publisher.py -> /home/addinnedu/ROS2_Jazzy_Study/install/aruco_marker_pkg/lib/python3.12/site-packages/aruco_marker_pkg
copying /home/addinnedu/ROS2_Jazzy_Study/build/aruco_marker_pkg/build/lib/aruco_marker_pkg/aruco_path_tracker.py -> /home/addinnedu/ROS2_Jazzy_Study/install/aruco_marker_pkg/lib/python3.12/site-packages/aruco_marker_pkg
copying /home/addinnedu/ROS2_Jazzy_Study/build/aruco_marker_pkg/build/lib/aruco_marker_pkg/__init__.py -> /home/addinnedu/ROS2_Jazzy_Study/install/aruco_marker_pkg/lib/python3.12/site-packages/aruco_marker_pkg
copying /home/addinnedu/ROS2_Jazzy_Study/build/aruco_marker_pkg/build/lib/aruco_marker_pkg/aruco_TF_broadcaster.py -> /home/addinnedu/ROS2_Jazzy_Study/install/aruco_marker_pkg/lib/python3.12/site-packages/aruco_marker_pkg
copying /home/addinnedu/ROS2_Jazzy_Study/build/aruco_marker_pkg/build/lib/aruco_marker_pkg/monitoring_gui.py -> /home/addinnedu/ROS2_Jazzy_Study/install/aruco_marker_pkg/lib/python3.12/site-packages/aruco_marker_pkg
copying /home/addinnedu/ROS2_Jazzy_Study/build/aruco_marker_pkg/build/lib/aruco_marker_pkg/aruco_detector.py -> /home/addinnedu/ROS2_Jazzy_Study/install/aruco_marker_pkg/lib/python3.12/site-packages/aruco_marker_pkg
copying /home/addinnedu/ROS2_Jazzy_Study/build/aruco_marker_pkg/build/lib/aruco_marker_pkg/aruco_test.py -> /home/addinnedu/ROS2_Jazzy_Study/install/aruco_marker_pkg/lib/python3.12/site-packages/aruco_marker_pkg
copying /home/addinnedu/ROS2_Jazzy_Study/build/aruco_marker_pkg/build/lib/aruco_marker_pkg/qmonitor_state_machine.py -> /home/addinnedu/ROS2_Jazzy_Study/install/aruco_marker_pkg/lib/python3.12/site-packages/aruco_marker_pkg
copying /home/addinnedu/ROS2_Jazzy_Study/build/aruco_marker_pkg/build/lib/aruco_marker_pkg/aruco_odom_publisher.py -> /home/addinnedu/ROS2_Jazzy_Study/install/aruco_marker_pkg/lib/python3.12/site-packages/aruco_marker_pkg
copying /home/addinnedu/ROS2_Jazzy_Study/build/aruco_marker_pkg/build/lib/aruco_marker_pkg/multi_aruco_odom_publisher.py -> /home/addinnedu/ROS2_Jazzy_Study/install/aruco_marker_pkg/lib/python3.12/site-packages/aruco_marker_pkg
copying /home/addinnedu/ROS2_Jazzy_Study/build/aruco_marker_pkg/build/lib/aruco_marker_pkg/monitoring_map_gui.py -> /home/addinnedu/ROS2_Jazzy_Study/install/aruco_marker_pkg/lib/python3.12/site-packages/aruco_marker_pkg
copying /home/addinnedu/ROS2_Jazzy_Study/build/aruco_marker_pkg/build/lib/aruco_marker_pkg/monitoring_gui_matplot.py -> /home/addinnedu/ROS2_Jazzy_Study/install/aruco_marker_pkg/lib/python3.12/site-packages/aruco_marker_pkg
byte-compiling /home/addinnedu/ROS2_Jazzy_Study/install/aruco_marker_pkg/lib/python3.12/site-packages/aruco_marker_pkg/pose_publisher.py to pose_publisher.cpython-312.pyc
byte-compiling /home/addinnedu/ROS2_Jazzy_Study/install/aruco_marker_pkg/lib/python3.12/site-packages/aruco_marker_pkg/aruco_path_tracker.py to aruco_path_tracker.cpython-312.pyc
byte-compiling /home/addinnedu/ROS2_Jazzy_Study/install/aruco_marker_pkg/lib/python3.12/site-packages/aruco_marker_pkg/__init__.py to __init__.cpython-312.pyc
byte-compiling /home/addinnedu/ROS2_Jazzy_Study/install/aruco_marker_pkg/lib/python3.12/site-packages/aruco_marker_pkg/aruco_TF_broadcaster.py to aruco_TF_broadcaster.cpython-312.pyc
byte-compiling /home/addinnedu/ROS2_Jazzy_Study/install/aruco_marker_pkg/lib/python3.12/site-packages/aruco_marker_pkg/monitoring_gui.py to monitoring_gui.cpython-312.pyc
byte-compiling /home/addinnedu/ROS2_Jazzy_Study/install/aruco_marker_pkg/lib/python3.12/site-packages/aruco_marker_pkg/aruco_detector.py to aruco_detector.cpython-312.pyc
byte-compiling /home/addinnedu/ROS2_Jazzy_Study/install/aruco_marker_pkg/lib/python3.12/site-packages/aruco_marker_pkg/aruco_test.py to aruco_test.cpython-312.pyc
byte-compiling /home/addinnedu/ROS2_Jazzy_Study/install/aruco_marker_pkg/lib/python3.12/site-packages/aruco_marker_pkg/qmonitor_state_machine.py to qmonitor_state_machine.cpython-312.pyc
byte-compiling /home/addinnedu/ROS2_Jazzy_Study/install/aruco_marker_pkg/lib/python3.12/site-packages/aruco_marker_pkg/aruco_odom_publisher.py to aruco_odom_publisher.cpython-312.pyc
byte-compiling /home/addinnedu/ROS2_Jazzy_Study/install/aruco_marker_pkg/lib/python3.12/site-packages/aruco_marker_pkg/multi_aruco_odom_publisher.py to multi_aruco_odom_publisher.cpython-312.pyc
byte-compiling /home/addinnedu/ROS2_Jazzy_Study/install/aruco_marker_pkg/lib/python3.12/site-packages/aruco_marker_pkg/monitoring_map_gui.py to monitoring_map_gui.cpython-312.pyc
byte-compiling /home/addinnedu/ROS2_Jazzy_Study/install/aruco_marker_pkg/lib/python3.12/site-packages/aruco_marker_pkg/monitoring_gui_matplot.py to monitoring_gui_matplot.cpython-312.pyc
running install_data
copying resource/aruco_marker_pkg -> /home/addinnedu/ROS2_Jazzy_Study/install/aruco_marker_pkg/share/ament_index/resource_index/packages
copying package.xml -> /home/addinnedu/ROS2_Jazzy_Study/install/aruco_marker_pkg/share/aruco_marker_pkg
running install_egg_info
Copying ../../build/aruco_marker_pkg/aruco_marker_pkg.egg-info to /home/addinnedu/ROS2_Jazzy_Study/install/aruco_marker_pkg/lib/python3.12/site-packages/aruco_marker_pkg-0.0.0-py3.12.egg-info
running install_scripts
Installing aruco_TF_broadcaster script to /home/addinnedu/ROS2_Jazzy_Study/install/aruco_marker_pkg/lib/aruco_marker_pkg
Installing aruco_odom_publisher script to /home/addinnedu/ROS2_Jazzy_Study/install/aruco_marker_pkg/lib/aruco_marker_pkg
Installing aruco_path_tracker script to /home/addinnedu/ROS2_Jazzy_Study/install/aruco_marker_pkg/lib/aruco_marker_pkg
Installing aruco_test script to /home/addinnedu/ROS2_Jazzy_Study/install/aruco_marker_pkg/lib/aruco_marker_pkg
Installing marker_publisher_node script to /home/addinnedu/ROS2_Jazzy_Study/install/aruco_marker_pkg/lib/aruco_marker_pkg
Installing monitoring_gui script to /home/addinnedu/ROS2_Jazzy_Study/install/aruco_marker_pkg/lib/aruco_marker_pkg
Installing monitoring_gui_matplot script to /home/addinnedu/ROS2_Jazzy_Study/install/aruco_marker_pkg/lib/aruco_marker_pkg
Installing monitoring_map_gui script to /home/addinnedu/ROS2_Jazzy_Study/install/aruco_marker_pkg/lib/aruco_marker_pkg
Installing multi_aruco_odom_publisher script to /home/addinnedu/ROS2_Jazzy_Study/install/aruco_marker_pkg/lib/aruco_marker_pkg
Installing pose_publisher script to /home/addinnedu/ROS2_Jazzy_Study/install/aruco_marker_pkg/lib/aruco_marker_pkg
Installing qmonitor_state_machine script to /home/addinnedu/ROS2_Jazzy_Study/install/aruco_marker_pkg/lib/aruco_marker_pkg
writing list of installed files to '/home/addinnedu/ROS2_Jazzy_Study/build/aruco_marker_pkg/install.log'
