[1.668s] Invoking command in '/home/addinnedu/ROS2_Jazzy_Study/build/aruco_marker_pkg': DEBUGINFOD_URLS=https://debuginfod.ubuntu.com PYTHONPATH=/home/addinnedu/ROS2_Jazzy_Study/build/aruco_marker_pkg/prefix_override:/usr/lib/python3/dist-packages/colcon_core/task/python/colcon_distutils_commands:/home/addinnedu/ROS2_Jazzy_Study/install/aruco_marker_pkg/lib/python3.12/site-packages:${PYTHONPATH} /usr/bin/python3 -W ignore:setup.py install is deprecated -W ignore:easy_install command is deprecated setup.py develop --uninstall --editable --build-directory /home/addinnedu/ROS2_Jazzy_Study/build/aruco_marker_pkg/build
[1.976s] running develop
[2.202s] Removing /home/addinnedu/ROS2_Jazzy_Study/install/aruco_marker_pkg/lib/python3.12/site-packages/aruco-marker-pkg.egg-link (link to .)
[2.263s] Invoked command in '/home/addinnedu/ROS2_Jazzy_Study/build/aruco_marker_pkg' returned '0': DEBUGINFOD_URLS=https://debuginfod.ubuntu.com PYTHONPATH=/home/addinnedu/ROS2_Jazzy_Study/build/aruco_marker_pkg/prefix_override:/usr/lib/python3/dist-packages/colcon_core/task/python/colcon_distutils_commands:/home/addinnedu/ROS2_Jazzy_Study/install/aruco_marker_pkg/lib/python3.12/site-packages:${PYTHONPATH} /usr/bin/python3 -W ignore:setup.py install is deprecated -W ignore:easy_install command is deprecated setup.py develop --uninstall --editable --build-directory /home/addinnedu/ROS2_Jazzy_Study/build/aruco_marker_pkg/build
[2.264s] Invoking command in '/home/addinnedu/ROS2_Jazzy_Study/src/aruco_marker_pkg': DEBUGINFOD_URLS=https://debuginfod.ubuntu.com PYTHONPATH=/home/addinnedu/ROS2_Jazzy_Study/build/aruco_marker_pkg/prefix_override:/usr/lib/python3/dist-packages/colcon_core/task/python/colcon_distutils_commands:/home/addinnedu/ROS2_Jazzy_Study/install/aruco_marker_pkg/lib/python3.12/site-packages:${PYTHONPATH} /usr/bin/python3 -W ignore:setup.py install is deprecated -W ignore:easy_install command is deprecated setup.py egg_info --egg-base ../../build/aruco_marker_pkg build --build-base /home/addinnedu/ROS2_Jazzy_Study/build/aruco_marker_pkg/build install --record /home/addinnedu/ROS2_Jazzy_Study/build/aruco_marker_pkg/install.log --single-version-externally-managed install_data --force
[2.540s] running egg_info
[2.564s] writing ../../build/aruco_marker_pkg/aruco_marker_pkg.egg-info/PKG-INFO
[2.564s] writing dependency_links to ../../build/aruco_marker_pkg/aruco_marker_pkg.egg-info/dependency_links.txt
[2.564s] writing entry points to ../../build/aruco_marker_pkg/aruco_marker_pkg.egg-info/entry_points.txt
[2.564s] writing requirements to ../../build/aruco_marker_pkg/aruco_marker_pkg.egg-info/requires.txt
[2.564s] writing top-level names to ../../build/aruco_marker_pkg/aruco_marker_pkg.egg-info/top_level.txt
[2.609s] reading manifest file '../../build/aruco_marker_pkg/aruco_marker_pkg.egg-info/SOURCES.txt'
[2.610s] writing manifest file '../../build/aruco_marker_pkg/aruco_marker_pkg.egg-info/SOURCES.txt'
[2.610s] running build
[2.611s] running build_py
[2.611s] copying aruco_marker_pkg/qmonitor_state_machine.py -> /home/addinnedu/ROS2_Jazzy_Study/build/aruco_marker_pkg/build/lib/aruco_marker_pkg
[2.612s] copying aruco_marker_pkg/multi_aruco_odom_publisher.py -> /home/addinnedu/ROS2_Jazzy_Study/build/aruco_marker_pkg/build/lib/aruco_marker_pkg
[2.612s] running install
[2.618s] running install_lib
[2.642s] copying /home/addinnedu/ROS2_Jazzy_Study/build/aruco_marker_pkg/build/lib/aruco_marker_pkg/pose_publisher.py -> /home/addinnedu/ROS2_Jazzy_Study/install/aruco_marker_pkg/lib/python3.12/site-packages/aruco_marker_pkg
[2.643s] copying /home/addinnedu/ROS2_Jazzy_Study/build/aruco_marker_pkg/build/lib/aruco_marker_pkg/aruco_path_tracker.py -> /home/addinnedu/ROS2_Jazzy_Study/install/aruco_marker_pkg/lib/python3.12/site-packages/aruco_marker_pkg
[2.643s] copying /home/addinnedu/ROS2_Jazzy_Study/build/aruco_marker_pkg/build/lib/aruco_marker_pkg/__init__.py -> /home/addinnedu/ROS2_Jazzy_Study/install/aruco_marker_pkg/lib/python3.12/site-packages/aruco_marker_pkg
[2.643s] copying /home/addinnedu/ROS2_Jazzy_Study/build/aruco_marker_pkg/build/lib/aruco_marker_pkg/aruco_TF_broadcaster.py -> /home/addinnedu/ROS2_Jazzy_Study/install/aruco_marker_pkg/lib/python3.12/site-packages/aruco_marker_pkg
[2.643s] copying /home/addinnedu/ROS2_Jazzy_Study/build/aruco_marker_pkg/build/lib/aruco_marker_pkg/monitoring_gui.py -> /home/addinnedu/ROS2_Jazzy_Study/install/aruco_marker_pkg/lib/python3.12/site-packages/aruco_marker_pkg
[2.643s] copying /home/addinnedu/ROS2_Jazzy_Study/build/aruco_marker_pkg/build/lib/aruco_marker_pkg/aruco_detector.py -> /home/addinnedu/ROS2_Jazzy_Study/install/aruco_marker_pkg/lib/python3.12/site-packages/aruco_marker_pkg
[2.643s] copying /home/addinnedu/ROS2_Jazzy_Study/build/aruco_marker_pkg/build/lib/aruco_marker_pkg/aruco_test.py -> /home/addinnedu/ROS2_Jazzy_Study/install/aruco_marker_pkg/lib/python3.12/site-packages/aruco_marker_pkg
[2.643s] copying /home/addinnedu/ROS2_Jazzy_Study/build/aruco_marker_pkg/build/lib/aruco_marker_pkg/qmonitor_state_machine.py -> /home/addinnedu/ROS2_Jazzy_Study/install/aruco_marker_pkg/lib/python3.12/site-packages/aruco_marker_pkg
[2.643s] copying /home/addinnedu/ROS2_Jazzy_Study/build/aruco_marker_pkg/build/lib/aruco_marker_pkg/aruco_odom_publisher.py -> /home/addinnedu/ROS2_Jazzy_Study/install/aruco_marker_pkg/lib/python3.12/site-packages/aruco_marker_pkg
[2.643s] copying /home/addinnedu/ROS2_Jazzy_Study/build/aruco_marker_pkg/build/lib/aruco_marker_pkg/multi_aruco_odom_publisher.py -> /home/addinnedu/ROS2_Jazzy_Study/install/aruco_marker_pkg/lib/python3.12/site-packages/aruco_marker_pkg
[2.643s] copying /home/addinnedu/ROS2_Jazzy_Study/build/aruco_marker_pkg/build/lib/aruco_marker_pkg/monitoring_map_gui.py -> /home/addinnedu/ROS2_Jazzy_Study/install/aruco_marker_pkg/lib/python3.12/site-packages/aruco_marker_pkg
[2.644s] copying /home/addinnedu/ROS2_Jazzy_Study/build/aruco_marker_pkg/build/lib/aruco_marker_pkg/monitoring_gui_matplot.py -> /home/addinnedu/ROS2_Jazzy_Study/install/aruco_marker_pkg/lib/python3.12/site-packages/aruco_marker_pkg
[2.644s] byte-compiling /home/addinnedu/ROS2_Jazzy_Study/install/aruco_marker_pkg/lib/python3.12/site-packages/aruco_marker_pkg/pose_publisher.py to pose_publisher.cpython-312.pyc
[2.645s] byte-compiling /home/addinnedu/ROS2_Jazzy_Study/install/aruco_marker_pkg/lib/python3.12/site-packages/aruco_marker_pkg/aruco_path_tracker.py to aruco_path_tracker.cpython-312.pyc
[2.647s] byte-compiling /home/addinnedu/ROS2_Jazzy_Study/install/aruco_marker_pkg/lib/python3.12/site-packages/aruco_marker_pkg/__init__.py to __init__.cpython-312.pyc
[2.647s] byte-compiling /home/addinnedu/ROS2_Jazzy_Study/install/aruco_marker_pkg/lib/python3.12/site-packages/aruco_marker_pkg/aruco_TF_broadcaster.py to aruco_TF_broadcaster.cpython-312.pyc
[2.649s] byte-compiling /home/addinnedu/ROS2_Jazzy_Study/install/aruco_marker_pkg/lib/python3.12/site-packages/aruco_marker_pkg/monitoring_gui.py to monitoring_gui.cpython-312.pyc
[2.657s] byte-compiling /home/addinnedu/ROS2_Jazzy_Study/install/aruco_marker_pkg/lib/python3.12/site-packages/aruco_marker_pkg/aruco_detector.py to aruco_detector.cpython-312.pyc
[2.658s] byte-compiling /home/addinnedu/ROS2_Jazzy_Study/install/aruco_marker_pkg/lib/python3.12/site-packages/aruco_marker_pkg/aruco_test.py to aruco_test.cpython-312.pyc
[2.661s] byte-compiling /home/addinnedu/ROS2_Jazzy_Study/install/aruco_marker_pkg/lib/python3.12/site-packages/aruco_marker_pkg/qmonitor_state_machine.py to qmonitor_state_machine.cpython-312.pyc
[2.664s] byte-compiling /home/addinnedu/ROS2_Jazzy_Study/install/aruco_marker_pkg/lib/python3.12/site-packages/aruco_marker_pkg/aruco_odom_publisher.py to aruco_odom_publisher.cpython-312.pyc
[2.665s] byte-compiling /home/addinnedu/ROS2_Jazzy_Study/install/aruco_marker_pkg/lib/python3.12/site-packages/aruco_marker_pkg/multi_aruco_odom_publisher.py to multi_aruco_odom_publisher.cpython-312.pyc
[2.668s] byte-compiling /home/addinnedu/ROS2_Jazzy_Study/install/aruco_marker_pkg/lib/python3.12/site-packages/aruco_marker_pkg/monitoring_map_gui.py to monitoring_map_gui.cpython-312.pyc
[2.669s] byte-compiling /home/addinnedu/ROS2_Jazzy_Study/install/aruco_marker_pkg/lib/python3.12/site-packages/aruco_marker_pkg/monitoring_gui_matplot.py to monitoring_gui_matplot.cpython-312.pyc
[2.676s] running install_data
[2.676s] copying resource/aruco_marker_pkg -> /home/addinnedu/ROS2_Jazzy_Study/install/aruco_marker_pkg/share/ament_index/resource_index/packages
[2.676s] copying package.xml -> /home/addinnedu/ROS2_Jazzy_Study/install/aruco_marker_pkg/share/aruco_marker_pkg
[2.676s] running install_egg_info
[2.701s] Copying ../../build/aruco_marker_pkg/aruco_marker_pkg.egg-info to /home/addinnedu/ROS2_Jazzy_Study/install/aruco_marker_pkg/lib/python3.12/site-packages/aruco_marker_pkg-0.0.0-py3.12.egg-info
[2.702s] running install_scripts
[2.847s] Installing aruco_TF_broadcaster script to /home/addinnedu/ROS2_Jazzy_Study/install/aruco_marker_pkg/lib/aruco_marker_pkg
[2.847s] Installing aruco_odom_publisher script to /home/addinnedu/ROS2_Jazzy_Study/install/aruco_marker_pkg/lib/aruco_marker_pkg
[2.848s] Installing aruco_path_tracker script to /home/addinnedu/ROS2_Jazzy_Study/install/aruco_marker_pkg/lib/aruco_marker_pkg
[2.850s] Installing aruco_test script to /home/addinnedu/ROS2_Jazzy_Study/install/aruco_marker_pkg/lib/aruco_marker_pkg
[2.850s] Installing marker_publisher_node script to /home/addinnedu/ROS2_Jazzy_Study/install/aruco_marker_pkg/lib/aruco_marker_pkg
[2.851s] Installing monitoring_gui script to /home/addinnedu/ROS2_Jazzy_Study/install/aruco_marker_pkg/lib/aruco_marker_pkg
[2.851s] Installing monitoring_gui_matplot script to /home/addinnedu/ROS2_Jazzy_Study/install/aruco_marker_pkg/lib/aruco_marker_pkg
[2.851s] Installing monitoring_map_gui script to /home/addinnedu/ROS2_Jazzy_Study/install/aruco_marker_pkg/lib/aruco_marker_pkg
[2.854s] Installing multi_aruco_odom_publisher script to /home/addinnedu/ROS2_Jazzy_Study/install/aruco_marker_pkg/lib/aruco_marker_pkg
[2.854s] Installing pose_publisher script to /home/addinnedu/ROS2_Jazzy_Study/install/aruco_marker_pkg/lib/aruco_marker_pkg
[2.854s] Installing qmonitor_state_machine script to /home/addinnedu/ROS2_Jazzy_Study/install/aruco_marker_pkg/lib/aruco_marker_pkg
[2.854s] writing list of installed files to '/home/addinnedu/ROS2_Jazzy_Study/build/aruco_marker_pkg/install.log'
[2.904s] Invoked command in '/home/addinnedu/ROS2_Jazzy_Study/src/aruco_marker_pkg' returned '0': DEBUGINFOD_URLS=https://debuginfod.ubuntu.com PYTHONPATH=/home/addinnedu/ROS2_Jazzy_Study/build/aruco_marker_pkg/prefix_override:/usr/lib/python3/dist-packages/colcon_core/task/python/colcon_distutils_commands:/home/addinnedu/ROS2_Jazzy_Study/install/aruco_marker_pkg/lib/python3.12/site-packages:${PYTHONPATH} /usr/bin/python3 -W ignore:setup.py install is deprecated -W ignore:easy_install command is deprecated setup.py egg_info --egg-base ../../build/aruco_marker_pkg build --build-base /home/addinnedu/ROS2_Jazzy_Study/build/aruco_marker_pkg/build install --record /home/addinnedu/ROS2_Jazzy_Study/build/aruco_marker_pkg/install.log --single-version-externally-managed install_data --force
