/home/addinnedu/ROS2_Jazzy_Study/install/pinky_mapf/lib/python3.12/site-packages/pinky_mapf/goal_point.py
/home/addinnedu/ROS2_Jazzy_Study/install/pinky_mapf/lib/python3.12/site-packages/pinky_mapf/follow_waypoints_client.py
/home/addinnedu/ROS2_Jazzy_Study/install/pinky_mapf/lib/python3.12/site-packages/pinky_mapf/central_waypoint_publisher.py
/home/addinnedu/ROS2_Jazzy_Study/install/pinky_mapf/lib/python3.12/site-packages/pinky_mapf/__init__.py
/home/addinnedu/ROS2_Jazzy_Study/install/pinky_mapf/lib/python3.12/site-packages/pinky_mapf/goal_point2.py
/home/addinnedu/ROS2_Jazzy_Study/install/pinky_mapf/lib/python3.12/site-packages/pinky_mapf/goal_point3.py
/home/addinnedu/ROS2_Jazzy_Study/install/pinky_mapf/lib/python3.12/site-packages/pinky_mapf/goal_point1.py
/home/addinnedu/ROS2_Jazzy_Study/install/pinky_mapf/lib/python3.12/site-packages/pinky_mapf/__pycache__/goal_point.cpython-312.pyc
/home/addinnedu/ROS2_Jazzy_Study/install/pinky_mapf/lib/python3.12/site-packages/pinky_mapf/__pycache__/follow_waypoints_client.cpython-312.pyc
/home/addinnedu/ROS2_Jazzy_Study/install/pinky_mapf/lib/python3.12/site-packages/pinky_mapf/__pycache__/central_waypoint_publisher.cpython-312.pyc
/home/addinnedu/ROS2_Jazzy_Study/install/pinky_mapf/lib/python3.12/site-packages/pinky_mapf/__pycache__/__init__.cpython-312.pyc
/home/addinnedu/ROS2_Jazzy_Study/install/pinky_mapf/lib/python3.12/site-packages/pinky_mapf/__pycache__/goal_point2.cpython-312.pyc
/home/addinnedu/ROS2_Jazzy_Study/install/pinky_mapf/lib/python3.12/site-packages/pinky_mapf/__pycache__/goal_point3.cpython-312.pyc
/home/addinnedu/ROS2_Jazzy_Study/install/pinky_mapf/lib/python3.12/site-packages/pinky_mapf/__pycache__/goal_point1.cpython-312.pyc
/home/addinnedu/ROS2_Jazzy_Study/install/pinky_mapf/share/ament_index/resource_index/packages/pinky_mapf
/home/addinnedu/ROS2_Jazzy_Study/install/pinky_mapf/share/pinky_mapf/package.xml
/home/addinnedu/ROS2_Jazzy_Study/install/pinky_mapf/lib/python3.12/site-packages/pinky_mapf-0.0.1-py3.12.egg-info/zip-safe
/home/addinnedu/ROS2_Jazzy_Study/install/pinky_mapf/lib/python3.12/site-packages/pinky_mapf-0.0.1-py3.12.egg-info/dependency_links.txt
/home/addinnedu/ROS2_Jazzy_Study/install/pinky_mapf/lib/python3.12/site-packages/pinky_mapf-0.0.1-py3.12.egg-info/entry_points.txt
/home/addinnedu/ROS2_Jazzy_Study/install/pinky_mapf/lib/python3.12/site-packages/pinky_mapf-0.0.1-py3.12.egg-info/requires.txt
/home/addinnedu/ROS2_Jazzy_Study/install/pinky_mapf/lib/python3.12/site-packages/pinky_mapf-0.0.1-py3.12.egg-info/SOURCES.txt
/home/addinnedu/ROS2_Jazzy_Study/install/pinky_mapf/lib/python3.12/site-packages/pinky_mapf-0.0.1-py3.12.egg-info/top_level.txt
/home/addinnedu/ROS2_Jazzy_Study/install/pinky_mapf/lib/python3.12/site-packages/pinky_mapf-0.0.1-py3.12.egg-info/PKG-INFO
/home/addinnedu/ROS2_Jazzy_Study/install/pinky_mapf/lib/pinky_mapf/follow_waypoints_client
/home/addinnedu/ROS2_Jazzy_Study/install/pinky_mapf/lib/pinky_mapf/goal_point
/home/addinnedu/ROS2_Jazzy_Study/install/pinky_mapf/lib/pinky_mapf/goal_point1
/home/addinnedu/ROS2_Jazzy_Study/install/pinky_mapf/lib/pinky_mapf/goal_point2
/home/addinnedu/ROS2_Jazzy_Study/install/pinky_mapf/lib/pinky_mapf/goal_point3
