[1.673s] Invoking command in '/home/addinnedu/ROS2_Jazzy_Study/build/aruco_marker_pkg': DEBUGINFOD_URLS=https://debuginfod.ubuntu.com PYTHONPATH=/home/addinnedu/ROS2_Jazzy_Study/build/aruco_marker_pkg/prefix_override:/usr/lib/python3/dist-packages/colcon_core/task/python/colcon_distutils_commands:/home/addinnedu/ROS2_Jazzy_Study/install/aruco_marker_pkg/lib/python3.12/site-packages:${PYTHONPATH} /usr/bin/python3 -W ignore:setup.py install is deprecated -W ignore:easy_install command is deprecated setup.py develop --editable --build-directory /home/addinnedu/ROS2_Jazzy_Study/build/aruco_marker_pkg/build --no-deps symlink_data --force
[2.012s] running develop
[2.227s] running egg_info
[2.247s] writing aruco_marker_pkg.egg-info/PKG-INFO
[2.247s] writing dependency_links to aruco_marker_pkg.egg-info/dependency_links.txt
[2.248s] writing entry points to aruco_marker_pkg.egg-info/entry_points.txt
[2.248s] writing requirements to aruco_marker_pkg.egg-info/requires.txt
[2.248s] writing top-level names to aruco_marker_pkg.egg-info/top_level.txt
[2.290s] reading manifest file 'aruco_marker_pkg.egg-info/SOURCES.txt'
[2.290s] writing manifest file 'aruco_marker_pkg.egg-info/SOURCES.txt'
[2.312s] running build_ext
[2.312s] Creating /home/addinnedu/ROS2_Jazzy_Study/install/aruco_marker_pkg/lib/python3.12/site-packages/aruco-marker-pkg.egg-link (link to .)
[2.313s] Installing aruco_TF_broadcaster script to /home/addinnedu/ROS2_Jazzy_Study/install/aruco_marker_pkg/lib/aruco_marker_pkg
[2.313s] Installing aruco_odom_publisher script to /home/addinnedu/ROS2_Jazzy_Study/install/aruco_marker_pkg/lib/aruco_marker_pkg
[2.313s] Installing aruco_path_tracker script to /home/addinnedu/ROS2_Jazzy_Study/install/aruco_marker_pkg/lib/aruco_marker_pkg
[2.313s] Installing aruco_test script to /home/addinnedu/ROS2_Jazzy_Study/install/aruco_marker_pkg/lib/aruco_marker_pkg
[2.313s] Installing marker_publisher_node script to /home/addinnedu/ROS2_Jazzy_Study/install/aruco_marker_pkg/lib/aruco_marker_pkg
[2.313s] Installing monitoring_gui script to /home/addinnedu/ROS2_Jazzy_Study/install/aruco_marker_pkg/lib/aruco_marker_pkg
[2.314s] Installing monitoring_gui_matplot script to /home/addinnedu/ROS2_Jazzy_Study/install/aruco_marker_pkg/lib/aruco_marker_pkg
[2.314s] Installing monitoring_map_gui script to /home/addinnedu/ROS2_Jazzy_Study/install/aruco_marker_pkg/lib/aruco_marker_pkg
[2.314s] Installing multi_aruco_odom_publisher script to /home/addinnedu/ROS2_Jazzy_Study/install/aruco_marker_pkg/lib/aruco_marker_pkg
[2.314s] Installing pose_publisher script to /home/addinnedu/ROS2_Jazzy_Study/install/aruco_marker_pkg/lib/aruco_marker_pkg
[2.314s] Installing qmonitor_state_machine script to /home/addinnedu/ROS2_Jazzy_Study/install/aruco_marker_pkg/lib/aruco_marker_pkg
[2.314s] 
[2.314s] Installed /home/addinnedu/ROS2_Jazzy_Study/build/aruco_marker_pkg
[2.314s] running symlink_data
[2.315s] symbolically linking /home/addinnedu/ROS2_Jazzy_Study/build/aruco_marker_pkg/resource/aruco_marker_pkg -> /home/addinnedu/ROS2_Jazzy_Study/install/aruco_marker_pkg/share/ament_index/resource_index/packages
[2.315s] symbolically linking /home/addinnedu/ROS2_Jazzy_Study/build/aruco_marker_pkg/package.xml -> /home/addinnedu/ROS2_Jazzy_Study/install/aruco_marker_pkg/share/aruco_marker_pkg
[2.359s] Invoked command in '/home/addinnedu/ROS2_Jazzy_Study/build/aruco_marker_pkg' returned '0': DEBUGINFOD_URLS=https://debuginfod.ubuntu.com PYTHONPATH=/home/addinnedu/ROS2_Jazzy_Study/build/aruco_marker_pkg/prefix_override:/usr/lib/python3/dist-packages/colcon_core/task/python/colcon_distutils_commands:/home/addinnedu/ROS2_Jazzy_Study/install/aruco_marker_pkg/lib/python3.12/site-packages:${PYTHONPATH} /usr/bin/python3 -W ignore:setup.py install is deprecated -W ignore:easy_install command is deprecated setup.py develop --editable --build-directory /home/addinnedu/ROS2_Jazzy_Study/build/aruco_marker_pkg/build --no-deps symlink_data --force
