[0.258s] Invoking command in '/home/addinnedu/ROS2_Jazzy_Study/build/monitoring_pkg': CMAKE_PREFIX_PATH=${CMAKE_PREFIX_PATH}:/home/addinnedu/ROS2_Jazzy_Study/install/send_goal:/home/addinnedu/ROS2_Jazzy_Study/install/pinky_mapf:/home/addinnedu/ROS2_Jazzy_Study/install/my_demo_pkg:/home/addinnedu/ROS2_Jazzy_Study/install/aruco_marker_pkg:/opt/ros/jazzy DEBUGINFOD_URLS=https://debuginfod.ubuntu.com /usr/bin/cmake /home/addinnedu/ROS2_Jazzy_Study/src/monitoring_pkg -DCMAKE_INSTALL_PREFIX=/home/addinnedu/ROS2_Jazzy_Study/install/monitoring_pkg
[0.891s] -- Found ament_cmake: 2.5.4 (/opt/ros/jazzy/share/ament_cmake/cmake)
[0.891s] -- Override CMake install command with custom implementation using symlinks instead of copying resources
[0.891s] -- Found rclcpp: 28.1.9 (/opt/ros/jazzy/share/rclcpp/cmake)
[0.891s] -- Found rosidl_generator_c: 4.6.5 (/opt/ros/jazzy/share/rosidl_generator_c/cmake)
[0.891s] -- Found rosidl_generator_cpp: 4.6.5 (/opt/ros/jazzy/share/rosidl_generator_cpp/cmake)
[0.891s] -- Using all available rosidl_typesupport_c: rosidl_typesupport_fastrtps_c;rosidl_typesupport_introspection_c
[0.891s] -- Using all available rosidl_typesupport_cpp: rosidl_typesupport_fastrtps_cpp;rosidl_typesupport_introspection_cpp
[0.891s] -- Found rmw_implementation_cmake: 7.3.2 (/opt/ros/jazzy/share/rmw_implementation_cmake/cmake)
[0.891s] -- Found rmw_fastrtps_cpp: 8.4.2 (/opt/ros/jazzy/share/rmw_fastrtps_cpp/cmake)
[0.891s] -- Using RMW implementation 'rmw_fastrtps_cpp' as default
[0.891s] -- Found std_msgs: 5.3.6 (/opt/ros/jazzy/share/std_msgs/cmake)
[0.891s] -- Found geometry_msgs: 5.3.6 (/opt/ros/jazzy/share/geometry_msgs/cmake)
[0.891s] -- Found nav_msgs: 5.3.6 (/opt/ros/jazzy/share/nav_msgs/cmake)
[0.891s] -- Found sensor_msgs: 5.3.6 (/opt/ros/jazzy/share/sensor_msgs/cmake)
[0.891s] -- Found tf2: 0.36.11 (/opt/ros/jazzy/share/tf2/cmake)
[0.891s] -- Found tf2_ros: 0.36.11 (/opt/ros/jazzy/share/tf2_ros/cmake)
[0.909s] -- Found ament_lint_auto: 0.17.2 (/opt/ros/jazzy/share/ament_lint_auto/cmake)
[1.017s] -- Added test 'copyright' to check source files copyright and LICENSE
[1.019s] -- Added test 'cppcheck' to perform static code analysis on C / C++ code
[1.019s] -- Configured cppcheck include dirs: /home/addinnedu/ROS2_Jazzy_Study/src/monitoring_pkg/include
[1.020s] -- Configured cppcheck exclude dirs and/or files: 
[1.022s] -- Added test 'cpplint' to check C / C++ code against the Google style
[1.022s] -- Configured cpplint exclude dirs and/or files: 
[1.022s] -- Added test 'flake8' to check Python code syntax and style conventions
[1.022s] -- Configured 'flake8' exclude dirs and/or files: 
[1.022s] -- Added test 'lint_cmake' to check CMake code style
[1.023s] -- Added test 'pep257' to check Python code against some of the docstring style conventions in PEP 257
[1.024s] -- Added test 'uncrustify' to check C / C++ code style
[1.024s] -- Configured uncrustify additional arguments: 
[1.025s] -- Added test 'xmllint' to check XML markup files
[1.026s] -- Configuring done (0.8s)
[1.071s] -- Generating done (0.0s)
[1.076s] -- Build files have been written to: /home/addinnedu/ROS2_Jazzy_Study/build/monitoring_pkg
[1.089s] Invoked command in '/home/addinnedu/ROS2_Jazzy_Study/build/monitoring_pkg' returned '0': CMAKE_PREFIX_PATH=${CMAKE_PREFIX_PATH}:/home/addinnedu/ROS2_Jazzy_Study/install/send_goal:/home/addinnedu/ROS2_Jazzy_Study/install/pinky_mapf:/home/addinnedu/ROS2_Jazzy_Study/install/my_demo_pkg:/home/addinnedu/ROS2_Jazzy_Study/install/aruco_marker_pkg:/opt/ros/jazzy DEBUGINFOD_URLS=https://debuginfod.ubuntu.com /usr/bin/cmake /home/addinnedu/ROS2_Jazzy_Study/src/monitoring_pkg -DCMAKE_INSTALL_PREFIX=/home/addinnedu/ROS2_Jazzy_Study/install/monitoring_pkg
[1.091s] Invoking command in '/home/addinnedu/ROS2_Jazzy_Study/build/monitoring_pkg': CMAKE_PREFIX_PATH=${CMAKE_PREFIX_PATH}:/home/addinnedu/ROS2_Jazzy_Study/install/send_goal:/home/addinnedu/ROS2_Jazzy_Study/install/pinky_mapf:/home/addinnedu/ROS2_Jazzy_Study/install/my_demo_pkg:/home/addinnedu/ROS2_Jazzy_Study/install/aruco_marker_pkg:/opt/ros/jazzy DEBUGINFOD_URLS=https://debuginfod.ubuntu.com /usr/bin/cmake --build /home/addinnedu/ROS2_Jazzy_Study/build/monitoring_pkg -- -j16 -l16
[1.166s] [  0%] Built target integrated_aruco_monitor_autogen_timestamp_deps
[1.274s] [ 20%] [34m[1mAutomatic MOC and UIC for target integrated_aruco_monitor[0m
[1.323s] [ 20%] Built target integrated_aruco_monitor_autogen
[1.387s] [100%] Built target integrated_aruco_monitor
[1.403s] Invoked command in '/home/addinnedu/ROS2_Jazzy_Study/build/monitoring_pkg' returned '0': CMAKE_PREFIX_PATH=${CMAKE_PREFIX_PATH}:/home/addinnedu/ROS2_Jazzy_Study/install/send_goal:/home/addinnedu/ROS2_Jazzy_Study/install/pinky_mapf:/home/addinnedu/ROS2_Jazzy_Study/install/my_demo_pkg:/home/addinnedu/ROS2_Jazzy_Study/install/aruco_marker_pkg:/opt/ros/jazzy DEBUGINFOD_URLS=https://debuginfod.ubuntu.com /usr/bin/cmake --build /home/addinnedu/ROS2_Jazzy_Study/build/monitoring_pkg -- -j16 -l16
[1.404s] Invoking command in '/home/addinnedu/ROS2_Jazzy_Study/build/monitoring_pkg': CMAKE_PREFIX_PATH=${CMAKE_PREFIX_PATH}:/home/addinnedu/ROS2_Jazzy_Study/install/send_goal:/home/addinnedu/ROS2_Jazzy_Study/install/pinky_mapf:/home/addinnedu/ROS2_Jazzy_Study/install/my_demo_pkg:/home/addinnedu/ROS2_Jazzy_Study/install/aruco_marker_pkg:/opt/ros/jazzy DEBUGINFOD_URLS=https://debuginfod.ubuntu.com /usr/bin/cmake --install /home/addinnedu/ROS2_Jazzy_Study/build/monitoring_pkg
[1.418s] -- Install configuration: ""
[1.418s] -- Execute custom install script
[1.419s] -- Up-to-date symlink: /home/addinnedu/ROS2_Jazzy_Study/install/monitoring_pkg/lib/monitoring_pkg/integrated_aruco_monitor
[1.420s] -- Up-to-date symlink: /home/addinnedu/ROS2_Jazzy_Study/install/monitoring_pkg/share/monitoring_pkg//launch/.keep
[1.420s] -- Up-to-date symlink: /home/addinnedu/ROS2_Jazzy_Study/install/monitoring_pkg/share/monitoring_pkg//config/.keep
[1.420s] -- Up-to-date symlink: /home/addinnedu/ROS2_Jazzy_Study/install/monitoring_pkg/share/monitoring_pkg//config/camera_matrix.xml
[1.420s] -- Up-to-date symlink: /home/addinnedu/ROS2_Jazzy_Study/install/monitoring_pkg/share/monitoring_pkg//config/convert_calib.py
[1.421s] -- Up-to-date symlink: /home/addinnedu/ROS2_Jazzy_Study/install/monitoring_pkg/share/monitoring_pkg//config/dist_coeffs.xml
[1.421s] -- Up-to-date symlink: /home/addinnedu/ROS2_Jazzy_Study/install/monitoring_pkg/share/monitoring_pkg//config/monitoring_params.yaml
[1.421s] -- Up-to-date symlink: /home/addinnedu/ROS2_Jazzy_Study/install/monitoring_pkg/share/ament_index/resource_index/package_run_dependencies/monitoring_pkg
[1.421s] -- Up-to-date symlink: /home/addinnedu/ROS2_Jazzy_Study/install/monitoring_pkg/share/ament_index/resource_index/parent_prefix_path/monitoring_pkg
[1.421s] -- Up-to-date symlink: /home/addinnedu/ROS2_Jazzy_Study/install/monitoring_pkg/share/monitoring_pkg/environment/ament_prefix_path.sh
[1.422s] -- Up-to-date symlink: /home/addinnedu/ROS2_Jazzy_Study/install/monitoring_pkg/share/monitoring_pkg/environment/ament_prefix_path.dsv
[1.422s] -- Up-to-date symlink: /home/addinnedu/ROS2_Jazzy_Study/install/monitoring_pkg/share/monitoring_pkg/environment/path.sh
[1.422s] -- Up-to-date symlink: /home/addinnedu/ROS2_Jazzy_Study/install/monitoring_pkg/share/monitoring_pkg/environment/path.dsv
[1.422s] -- Up-to-date symlink: /home/addinnedu/ROS2_Jazzy_Study/install/monitoring_pkg/share/monitoring_pkg/local_setup.bash
[1.423s] -- Up-to-date symlink: /home/addinnedu/ROS2_Jazzy_Study/install/monitoring_pkg/share/monitoring_pkg/local_setup.sh
[1.423s] -- Up-to-date symlink: /home/addinnedu/ROS2_Jazzy_Study/install/monitoring_pkg/share/monitoring_pkg/local_setup.zsh
[1.423s] -- Up-to-date symlink: /home/addinnedu/ROS2_Jazzy_Study/install/monitoring_pkg/share/monitoring_pkg/local_setup.dsv
[1.423s] -- Symlinking: /home/addinnedu/ROS2_Jazzy_Study/install/monitoring_pkg/share/monitoring_pkg/package.dsv
[1.439s] -- Up-to-date symlink: /home/addinnedu/ROS2_Jazzy_Study/install/monitoring_pkg/share/ament_index/resource_index/packages/monitoring_pkg
[1.439s] -- Up-to-date symlink: /home/addinnedu/ROS2_Jazzy_Study/install/monitoring_pkg/share/monitoring_pkg/cmake/monitoring_pkgConfig.cmake
[1.439s] -- Up-to-date symlink: /home/addinnedu/ROS2_Jazzy_Study/install/monitoring_pkg/share/monitoring_pkg/cmake/monitoring_pkgConfig-version.cmake
[1.439s] -- Up-to-date symlink: /home/addinnedu/ROS2_Jazzy_Study/install/monitoring_pkg/share/monitoring_pkg/package.xml
[1.442s] Invoked command in '/home/addinnedu/ROS2_Jazzy_Study/build/monitoring_pkg' returned '0': CMAKE_PREFIX_PATH=${CMAKE_PREFIX_PATH}:/home/addinnedu/ROS2_Jazzy_Study/install/send_goal:/home/addinnedu/ROS2_Jazzy_Study/install/pinky_mapf:/home/addinnedu/ROS2_Jazzy_Study/install/my_demo_pkg:/home/addinnedu/ROS2_Jazzy_Study/install/aruco_marker_pkg:/opt/ros/jazzy DEBUGINFOD_URLS=https://debuginfod.ubuntu.com /usr/bin/cmake --install /home/addinnedu/ROS2_Jazzy_Study/build/monitoring_pkg
