[0.113s] DEBUG:colcon:Command line arguments: ['/usr/bin/colcon', 'build', '--symlink-install']
[0.113s] DEBUG:colcon:Parsed command line arguments: Namespace(log_base=None, log_level=None, verb_name='build', build_base='build', install_base='install', merge_install=False, symlink_install=True, test_result_base=None, continue_on_error=False, executor='parallel', parallel_workers=16, event_handlers=None, ignore_user_meta=False, metas=['./colcon.meta'], base_paths=['.'], packages_ignore=None, packages_ignore_regex=None, paths=None, packages_up_to=None, packages_up_to_regex=None, packages_above=None, packages_above_and_dependencies=None, packages_above_depth=None, packages_select_by_dep=None, packages_skip_by_dep=None, packages_skip_up_to=None, packages_select_build_failed=False, packages_skip_build_finished=False, packages_select_test_failures=False, packages_skip_test_passed=False, packages_select=None, packages_skip=None, packages_select_regex=None, packages_skip_regex=None, packages_start=None, packages_end=None, allow_overriding=[], cmake_args=None, cmake_target=None, cmake_target_skip_unavailable=False, cmake_clean_cache=False, cmake_clean_first=False, cmake_force_configure=False, ament_cmake_args=None, catkin_cmake_args=None, catkin_skip_building_tests=False, mixin_files=None, mixin=None, verb_parser=<colcon_mixin.mixin.mixin_argument.MixinArgumentDecorator object at 0x7d3ba5bccbc0>, verb_extension=<colcon_core.verb.build.BuildVerb object at 0x7d3ba5bcc560>, main=<bound method BuildVerb.main of <colcon_core.verb.build.BuildVerb object at 0x7d3ba5bcc560>>, mixin_verb=('build',))
[0.152s] Level 1:colcon.colcon_core.package_discovery:discover_packages(colcon_meta) check parameters
[0.152s] Level 1:colcon.colcon_core.package_discovery:discover_packages(recursive) check parameters
[0.152s] Level 1:colcon.colcon_core.package_discovery:discover_packages(ignore) check parameters
[0.152s] Level 1:colcon.colcon_core.package_discovery:discover_packages(path) check parameters
[0.152s] Level 1:colcon.colcon_core.package_discovery:discover_packages(colcon_meta) discover
[0.152s] Level 1:colcon.colcon_core.package_discovery:discover_packages(recursive) discover
[0.152s] INFO:colcon.colcon_core.package_discovery:Crawling recursively for packages in '/home/addinnedu/ROS2_Jazzy_Study'
[0.152s] Level 1:colcon.colcon_core.package_identification:_identify(.) by extensions ['ignore', 'ignore_ament_install']
[0.152s] Level 1:colcon.colcon_core.package_identification:_identify(.) by extension 'ignore'
[0.152s] Level 1:colcon.colcon_core.package_identification:_identify(.) by extension 'ignore_ament_install'
[0.152s] Level 1:colcon.colcon_core.package_identification:_identify(.) by extensions ['colcon_pkg']
[0.152s] Level 1:colcon.colcon_core.package_identification:_identify(.) by extension 'colcon_pkg'
[0.152s] Level 1:colcon.colcon_core.package_identification:_identify(.) by extensions ['colcon_meta']
[0.152s] Level 1:colcon.colcon_core.package_identification:_identify(.) by extension 'colcon_meta'
[0.152s] Level 1:colcon.colcon_core.package_identification:_identify(.) by extensions ['ros']
[0.152s] Level 1:colcon.colcon_core.package_identification:_identify(.) by extension 'ros'
[0.174s] Level 1:colcon.colcon_core.package_identification:_identify(.) by extensions ['cmake', 'python']
[0.174s] Level 1:colcon.colcon_core.package_identification:_identify(.) by extension 'cmake'
[0.174s] Level 1:colcon.colcon_core.package_identification:_identify(.) by extension 'python'
[0.174s] Level 1:colcon.colcon_core.package_identification:_identify(.) by extensions ['python_setup_py']
[0.174s] Level 1:colcon.colcon_core.package_identification:_identify(.) by extension 'python_setup_py'
[0.174s] Level 1:colcon.colcon_core.package_identification:_identify(build) by extensions ['ignore', 'ignore_ament_install']
[0.174s] Level 1:colcon.colcon_core.package_identification:_identify(build) by extension 'ignore'
[0.174s] Level 1:colcon.colcon_core.package_identification:_identify(build) ignored
[0.175s] Level 1:colcon.colcon_core.package_identification:_identify(install) by extensions ['ignore', 'ignore_ament_install']
[0.175s] Level 1:colcon.colcon_core.package_identification:_identify(install) by extension 'ignore'
[0.175s] Level 1:colcon.colcon_core.package_identification:_identify(install) ignored
[0.175s] Level 1:colcon.colcon_core.package_identification:_identify(log) by extensions ['ignore', 'ignore_ament_install']
[0.175s] Level 1:colcon.colcon_core.package_identification:_identify(log) by extension 'ignore'
[0.175s] Level 1:colcon.colcon_core.package_identification:_identify(log) ignored
[0.175s] Level 1:colcon.colcon_core.package_identification:_identify(src) by extensions ['ignore', 'ignore_ament_install']
[0.175s] Level 1:colcon.colcon_core.package_identification:_identify(src) by extension 'ignore'
[0.175s] Level 1:colcon.colcon_core.package_identification:_identify(src) by extension 'ignore_ament_install'
[0.175s] Level 1:colcon.colcon_core.package_identification:_identify(src) by extensions ['colcon_pkg']
[0.175s] Level 1:colcon.colcon_core.package_identification:_identify(src) by extension 'colcon_pkg'
[0.175s] Level 1:colcon.colcon_core.package_identification:_identify(src) by extensions ['colcon_meta']
[0.175s] Level 1:colcon.colcon_core.package_identification:_identify(src) by extension 'colcon_meta'
[0.175s] Level 1:colcon.colcon_core.package_identification:_identify(src) by extensions ['ros']
[0.175s] Level 1:colcon.colcon_core.package_identification:_identify(src) by extension 'ros'
[0.175s] Level 1:colcon.colcon_core.package_identification:_identify(src) by extensions ['cmake', 'python']
[0.175s] Level 1:colcon.colcon_core.package_identification:_identify(src) by extension 'cmake'
[0.175s] Level 1:colcon.colcon_core.package_identification:_identify(src) by extension 'python'
[0.175s] Level 1:colcon.colcon_core.package_identification:_identify(src) by extensions ['python_setup_py']
[0.175s] Level 1:colcon.colcon_core.package_identification:_identify(src) by extension 'python_setup_py'
[0.175s] Level 1:colcon.colcon_core.package_identification:_identify(src/ROS2_Bridge_yaml_files) by extensions ['ignore', 'ignore_ament_install']
[0.176s] Level 1:colcon.colcon_core.package_identification:_identify(src/ROS2_Bridge_yaml_files) by extension 'ignore'
[0.176s] Level 1:colcon.colcon_core.package_identification:_identify(src/ROS2_Bridge_yaml_files) by extension 'ignore_ament_install'
[0.176s] Level 1:colcon.colcon_core.package_identification:_identify(src/ROS2_Bridge_yaml_files) by extensions ['colcon_pkg']
[0.176s] Level 1:colcon.colcon_core.package_identification:_identify(src/ROS2_Bridge_yaml_files) by extension 'colcon_pkg'
[0.176s] Level 1:colcon.colcon_core.package_identification:_identify(src/ROS2_Bridge_yaml_files) by extensions ['colcon_meta']
[0.176s] Level 1:colcon.colcon_core.package_identification:_identify(src/ROS2_Bridge_yaml_files) by extension 'colcon_meta'
[0.176s] Level 1:colcon.colcon_core.package_identification:_identify(src/ROS2_Bridge_yaml_files) by extensions ['ros']
[0.176s] Level 1:colcon.colcon_core.package_identification:_identify(src/ROS2_Bridge_yaml_files) by extension 'ros'
[0.176s] Level 1:colcon.colcon_core.package_identification:_identify(src/ROS2_Bridge_yaml_files) by extensions ['cmake', 'python']
[0.176s] Level 1:colcon.colcon_core.package_identification:_identify(src/ROS2_Bridge_yaml_files) by extension 'cmake'
[0.176s] Level 1:colcon.colcon_core.package_identification:_identify(src/ROS2_Bridge_yaml_files) by extension 'python'
[0.176s] Level 1:colcon.colcon_core.package_identification:_identify(src/ROS2_Bridge_yaml_files) by extensions ['python_setup_py']
[0.176s] Level 1:colcon.colcon_core.package_identification:_identify(src/ROS2_Bridge_yaml_files) by extension 'python_setup_py'
[0.176s] Level 1:colcon.colcon_core.package_identification:_identify(src/aruco_marker_pkg) by extensions ['ignore', 'ignore_ament_install']
[0.176s] Level 1:colcon.colcon_core.package_identification:_identify(src/aruco_marker_pkg) by extension 'ignore'
[0.176s] Level 1:colcon.colcon_core.package_identification:_identify(src/aruco_marker_pkg) by extension 'ignore_ament_install'
[0.176s] Level 1:colcon.colcon_core.package_identification:_identify(src/aruco_marker_pkg) by extensions ['colcon_pkg']
[0.176s] Level 1:colcon.colcon_core.package_identification:_identify(src/aruco_marker_pkg) by extension 'colcon_pkg'
[0.176s] Level 1:colcon.colcon_core.package_identification:_identify(src/aruco_marker_pkg) by extensions ['colcon_meta']
[0.176s] Level 1:colcon.colcon_core.package_identification:_identify(src/aruco_marker_pkg) by extension 'colcon_meta'
[0.176s] Level 1:colcon.colcon_core.package_identification:_identify(src/aruco_marker_pkg) by extensions ['ros']
[0.176s] Level 1:colcon.colcon_core.package_identification:_identify(src/aruco_marker_pkg) by extension 'ros'
[0.178s] DEBUG:colcon.colcon_core.package_identification:Package 'src/aruco_marker_pkg' with type 'ros.ament_python' and name 'aruco_marker_pkg'
[0.178s] Level 1:colcon.colcon_core.package_identification:_identify(src/mapf_planner) by extensions ['ignore', 'ignore_ament_install']
[0.178s] Level 1:colcon.colcon_core.package_identification:_identify(src/mapf_planner) by extension 'ignore'
[0.178s] Level 1:colcon.colcon_core.package_identification:_identify(src/mapf_planner) by extension 'ignore_ament_install'
[0.179s] Level 1:colcon.colcon_core.package_identification:_identify(src/mapf_planner) by extensions ['colcon_pkg']
[0.179s] Level 1:colcon.colcon_core.package_identification:_identify(src/mapf_planner) by extension 'colcon_pkg'
[0.179s] Level 1:colcon.colcon_core.package_identification:_identify(src/mapf_planner) by extensions ['colcon_meta']
[0.179s] Level 1:colcon.colcon_core.package_identification:_identify(src/mapf_planner) by extension 'colcon_meta'
[0.179s] Level 1:colcon.colcon_core.package_identification:_identify(src/mapf_planner) by extensions ['ros']
[0.179s] Level 1:colcon.colcon_core.package_identification:_identify(src/mapf_planner) by extension 'ros'
[0.179s] DEBUG:colcon.colcon_core.package_identification:Package 'src/mapf_planner' with type 'ros.ament_cmake' and name 'mapf_planner'
[0.179s] Level 1:colcon.colcon_core.package_identification:_identify(src/my_demo_pkg) by extensions ['ignore', 'ignore_ament_install']
[0.179s] Level 1:colcon.colcon_core.package_identification:_identify(src/my_demo_pkg) by extension 'ignore'
[0.179s] Level 1:colcon.colcon_core.package_identification:_identify(src/my_demo_pkg) by extension 'ignore_ament_install'
[0.179s] Level 1:colcon.colcon_core.package_identification:_identify(src/my_demo_pkg) by extensions ['colcon_pkg']
[0.179s] Level 1:colcon.colcon_core.package_identification:_identify(src/my_demo_pkg) by extension 'colcon_pkg'
[0.179s] Level 1:colcon.colcon_core.package_identification:_identify(src/my_demo_pkg) by extensions ['colcon_meta']
[0.179s] Level 1:colcon.colcon_core.package_identification:_identify(src/my_demo_pkg) by extension 'colcon_meta'
[0.179s] Level 1:colcon.colcon_core.package_identification:_identify(src/my_demo_pkg) by extensions ['ros']
[0.179s] Level 1:colcon.colcon_core.package_identification:_identify(src/my_demo_pkg) by extension 'ros'
[0.180s] DEBUG:colcon.colcon_core.package_identification:Package 'src/my_demo_pkg' with type 'ros.ament_python' and name 'my_demo_pkg'
[0.180s] Level 1:colcon.colcon_core.package_identification:_identify(src/pinky_camera) by extensions ['ignore', 'ignore_ament_install']
[0.180s] Level 1:colcon.colcon_core.package_identification:_identify(src/pinky_camera) by extension 'ignore'
[0.180s] Level 1:colcon.colcon_core.package_identification:_identify(src/pinky_camera) by extension 'ignore_ament_install'
[0.180s] Level 1:colcon.colcon_core.package_identification:_identify(src/pinky_camera) by extensions ['colcon_pkg']
[0.180s] Level 1:colcon.colcon_core.package_identification:_identify(src/pinky_camera) by extension 'colcon_pkg'
[0.180s] Level 1:colcon.colcon_core.package_identification:_identify(src/pinky_camera) by extensions ['colcon_meta']
[0.180s] Level 1:colcon.colcon_core.package_identification:_identify(src/pinky_camera) by extension 'colcon_meta'
[0.180s] Level 1:colcon.colcon_core.package_identification:_identify(src/pinky_camera) by extensions ['ros']
[0.180s] Level 1:colcon.colcon_core.package_identification:_identify(src/pinky_camera) by extension 'ros'
[0.180s] Level 1:colcon.colcon_core.package_identification:_identify(src/pinky_camera) by extensions ['cmake', 'python']
[0.180s] Level 1:colcon.colcon_core.package_identification:_identify(src/pinky_camera) by extension 'cmake'
[0.180s] Level 1:colcon.colcon_core.package_identification:_identify(src/pinky_camera) by extension 'python'
[0.180s] Level 1:colcon.colcon_core.package_identification:_identify(src/pinky_camera) by extensions ['python_setup_py']
[0.180s] Level 1:colcon.colcon_core.package_identification:_identify(src/pinky_camera) by extension 'python_setup_py'
[0.180s] Level 1:colcon.colcon_core.package_identification:_identify(src/pinky_mapf) by extensions ['ignore', 'ignore_ament_install']
[0.181s] Level 1:colcon.colcon_core.package_identification:_identify(src/pinky_mapf) by extension 'ignore'
[0.181s] Level 1:colcon.colcon_core.package_identification:_identify(src/pinky_mapf) by extension 'ignore_ament_install'
[0.181s] Level 1:colcon.colcon_core.package_identification:_identify(src/pinky_mapf) by extensions ['colcon_pkg']
[0.181s] Level 1:colcon.colcon_core.package_identification:_identify(src/pinky_mapf) by extension 'colcon_pkg'
[0.181s] Level 1:colcon.colcon_core.package_identification:_identify(src/pinky_mapf) by extensions ['colcon_meta']
[0.181s] Level 1:colcon.colcon_core.package_identification:_identify(src/pinky_mapf) by extension 'colcon_meta'
[0.181s] Level 1:colcon.colcon_core.package_identification:_identify(src/pinky_mapf) by extensions ['ros']
[0.181s] Level 1:colcon.colcon_core.package_identification:_identify(src/pinky_mapf) by extension 'ros'
[0.181s] DEBUG:colcon.colcon_core.package_identification:Package 'src/pinky_mapf' with type 'ros.ament_python' and name 'pinky_mapf'
[0.181s] Level 1:colcon.colcon_core.package_identification:_identify(src/pinky_rmf) by extensions ['ignore', 'ignore_ament_install']
[0.181s] Level 1:colcon.colcon_core.package_identification:_identify(src/pinky_rmf) by extension 'ignore'
[0.181s] Level 1:colcon.colcon_core.package_identification:_identify(src/pinky_rmf) by extension 'ignore_ament_install'
[0.182s] Level 1:colcon.colcon_core.package_identification:_identify(src/pinky_rmf) by extensions ['colcon_pkg']
[0.182s] Level 1:colcon.colcon_core.package_identification:_identify(src/pinky_rmf) by extension 'colcon_pkg'
[0.182s] Level 1:colcon.colcon_core.package_identification:_identify(src/pinky_rmf) by extensions ['colcon_meta']
[0.182s] Level 1:colcon.colcon_core.package_identification:_identify(src/pinky_rmf) by extension 'colcon_meta'
[0.182s] Level 1:colcon.colcon_core.package_identification:_identify(src/pinky_rmf) by extensions ['ros']
[0.182s] Level 1:colcon.colcon_core.package_identification:_identify(src/pinky_rmf) by extension 'ros'
[0.182s] DEBUG:colcon.colcon_core.package_identification:Package 'src/pinky_rmf' with type 'ros.ament_cmake' and name 'pinky_rmf'
[0.182s] Level 1:colcon.colcon_core.package_identification:_identify(src/send_goal) by extensions ['ignore', 'ignore_ament_install']
[0.182s] Level 1:colcon.colcon_core.package_identification:_identify(src/send_goal) by extension 'ignore'
[0.182s] Level 1:colcon.colcon_core.package_identification:_identify(src/send_goal) by extension 'ignore_ament_install'
[0.182s] Level 1:colcon.colcon_core.package_identification:_identify(src/send_goal) by extensions ['colcon_pkg']
[0.182s] Level 1:colcon.colcon_core.package_identification:_identify(src/send_goal) by extension 'colcon_pkg'
[0.182s] Level 1:colcon.colcon_core.package_identification:_identify(src/send_goal) by extensions ['colcon_meta']
[0.182s] Level 1:colcon.colcon_core.package_identification:_identify(src/send_goal) by extension 'colcon_meta'
[0.182s] Level 1:colcon.colcon_core.package_identification:_identify(src/send_goal) by extensions ['ros']
[0.183s] Level 1:colcon.colcon_core.package_identification:_identify(src/send_goal) by extension 'ros'
[0.183s] DEBUG:colcon.colcon_core.package_identification:Package 'src/send_goal' with type 'ros.ament_python' and name 'send_goal'
[0.183s] Level 1:colcon.colcon_core.package_identification:_identify(src/traffic_planner) by extensions ['ignore', 'ignore_ament_install']
[0.183s] Level 1:colcon.colcon_core.package_identification:_identify(src/traffic_planner) by extension 'ignore'
[0.183s] Level 1:colcon.colcon_core.package_identification:_identify(src/traffic_planner) by extension 'ignore_ament_install'
[0.183s] Level 1:colcon.colcon_core.package_identification:_identify(src/traffic_planner) by extensions ['colcon_pkg']
[0.183s] Level 1:colcon.colcon_core.package_identification:_identify(src/traffic_planner) by extension 'colcon_pkg'
[0.183s] Level 1:colcon.colcon_core.package_identification:_identify(src/traffic_planner) by extensions ['colcon_meta']
[0.183s] Level 1:colcon.colcon_core.package_identification:_identify(src/traffic_planner) by extension 'colcon_meta'
[0.183s] Level 1:colcon.colcon_core.package_identification:_identify(src/traffic_planner) by extensions ['ros']
[0.183s] Level 1:colcon.colcon_core.package_identification:_identify(src/traffic_planner) by extension 'ros'
[0.184s] DEBUG:colcon.colcon_core.package_identification:Package 'src/traffic_planner' with type 'ros.ament_cmake' and name 'traffic_planner'
[0.184s] Level 1:colcon.colcon_core.package_discovery:discover_packages(recursive) using defaults
[0.184s] Level 1:colcon.colcon_core.package_discovery:discover_packages(ignore) discover
[0.184s] Level 1:colcon.colcon_core.package_discovery:discover_packages(ignore) using defaults
[0.184s] Level 1:colcon.colcon_core.package_discovery:discover_packages(path) discover
[0.184s] Level 1:colcon.colcon_core.package_discovery:discover_packages(path) using defaults
[0.201s] Level 1:colcon.colcon_core.package_discovery:discover_packages(prefix_path) check parameters
[0.201s] Level 1:colcon.colcon_core.package_discovery:discover_packages(prefix_path) discover
[0.202s] WARNING:colcon.colcon_ros.prefix_path.ament:The path '/home/addinnedu/ROS2_Jazzy_Study/install/pinky_rmf' in the environment variable AMENT_PREFIX_PATH doesn't exist
[0.202s] WARNING:colcon.colcon_ros.prefix_path.ament:The path '/home/addinnedu/ROS2_Jazzy_Study/install/mapf_planner' in the environment variable AMENT_PREFIX_PATH doesn't exist
[0.202s] WARNING:colcon.colcon_ros.prefix_path.catkin:The path '/home/addinnedu/ROS2_Jazzy_Study/install/pinky_rmf' in the environment variable CMAKE_PREFIX_PATH doesn't exist
[0.202s] WARNING:colcon.colcon_ros.prefix_path.catkin:The path '/home/addinnedu/ROS2_Jazzy_Study/install/mapf_planner' in the environment variable CMAKE_PREFIX_PATH doesn't exist
[0.203s] DEBUG:colcon.colcon_installed_package_information.package_discovery:Found 5 installed packages in /home/addinnedu/ROS2_Jazzy_Study/install
[0.204s] DEBUG:colcon.colcon_installed_package_information.package_discovery:Found 3 installed packages in /home/addinnedu/Rotus_team/roscamp-repo-3/Ros_Files/install
[0.206s] DEBUG:colcon.colcon_installed_package_information.package_discovery:Found 466 installed packages in /opt/ros/jazzy
[0.206s] Level 1:colcon.colcon_core.package_discovery:discover_packages(prefix_path) using defaults
[0.288s] Level 5:colcon.colcon_core.verb:set package 'aruco_marker_pkg' build argument 'cmake_args' from command line to 'None'
[0.288s] Level 5:colcon.colcon_core.verb:set package 'aruco_marker_pkg' build argument 'cmake_target' from command line to 'None'
[0.288s] Level 5:colcon.colcon_core.verb:set package 'aruco_marker_pkg' build argument 'cmake_target_skip_unavailable' from command line to 'False'
[0.288s] Level 5:colcon.colcon_core.verb:set package 'aruco_marker_pkg' build argument 'cmake_clean_cache' from command line to 'False'
[0.288s] Level 5:colcon.colcon_core.verb:set package 'aruco_marker_pkg' build argument 'cmake_clean_first' from command line to 'False'
[0.288s] Level 5:colcon.colcon_core.verb:set package 'aruco_marker_pkg' build argument 'cmake_force_configure' from command line to 'False'
[0.288s] Level 5:colcon.colcon_core.verb:set package 'aruco_marker_pkg' build argument 'ament_cmake_args' from command line to 'None'
[0.288s] Level 5:colcon.colcon_core.verb:set package 'aruco_marker_pkg' build argument 'catkin_cmake_args' from command line to 'None'
[0.288s] Level 5:colcon.colcon_core.verb:set package 'aruco_marker_pkg' build argument 'catkin_skip_building_tests' from command line to 'False'
[0.288s] DEBUG:colcon.colcon_core.verb:Building package 'aruco_marker_pkg' with the following arguments: {'ament_cmake_args': None, 'build_base': '/home/addinnedu/ROS2_Jazzy_Study/build/aruco_marker_pkg', 'catkin_cmake_args': None, 'catkin_skip_building_tests': False, 'cmake_args': None, 'cmake_clean_cache': False, 'cmake_clean_first': False, 'cmake_force_configure': False, 'cmake_target': None, 'cmake_target_skip_unavailable': False, 'install_base': '/home/addinnedu/ROS2_Jazzy_Study/install/aruco_marker_pkg', 'merge_install': False, 'path': '/home/addinnedu/ROS2_Jazzy_Study/src/aruco_marker_pkg', 'symlink_install': True, 'test_result_base': None}
[0.288s] Level 5:colcon.colcon_core.verb:set package 'mapf_planner' build argument 'cmake_args' from command line to 'None'
[0.288s] Level 5:colcon.colcon_core.verb:set package 'mapf_planner' build argument 'cmake_target' from command line to 'None'
[0.288s] Level 5:colcon.colcon_core.verb:set package 'mapf_planner' build argument 'cmake_target_skip_unavailable' from command line to 'False'
[0.288s] Level 5:colcon.colcon_core.verb:set package 'mapf_planner' build argument 'cmake_clean_cache' from command line to 'False'
[0.288s] Level 5:colcon.colcon_core.verb:set package 'mapf_planner' build argument 'cmake_clean_first' from command line to 'False'
[0.288s] Level 5:colcon.colcon_core.verb:set package 'mapf_planner' build argument 'cmake_force_configure' from command line to 'False'
[0.288s] Level 5:colcon.colcon_core.verb:set package 'mapf_planner' build argument 'ament_cmake_args' from command line to 'None'
[0.288s] Level 5:colcon.colcon_core.verb:set package 'mapf_planner' build argument 'catkin_cmake_args' from command line to 'None'
[0.288s] Level 5:colcon.colcon_core.verb:set package 'mapf_planner' build argument 'catkin_skip_building_tests' from command line to 'False'
[0.288s] DEBUG:colcon.colcon_core.verb:Building package 'mapf_planner' with the following arguments: {'ament_cmake_args': None, 'build_base': '/home/addinnedu/ROS2_Jazzy_Study/build/mapf_planner', 'catkin_cmake_args': None, 'catkin_skip_building_tests': False, 'cmake_args': None, 'cmake_clean_cache': False, 'cmake_clean_first': False, 'cmake_force_configure': False, 'cmake_target': None, 'cmake_target_skip_unavailable': False, 'install_base': '/home/addinnedu/ROS2_Jazzy_Study/install/mapf_planner', 'merge_install': False, 'path': '/home/addinnedu/ROS2_Jazzy_Study/src/mapf_planner', 'symlink_install': True, 'test_result_base': None}
[0.288s] Level 5:colcon.colcon_core.verb:set package 'my_demo_pkg' build argument 'cmake_args' from command line to 'None'
[0.288s] Level 5:colcon.colcon_core.verb:set package 'my_demo_pkg' build argument 'cmake_target' from command line to 'None'
[0.288s] Level 5:colcon.colcon_core.verb:set package 'my_demo_pkg' build argument 'cmake_target_skip_unavailable' from command line to 'False'
[0.288s] Level 5:colcon.colcon_core.verb:set package 'my_demo_pkg' build argument 'cmake_clean_cache' from command line to 'False'
[0.288s] Level 5:colcon.colcon_core.verb:set package 'my_demo_pkg' build argument 'cmake_clean_first' from command line to 'False'
[0.288s] Level 5:colcon.colcon_core.verb:set package 'my_demo_pkg' build argument 'cmake_force_configure' from command line to 'False'
[0.288s] Level 5:colcon.colcon_core.verb:set package 'my_demo_pkg' build argument 'ament_cmake_args' from command line to 'None'
[0.289s] Level 5:colcon.colcon_core.verb:set package 'my_demo_pkg' build argument 'catkin_cmake_args' from command line to 'None'
[0.289s] Level 5:colcon.colcon_core.verb:set package 'my_demo_pkg' build argument 'catkin_skip_building_tests' from command line to 'False'
[0.289s] DEBUG:colcon.colcon_core.verb:Building package 'my_demo_pkg' with the following arguments: {'ament_cmake_args': None, 'build_base': '/home/addinnedu/ROS2_Jazzy_Study/build/my_demo_pkg', 'catkin_cmake_args': None, 'catkin_skip_building_tests': False, 'cmake_args': None, 'cmake_clean_cache': False, 'cmake_clean_first': False, 'cmake_force_configure': False, 'cmake_target': None, 'cmake_target_skip_unavailable': False, 'install_base': '/home/addinnedu/ROS2_Jazzy_Study/install/my_demo_pkg', 'merge_install': False, 'path': '/home/addinnedu/ROS2_Jazzy_Study/src/my_demo_pkg', 'symlink_install': True, 'test_result_base': None}
[0.289s] Level 5:colcon.colcon_core.verb:set package 'pinky_mapf' build argument 'cmake_args' from command line to 'None'
[0.289s] Level 5:colcon.colcon_core.verb:set package 'pinky_mapf' build argument 'cmake_target' from command line to 'None'
[0.289s] Level 5:colcon.colcon_core.verb:set package 'pinky_mapf' build argument 'cmake_target_skip_unavailable' from command line to 'False'
[0.289s] Level 5:colcon.colcon_core.verb:set package 'pinky_mapf' build argument 'cmake_clean_cache' from command line to 'False'
[0.289s] Level 5:colcon.colcon_core.verb:set package 'pinky_mapf' build argument 'cmake_clean_first' from command line to 'False'
[0.289s] Level 5:colcon.colcon_core.verb:set package 'pinky_mapf' build argument 'cmake_force_configure' from command line to 'False'
[0.289s] Level 5:colcon.colcon_core.verb:set package 'pinky_mapf' build argument 'ament_cmake_args' from command line to 'None'
[0.289s] Level 5:colcon.colcon_core.verb:set package 'pinky_mapf' build argument 'catkin_cmake_args' from command line to 'None'
[0.289s] Level 5:colcon.colcon_core.verb:set package 'pinky_mapf' build argument 'catkin_skip_building_tests' from command line to 'False'
[0.289s] DEBUG:colcon.colcon_core.verb:Building package 'pinky_mapf' with the following arguments: {'ament_cmake_args': None, 'build_base': '/home/addinnedu/ROS2_Jazzy_Study/build/pinky_mapf', 'catkin_cmake_args': None, 'catkin_skip_building_tests': False, 'cmake_args': None, 'cmake_clean_cache': False, 'cmake_clean_first': False, 'cmake_force_configure': False, 'cmake_target': None, 'cmake_target_skip_unavailable': False, 'install_base': '/home/addinnedu/ROS2_Jazzy_Study/install/pinky_mapf', 'merge_install': False, 'path': '/home/addinnedu/ROS2_Jazzy_Study/src/pinky_mapf', 'symlink_install': True, 'test_result_base': None}
[0.289s] Level 5:colcon.colcon_core.verb:set package 'pinky_rmf' build argument 'cmake_args' from command line to 'None'
[0.289s] Level 5:colcon.colcon_core.verb:set package 'pinky_rmf' build argument 'cmake_target' from command line to 'None'
[0.289s] Level 5:colcon.colcon_core.verb:set package 'pinky_rmf' build argument 'cmake_target_skip_unavailable' from command line to 'False'
[0.289s] Level 5:colcon.colcon_core.verb:set package 'pinky_rmf' build argument 'cmake_clean_cache' from command line to 'False'
[0.289s] Level 5:colcon.colcon_core.verb:set package 'pinky_rmf' build argument 'cmake_clean_first' from command line to 'False'
[0.289s] Level 5:colcon.colcon_core.verb:set package 'pinky_rmf' build argument 'cmake_force_configure' from command line to 'False'
[0.289s] Level 5:colcon.colcon_core.verb:set package 'pinky_rmf' build argument 'ament_cmake_args' from command line to 'None'
[0.289s] Level 5:colcon.colcon_core.verb:set package 'pinky_rmf' build argument 'catkin_cmake_args' from command line to 'None'
[0.289s] Level 5:colcon.colcon_core.verb:set package 'pinky_rmf' build argument 'catkin_skip_building_tests' from command line to 'False'
[0.289s] DEBUG:colcon.colcon_core.verb:Building package 'pinky_rmf' with the following arguments: {'ament_cmake_args': None, 'build_base': '/home/addinnedu/ROS2_Jazzy_Study/build/pinky_rmf', 'catkin_cmake_args': None, 'catkin_skip_building_tests': False, 'cmake_args': None, 'cmake_clean_cache': False, 'cmake_clean_first': False, 'cmake_force_configure': False, 'cmake_target': None, 'cmake_target_skip_unavailable': False, 'install_base': '/home/addinnedu/ROS2_Jazzy_Study/install/pinky_rmf', 'merge_install': False, 'path': '/home/addinnedu/ROS2_Jazzy_Study/src/pinky_rmf', 'symlink_install': True, 'test_result_base': None}
[0.289s] Level 5:colcon.colcon_core.verb:set package 'send_goal' build argument 'cmake_args' from command line to 'None'
[0.289s] Level 5:colcon.colcon_core.verb:set package 'send_goal' build argument 'cmake_target' from command line to 'None'
[0.289s] Level 5:colcon.colcon_core.verb:set package 'send_goal' build argument 'cmake_target_skip_unavailable' from command line to 'False'
[0.289s] Level 5:colcon.colcon_core.verb:set package 'send_goal' build argument 'cmake_clean_cache' from command line to 'False'
[0.289s] Level 5:colcon.colcon_core.verb:set package 'send_goal' build argument 'cmake_clean_first' from command line to 'False'
[0.289s] Level 5:colcon.colcon_core.verb:set package 'send_goal' build argument 'cmake_force_configure' from command line to 'False'
[0.289s] Level 5:colcon.colcon_core.verb:set package 'send_goal' build argument 'ament_cmake_args' from command line to 'None'
[0.289s] Level 5:colcon.colcon_core.verb:set package 'send_goal' build argument 'catkin_cmake_args' from command line to 'None'
[0.289s] Level 5:colcon.colcon_core.verb:set package 'send_goal' build argument 'catkin_skip_building_tests' from command line to 'False'
[0.289s] DEBUG:colcon.colcon_core.verb:Building package 'send_goal' with the following arguments: {'ament_cmake_args': None, 'build_base': '/home/addinnedu/ROS2_Jazzy_Study/build/send_goal', 'catkin_cmake_args': None, 'catkin_skip_building_tests': False, 'cmake_args': None, 'cmake_clean_cache': False, 'cmake_clean_first': False, 'cmake_force_configure': False, 'cmake_target': None, 'cmake_target_skip_unavailable': False, 'install_base': '/home/addinnedu/ROS2_Jazzy_Study/install/send_goal', 'merge_install': False, 'path': '/home/addinnedu/ROS2_Jazzy_Study/src/send_goal', 'symlink_install': True, 'test_result_base': None}
[0.290s] Level 5:colcon.colcon_core.verb:set package 'traffic_planner' build argument 'cmake_args' from command line to 'None'
[0.290s] Level 5:colcon.colcon_core.verb:set package 'traffic_planner' build argument 'cmake_target' from command line to 'None'
[0.290s] Level 5:colcon.colcon_core.verb:set package 'traffic_planner' build argument 'cmake_target_skip_unavailable' from command line to 'False'
[0.290s] Level 5:colcon.colcon_core.verb:set package 'traffic_planner' build argument 'cmake_clean_cache' from command line to 'False'
[0.290s] Level 5:colcon.colcon_core.verb:set package 'traffic_planner' build argument 'cmake_clean_first' from command line to 'False'
[0.290s] Level 5:colcon.colcon_core.verb:set package 'traffic_planner' build argument 'cmake_force_configure' from command line to 'False'
[0.290s] Level 5:colcon.colcon_core.verb:set package 'traffic_planner' build argument 'ament_cmake_args' from command line to 'None'
[0.290s] Level 5:colcon.colcon_core.verb:set package 'traffic_planner' build argument 'catkin_cmake_args' from command line to 'None'
[0.290s] Level 5:colcon.colcon_core.verb:set package 'traffic_planner' build argument 'catkin_skip_building_tests' from command line to 'False'
[0.290s] DEBUG:colcon.colcon_core.verb:Building package 'traffic_planner' with the following arguments: {'ament_cmake_args': None, 'build_base': '/home/addinnedu/ROS2_Jazzy_Study/build/traffic_planner', 'catkin_cmake_args': None, 'catkin_skip_building_tests': False, 'cmake_args': None, 'cmake_clean_cache': False, 'cmake_clean_first': False, 'cmake_force_configure': False, 'cmake_target': None, 'cmake_target_skip_unavailable': False, 'install_base': '/home/addinnedu/ROS2_Jazzy_Study/install/traffic_planner', 'merge_install': False, 'path': '/home/addinnedu/ROS2_Jazzy_Study/src/traffic_planner', 'symlink_install': True, 'test_result_base': None}
[0.290s] INFO:colcon.colcon_core.executor:Executing jobs using 'parallel' executor
[0.291s] DEBUG:colcon.colcon_parallel_executor.executor.parallel:run_until_complete
[0.291s] INFO:colcon.colcon_ros.task.ament_python.build:Building ROS package in '/home/addinnedu/ROS2_Jazzy_Study/src/aruco_marker_pkg' with build type 'ament_python'
[0.291s] Level 1:colcon.colcon_core.shell:create_environment_hook('aruco_marker_pkg', 'ament_prefix_path')
[0.293s] INFO:colcon.colcon_core.plugin_system:Skipping extension 'colcon_core.shell.bat': Not used on non-Windows systems
[0.293s] INFO:colcon.colcon_core.shell:Creating environment hook '/home/addinnedu/ROS2_Jazzy_Study/install/aruco_marker_pkg/share/aruco_marker_pkg/hook/ament_prefix_path.ps1'
[0.294s] INFO:colcon.colcon_core.shell:Creating environment descriptor '/home/addinnedu/ROS2_Jazzy_Study/install/aruco_marker_pkg/share/aruco_marker_pkg/hook/ament_prefix_path.dsv'
[0.294s] INFO:colcon.colcon_core.shell:Creating environment hook '/home/addinnedu/ROS2_Jazzy_Study/install/aruco_marker_pkg/share/aruco_marker_pkg/hook/ament_prefix_path.sh'
[0.295s] INFO:colcon.colcon_core.shell:Skip shell extension 'powershell' for command environment: Not usable outside of PowerShell
[0.295s] DEBUG:colcon.colcon_core.shell:Skip shell extension 'dsv' for command environment
[0.299s] INFO:colcon.colcon_ros.task.ament_cmake.build:Building ROS package in '/home/addinnedu/ROS2_Jazzy_Study/src/mapf_planner' with build type 'ament_cmake'
[0.299s] INFO:colcon.colcon_cmake.task.cmake.build:Building CMake package in '/home/addinnedu/ROS2_Jazzy_Study/src/mapf_planner'
[0.299s] INFO:colcon.colcon_core.shell:Skip shell extension 'powershell' for command environment: Not usable outside of PowerShell
[0.299s] DEBUG:colcon.colcon_core.shell:Skip shell extension 'dsv' for command environment
[0.303s] INFO:colcon.colcon_ros.task.ament_python.build:Building ROS package in '/home/addinnedu/ROS2_Jazzy_Study/src/my_demo_pkg' with build type 'ament_python'
[0.303s] Level 1:colcon.colcon_core.shell:create_environment_hook('my_demo_pkg', 'ament_prefix_path')
[0.304s] INFO:colcon.colcon_core.shell:Creating environment hook '/home/addinnedu/ROS2_Jazzy_Study/install/my_demo_pkg/share/my_demo_pkg/hook/ament_prefix_path.ps1'
[0.318s] INFO:colcon.colcon_core.shell:Creating environment descriptor '/home/addinnedu/ROS2_Jazzy_Study/install/my_demo_pkg/share/my_demo_pkg/hook/ament_prefix_path.dsv'
[0.318s] INFO:colcon.colcon_core.shell:Creating environment hook '/home/addinnedu/ROS2_Jazzy_Study/install/my_demo_pkg/share/my_demo_pkg/hook/ament_prefix_path.sh'
[0.318s] INFO:colcon.colcon_core.shell:Skip shell extension 'powershell' for command environment: Not usable outside of PowerShell
[0.318s] DEBUG:colcon.colcon_core.shell:Skip shell extension 'dsv' for command environment
[0.322s] INFO:colcon.colcon_ros.task.ament_python.build:Building ROS package in '/home/addinnedu/ROS2_Jazzy_Study/src/pinky_mapf' with build type 'ament_python'
[0.322s] Level 1:colcon.colcon_core.shell:create_environment_hook('pinky_mapf', 'ament_prefix_path')
[0.322s] INFO:colcon.colcon_core.shell:Creating environment hook '/home/addinnedu/ROS2_Jazzy_Study/install/pinky_mapf/share/pinky_mapf/hook/ament_prefix_path.ps1'
[0.322s] INFO:colcon.colcon_core.shell:Creating environment descriptor '/home/addinnedu/ROS2_Jazzy_Study/install/pinky_mapf/share/pinky_mapf/hook/ament_prefix_path.dsv'
[0.323s] INFO:colcon.colcon_core.shell:Creating environment hook '/home/addinnedu/ROS2_Jazzy_Study/install/pinky_mapf/share/pinky_mapf/hook/ament_prefix_path.sh'
[0.323s] INFO:colcon.colcon_core.shell:Skip shell extension 'powershell' for command environment: Not usable outside of PowerShell
[0.323s] DEBUG:colcon.colcon_core.shell:Skip shell extension 'dsv' for command environment
[0.327s] INFO:colcon.colcon_ros.task.ament_cmake.build:Building ROS package in '/home/addinnedu/ROS2_Jazzy_Study/src/pinky_rmf' with build type 'ament_cmake'
[0.327s] INFO:colcon.colcon_cmake.task.cmake.build:Building CMake package in '/home/addinnedu/ROS2_Jazzy_Study/src/pinky_rmf'
[0.327s] INFO:colcon.colcon_core.shell:Skip shell extension 'powershell' for command environment: Not usable outside of PowerShell
[0.327s] DEBUG:colcon.colcon_core.shell:Skip shell extension 'dsv' for command environment
[0.330s] INFO:colcon.colcon_ros.task.ament_python.build:Building ROS package in '/home/addinnedu/ROS2_Jazzy_Study/src/send_goal' with build type 'ament_python'
[0.331s] Level 1:colcon.colcon_core.shell:create_environment_hook('send_goal', 'ament_prefix_path')
[0.331s] INFO:colcon.colcon_core.shell:Creating environment hook '/home/addinnedu/ROS2_Jazzy_Study/install/send_goal/share/send_goal/hook/ament_prefix_path.ps1'
[0.331s] INFO:colcon.colcon_core.shell:Creating environment descriptor '/home/addinnedu/ROS2_Jazzy_Study/install/send_goal/share/send_goal/hook/ament_prefix_path.dsv'
[0.331s] INFO:colcon.colcon_core.shell:Creating environment hook '/home/addinnedu/ROS2_Jazzy_Study/install/send_goal/share/send_goal/hook/ament_prefix_path.sh'
[0.332s] INFO:colcon.colcon_core.shell:Skip shell extension 'powershell' for command environment: Not usable outside of PowerShell
[0.332s] DEBUG:colcon.colcon_core.shell:Skip shell extension 'dsv' for command environment
[0.335s] INFO:colcon.colcon_ros.task.ament_cmake.build:Building ROS package in '/home/addinnedu/ROS2_Jazzy_Study/src/traffic_planner' with build type 'ament_cmake'
[0.335s] INFO:colcon.colcon_cmake.task.cmake.build:Building CMake package in '/home/addinnedu/ROS2_Jazzy_Study/src/traffic_planner'
[0.336s] INFO:colcon.colcon_core.shell:Skip shell extension 'powershell' for command environment: Not usable outside of PowerShell
[0.336s] DEBUG:colcon.colcon_core.shell:Skip shell extension 'dsv' for command environment
[0.520s] INFO:colcon.colcon_core.task.python.build:Building Python package in '/home/addinnedu/ROS2_Jazzy_Study/src/aruco_marker_pkg'
[0.520s] INFO:colcon.colcon_core.shell:Skip shell extension 'powershell' for command environment: Not usable outside of PowerShell
[0.520s] DEBUG:colcon.colcon_core.shell:Skip shell extension 'dsv' for command environment
[0.526s] DEBUG:colcon.colcon_core.event_handler.log_command:Invoking command in '/home/addinnedu/ROS2_Jazzy_Study/build/mapf_planner': CMAKE_PREFIX_PATH=${CMAKE_PREFIX_PATH}:/home/addinnedu/ROS2_Jazzy_Study/install/send_goal:/home/addinnedu/ROS2_Jazzy_Study/install/pinky_mapf:/home/addinnedu/ROS2_Jazzy_Study/install/my_demo_pkg:/home/addinnedu/ROS2_Jazzy_Study/install/aruco_marker_pkg:/opt/ros/jazzy DEBUGINFOD_URLS=https://debuginfod.ubuntu.com /usr/bin/cmake --build /home/addinnedu/ROS2_Jazzy_Study/build/mapf_planner -- -j16 -l16
[0.723s] WARNING:colcon.colcon_ros.task.ament_python.build:Package 'my_demo_pkg' doesn't explicitly install a marker in the package index (colcon-ros currently does it implicitly but that fallback will be removed in the future)
[0.724s] INFO:colcon.colcon_core.task.python.build:Building Python package in '/home/addinnedu/ROS2_Jazzy_Study/src/my_demo_pkg'
[0.724s] INFO:colcon.colcon_core.shell:Skip shell extension 'powershell' for command environment: Not usable outside of PowerShell
[0.724s] DEBUG:colcon.colcon_core.shell:Skip shell extension 'dsv' for command environment
[0.911s] INFO:colcon.colcon_core.task.python.build:Building Python package in '/home/addinnedu/ROS2_Jazzy_Study/src/pinky_mapf'
[0.911s] INFO:colcon.colcon_core.shell:Skip shell extension 'powershell' for command environment: Not usable outside of PowerShell
[0.911s] DEBUG:colcon.colcon_core.shell:Skip shell extension 'dsv' for command environment
[0.917s] DEBUG:colcon.colcon_core.event_handler.log_command:Invoking command in '/home/addinnedu/ROS2_Jazzy_Study/build/pinky_rmf': CMAKE_PREFIX_PATH=${CMAKE_PREFIX_PATH}:/home/addinnedu/ROS2_Jazzy_Study/install/send_goal:/home/addinnedu/ROS2_Jazzy_Study/install/pinky_mapf:/home/addinnedu/ROS2_Jazzy_Study/install/my_demo_pkg:/home/addinnedu/ROS2_Jazzy_Study/install/aruco_marker_pkg:/opt/ros/jazzy DEBUGINFOD_URLS=https://debuginfod.ubuntu.com /usr/bin/cmake --build /home/addinnedu/ROS2_Jazzy_Study/build/pinky_rmf -- -j16 -l16
[1.101s] INFO:colcon.colcon_core.task.python.build:Building Python package in '/home/addinnedu/ROS2_Jazzy_Study/src/send_goal'
[1.101s] INFO:colcon.colcon_core.shell:Skip shell extension 'powershell' for command environment: Not usable outside of PowerShell
[1.101s] DEBUG:colcon.colcon_core.shell:Skip shell extension 'dsv' for command environment
[1.108s] DEBUG:colcon.colcon_core.event_handler.log_command:Invoked command in '/home/addinnedu/ROS2_Jazzy_Study/build/mapf_planner' returned '0': CMAKE_PREFIX_PATH=${CMAKE_PREFIX_PATH}:/home/addinnedu/ROS2_Jazzy_Study/install/send_goal:/home/addinnedu/ROS2_Jazzy_Study/install/pinky_mapf:/home/addinnedu/ROS2_Jazzy_Study/install/my_demo_pkg:/home/addinnedu/ROS2_Jazzy_Study/install/aruco_marker_pkg:/opt/ros/jazzy DEBUGINFOD_URLS=https://debuginfod.ubuntu.com /usr/bin/cmake --build /home/addinnedu/ROS2_Jazzy_Study/build/mapf_planner -- -j16 -l16
[1.119s] DEBUG:colcon.colcon_core.event_handler.log_command:Invoking command in '/home/addinnedu/ROS2_Jazzy_Study/build/mapf_planner': CMAKE_PREFIX_PATH=${CMAKE_PREFIX_PATH}:/home/addinnedu/ROS2_Jazzy_Study/install/send_goal:/home/addinnedu/ROS2_Jazzy_Study/install/pinky_mapf:/home/addinnedu/ROS2_Jazzy_Study/install/my_demo_pkg:/home/addinnedu/ROS2_Jazzy_Study/install/aruco_marker_pkg:/opt/ros/jazzy DEBUGINFOD_URLS=https://debuginfod.ubuntu.com /usr/bin/cmake --install /home/addinnedu/ROS2_Jazzy_Study/build/mapf_planner
[1.121s] DEBUG:colcon.colcon_core.event_handler.log_command:Invoking command in '/home/addinnedu/ROS2_Jazzy_Study/build/traffic_planner': CMAKE_PREFIX_PATH=${CMAKE_PREFIX_PATH}:/home/addinnedu/ROS2_Jazzy_Study/install/send_goal:/home/addinnedu/ROS2_Jazzy_Study/install/pinky_mapf:/home/addinnedu/ROS2_Jazzy_Study/install/my_demo_pkg:/home/addinnedu/ROS2_Jazzy_Study/install/aruco_marker_pkg:/opt/ros/jazzy DEBUGINFOD_URLS=https://debuginfod.ubuntu.com /usr/bin/cmake --build /home/addinnedu/ROS2_Jazzy_Study/build/traffic_planner -- -j16 -l16
[1.121s] DEBUG:colcon.colcon_core.event_handler.log_command:Invoked command in '/home/addinnedu/ROS2_Jazzy_Study/build/pinky_rmf' returned '0': CMAKE_PREFIX_PATH=${CMAKE_PREFIX_PATH}:/home/addinnedu/ROS2_Jazzy_Study/install/send_goal:/home/addinnedu/ROS2_Jazzy_Study/install/pinky_mapf:/home/addinnedu/ROS2_Jazzy_Study/install/my_demo_pkg:/home/addinnedu/ROS2_Jazzy_Study/install/aruco_marker_pkg:/opt/ros/jazzy DEBUGINFOD_URLS=https://debuginfod.ubuntu.com /usr/bin/cmake --build /home/addinnedu/ROS2_Jazzy_Study/build/pinky_rmf -- -j16 -l16
[1.122s] DEBUG:colcon.colcon_core.event_handler.log_command:Invoking command in '/home/addinnedu/ROS2_Jazzy_Study/build/pinky_rmf': CMAKE_PREFIX_PATH=${CMAKE_PREFIX_PATH}:/home/addinnedu/ROS2_Jazzy_Study/install/send_goal:/home/addinnedu/ROS2_Jazzy_Study/install/pinky_mapf:/home/addinnedu/ROS2_Jazzy_Study/install/my_demo_pkg:/home/addinnedu/ROS2_Jazzy_Study/install/aruco_marker_pkg:/opt/ros/jazzy DEBUGINFOD_URLS=https://debuginfod.ubuntu.com /usr/bin/cmake --install /home/addinnedu/ROS2_Jazzy_Study/build/pinky_rmf
[1.294s] Level 1:colcon.colcon_core.environment:create_environment_scripts_only(pinky_rmf)
[1.294s] DEBUG:colcon.colcon_core.event_handler.log_command:Invoked command in '/home/addinnedu/ROS2_Jazzy_Study/build/pinky_rmf' returned '0': CMAKE_PREFIX_PATH=${CMAKE_PREFIX_PATH}:/home/addinnedu/ROS2_Jazzy_Study/install/send_goal:/home/addinnedu/ROS2_Jazzy_Study/install/pinky_mapf:/home/addinnedu/ROS2_Jazzy_Study/install/my_demo_pkg:/home/addinnedu/ROS2_Jazzy_Study/install/aruco_marker_pkg:/opt/ros/jazzy DEBUGINFOD_URLS=https://debuginfod.ubuntu.com /usr/bin/cmake --install /home/addinnedu/ROS2_Jazzy_Study/build/pinky_rmf
[1.298s] Level 1:colcon.colcon_core.environment:checking '/home/addinnedu/ROS2_Jazzy_Study/install/pinky_rmf' for CMake module files
[1.299s] Level 1:colcon.colcon_core.environment:checking '/home/addinnedu/ROS2_Jazzy_Study/install/pinky_rmf' for CMake config files
[1.299s] Level 1:colcon.colcon_core.shell:create_environment_hook('pinky_rmf', 'cmake_prefix_path')
[1.299s] INFO:colcon.colcon_core.shell:Creating environment hook '/home/addinnedu/ROS2_Jazzy_Study/install/pinky_rmf/share/pinky_rmf/hook/cmake_prefix_path.ps1'
[1.300s] INFO:colcon.colcon_core.shell:Creating environment descriptor '/home/addinnedu/ROS2_Jazzy_Study/install/pinky_rmf/share/pinky_rmf/hook/cmake_prefix_path.dsv'
[1.300s] INFO:colcon.colcon_core.shell:Creating environment hook '/home/addinnedu/ROS2_Jazzy_Study/install/pinky_rmf/share/pinky_rmf/hook/cmake_prefix_path.sh'
[1.301s] Level 1:colcon.colcon_core.environment:checking '/home/addinnedu/ROS2_Jazzy_Study/install/pinky_rmf/lib'
[1.301s] Level 1:colcon.colcon_core.environment:checking '/home/addinnedu/ROS2_Jazzy_Study/install/pinky_rmf/bin'
[1.301s] Level 1:colcon.colcon_core.environment:checking '/home/addinnedu/ROS2_Jazzy_Study/install/pinky_rmf/lib/pkgconfig/pinky_rmf.pc'
[1.301s] Level 1:colcon.colcon_core.environment:checking '/home/addinnedu/ROS2_Jazzy_Study/install/pinky_rmf/lib/python3.12/site-packages'
[1.302s] Level 1:colcon.colcon_core.environment:checking '/home/addinnedu/ROS2_Jazzy_Study/install/pinky_rmf/bin'
[1.302s] INFO:colcon.colcon_core.shell:Creating package script '/home/addinnedu/ROS2_Jazzy_Study/install/pinky_rmf/share/pinky_rmf/package.ps1'
[1.303s] INFO:colcon.colcon_core.shell:Creating package descriptor '/home/addinnedu/ROS2_Jazzy_Study/install/pinky_rmf/share/pinky_rmf/package.dsv'
[1.303s] INFO:colcon.colcon_core.shell:Creating package script '/home/addinnedu/ROS2_Jazzy_Study/install/pinky_rmf/share/pinky_rmf/package.sh'
[1.304s] INFO:colcon.colcon_core.shell:Creating package script '/home/addinnedu/ROS2_Jazzy_Study/install/pinky_rmf/share/pinky_rmf/package.bash'
[1.304s] INFO:colcon.colcon_core.shell:Creating package script '/home/addinnedu/ROS2_Jazzy_Study/install/pinky_rmf/share/pinky_rmf/package.zsh'
[1.305s] Level 1:colcon.colcon_core.environment:create_file_with_runtime_dependencies(/home/addinnedu/ROS2_Jazzy_Study/install/pinky_rmf/share/colcon-core/packages/pinky_rmf)
[1.306s] Level 1:colcon.colcon_core.environment:create_environment_scripts_only(pinky_rmf)
[1.306s] Level 1:colcon.colcon_core.environment:checking '/home/addinnedu/ROS2_Jazzy_Study/install/pinky_rmf' for CMake module files
[1.307s] Level 1:colcon.colcon_core.environment:checking '/home/addinnedu/ROS2_Jazzy_Study/install/pinky_rmf' for CMake config files
[1.307s] Level 1:colcon.colcon_core.shell:create_environment_hook('pinky_rmf', 'cmake_prefix_path')
[1.307s] INFO:colcon.colcon_core.shell:Creating environment hook '/home/addinnedu/ROS2_Jazzy_Study/install/pinky_rmf/share/pinky_rmf/hook/cmake_prefix_path.ps1'
[1.308s] INFO:colcon.colcon_core.shell:Creating environment descriptor '/home/addinnedu/ROS2_Jazzy_Study/install/pinky_rmf/share/pinky_rmf/hook/cmake_prefix_path.dsv'
[1.308s] INFO:colcon.colcon_core.shell:Creating environment hook '/home/addinnedu/ROS2_Jazzy_Study/install/pinky_rmf/share/pinky_rmf/hook/cmake_prefix_path.sh'
[1.309s] Level 1:colcon.colcon_core.environment:checking '/home/addinnedu/ROS2_Jazzy_Study/install/pinky_rmf/lib'
[1.309s] Level 1:colcon.colcon_core.environment:checking '/home/addinnedu/ROS2_Jazzy_Study/install/pinky_rmf/bin'
[1.309s] Level 1:colcon.colcon_core.environment:checking '/home/addinnedu/ROS2_Jazzy_Study/install/pinky_rmf/lib/pkgconfig/pinky_rmf.pc'
[1.309s] Level 1:colcon.colcon_core.environment:checking '/home/addinnedu/ROS2_Jazzy_Study/install/pinky_rmf/lib/python3.12/site-packages'
[1.309s] Level 1:colcon.colcon_core.environment:checking '/home/addinnedu/ROS2_Jazzy_Study/install/pinky_rmf/bin'
[1.309s] INFO:colcon.colcon_core.shell:Creating package script '/home/addinnedu/ROS2_Jazzy_Study/install/pinky_rmf/share/pinky_rmf/package.ps1'
[1.310s] INFO:colcon.colcon_core.shell:Creating package descriptor '/home/addinnedu/ROS2_Jazzy_Study/install/pinky_rmf/share/pinky_rmf/package.dsv'
[1.311s] INFO:colcon.colcon_core.shell:Creating package script '/home/addinnedu/ROS2_Jazzy_Study/install/pinky_rmf/share/pinky_rmf/package.sh'
[1.311s] INFO:colcon.colcon_core.shell:Creating package script '/home/addinnedu/ROS2_Jazzy_Study/install/pinky_rmf/share/pinky_rmf/package.bash'
[1.311s] INFO:colcon.colcon_core.shell:Creating package script '/home/addinnedu/ROS2_Jazzy_Study/install/pinky_rmf/share/pinky_rmf/package.zsh'
[1.312s] Level 1:colcon.colcon_core.environment:create_file_with_runtime_dependencies(/home/addinnedu/ROS2_Jazzy_Study/install/pinky_rmf/share/colcon-core/packages/pinky_rmf)
[1.415s] Level 1:colcon.colcon_core.environment:create_environment_scripts_only(mapf_planner)
[1.416s] Level 1:colcon.colcon_core.environment:checking '/home/addinnedu/ROS2_Jazzy_Study/install/mapf_planner' for CMake module files
[1.416s] DEBUG:colcon.colcon_core.event_handler.log_command:Invoked command in '/home/addinnedu/ROS2_Jazzy_Study/build/mapf_planner' returned '0': CMAKE_PREFIX_PATH=${CMAKE_PREFIX_PATH}:/home/addinnedu/ROS2_Jazzy_Study/install/send_goal:/home/addinnedu/ROS2_Jazzy_Study/install/pinky_mapf:/home/addinnedu/ROS2_Jazzy_Study/install/my_demo_pkg:/home/addinnedu/ROS2_Jazzy_Study/install/aruco_marker_pkg:/opt/ros/jazzy DEBUGINFOD_URLS=https://debuginfod.ubuntu.com /usr/bin/cmake --install /home/addinnedu/ROS2_Jazzy_Study/build/mapf_planner
[1.417s] Level 1:colcon.colcon_core.environment:checking '/home/addinnedu/ROS2_Jazzy_Study/install/mapf_planner' for CMake config files
[1.417s] Level 1:colcon.colcon_core.shell:create_environment_hook('mapf_planner', 'cmake_prefix_path')
[1.417s] INFO:colcon.colcon_core.shell:Creating environment hook '/home/addinnedu/ROS2_Jazzy_Study/install/mapf_planner/share/mapf_planner/hook/cmake_prefix_path.ps1'
[1.418s] INFO:colcon.colcon_core.shell:Creating environment descriptor '/home/addinnedu/ROS2_Jazzy_Study/install/mapf_planner/share/mapf_planner/hook/cmake_prefix_path.dsv'
[1.418s] INFO:colcon.colcon_core.shell:Creating environment hook '/home/addinnedu/ROS2_Jazzy_Study/install/mapf_planner/share/mapf_planner/hook/cmake_prefix_path.sh'
[1.419s] Level 1:colcon.colcon_core.environment:checking '/home/addinnedu/ROS2_Jazzy_Study/install/mapf_planner/lib'
[1.419s] Level 1:colcon.colcon_core.environment:checking '/home/addinnedu/ROS2_Jazzy_Study/install/mapf_planner/bin'
[1.419s] Level 1:colcon.colcon_core.environment:checking '/home/addinnedu/ROS2_Jazzy_Study/install/mapf_planner/lib/pkgconfig/mapf_planner.pc'
[1.419s] Level 1:colcon.colcon_core.environment:checking '/home/addinnedu/ROS2_Jazzy_Study/install/mapf_planner/lib/python3.12/site-packages'
[1.419s] Level 1:colcon.colcon_core.environment:checking '/home/addinnedu/ROS2_Jazzy_Study/install/mapf_planner/bin'
[1.419s] INFO:colcon.colcon_core.shell:Creating package script '/home/addinnedu/ROS2_Jazzy_Study/install/mapf_planner/share/mapf_planner/package.ps1'
[1.420s] INFO:colcon.colcon_core.shell:Creating package descriptor '/home/addinnedu/ROS2_Jazzy_Study/install/mapf_planner/share/mapf_planner/package.dsv'
[1.420s] INFO:colcon.colcon_core.shell:Creating package script '/home/addinnedu/ROS2_Jazzy_Study/install/mapf_planner/share/mapf_planner/package.sh'
[1.420s] INFO:colcon.colcon_core.shell:Creating package script '/home/addinnedu/ROS2_Jazzy_Study/install/mapf_planner/share/mapf_planner/package.bash'
[1.420s] INFO:colcon.colcon_core.shell:Creating package script '/home/addinnedu/ROS2_Jazzy_Study/install/mapf_planner/share/mapf_planner/package.zsh'
[1.421s] Level 1:colcon.colcon_core.environment:create_file_with_runtime_dependencies(/home/addinnedu/ROS2_Jazzy_Study/install/mapf_planner/share/colcon-core/packages/mapf_planner)
[1.421s] Level 1:colcon.colcon_core.environment:create_environment_scripts_only(mapf_planner)
[1.421s] Level 1:colcon.colcon_core.environment:checking '/home/addinnedu/ROS2_Jazzy_Study/install/mapf_planner' for CMake module files
[1.422s] Level 1:colcon.colcon_core.environment:checking '/home/addinnedu/ROS2_Jazzy_Study/install/mapf_planner' for CMake config files
[1.422s] Level 1:colcon.colcon_core.shell:create_environment_hook('mapf_planner', 'cmake_prefix_path')
[1.422s] INFO:colcon.colcon_core.shell:Creating environment hook '/home/addinnedu/ROS2_Jazzy_Study/install/mapf_planner/share/mapf_planner/hook/cmake_prefix_path.ps1'
[1.423s] INFO:colcon.colcon_core.shell:Creating environment descriptor '/home/addinnedu/ROS2_Jazzy_Study/install/mapf_planner/share/mapf_planner/hook/cmake_prefix_path.dsv'
[1.423s] INFO:colcon.colcon_core.shell:Creating environment hook '/home/addinnedu/ROS2_Jazzy_Study/install/mapf_planner/share/mapf_planner/hook/cmake_prefix_path.sh'
[1.423s] Level 1:colcon.colcon_core.environment:checking '/home/addinnedu/ROS2_Jazzy_Study/install/mapf_planner/lib'
[1.423s] Level 1:colcon.colcon_core.environment:checking '/home/addinnedu/ROS2_Jazzy_Study/install/mapf_planner/bin'
[1.423s] Level 1:colcon.colcon_core.environment:checking '/home/addinnedu/ROS2_Jazzy_Study/install/mapf_planner/lib/pkgconfig/mapf_planner.pc'
[1.424s] Level 1:colcon.colcon_core.environment:checking '/home/addinnedu/ROS2_Jazzy_Study/install/mapf_planner/lib/python3.12/site-packages'
[1.424s] Level 1:colcon.colcon_core.environment:checking '/home/addinnedu/ROS2_Jazzy_Study/install/mapf_planner/bin'
[1.424s] INFO:colcon.colcon_core.shell:Creating package script '/home/addinnedu/ROS2_Jazzy_Study/install/mapf_planner/share/mapf_planner/package.ps1'
[1.424s] INFO:colcon.colcon_core.shell:Creating package descriptor '/home/addinnedu/ROS2_Jazzy_Study/install/mapf_planner/share/mapf_planner/package.dsv'
[1.425s] INFO:colcon.colcon_core.shell:Creating package script '/home/addinnedu/ROS2_Jazzy_Study/install/mapf_planner/share/mapf_planner/package.sh'
[1.425s] INFO:colcon.colcon_core.shell:Creating package script '/home/addinnedu/ROS2_Jazzy_Study/install/mapf_planner/share/mapf_planner/package.bash'
[1.425s] INFO:colcon.colcon_core.shell:Creating package script '/home/addinnedu/ROS2_Jazzy_Study/install/mapf_planner/share/mapf_planner/package.zsh'
[1.425s] Level 1:colcon.colcon_core.environment:create_file_with_runtime_dependencies(/home/addinnedu/ROS2_Jazzy_Study/install/mapf_planner/share/colcon-core/packages/mapf_planner)
[1.816s] DEBUG:colcon.colcon_core.event_handler.log_command:Invoking command in '/home/addinnedu/ROS2_Jazzy_Study/build/send_goal': DEBUGINFOD_URLS=https://debuginfod.ubuntu.com PYTHONPATH=/home/addinnedu/ROS2_Jazzy_Study/build/send_goal/prefix_override:/usr/lib/python3/dist-packages/colcon_core/task/python/colcon_distutils_commands:/home/addinnedu/ROS2_Jazzy_Study/install/send_goal/lib/python3.12/site-packages:${PYTHONPATH} /usr/bin/python3 -W ignore:setup.py install is deprecated -W ignore:easy_install command is deprecated setup.py develop --editable --build-directory /home/addinnedu/ROS2_Jazzy_Study/build/send_goal/build --no-deps symlink_data
[1.818s] DEBUG:colcon.colcon_core.event_handler.log_command:Invoking command in '/home/addinnedu/ROS2_Jazzy_Study/build/pinky_mapf': DEBUGINFOD_URLS=https://debuginfod.ubuntu.com PYTHONPATH=/home/addinnedu/ROS2_Jazzy_Study/build/pinky_mapf/prefix_override:/usr/lib/python3/dist-packages/colcon_core/task/python/colcon_distutils_commands:/home/addinnedu/ROS2_Jazzy_Study/install/pinky_mapf/lib/python3.12/site-packages:${PYTHONPATH} /usr/bin/python3 -W ignore:setup.py install is deprecated -W ignore:easy_install command is deprecated setup.py develop --editable --build-directory /home/addinnedu/ROS2_Jazzy_Study/build/pinky_mapf/build --no-deps symlink_data
[1.819s] DEBUG:colcon.colcon_core.event_handler.log_command:Invoking command in '/home/addinnedu/ROS2_Jazzy_Study/build/aruco_marker_pkg': DEBUGINFOD_URLS=https://debuginfod.ubuntu.com PYTHONPATH=/home/addinnedu/ROS2_Jazzy_Study/build/aruco_marker_pkg/prefix_override:/usr/lib/python3/dist-packages/colcon_core/task/python/colcon_distutils_commands:/home/addinnedu/ROS2_Jazzy_Study/install/aruco_marker_pkg/lib/python3.12/site-packages:${PYTHONPATH} /usr/bin/python3 -W ignore:setup.py install is deprecated -W ignore:easy_install command is deprecated setup.py develop --editable --build-directory /home/addinnedu/ROS2_Jazzy_Study/build/aruco_marker_pkg/build --no-deps symlink_data
[1.821s] DEBUG:colcon.colcon_core.event_handler.log_command:Invoking command in '/home/addinnedu/ROS2_Jazzy_Study/build/my_demo_pkg': DEBUGINFOD_URLS=https://debuginfod.ubuntu.com PYTHONPATH=/home/addinnedu/ROS2_Jazzy_Study/build/my_demo_pkg/prefix_override:/usr/lib/python3/dist-packages/colcon_core/task/python/colcon_distutils_commands:/home/addinnedu/ROS2_Jazzy_Study/install/my_demo_pkg/lib/python3.12/site-packages:${PYTHONPATH} /usr/bin/python3 -W ignore:setup.py install is deprecated -W ignore:easy_install command is deprecated setup.py develop --editable --build-directory /home/addinnedu/ROS2_Jazzy_Study/build/my_demo_pkg/build --no-deps symlink_data
[2.478s] Level 1:colcon.colcon_core.shell:create_environment_hook('my_demo_pkg', 'pythonpath_develop')
[2.479s] INFO:colcon.colcon_core.shell:Creating environment hook '/home/addinnedu/ROS2_Jazzy_Study/build/my_demo_pkg/share/my_demo_pkg/hook/pythonpath_develop.ps1'
[2.479s] DEBUG:colcon.colcon_core.event_handler.log_command:Invoked command in '/home/addinnedu/ROS2_Jazzy_Study/build/my_demo_pkg' returned '0': DEBUGINFOD_URLS=https://debuginfod.ubuntu.com PYTHONPATH=/home/addinnedu/ROS2_Jazzy_Study/build/my_demo_pkg/prefix_override:/usr/lib/python3/dist-packages/colcon_core/task/python/colcon_distutils_commands:/home/addinnedu/ROS2_Jazzy_Study/install/my_demo_pkg/lib/python3.12/site-packages:${PYTHONPATH} /usr/bin/python3 -W ignore:setup.py install is deprecated -W ignore:easy_install command is deprecated setup.py develop --editable --build-directory /home/addinnedu/ROS2_Jazzy_Study/build/my_demo_pkg/build --no-deps symlink_data
[2.479s] INFO:colcon.colcon_core.shell:Creating environment descriptor '/home/addinnedu/ROS2_Jazzy_Study/build/my_demo_pkg/share/my_demo_pkg/hook/pythonpath_develop.dsv'
[2.480s] INFO:colcon.colcon_core.shell:Creating environment hook '/home/addinnedu/ROS2_Jazzy_Study/build/my_demo_pkg/share/my_demo_pkg/hook/pythonpath_develop.sh'
[2.480s] Level 1:colcon.colcon_core.environment:checking '/home/addinnedu/ROS2_Jazzy_Study/install/my_demo_pkg' for CMake module files
[2.480s] Level 1:colcon.colcon_core.environment:checking '/home/addinnedu/ROS2_Jazzy_Study/install/my_demo_pkg' for CMake config files
[2.481s] Level 1:colcon.colcon_core.environment:checking '/home/addinnedu/ROS2_Jazzy_Study/install/my_demo_pkg/lib'
[2.481s] Level 1:colcon.colcon_core.environment:checking '/home/addinnedu/ROS2_Jazzy_Study/install/my_demo_pkg/bin'
[2.481s] Level 1:colcon.colcon_core.environment:checking '/home/addinnedu/ROS2_Jazzy_Study/install/my_demo_pkg/lib/pkgconfig/my_demo_pkg.pc'
[2.481s] Level 1:colcon.colcon_core.environment:checking '/home/addinnedu/ROS2_Jazzy_Study/install/my_demo_pkg/lib/python3.12/site-packages'
[2.481s] Level 1:colcon.colcon_core.shell:create_environment_hook('my_demo_pkg', 'pythonpath')
[2.481s] INFO:colcon.colcon_core.shell:Creating environment hook '/home/addinnedu/ROS2_Jazzy_Study/install/my_demo_pkg/share/my_demo_pkg/hook/pythonpath.ps1'
[2.482s] INFO:colcon.colcon_core.shell:Creating environment descriptor '/home/addinnedu/ROS2_Jazzy_Study/install/my_demo_pkg/share/my_demo_pkg/hook/pythonpath.dsv'
[2.482s] INFO:colcon.colcon_core.shell:Creating environment hook '/home/addinnedu/ROS2_Jazzy_Study/install/my_demo_pkg/share/my_demo_pkg/hook/pythonpath.sh'
[2.482s] Level 1:colcon.colcon_core.environment:checking '/home/addinnedu/ROS2_Jazzy_Study/install/my_demo_pkg/bin'
[2.482s] Level 1:colcon.colcon_core.environment:create_environment_scripts_only(my_demo_pkg)
[2.483s] INFO:colcon.colcon_core.shell:Creating package script '/home/addinnedu/ROS2_Jazzy_Study/install/my_demo_pkg/share/my_demo_pkg/package.ps1'
[2.483s] INFO:colcon.colcon_core.shell:Creating package descriptor '/home/addinnedu/ROS2_Jazzy_Study/install/my_demo_pkg/share/my_demo_pkg/package.dsv'
[2.483s] INFO:colcon.colcon_core.shell:Creating package script '/home/addinnedu/ROS2_Jazzy_Study/install/my_demo_pkg/share/my_demo_pkg/package.sh'
[2.484s] INFO:colcon.colcon_core.shell:Creating package script '/home/addinnedu/ROS2_Jazzy_Study/install/my_demo_pkg/share/my_demo_pkg/package.bash'
[2.484s] INFO:colcon.colcon_core.shell:Creating package script '/home/addinnedu/ROS2_Jazzy_Study/install/my_demo_pkg/share/my_demo_pkg/package.zsh'
[2.484s] Level 1:colcon.colcon_core.environment:create_file_with_runtime_dependencies(/home/addinnedu/ROS2_Jazzy_Study/install/my_demo_pkg/share/colcon-core/packages/my_demo_pkg)
[2.485s] Level 1:colcon.colcon_core.shell:create_environment_hook('send_goal', 'pythonpath_develop')
[2.485s] INFO:colcon.colcon_core.shell:Creating environment hook '/home/addinnedu/ROS2_Jazzy_Study/build/send_goal/share/send_goal/hook/pythonpath_develop.ps1'
[2.485s] INFO:colcon.colcon_core.shell:Creating environment descriptor '/home/addinnedu/ROS2_Jazzy_Study/build/send_goal/share/send_goal/hook/pythonpath_develop.dsv'
[2.486s] DEBUG:colcon.colcon_core.event_handler.log_command:Invoked command in '/home/addinnedu/ROS2_Jazzy_Study/build/send_goal' returned '0': DEBUGINFOD_URLS=https://debuginfod.ubuntu.com PYTHONPATH=/home/addinnedu/ROS2_Jazzy_Study/build/send_goal/prefix_override:/usr/lib/python3/dist-packages/colcon_core/task/python/colcon_distutils_commands:/home/addinnedu/ROS2_Jazzy_Study/install/send_goal/lib/python3.12/site-packages:${PYTHONPATH} /usr/bin/python3 -W ignore:setup.py install is deprecated -W ignore:easy_install command is deprecated setup.py develop --editable --build-directory /home/addinnedu/ROS2_Jazzy_Study/build/send_goal/build --no-deps symlink_data
[2.486s] INFO:colcon.colcon_core.shell:Creating environment hook '/home/addinnedu/ROS2_Jazzy_Study/build/send_goal/share/send_goal/hook/pythonpath_develop.sh'
[2.486s] Level 1:colcon.colcon_core.environment:checking '/home/addinnedu/ROS2_Jazzy_Study/install/send_goal' for CMake module files
[2.487s] Level 1:colcon.colcon_core.environment:checking '/home/addinnedu/ROS2_Jazzy_Study/install/send_goal' for CMake config files
[2.487s] Level 1:colcon.colcon_core.environment:checking '/home/addinnedu/ROS2_Jazzy_Study/install/send_goal/lib'
[2.487s] Level 1:colcon.colcon_core.environment:checking '/home/addinnedu/ROS2_Jazzy_Study/install/send_goal/bin'
[2.487s] Level 1:colcon.colcon_core.environment:checking '/home/addinnedu/ROS2_Jazzy_Study/install/send_goal/lib/pkgconfig/send_goal.pc'
[2.487s] Level 1:colcon.colcon_core.environment:checking '/home/addinnedu/ROS2_Jazzy_Study/install/send_goal/lib/python3.12/site-packages'
[2.487s] Level 1:colcon.colcon_core.shell:create_environment_hook('send_goal', 'pythonpath')
[2.488s] INFO:colcon.colcon_core.shell:Creating environment hook '/home/addinnedu/ROS2_Jazzy_Study/install/send_goal/share/send_goal/hook/pythonpath.ps1'
[2.488s] INFO:colcon.colcon_core.shell:Creating environment descriptor '/home/addinnedu/ROS2_Jazzy_Study/install/send_goal/share/send_goal/hook/pythonpath.dsv'
[2.488s] INFO:colcon.colcon_core.shell:Creating environment hook '/home/addinnedu/ROS2_Jazzy_Study/install/send_goal/share/send_goal/hook/pythonpath.sh'
[2.489s] Level 1:colcon.colcon_core.environment:checking '/home/addinnedu/ROS2_Jazzy_Study/install/send_goal/bin'
[2.489s] Level 1:colcon.colcon_core.environment:create_environment_scripts_only(send_goal)
[2.489s] INFO:colcon.colcon_core.shell:Creating package script '/home/addinnedu/ROS2_Jazzy_Study/install/send_goal/share/send_goal/package.ps1'
[2.489s] INFO:colcon.colcon_core.shell:Creating package descriptor '/home/addinnedu/ROS2_Jazzy_Study/install/send_goal/share/send_goal/package.dsv'
[2.490s] INFO:colcon.colcon_core.shell:Creating package script '/home/addinnedu/ROS2_Jazzy_Study/install/send_goal/share/send_goal/package.sh'
[2.490s] INFO:colcon.colcon_core.shell:Creating package script '/home/addinnedu/ROS2_Jazzy_Study/install/send_goal/share/send_goal/package.bash'
[2.490s] INFO:colcon.colcon_core.shell:Creating package script '/home/addinnedu/ROS2_Jazzy_Study/install/send_goal/share/send_goal/package.zsh'
[2.491s] Level 1:colcon.colcon_core.environment:create_file_with_runtime_dependencies(/home/addinnedu/ROS2_Jazzy_Study/install/send_goal/share/colcon-core/packages/send_goal)
[2.496s] Level 1:colcon.colcon_core.shell:create_environment_hook('aruco_marker_pkg', 'pythonpath_develop')
[2.496s] INFO:colcon.colcon_core.shell:Creating environment hook '/home/addinnedu/ROS2_Jazzy_Study/build/aruco_marker_pkg/share/aruco_marker_pkg/hook/pythonpath_develop.ps1'
[2.497s] DEBUG:colcon.colcon_core.event_handler.log_command:Invoked command in '/home/addinnedu/ROS2_Jazzy_Study/build/aruco_marker_pkg' returned '0': DEBUGINFOD_URLS=https://debuginfod.ubuntu.com PYTHONPATH=/home/addinnedu/ROS2_Jazzy_Study/build/aruco_marker_pkg/prefix_override:/usr/lib/python3/dist-packages/colcon_core/task/python/colcon_distutils_commands:/home/addinnedu/ROS2_Jazzy_Study/install/aruco_marker_pkg/lib/python3.12/site-packages:${PYTHONPATH} /usr/bin/python3 -W ignore:setup.py install is deprecated -W ignore:easy_install command is deprecated setup.py develop --editable --build-directory /home/addinnedu/ROS2_Jazzy_Study/build/aruco_marker_pkg/build --no-deps symlink_data
[2.497s] INFO:colcon.colcon_core.shell:Creating environment descriptor '/home/addinnedu/ROS2_Jazzy_Study/build/aruco_marker_pkg/share/aruco_marker_pkg/hook/pythonpath_develop.dsv'
[2.497s] INFO:colcon.colcon_core.shell:Creating environment hook '/home/addinnedu/ROS2_Jazzy_Study/build/aruco_marker_pkg/share/aruco_marker_pkg/hook/pythonpath_develop.sh'
[2.498s] Level 1:colcon.colcon_core.environment:checking '/home/addinnedu/ROS2_Jazzy_Study/install/aruco_marker_pkg' for CMake module files
[2.498s] Level 1:colcon.colcon_core.environment:checking '/home/addinnedu/ROS2_Jazzy_Study/install/aruco_marker_pkg' for CMake config files
[2.499s] Level 1:colcon.colcon_core.environment:checking '/home/addinnedu/ROS2_Jazzy_Study/install/aruco_marker_pkg/lib'
[2.499s] Level 1:colcon.colcon_core.environment:checking '/home/addinnedu/ROS2_Jazzy_Study/install/aruco_marker_pkg/bin'
[2.499s] Level 1:colcon.colcon_core.environment:checking '/home/addinnedu/ROS2_Jazzy_Study/install/aruco_marker_pkg/lib/pkgconfig/aruco_marker_pkg.pc'
[2.499s] Level 1:colcon.colcon_core.environment:checking '/home/addinnedu/ROS2_Jazzy_Study/install/aruco_marker_pkg/lib/python3.12/site-packages'
[2.499s] Level 1:colcon.colcon_core.shell:create_environment_hook('aruco_marker_pkg', 'pythonpath')
[2.499s] INFO:colcon.colcon_core.shell:Creating environment hook '/home/addinnedu/ROS2_Jazzy_Study/install/aruco_marker_pkg/share/aruco_marker_pkg/hook/pythonpath.ps1'
[2.499s] INFO:colcon.colcon_core.shell:Creating environment descriptor '/home/addinnedu/ROS2_Jazzy_Study/install/aruco_marker_pkg/share/aruco_marker_pkg/hook/pythonpath.dsv'
[2.500s] INFO:colcon.colcon_core.shell:Creating environment hook '/home/addinnedu/ROS2_Jazzy_Study/install/aruco_marker_pkg/share/aruco_marker_pkg/hook/pythonpath.sh'
[2.500s] Level 1:colcon.colcon_core.environment:checking '/home/addinnedu/ROS2_Jazzy_Study/install/aruco_marker_pkg/bin'
[2.500s] Level 1:colcon.colcon_core.environment:create_environment_scripts_only(aruco_marker_pkg)
[2.500s] INFO:colcon.colcon_core.shell:Creating package script '/home/addinnedu/ROS2_Jazzy_Study/install/aruco_marker_pkg/share/aruco_marker_pkg/package.ps1'
[2.501s] INFO:colcon.colcon_core.shell:Creating package descriptor '/home/addinnedu/ROS2_Jazzy_Study/install/aruco_marker_pkg/share/aruco_marker_pkg/package.dsv'
[2.501s] INFO:colcon.colcon_core.shell:Creating package script '/home/addinnedu/ROS2_Jazzy_Study/install/aruco_marker_pkg/share/aruco_marker_pkg/package.sh'
[2.501s] INFO:colcon.colcon_core.shell:Creating package script '/home/addinnedu/ROS2_Jazzy_Study/install/aruco_marker_pkg/share/aruco_marker_pkg/package.bash'
[2.501s] INFO:colcon.colcon_core.shell:Creating package script '/home/addinnedu/ROS2_Jazzy_Study/install/aruco_marker_pkg/share/aruco_marker_pkg/package.zsh'
[2.502s] Level 1:colcon.colcon_core.environment:create_file_with_runtime_dependencies(/home/addinnedu/ROS2_Jazzy_Study/install/aruco_marker_pkg/share/colcon-core/packages/aruco_marker_pkg)
[2.504s] Level 1:colcon.colcon_core.shell:create_environment_hook('pinky_mapf', 'pythonpath_develop')
[2.504s] INFO:colcon.colcon_core.shell:Creating environment hook '/home/addinnedu/ROS2_Jazzy_Study/build/pinky_mapf/share/pinky_mapf/hook/pythonpath_develop.ps1'
[2.505s] DEBUG:colcon.colcon_core.event_handler.log_command:Invoked command in '/home/addinnedu/ROS2_Jazzy_Study/build/pinky_mapf' returned '0': DEBUGINFOD_URLS=https://debuginfod.ubuntu.com PYTHONPATH=/home/addinnedu/ROS2_Jazzy_Study/build/pinky_mapf/prefix_override:/usr/lib/python3/dist-packages/colcon_core/task/python/colcon_distutils_commands:/home/addinnedu/ROS2_Jazzy_Study/install/pinky_mapf/lib/python3.12/site-packages:${PYTHONPATH} /usr/bin/python3 -W ignore:setup.py install is deprecated -W ignore:easy_install command is deprecated setup.py develop --editable --build-directory /home/addinnedu/ROS2_Jazzy_Study/build/pinky_mapf/build --no-deps symlink_data
[2.505s] INFO:colcon.colcon_core.shell:Creating environment descriptor '/home/addinnedu/ROS2_Jazzy_Study/build/pinky_mapf/share/pinky_mapf/hook/pythonpath_develop.dsv'
[2.505s] INFO:colcon.colcon_core.shell:Creating environment hook '/home/addinnedu/ROS2_Jazzy_Study/build/pinky_mapf/share/pinky_mapf/hook/pythonpath_develop.sh'
[2.506s] Level 1:colcon.colcon_core.environment:checking '/home/addinnedu/ROS2_Jazzy_Study/install/pinky_mapf' for CMake module files
[2.506s] Level 1:colcon.colcon_core.environment:checking '/home/addinnedu/ROS2_Jazzy_Study/install/pinky_mapf' for CMake config files
[2.506s] Level 1:colcon.colcon_core.environment:checking '/home/addinnedu/ROS2_Jazzy_Study/install/pinky_mapf/lib'
[2.506s] Level 1:colcon.colcon_core.environment:checking '/home/addinnedu/ROS2_Jazzy_Study/install/pinky_mapf/bin'
[2.506s] Level 1:colcon.colcon_core.environment:checking '/home/addinnedu/ROS2_Jazzy_Study/install/pinky_mapf/lib/pkgconfig/pinky_mapf.pc'
[2.507s] Level 1:colcon.colcon_core.environment:checking '/home/addinnedu/ROS2_Jazzy_Study/install/pinky_mapf/lib/python3.12/site-packages'
[2.507s] Level 1:colcon.colcon_core.shell:create_environment_hook('pinky_mapf', 'pythonpath')
[2.507s] INFO:colcon.colcon_core.shell:Creating environment hook '/home/addinnedu/ROS2_Jazzy_Study/install/pinky_mapf/share/pinky_mapf/hook/pythonpath.ps1'
[2.507s] INFO:colcon.colcon_core.shell:Creating environment descriptor '/home/addinnedu/ROS2_Jazzy_Study/install/pinky_mapf/share/pinky_mapf/hook/pythonpath.dsv'
[2.507s] INFO:colcon.colcon_core.shell:Creating environment hook '/home/addinnedu/ROS2_Jazzy_Study/install/pinky_mapf/share/pinky_mapf/hook/pythonpath.sh'
[2.508s] Level 1:colcon.colcon_core.environment:checking '/home/addinnedu/ROS2_Jazzy_Study/install/pinky_mapf/bin'
[2.508s] Level 1:colcon.colcon_core.environment:create_environment_scripts_only(pinky_mapf)
[2.508s] INFO:colcon.colcon_core.shell:Creating package script '/home/addinnedu/ROS2_Jazzy_Study/install/pinky_mapf/share/pinky_mapf/package.ps1'
[2.509s] INFO:colcon.colcon_core.shell:Creating package descriptor '/home/addinnedu/ROS2_Jazzy_Study/install/pinky_mapf/share/pinky_mapf/package.dsv'
[2.509s] INFO:colcon.colcon_core.shell:Creating package script '/home/addinnedu/ROS2_Jazzy_Study/install/pinky_mapf/share/pinky_mapf/package.sh'
[2.510s] INFO:colcon.colcon_core.shell:Creating package script '/home/addinnedu/ROS2_Jazzy_Study/install/pinky_mapf/share/pinky_mapf/package.bash'
[2.510s] INFO:colcon.colcon_core.shell:Creating package script '/home/addinnedu/ROS2_Jazzy_Study/install/pinky_mapf/share/pinky_mapf/package.zsh'
[2.510s] Level 1:colcon.colcon_core.environment:create_file_with_runtime_dependencies(/home/addinnedu/ROS2_Jazzy_Study/install/pinky_mapf/share/colcon-core/packages/pinky_mapf)
[11.407s] DEBUG:colcon.colcon_core.event_handler.log_command:Invoked command in '/home/addinnedu/ROS2_Jazzy_Study/build/traffic_planner' returned '0': CMAKE_PREFIX_PATH=${CMAKE_PREFIX_PATH}:/home/addinnedu/ROS2_Jazzy_Study/install/send_goal:/home/addinnedu/ROS2_Jazzy_Study/install/pinky_mapf:/home/addinnedu/ROS2_Jazzy_Study/install/my_demo_pkg:/home/addinnedu/ROS2_Jazzy_Study/install/aruco_marker_pkg:/opt/ros/jazzy DEBUGINFOD_URLS=https://debuginfod.ubuntu.com /usr/bin/cmake --build /home/addinnedu/ROS2_Jazzy_Study/build/traffic_planner -- -j16 -l16
[11.408s] DEBUG:colcon.colcon_core.event_handler.log_command:Invoking command in '/home/addinnedu/ROS2_Jazzy_Study/build/traffic_planner': CMAKE_PREFIX_PATH=${CMAKE_PREFIX_PATH}:/home/addinnedu/ROS2_Jazzy_Study/install/send_goal:/home/addinnedu/ROS2_Jazzy_Study/install/pinky_mapf:/home/addinnedu/ROS2_Jazzy_Study/install/my_demo_pkg:/home/addinnedu/ROS2_Jazzy_Study/install/aruco_marker_pkg:/opt/ros/jazzy DEBUGINFOD_URLS=https://debuginfod.ubuntu.com /usr/bin/cmake --install /home/addinnedu/ROS2_Jazzy_Study/build/traffic_planner
[11.622s] Level 1:colcon.colcon_core.environment:create_environment_scripts_only(traffic_planner)
[11.622s] Level 1:colcon.colcon_core.environment:checking '/home/addinnedu/ROS2_Jazzy_Study/install/traffic_planner' for CMake module files
[11.623s] DEBUG:colcon.colcon_core.event_handler.log_command:Invoked command in '/home/addinnedu/ROS2_Jazzy_Study/build/traffic_planner' returned '0': CMAKE_PREFIX_PATH=${CMAKE_PREFIX_PATH}:/home/addinnedu/ROS2_Jazzy_Study/install/send_goal:/home/addinnedu/ROS2_Jazzy_Study/install/pinky_mapf:/home/addinnedu/ROS2_Jazzy_Study/install/my_demo_pkg:/home/addinnedu/ROS2_Jazzy_Study/install/aruco_marker_pkg:/opt/ros/jazzy DEBUGINFOD_URLS=https://debuginfod.ubuntu.com /usr/bin/cmake --install /home/addinnedu/ROS2_Jazzy_Study/build/traffic_planner
[11.623s] Level 1:colcon.colcon_core.environment:checking '/home/addinnedu/ROS2_Jazzy_Study/install/traffic_planner' for CMake config files
[11.623s] Level 1:colcon.colcon_core.shell:create_environment_hook('traffic_planner', 'cmake_prefix_path')
[11.624s] INFO:colcon.colcon_core.shell:Creating environment hook '/home/addinnedu/ROS2_Jazzy_Study/install/traffic_planner/share/traffic_planner/hook/cmake_prefix_path.ps1'
[11.624s] INFO:colcon.colcon_core.shell:Creating environment descriptor '/home/addinnedu/ROS2_Jazzy_Study/install/traffic_planner/share/traffic_planner/hook/cmake_prefix_path.dsv'
[11.624s] INFO:colcon.colcon_core.shell:Creating environment hook '/home/addinnedu/ROS2_Jazzy_Study/install/traffic_planner/share/traffic_planner/hook/cmake_prefix_path.sh'
[11.625s] Level 1:colcon.colcon_core.environment:checking '/home/addinnedu/ROS2_Jazzy_Study/install/traffic_planner/lib'
[11.625s] Level 1:colcon.colcon_core.environment:checking '/home/addinnedu/ROS2_Jazzy_Study/install/traffic_planner/bin'
[11.625s] Level 1:colcon.colcon_core.environment:checking '/home/addinnedu/ROS2_Jazzy_Study/install/traffic_planner/lib/pkgconfig/traffic_planner.pc'
[11.625s] Level 1:colcon.colcon_core.environment:checking '/home/addinnedu/ROS2_Jazzy_Study/install/traffic_planner/lib/python3.12/site-packages'
[11.625s] Level 1:colcon.colcon_core.environment:checking '/home/addinnedu/ROS2_Jazzy_Study/install/traffic_planner/bin'
[11.625s] INFO:colcon.colcon_core.shell:Creating package script '/home/addinnedu/ROS2_Jazzy_Study/install/traffic_planner/share/traffic_planner/package.ps1'
[11.626s] INFO:colcon.colcon_core.shell:Creating package descriptor '/home/addinnedu/ROS2_Jazzy_Study/install/traffic_planner/share/traffic_planner/package.dsv'
[11.626s] INFO:colcon.colcon_core.shell:Creating package script '/home/addinnedu/ROS2_Jazzy_Study/install/traffic_planner/share/traffic_planner/package.sh'
[11.626s] INFO:colcon.colcon_core.shell:Creating package script '/home/addinnedu/ROS2_Jazzy_Study/install/traffic_planner/share/traffic_planner/package.bash'
[11.626s] INFO:colcon.colcon_core.shell:Creating package script '/home/addinnedu/ROS2_Jazzy_Study/install/traffic_planner/share/traffic_planner/package.zsh'
[11.627s] Level 1:colcon.colcon_core.environment:create_file_with_runtime_dependencies(/home/addinnedu/ROS2_Jazzy_Study/install/traffic_planner/share/colcon-core/packages/traffic_planner)
[11.627s] Level 1:colcon.colcon_core.environment:create_environment_scripts_only(traffic_planner)
[11.627s] Level 1:colcon.colcon_core.environment:checking '/home/addinnedu/ROS2_Jazzy_Study/install/traffic_planner' for CMake module files
[11.628s] Level 1:colcon.colcon_core.environment:checking '/home/addinnedu/ROS2_Jazzy_Study/install/traffic_planner' for CMake config files
[11.628s] Level 1:colcon.colcon_core.shell:create_environment_hook('traffic_planner', 'cmake_prefix_path')
[11.628s] INFO:colcon.colcon_core.shell:Creating environment hook '/home/addinnedu/ROS2_Jazzy_Study/install/traffic_planner/share/traffic_planner/hook/cmake_prefix_path.ps1'
[11.628s] INFO:colcon.colcon_core.shell:Creating environment descriptor '/home/addinnedu/ROS2_Jazzy_Study/install/traffic_planner/share/traffic_planner/hook/cmake_prefix_path.dsv'
[11.629s] INFO:colcon.colcon_core.shell:Creating environment hook '/home/addinnedu/ROS2_Jazzy_Study/install/traffic_planner/share/traffic_planner/hook/cmake_prefix_path.sh'
[11.629s] Level 1:colcon.colcon_core.environment:checking '/home/addinnedu/ROS2_Jazzy_Study/install/traffic_planner/lib'
[11.629s] Level 1:colcon.colcon_core.environment:checking '/home/addinnedu/ROS2_Jazzy_Study/install/traffic_planner/bin'
[11.629s] Level 1:colcon.colcon_core.environment:checking '/home/addinnedu/ROS2_Jazzy_Study/install/traffic_planner/lib/pkgconfig/traffic_planner.pc'
[11.629s] Level 1:colcon.colcon_core.environment:checking '/home/addinnedu/ROS2_Jazzy_Study/install/traffic_planner/lib/python3.12/site-packages'
[11.629s] Level 1:colcon.colcon_core.environment:checking '/home/addinnedu/ROS2_Jazzy_Study/install/traffic_planner/bin'
[11.630s] INFO:colcon.colcon_core.shell:Creating package script '/home/addinnedu/ROS2_Jazzy_Study/install/traffic_planner/share/traffic_planner/package.ps1'
[11.630s] INFO:colcon.colcon_core.shell:Creating package descriptor '/home/addinnedu/ROS2_Jazzy_Study/install/traffic_planner/share/traffic_planner/package.dsv'
[11.631s] INFO:colcon.colcon_core.shell:Creating package script '/home/addinnedu/ROS2_Jazzy_Study/install/traffic_planner/share/traffic_planner/package.sh'
[11.631s] INFO:colcon.colcon_core.shell:Creating package script '/home/addinnedu/ROS2_Jazzy_Study/install/traffic_planner/share/traffic_planner/package.bash'
[11.631s] INFO:colcon.colcon_core.shell:Creating package script '/home/addinnedu/ROS2_Jazzy_Study/install/traffic_planner/share/traffic_planner/package.zsh'
[11.632s] Level 1:colcon.colcon_core.environment:create_file_with_runtime_dependencies(/home/addinnedu/ROS2_Jazzy_Study/install/traffic_planner/share/colcon-core/packages/traffic_planner)
[11.632s] DEBUG:colcon.colcon_parallel_executor.executor.parallel:closing loop
[11.632s] DEBUG:colcon.colcon_parallel_executor.executor.parallel:loop closed
[11.632s] DEBUG:colcon.colcon_parallel_executor.executor.parallel:run_until_complete finished with '0'
[11.632s] DEBUG:colcon.colcon_core.event_reactor:joining thread
[11.637s] INFO:colcon.colcon_core.plugin_system:Skipping extension 'colcon_notification.desktop_notification.terminal_notifier': Not used on non-Darwin systems
[11.637s] INFO:colcon.colcon_core.plugin_system:Skipping extension 'colcon_notification.desktop_notification.win32': Not used on non-Windows systems
[11.637s] INFO:colcon.colcon_notification.desktop_notification:Sending desktop notification using 'notify2'
[11.649s] DEBUG:colcon.colcon_core.event_reactor:joined thread
[11.649s] INFO:colcon.colcon_core.shell:Creating prefix script '/home/addinnedu/ROS2_Jazzy_Study/install/local_setup.ps1'
[11.650s] INFO:colcon.colcon_core.shell:Creating prefix util module '/home/addinnedu/ROS2_Jazzy_Study/install/_local_setup_util_ps1.py'
[11.650s] INFO:colcon.colcon_core.shell:Creating prefix chain script '/home/addinnedu/ROS2_Jazzy_Study/install/setup.ps1'
[11.652s] INFO:colcon.colcon_core.shell:Creating prefix script '/home/addinnedu/ROS2_Jazzy_Study/install/local_setup.sh'
[11.652s] INFO:colcon.colcon_core.shell:Creating prefix util module '/home/addinnedu/ROS2_Jazzy_Study/install/_local_setup_util_sh.py'
[11.653s] INFO:colcon.colcon_core.shell:Creating prefix chain script '/home/addinnedu/ROS2_Jazzy_Study/install/setup.sh'
[11.654s] INFO:colcon.colcon_core.shell:Creating prefix script '/home/addinnedu/ROS2_Jazzy_Study/install/local_setup.bash'
[11.654s] INFO:colcon.colcon_core.shell:Creating prefix chain script '/home/addinnedu/ROS2_Jazzy_Study/install/setup.bash'
[11.655s] INFO:colcon.colcon_core.shell:Creating prefix script '/home/addinnedu/ROS2_Jazzy_Study/install/local_setup.zsh'
[11.655s] INFO:colcon.colcon_core.shell:Creating prefix chain script '/home/addinnedu/ROS2_Jazzy_Study/install/setup.zsh'
