-- The C compiler identification is GNU 13.3.0
-- The CXX compiler identification is GNU 13.3.0
-- Detecting C compiler ABI info
-- Detecting C compiler ABI info - done
-- Check for working C compiler: /usr/bin/cc - skipped
-- Detecting C compile features
-- Detecting C compile features - done
-- Detecting CXX compiler ABI info
-- Detecting CXX compiler ABI info - done
-- Check for working CXX compiler: /usr/bin/c++ - skipped
-- Detecting CXX compile features
-- Detecting CXX compile features - done
-- Found ament_cmake: 2.5.4 (/opt/ros/jazzy/share/ament_cmake/cmake)
-- Found Python3: /usr/bin/python3 (found version "3.12.3") found components: Interpreter 
-- Override CMake install command with custom implementation using symlinks instead of copying resources
-- Found rclcpp: 28.1.9 (/opt/ros/jazzy/share/rclcpp/cmake)
-- Found rosidl_generator_c: 4.6.5 (/opt/ros/jazzy/share/rosidl_generator_c/cmake)
-- Found rosidl_generator_cpp: 4.6.5 (/opt/ros/jazzy/share/rosidl_generator_cpp/cmake)
-- Using all available rosidl_typesupport_c: rosidl_typesupport_fastrtps_c;rosidl_typesupport_introspection_c
-- Using all available rosidl_typesupport_cpp: rosidl_typesupport_fastrtps_cpp;rosidl_typesupport_introspection_cpp
-- Found rmw_implementation_cmake: 7.3.2 (/opt/ros/jazzy/share/rmw_implementation_cmake/cmake)
-- Found rmw_fastrtps_cpp: 8.4.2 (/opt/ros/jazzy/share/rmw_fastrtps_cpp/cmake)
-- Found OpenSSL: /usr/lib/x86_64-linux-gnu/libcrypto.so (found version "3.0.13")  
-- Found FastRTPS: /opt/ros/jazzy/include (Required is at least version "2.13") 
-- Using RMW implementation 'rmw_fastrtps_cpp' as default
-- Found nav_msgs: 5.3.6 (/opt/ros/jazzy/share/nav_msgs/cmake)
-- Configuring done (1.9s)
-- Generating done (0.1s)
-- Build files have been written to: /home/addinnedu/ROS2_Jazzy_Study/build/traffic_planner
[ 16%] [32mBuilding CXX object CMakeFiles/traffic_planner_lib.dir/src/TrafficPlanner.cpp.o[0m
In file included from [01m[K/home/addinnedu/ROS2_Jazzy_Study/src/traffic_planner/src/TrafficPlanner.cpp:1[m[K:
[01m[K/home/addinnedu/ROS2_Jazzy_Study/src/traffic_planner/include/traffic_planner/TrafficPlanner.hpp:85:40:[m[K [01;31m[Kerror: [m[Kdefault argument missing for parameter 4 of ‘[01m[Kstd::vector<std::vector<std::pair<int, int> > > TrafficPlanner::[01;32m[KplanPaths[m[K(const std::vector<std::pair<int, int> >&, const std::vector<std::pair<int, int> >&, bool, const std::vector<Constraint>&)[m[K’
   85 | [01;31m[Ktd::vector<Constraint>& initial_constraints[m[K
      | [01;31m[K~~~~~~~~~~~~~~~~~~~~~~~~^~~~~~~~~~~~~~~~~~~[m[K

[01m[K/home/addinnedu/ROS2_Jazzy_Study/src/traffic_planner/include/traffic_planner/TrafficPlanner.hpp:84:14:[m[K [01;36m[Knote: [m[K...following parameter 3 which has a default argument
   84 |         [01;36m[Kbool use_disjoint_splitting = true[m[K,
      |         [01;36m[K~~~~~^~~~~~~~~~~~~~~~~~~~~~~~~~~~~[m[K
gmake[2]: *** [CMakeFiles/traffic_planner_lib.dir/build.make:76: CMakeFiles/traffic_planner_lib.dir/src/TrafficPlanner.cpp.o] Error 1
gmake[1]: *** [CMakeFiles/Makefile2:141: CMakeFiles/traffic_planner_lib.dir/all] Error 2
gmake: *** [Makefile:146: all] Error 2
