[1.530s] Invoking command in '/home/addinnedu/ROS2_Jazzy_Study/src/pinky_mapf': DEBUGINFOD_URLS=https://debuginfod.ubuntu.com PYTHONPATH=/home/addinnedu/ROS2_Jazzy_Study/build/pinky_mapf/prefix_override:/usr/lib/python3/dist-packages/colcon_core/task/python/colcon_distutils_commands:/home/addinnedu/ROS2_Jazzy_Study/install/pinky_mapf/lib/python3.12/site-packages:${PYTHONPATH} /usr/bin/python3 -W ignore:setup.py install is deprecated -W ignore:easy_install command is deprecated setup.py egg_info --egg-base ../../build/pinky_mapf build --build-base /home/addinnedu/ROS2_Jazzy_Study/build/pinky_mapf/build install --record /home/addinnedu/ROS2_Jazzy_Study/build/pinky_mapf/install.log --single-version-externally-managed install_data
[1.794s] running egg_info
[1.817s] writing ../../build/pinky_mapf/pinky_mapf.egg-info/PKG-INFO
[1.817s] writing dependency_links to ../../build/pinky_mapf/pinky_mapf.egg-info/dependency_links.txt
[1.818s] writing entry points to ../../build/pinky_mapf/pinky_mapf.egg-info/entry_points.txt
[1.818s] writing requirements to ../../build/pinky_mapf/pinky_mapf.egg-info/requires.txt
[1.818s] writing top-level names to ../../build/pinky_mapf/pinky_mapf.egg-info/top_level.txt
[1.861s] reading manifest file '../../build/pinky_mapf/pinky_mapf.egg-info/SOURCES.txt'
[1.861s] writing manifest file '../../build/pinky_mapf/pinky_mapf.egg-info/SOURCES.txt'
[1.862s] running build
[1.862s] running build_py
[1.862s] running install
[1.867s] running install_lib
[1.889s] running install_data
[1.889s] running install_egg_info
[1.912s] removing '/home/addinnedu/ROS2_Jazzy_Study/install/pinky_mapf/lib/python3.12/site-packages/pinky_mapf-0.0.1-py3.12.egg-info' (and everything under it)
[1.912s] Copying ../../build/pinky_mapf/pinky_mapf.egg-info to /home/addinnedu/ROS2_Jazzy_Study/install/pinky_mapf/lib/python3.12/site-packages/pinky_mapf-0.0.1-py3.12.egg-info
[1.913s] running install_scripts
[2.051s] Installing follow_waypoints_client script to /home/addinnedu/ROS2_Jazzy_Study/install/pinky_mapf/lib/pinky_mapf
[2.051s] Installing goal_point script to /home/addinnedu/ROS2_Jazzy_Study/install/pinky_mapf/lib/pinky_mapf
[2.052s] Installing goal_point1 script to /home/addinnedu/ROS2_Jazzy_Study/install/pinky_mapf/lib/pinky_mapf
[2.052s] Installing goal_point2 script to /home/addinnedu/ROS2_Jazzy_Study/install/pinky_mapf/lib/pinky_mapf
[2.052s] Installing goal_point3 script to /home/addinnedu/ROS2_Jazzy_Study/install/pinky_mapf/lib/pinky_mapf
[2.052s] writing list of installed files to '/home/addinnedu/ROS2_Jazzy_Study/build/pinky_mapf/install.log'
[2.091s] Invoked command in '/home/addinnedu/ROS2_Jazzy_Study/src/pinky_mapf' returned '0': DEBUGINFOD_URLS=https://debuginfod.ubuntu.com PYTHONPATH=/home/addinnedu/ROS2_Jazzy_Study/build/pinky_mapf/prefix_override:/usr/lib/python3/dist-packages/colcon_core/task/python/colcon_distutils_commands:/home/addinnedu/ROS2_Jazzy_Study/install/pinky_mapf/lib/python3.12/site-packages:${PYTHONPATH} /usr/bin/python3 -W ignore:setup.py install is deprecated -W ignore:easy_install command is deprecated setup.py egg_info --egg-base ../../build/pinky_mapf build --build-base /home/addinnedu/ROS2_Jazzy_Study/build/pinky_mapf/build install --record /home/addinnedu/ROS2_Jazzy_Study/build/pinky_mapf/install.log --single-version-externally-managed install_data
