[1.415s] Invoking command in '/home/addinnedu/ROS2_Jazzy_Study/build/send_goal': DEBUGINFOD_URLS=https://debuginfod.ubuntu.com PYTHONPATH=/home/addinnedu/ROS2_Jazzy_Study/build/send_goal/prefix_override:/usr/lib/python3/dist-packages/colcon_core/task/python/colcon_distutils_commands:/home/addinnedu/ROS2_Jazzy_Study/install/send_goal/lib/python3.12/site-packages:${PYTHONPATH} /usr/bin/python3 -W ignore:setup.py install is deprecated -W ignore:easy_install command is deprecated setup.py develop --editable --build-directory /home/addinnedu/ROS2_Jazzy_Study/build/send_goal/build --no-deps symlink_data --force
[1.737s] running develop
[1.945s] running egg_info
[1.964s] writing send_goal.egg-info/PKG-INFO
[1.964s] writing dependency_links to send_goal.egg-info/dependency_links.txt
[1.964s] writing entry points to send_goal.egg-info/entry_points.txt
[1.965s] writing requirements to send_goal.egg-info/requires.txt
[1.965s] writing top-level names to send_goal.egg-info/top_level.txt
[2.005s] reading manifest file 'send_goal.egg-info/SOURCES.txt'
[2.006s] writing manifest file 'send_goal.egg-info/SOURCES.txt'
[2.027s] running build_ext
[2.027s] Creating /home/addinnedu/ROS2_Jazzy_Study/install/send_goal/lib/python3.12/site-packages/send-goal.egg-link (link to .)
[2.028s] Installing follow_waypoints_client script to /home/addinnedu/ROS2_Jazzy_Study/install/send_goal/lib/send_goal
[2.028s] Installing python_node script to /home/addinnedu/ROS2_Jazzy_Study/install/send_goal/lib/send_goal
[2.028s] Installing simple_nav_goal script to /home/addinnedu/ROS2_Jazzy_Study/install/send_goal/lib/send_goal
[2.028s] 
[2.028s] Installed /home/addinnedu/ROS2_Jazzy_Study/build/send_goal
[2.028s] running symlink_data
[2.028s] symbolically linking /home/addinnedu/ROS2_Jazzy_Study/build/send_goal/resource/send_goal -> /home/addinnedu/ROS2_Jazzy_Study/install/send_goal/share/ament_index/resource_index/packages
[2.029s] symbolically linking /home/addinnedu/ROS2_Jazzy_Study/build/send_goal/package.xml -> /home/addinnedu/ROS2_Jazzy_Study/install/send_goal/share/send_goal
[2.065s] Invoked command in '/home/addinnedu/ROS2_Jazzy_Study/build/send_goal' returned '0': DEBUGINFOD_URLS=https://debuginfod.ubuntu.com PYTHONPATH=/home/addinnedu/ROS2_Jazzy_Study/build/send_goal/prefix_override:/usr/lib/python3/dist-packages/colcon_core/task/python/colcon_distutils_commands:/home/addinnedu/ROS2_Jazzy_Study/install/send_goal/lib/python3.12/site-packages:${PYTHONPATH} /usr/bin/python3 -W ignore:setup.py install is deprecated -W ignore:easy_install command is deprecated setup.py develop --editable --build-directory /home/addinnedu/ROS2_Jazzy_Study/build/send_goal/build --no-deps symlink_data --force
