[0.587s] Invoking command in '/home/addinnedu/ROS2_Jazzy_Study/build/pinky_rmf': CMAKE_PREFIX_PATH=${CMAKE_PREFIX_PATH}:/home/addinnedu/ROS2_Jazzy_Study/install/send_goal:/home/addinnedu/ROS2_Jazzy_Study/install/pinky_mapf:/home/addinnedu/ROS2_Jazzy_Study/install/my_demo_pkg:/home/addinnedu/ROS2_Jazzy_Study/install/aruco_marker_pkg:/opt/ros/jazzy DEBUGINFOD_URLS=https://debuginfod.ubuntu.com /usr/bin/cmake /home/addinnedu/ROS2_Jazzy_Study/src/pinky_rmf -DAMENT_CMAKE_SYMLINK_INSTALL=1 -DCMAKE_INSTALL_PREFIX=/home/addinnedu/ROS2_Jazzy_Study/install/pinky_rmf
[0.779s] -- The C compiler identification is GNU 13.3.0
[0.779s] -- The CXX compiler identification is GNU 13.3.0
[0.779s] -- Detecting C compiler ABI info
[0.797s] -- Detecting C compiler ABI info - done
[0.805s] -- Check for working C compiler: /usr/bin/cc - skipped
[0.805s] -- Detecting C compile features
[0.806s] -- Detecting C compile features - done
[0.815s] -- Detecting CXX compiler ABI info
[0.920s] -- Detecting CXX compiler ABI info - done
[0.928s] -- Check for working CXX compiler: /usr/bin/c++ - skipped
[0.928s] -- Detecting CXX compile features
[0.928s] -- Detecting CXX compile features - done
[0.934s] -- Found ament_cmake: 2.5.4 (/opt/ros/jazzy/share/ament_cmake/cmake)
[1.098s] -- Found Python3: /usr/bin/python3 (found version "3.12.3") found components: Interpreter 
[1.168s] -- Override CMake install command with custom implementation using symlinks instead of copying resources
[1.235s] -- Found rclcpp: 28.1.9 (/opt/ros/jazzy/share/rclcpp/cmake)
[1.297s] -- Found rosidl_generator_c: 4.6.5 (/opt/ros/jazzy/share/rosidl_generator_c/cmake)
[1.318s] -- Found rosidl_generator_cpp: 4.6.5 (/opt/ros/jazzy/share/rosidl_generator_cpp/cmake)
[1.341s] -- Using all available rosidl_typesupport_c: rosidl_typesupport_fastrtps_c;rosidl_typesupport_introspection_c
[1.366s] -- Using all available rosidl_typesupport_cpp: rosidl_typesupport_fastrtps_cpp;rosidl_typesupport_introspection_cpp
[1.460s] -- Found rmw_implementation_cmake: 7.3.2 (/opt/ros/jazzy/share/rmw_implementation_cmake/cmake)
[1.466s] -- Found rmw_fastrtps_cpp: 8.4.2 (/opt/ros/jazzy/share/rmw_fastrtps_cpp/cmake)
[1.566s] -- Found OpenSSL: /usr/lib/x86_64-linux-gnu/libcrypto.so (found version "3.0.13")  
[1.588s] -- Found FastRTPS: /opt/ros/jazzy/include (Required is at least version "2.13") 
[1.613s] -- Using RMW implementation 'rmw_fastrtps_cpp' as default
[1.700s] -- Found rclcpp_action: 28.1.9 (/opt/ros/jazzy/share/rclcpp_action/cmake)
[1.752s] -- Found std_msgs: 5.3.6 (/opt/ros/jazzy/share/std_msgs/cmake)
[1.770s] -- Found geometry_msgs: 5.3.6 (/opt/ros/jazzy/share/geometry_msgs/cmake)
[1.788s] -- Found nav2_msgs: 1.3.6 (/opt/ros/jazzy/share/nav2_msgs/cmake)
[1.979s] -- Found ament_lint_auto: 0.17.2 (/opt/ros/jazzy/share/ament_lint_auto/cmake)
[2.279s] -- Added test 'cppcheck' to perform static code analysis on C / C++ code
[2.280s] -- Configured cppcheck include dirs: $<BUILD_INTERFACE:/home/addinnedu/ROS2_Jazzy_Study/src/pinky_rmf/include>
[2.280s] -- Configured cppcheck exclude dirs and/or files: 
[2.282s] -- Added test 'lint_cmake' to check CMake code style
[2.288s] -- Added test 'uncrustify' to check C / C++ code style
[2.288s] -- Configured uncrustify additional arguments: 
[2.290s] -- Added test 'xmllint' to check XML markup files
[2.293s] -- Configuring done (1.7s)
[2.317s] -- Generating done (0.0s)
[2.324s] -- Build files have been written to: /home/addinnedu/ROS2_Jazzy_Study/build/pinky_rmf
[2.357s] Invoked command in '/home/addinnedu/ROS2_Jazzy_Study/build/pinky_rmf' returned '0': CMAKE_PREFIX_PATH=${CMAKE_PREFIX_PATH}:/home/addinnedu/ROS2_Jazzy_Study/install/send_goal:/home/addinnedu/ROS2_Jazzy_Study/install/pinky_mapf:/home/addinnedu/ROS2_Jazzy_Study/install/my_demo_pkg:/home/addinnedu/ROS2_Jazzy_Study/install/aruco_marker_pkg:/opt/ros/jazzy DEBUGINFOD_URLS=https://debuginfod.ubuntu.com /usr/bin/cmake /home/addinnedu/ROS2_Jazzy_Study/src/pinky_rmf -DAMENT_CMAKE_SYMLINK_INSTALL=1 -DCMAKE_INSTALL_PREFIX=/home/addinnedu/ROS2_Jazzy_Study/install/pinky_rmf
[2.359s] Invoking command in '/home/addinnedu/ROS2_Jazzy_Study/build/pinky_rmf': CMAKE_PREFIX_PATH=${CMAKE_PREFIX_PATH}:/home/addinnedu/ROS2_Jazzy_Study/install/send_goal:/home/addinnedu/ROS2_Jazzy_Study/install/pinky_mapf:/home/addinnedu/ROS2_Jazzy_Study/install/my_demo_pkg:/home/addinnedu/ROS2_Jazzy_Study/install/aruco_marker_pkg:/opt/ros/jazzy DEBUGINFOD_URLS=https://debuginfod.ubuntu.com /usr/bin/cmake --build /home/addinnedu/ROS2_Jazzy_Study/build/pinky_rmf -- -j16 -l16
[2.540s] [ 50%] [32mBuilding CXX object CMakeFiles/goal_pose_listener.dir/src/goal_pose_listener.cpp.o[0m
[13.799s] [100%] [32m[1mLinking CXX executable goal_pose_listener[0m
[14.131s] [100%] Built target goal_pose_listener
