running develop
Removing /home/addinnedu/ROS2_Jazzy_Study/install/send_goal/lib/python3.12/site-packages/send-goal.egg-link (link to .)
running egg_info
writing ../../build/send_goal/send_goal.egg-info/PKG-INFO
writing dependency_links to ../../build/send_goal/send_goal.egg-info/dependency_links.txt
writing entry points to ../../build/send_goal/send_goal.egg-info/entry_points.txt
writing requirements to ../../build/send_goal/send_goal.egg-info/requires.txt
writing top-level names to ../../build/send_goal/send_goal.egg-info/top_level.txt
reading manifest file '../../build/send_goal/send_goal.egg-info/SOURCES.txt'
adding license file 'LICENSE'
writing manifest file '../../build/send_goal/send_goal.egg-info/SOURCES.txt'
running build
running build_py
creating /home/addinnedu/ROS2_Jazzy_Study/build/send_goal/build
creating /home/addinnedu/ROS2_Jazzy_Study/build/send_goal/build/lib
creating /home/addinnedu/ROS2_Jazzy_Study/build/send_goal/build/lib/send_goal
copying send_goal/FollowWaypointsClient.py -> /home/addinnedu/ROS2_Jazzy_Study/build/send_goal/build/lib/send_goal
copying send_goal/python_node.py -> /home/addinnedu/ROS2_Jazzy_Study/build/send_goal/build/lib/send_goal
copying send_goal/__init__.py -> /home/addinnedu/ROS2_Jazzy_Study/build/send_goal/build/lib/send_goal
copying send_goal/simple_nav_goal.py -> /home/addinnedu/ROS2_Jazzy_Study/build/send_goal/build/lib/send_goal
running install
running install_lib
creating /home/addinnedu/ROS2_Jazzy_Study/install/send_goal/lib/python3.12/site-packages/send_goal
copying /home/addinnedu/ROS2_Jazzy_Study/build/send_goal/build/lib/send_goal/FollowWaypointsClient.py -> /home/addinnedu/ROS2_Jazzy_Study/install/send_goal/lib/python3.12/site-packages/send_goal
copying /home/addinnedu/ROS2_Jazzy_Study/build/send_goal/build/lib/send_goal/python_node.py -> /home/addinnedu/ROS2_Jazzy_Study/install/send_goal/lib/python3.12/site-packages/send_goal
copying /home/addinnedu/ROS2_Jazzy_Study/build/send_goal/build/lib/send_goal/__init__.py -> /home/addinnedu/ROS2_Jazzy_Study/install/send_goal/lib/python3.12/site-packages/send_goal
copying /home/addinnedu/ROS2_Jazzy_Study/build/send_goal/build/lib/send_goal/simple_nav_goal.py -> /home/addinnedu/ROS2_Jazzy_Study/install/send_goal/lib/python3.12/site-packages/send_goal
byte-compiling /home/addinnedu/ROS2_Jazzy_Study/install/send_goal/lib/python3.12/site-packages/send_goal/FollowWaypointsClient.py to FollowWaypointsClient.cpython-312.pyc
byte-compiling /home/addinnedu/ROS2_Jazzy_Study/install/send_goal/lib/python3.12/site-packages/send_goal/python_node.py to python_node.cpython-312.pyc
byte-compiling /home/addinnedu/ROS2_Jazzy_Study/install/send_goal/lib/python3.12/site-packages/send_goal/__init__.py to __init__.cpython-312.pyc
byte-compiling /home/addinnedu/ROS2_Jazzy_Study/install/send_goal/lib/python3.12/site-packages/send_goal/simple_nav_goal.py to simple_nav_goal.cpython-312.pyc
running install_data
copying resource/send_goal -> /home/addinnedu/ROS2_Jazzy_Study/install/send_goal/share/ament_index/resource_index/packages
copying package.xml -> /home/addinnedu/ROS2_Jazzy_Study/install/send_goal/share/send_goal
running install_egg_info
Copying ../../build/send_goal/send_goal.egg-info to /home/addinnedu/ROS2_Jazzy_Study/install/send_goal/lib/python3.12/site-packages/send_goal-0.0.0-py3.12.egg-info
running install_scripts
Installing follow_waypoints_client script to /home/addinnedu/ROS2_Jazzy_Study/install/send_goal/lib/send_goal
Installing python_node script to /home/addinnedu/ROS2_Jazzy_Study/install/send_goal/lib/send_goal
Installing simple_nav_goal script to /home/addinnedu/ROS2_Jazzy_Study/install/send_goal/lib/send_goal
writing list of installed files to '/home/addinnedu/ROS2_Jazzy_Study/build/send_goal/install.log'
