/home/addinnedu/ROS2_Jazzy_Study/install/aruco_marker_pkg/lib/python3.12/site-packages/aruco_marker_pkg/pose_publisher.py
/home/addinnedu/ROS2_Jazzy_Study/install/aruco_marker_pkg/lib/python3.12/site-packages/aruco_marker_pkg/aruco_path_tracker.py
/home/addinnedu/ROS2_Jazzy_Study/install/aruco_marker_pkg/lib/python3.12/site-packages/aruco_marker_pkg/__init__.py
/home/addinnedu/ROS2_Jazzy_Study/install/aruco_marker_pkg/lib/python3.12/site-packages/aruco_marker_pkg/aruco_TF_broadcaster.py
/home/addinnedu/ROS2_Jazzy_Study/install/aruco_marker_pkg/lib/python3.12/site-packages/aruco_marker_pkg/aruco_detector.py
/home/addinnedu/ROS2_Jazzy_Study/install/aruco_marker_pkg/lib/python3.12/site-packages/aruco_marker_pkg/aruco_test.py
/home/addinnedu/ROS2_Jazzy_Study/install/aruco_marker_pkg/lib/python3.12/site-packages/aruco_marker_pkg/aruco_odom_publisher.py
/home/addinnedu/ROS2_Jazzy_Study/install/aruco_marker_pkg/lib/python3.12/site-packages/aruco_marker_pkg/multi_aruco_odom_publisher.py
/home/addinnedu/ROS2_Jazzy_Study/install/aruco_marker_pkg/lib/python3.12/site-packages/aruco_marker_pkg/monitoring_map_gui.py
/home/addinnedu/ROS2_Jazzy_Study/install/aruco_marker_pkg/lib/python3.12/site-packages/aruco_marker_pkg/__pycache__/pose_publisher.cpython-312.pyc
/home/addinnedu/ROS2_Jazzy_Study/install/aruco_marker_pkg/lib/python3.12/site-packages/aruco_marker_pkg/__pycache__/aruco_path_tracker.cpython-312.pyc
/home/addinnedu/ROS2_Jazzy_Study/install/aruco_marker_pkg/lib/python3.12/site-packages/aruco_marker_pkg/__pycache__/__init__.cpython-312.pyc
/home/addinnedu/ROS2_Jazzy_Study/install/aruco_marker_pkg/lib/python3.12/site-packages/aruco_marker_pkg/__pycache__/aruco_TF_broadcaster.cpython-312.pyc
/home/addinnedu/ROS2_Jazzy_Study/install/aruco_marker_pkg/lib/python3.12/site-packages/aruco_marker_pkg/__pycache__/aruco_detector.cpython-312.pyc
/home/addinnedu/ROS2_Jazzy_Study/install/aruco_marker_pkg/lib/python3.12/site-packages/aruco_marker_pkg/__pycache__/aruco_test.cpython-312.pyc
/home/addinnedu/ROS2_Jazzy_Study/install/aruco_marker_pkg/lib/python3.12/site-packages/aruco_marker_pkg/__pycache__/aruco_odom_publisher.cpython-312.pyc
/home/addinnedu/ROS2_Jazzy_Study/install/aruco_marker_pkg/lib/python3.12/site-packages/aruco_marker_pkg/__pycache__/multi_aruco_odom_publisher.cpython-312.pyc
/home/addinnedu/ROS2_Jazzy_Study/install/aruco_marker_pkg/lib/python3.12/site-packages/aruco_marker_pkg/__pycache__/monitoring_map_gui.cpython-312.pyc
/home/addinnedu/ROS2_Jazzy_Study/install/aruco_marker_pkg/share/ament_index/resource_index/packages/aruco_marker_pkg
/home/addinnedu/ROS2_Jazzy_Study/install/aruco_marker_pkg/share/aruco_marker_pkg/package.xml
/home/addinnedu/ROS2_Jazzy_Study/install/aruco_marker_pkg/lib/python3.12/site-packages/aruco_marker_pkg-0.0.0-py3.12.egg-info/zip-safe
/home/addinnedu/ROS2_Jazzy_Study/install/aruco_marker_pkg/lib/python3.12/site-packages/aruco_marker_pkg-0.0.0-py3.12.egg-info/dependency_links.txt
/home/addinnedu/ROS2_Jazzy_Study/install/aruco_marker_pkg/lib/python3.12/site-packages/aruco_marker_pkg-0.0.0-py3.12.egg-info/entry_points.txt
/home/addinnedu/ROS2_Jazzy_Study/install/aruco_marker_pkg/lib/python3.12/site-packages/aruco_marker_pkg-0.0.0-py3.12.egg-info/requires.txt
/home/addinnedu/ROS2_Jazzy_Study/install/aruco_marker_pkg/lib/python3.12/site-packages/aruco_marker_pkg-0.0.0-py3.12.egg-info/SOURCES.txt
/home/addinnedu/ROS2_Jazzy_Study/install/aruco_marker_pkg/lib/python3.12/site-packages/aruco_marker_pkg-0.0.0-py3.12.egg-info/top_level.txt
/home/addinnedu/ROS2_Jazzy_Study/install/aruco_marker_pkg/lib/python3.12/site-packages/aruco_marker_pkg-0.0.0-py3.12.egg-info/PKG-INFO
/home/addinnedu/ROS2_Jazzy_Study/install/aruco_marker_pkg/lib/aruco_marker_pkg/aruco_TF_broadcaster
/home/addinnedu/ROS2_Jazzy_Study/install/aruco_marker_pkg/lib/aruco_marker_pkg/aruco_odom_publisher
/home/addinnedu/ROS2_Jazzy_Study/install/aruco_marker_pkg/lib/aruco_marker_pkg/aruco_path_tracker
/home/addinnedu/ROS2_Jazzy_Study/install/aruco_marker_pkg/lib/aruco_marker_pkg/aruco_test
/home/addinnedu/ROS2_Jazzy_Study/install/aruco_marker_pkg/lib/aruco_marker_pkg/marker_publisher_node
/home/addinnedu/ROS2_Jazzy_Study/install/aruco_marker_pkg/lib/aruco_marker_pkg/monitoring_map_gui
/home/addinnedu/ROS2_Jazzy_Study/install/aruco_marker_pkg/lib/aruco_marker_pkg/multi_aruco_odom_publisher
/home/addinnedu/ROS2_Jazzy_Study/install/aruco_marker_pkg/lib/aruco_marker_pkg/pose_publisher
