[1.438s] Invoking command in '/home/addinnedu/ROS2_Jazzy_Study/src/aruco_marker_pkg': DEBUGINFOD_URLS=https://debuginfod.ubuntu.com PYTHONPATH=/home/addinnedu/ROS2_Jazzy_Study/build/aruco_marker_pkg/prefix_override:/usr/lib/python3/dist-packages/colcon_core/task/python/colcon_distutils_commands:/home/addinnedu/ROS2_Jazzy_Study/install/aruco_marker_pkg/lib/python3.12/site-packages:${PYTHONPATH} /usr/bin/python3 -W ignore:setup.py install is deprecated -W ignore:easy_install command is deprecated setup.py egg_info --egg-base ../../build/aruco_marker_pkg build --build-base /home/addinnedu/ROS2_Jazzy_Study/build/aruco_marker_pkg/build install --record /home/addinnedu/ROS2_Jazzy_Study/build/aruco_marker_pkg/install.log --single-version-externally-managed install_data
[1.692s] running egg_info
[1.692s] creating ../../build/aruco_marker_pkg/aruco_marker_pkg.egg-info
[1.712s] writing ../../build/aruco_marker_pkg/aruco_marker_pkg.egg-info/PKG-INFO
[1.712s] writing dependency_links to ../../build/aruco_marker_pkg/aruco_marker_pkg.egg-info/dependency_links.txt
[1.712s] writing entry points to ../../build/aruco_marker_pkg/aruco_marker_pkg.egg-info/entry_points.txt
[1.713s] writing requirements to ../../build/aruco_marker_pkg/aruco_marker_pkg.egg-info/requires.txt
[1.713s] writing top-level names to ../../build/aruco_marker_pkg/aruco_marker_pkg.egg-info/top_level.txt
[1.713s] writing manifest file '../../build/aruco_marker_pkg/aruco_marker_pkg.egg-info/SOURCES.txt'
[1.756s] reading manifest file '../../build/aruco_marker_pkg/aruco_marker_pkg.egg-info/SOURCES.txt'
[1.756s] writing manifest file '../../build/aruco_marker_pkg/aruco_marker_pkg.egg-info/SOURCES.txt'
[1.756s] running build
[1.756s] running build_py
[1.756s] creating /home/addinnedu/ROS2_Jazzy_Study/build/aruco_marker_pkg/build
[1.757s] creating /home/addinnedu/ROS2_Jazzy_Study/build/aruco_marker_pkg/build/lib
[1.757s] creating /home/addinnedu/ROS2_Jazzy_Study/build/aruco_marker_pkg/build/lib/aruco_marker_pkg
[1.757s] copying aruco_marker_pkg/pose_publisher.py -> /home/addinnedu/ROS2_Jazzy_Study/build/aruco_marker_pkg/build/lib/aruco_marker_pkg
[1.757s] copying aruco_marker_pkg/aruco_path_tracker.py -> /home/addinnedu/ROS2_Jazzy_Study/build/aruco_marker_pkg/build/lib/aruco_marker_pkg
[1.757s] copying aruco_marker_pkg/__init__.py -> /home/addinnedu/ROS2_Jazzy_Study/build/aruco_marker_pkg/build/lib/aruco_marker_pkg
[1.757s] copying aruco_marker_pkg/aruco_TF_broadcaster.py -> /home/addinnedu/ROS2_Jazzy_Study/build/aruco_marker_pkg/build/lib/aruco_marker_pkg
[1.757s] copying aruco_marker_pkg/aruco_detector.py -> /home/addinnedu/ROS2_Jazzy_Study/build/aruco_marker_pkg/build/lib/aruco_marker_pkg
[1.757s] copying aruco_marker_pkg/aruco_test.py -> /home/addinnedu/ROS2_Jazzy_Study/build/aruco_marker_pkg/build/lib/aruco_marker_pkg
[1.757s] copying aruco_marker_pkg/aruco_odom_publisher.py -> /home/addinnedu/ROS2_Jazzy_Study/build/aruco_marker_pkg/build/lib/aruco_marker_pkg
[1.757s] copying aruco_marker_pkg/multi_aruco_odom_publisher.py -> /home/addinnedu/ROS2_Jazzy_Study/build/aruco_marker_pkg/build/lib/aruco_marker_pkg
[1.757s] copying aruco_marker_pkg/monitoring_map_gui.py -> /home/addinnedu/ROS2_Jazzy_Study/build/aruco_marker_pkg/build/lib/aruco_marker_pkg
[1.758s] running install
[1.763s] running install_lib
[1.783s] creating /home/addinnedu/ROS2_Jazzy_Study/install/aruco_marker_pkg/lib/python3.12/site-packages/aruco_marker_pkg
[1.784s] copying /home/addinnedu/ROS2_Jazzy_Study/build/aruco_marker_pkg/build/lib/aruco_marker_pkg/pose_publisher.py -> /home/addinnedu/ROS2_Jazzy_Study/install/aruco_marker_pkg/lib/python3.12/site-packages/aruco_marker_pkg
[1.784s] copying /home/addinnedu/ROS2_Jazzy_Study/build/aruco_marker_pkg/build/lib/aruco_marker_pkg/aruco_path_tracker.py -> /home/addinnedu/ROS2_Jazzy_Study/install/aruco_marker_pkg/lib/python3.12/site-packages/aruco_marker_pkg
[1.784s] copying /home/addinnedu/ROS2_Jazzy_Study/build/aruco_marker_pkg/build/lib/aruco_marker_pkg/__init__.py -> /home/addinnedu/ROS2_Jazzy_Study/install/aruco_marker_pkg/lib/python3.12/site-packages/aruco_marker_pkg
[1.784s] copying /home/addinnedu/ROS2_Jazzy_Study/build/aruco_marker_pkg/build/lib/aruco_marker_pkg/aruco_TF_broadcaster.py -> /home/addinnedu/ROS2_Jazzy_Study/install/aruco_marker_pkg/lib/python3.12/site-packages/aruco_marker_pkg
[1.784s] copying /home/addinnedu/ROS2_Jazzy_Study/build/aruco_marker_pkg/build/lib/aruco_marker_pkg/aruco_detector.py -> /home/addinnedu/ROS2_Jazzy_Study/install/aruco_marker_pkg/lib/python3.12/site-packages/aruco_marker_pkg
[1.784s] copying /home/addinnedu/ROS2_Jazzy_Study/build/aruco_marker_pkg/build/lib/aruco_marker_pkg/aruco_test.py -> /home/addinnedu/ROS2_Jazzy_Study/install/aruco_marker_pkg/lib/python3.12/site-packages/aruco_marker_pkg
[1.784s] copying /home/addinnedu/ROS2_Jazzy_Study/build/aruco_marker_pkg/build/lib/aruco_marker_pkg/aruco_odom_publisher.py -> /home/addinnedu/ROS2_Jazzy_Study/install/aruco_marker_pkg/lib/python3.12/site-packages/aruco_marker_pkg
[1.784s] copying /home/addinnedu/ROS2_Jazzy_Study/build/aruco_marker_pkg/build/lib/aruco_marker_pkg/multi_aruco_odom_publisher.py -> /home/addinnedu/ROS2_Jazzy_Study/install/aruco_marker_pkg/lib/python3.12/site-packages/aruco_marker_pkg
[1.784s] copying /home/addinnedu/ROS2_Jazzy_Study/build/aruco_marker_pkg/build/lib/aruco_marker_pkg/monitoring_map_gui.py -> /home/addinnedu/ROS2_Jazzy_Study/install/aruco_marker_pkg/lib/python3.12/site-packages/aruco_marker_pkg
[1.785s] byte-compiling /home/addinnedu/ROS2_Jazzy_Study/install/aruco_marker_pkg/lib/python3.12/site-packages/aruco_marker_pkg/pose_publisher.py to pose_publisher.cpython-312.pyc
[1.786s] byte-compiling /home/addinnedu/ROS2_Jazzy_Study/install/aruco_marker_pkg/lib/python3.12/site-packages/aruco_marker_pkg/aruco_path_tracker.py to aruco_path_tracker.cpython-312.pyc
[1.787s] byte-compiling /home/addinnedu/ROS2_Jazzy_Study/install/aruco_marker_pkg/lib/python3.12/site-packages/aruco_marker_pkg/__init__.py to __init__.cpython-312.pyc
[1.787s] byte-compiling /home/addinnedu/ROS2_Jazzy_Study/install/aruco_marker_pkg/lib/python3.12/site-packages/aruco_marker_pkg/aruco_TF_broadcaster.py to aruco_TF_broadcaster.cpython-312.pyc
[1.789s] byte-compiling /home/addinnedu/ROS2_Jazzy_Study/install/aruco_marker_pkg/lib/python3.12/site-packages/aruco_marker_pkg/aruco_detector.py to aruco_detector.cpython-312.pyc
[1.790s] byte-compiling /home/addinnedu/ROS2_Jazzy_Study/install/aruco_marker_pkg/lib/python3.12/site-packages/aruco_marker_pkg/aruco_test.py to aruco_test.cpython-312.pyc
[1.792s] byte-compiling /home/addinnedu/ROS2_Jazzy_Study/install/aruco_marker_pkg/lib/python3.12/site-packages/aruco_marker_pkg/aruco_odom_publisher.py to aruco_odom_publisher.cpython-312.pyc
[1.794s] byte-compiling /home/addinnedu/ROS2_Jazzy_Study/install/aruco_marker_pkg/lib/python3.12/site-packages/aruco_marker_pkg/multi_aruco_odom_publisher.py to multi_aruco_odom_publisher.cpython-312.pyc
[1.796s] byte-compiling /home/addinnedu/ROS2_Jazzy_Study/install/aruco_marker_pkg/lib/python3.12/site-packages/aruco_marker_pkg/monitoring_map_gui.py to monitoring_map_gui.cpython-312.pyc
[1.797s] running install_data
[1.797s] creating /home/addinnedu/ROS2_Jazzy_Study/install/aruco_marker_pkg/share/ament_index
[1.797s] creating /home/addinnedu/ROS2_Jazzy_Study/install/aruco_marker_pkg/share/ament_index/resource_index
[1.797s] creating /home/addinnedu/ROS2_Jazzy_Study/install/aruco_marker_pkg/share/ament_index/resource_index/packages
[1.798s] copying resource/aruco_marker_pkg -> /home/addinnedu/ROS2_Jazzy_Study/install/aruco_marker_pkg/share/ament_index/resource_index/packages
[1.798s] copying package.xml -> /home/addinnedu/ROS2_Jazzy_Study/install/aruco_marker_pkg/share/aruco_marker_pkg
[1.798s] running install_egg_info
[1.820s] Copying ../../build/aruco_marker_pkg/aruco_marker_pkg.egg-info to /home/addinnedu/ROS2_Jazzy_Study/install/aruco_marker_pkg/lib/python3.12/site-packages/aruco_marker_pkg-0.0.0-py3.12.egg-info
[1.821s] running install_scripts
[2.082s] Installing aruco_TF_broadcaster script to /home/addinnedu/ROS2_Jazzy_Study/install/aruco_marker_pkg/lib/aruco_marker_pkg
[2.082s] Installing aruco_odom_publisher script to /home/addinnedu/ROS2_Jazzy_Study/install/aruco_marker_pkg/lib/aruco_marker_pkg
[2.082s] Installing aruco_path_tracker script to /home/addinnedu/ROS2_Jazzy_Study/install/aruco_marker_pkg/lib/aruco_marker_pkg
[2.082s] Installing aruco_test script to /home/addinnedu/ROS2_Jazzy_Study/install/aruco_marker_pkg/lib/aruco_marker_pkg
[2.082s] Installing marker_publisher_node script to /home/addinnedu/ROS2_Jazzy_Study/install/aruco_marker_pkg/lib/aruco_marker_pkg
[2.083s] Installing monitoring_map_gui script to /home/addinnedu/ROS2_Jazzy_Study/install/aruco_marker_pkg/lib/aruco_marker_pkg
[2.083s] Installing multi_aruco_odom_publisher script to /home/addinnedu/ROS2_Jazzy_Study/install/aruco_marker_pkg/lib/aruco_marker_pkg
[2.084s] Installing pose_publisher script to /home/addinnedu/ROS2_Jazzy_Study/install/aruco_marker_pkg/lib/aruco_marker_pkg
[2.084s] writing list of installed files to '/home/addinnedu/ROS2_Jazzy_Study/build/aruco_marker_pkg/install.log'
[2.174s] Invoked command in '/home/addinnedu/ROS2_Jazzy_Study/src/aruco_marker_pkg' returned '0': DEBUGINFOD_URLS=https://debuginfod.ubuntu.com PYTHONPATH=/home/addinnedu/ROS2_Jazzy_Study/build/aruco_marker_pkg/prefix_override:/usr/lib/python3/dist-packages/colcon_core/task/python/colcon_distutils_commands:/home/addinnedu/ROS2_Jazzy_Study/install/aruco_marker_pkg/lib/python3.12/site-packages:${PYTHONPATH} /usr/bin/python3 -W ignore:setup.py install is deprecated -W ignore:easy_install command is deprecated setup.py egg_info --egg-base ../../build/aruco_marker_pkg build --build-base /home/addinnedu/ROS2_Jazzy_Study/build/aruco_marker_pkg/build install --record /home/addinnedu/ROS2_Jazzy_Study/build/aruco_marker_pkg/install.log --single-version-externally-managed install_data
