[1.661s] Invoking command in '/home/addinnedu/ROS2_Jazzy_Study/build/my_demo_pkg': DEBUGINFOD_URLS=https://debuginfod.ubuntu.com PYTHONPATH=/home/addinnedu/ROS2_Jazzy_Study/build/my_demo_pkg/prefix_override:/usr/lib/python3/dist-packages/colcon_core/task/python/colcon_distutils_commands:/home/addinnedu/ROS2_Jazzy_Study/install/my_demo_pkg/lib/python3.12/site-packages:${PYTHONPATH} /usr/bin/python3 -W ignore:setup.py install is deprecated -W ignore:easy_install command is deprecated setup.py develop --uninstall --editable --build-directory /home/addinnedu/ROS2_Jazzy_Study/build/my_demo_pkg/build
[1.973s] running develop
[2.201s] Removing /home/addinnedu/ROS2_Jazzy_Study/install/my_demo_pkg/lib/python3.12/site-packages/my-demo-pkg.egg-link (link to .)
[2.258s] Invoked command in '/home/addinnedu/ROS2_Jazzy_Study/build/my_demo_pkg' returned '0': DEBUGINFOD_URLS=https://debuginfod.ubuntu.com PYTHONPATH=/home/addinnedu/ROS2_Jazzy_Study/build/my_demo_pkg/prefix_override:/usr/lib/python3/dist-packages/colcon_core/task/python/colcon_distutils_commands:/home/addinnedu/ROS2_Jazzy_Study/install/my_demo_pkg/lib/python3.12/site-packages:${PYTHONPATH} /usr/bin/python3 -W ignore:setup.py install is deprecated -W ignore:easy_install command is deprecated setup.py develop --uninstall --editable --build-directory /home/addinnedu/ROS2_Jazzy_Study/build/my_demo_pkg/build
[2.259s] Invoking command in '/home/addinnedu/ROS2_Jazzy_Study/src/my_demo_pkg': DEBUGINFOD_URLS=https://debuginfod.ubuntu.com PYTHONPATH=/home/addinnedu/ROS2_Jazzy_Study/build/my_demo_pkg/prefix_override:/usr/lib/python3/dist-packages/colcon_core/task/python/colcon_distutils_commands:/home/addinnedu/ROS2_Jazzy_Study/install/my_demo_pkg/lib/python3.12/site-packages:${PYTHONPATH} /usr/bin/python3 -W ignore:setup.py install is deprecated -W ignore:easy_install command is deprecated setup.py egg_info --egg-base ../../build/my_demo_pkg build --build-base /home/addinnedu/ROS2_Jazzy_Study/build/my_demo_pkg/build install --record /home/addinnedu/ROS2_Jazzy_Study/build/my_demo_pkg/install.log --single-version-externally-managed install_data --force
[2.528s] running egg_info
[2.547s] writing ../../build/my_demo_pkg/my_demo_pkg.egg-info/PKG-INFO
[2.548s] writing dependency_links to ../../build/my_demo_pkg/my_demo_pkg.egg-info/dependency_links.txt
[2.548s] writing entry points to ../../build/my_demo_pkg/my_demo_pkg.egg-info/entry_points.txt
[2.548s] writing requirements to ../../build/my_demo_pkg/my_demo_pkg.egg-info/requires.txt
[2.548s] writing top-level names to ../../build/my_demo_pkg/my_demo_pkg.egg-info/top_level.txt
[2.595s] reading manifest file '../../build/my_demo_pkg/my_demo_pkg.egg-info/SOURCES.txt'
[2.596s] writing manifest file '../../build/my_demo_pkg/my_demo_pkg.egg-info/SOURCES.txt'
[2.596s] running build
[2.596s] running build_py
[2.596s] running install
[2.601s] running install_lib
[2.624s] creating /home/addinnedu/ROS2_Jazzy_Study/install/my_demo_pkg/lib/python3.12/site-packages/my_demo_pkg
[2.624s] copying /home/addinnedu/ROS2_Jazzy_Study/build/my_demo_pkg/build/lib/my_demo_pkg/talker2.py -> /home/addinnedu/ROS2_Jazzy_Study/install/my_demo_pkg/lib/python3.12/site-packages/my_demo_pkg
[2.624s] copying /home/addinnedu/ROS2_Jazzy_Study/build/my_demo_pkg/build/lib/my_demo_pkg/talker1.py -> /home/addinnedu/ROS2_Jazzy_Study/install/my_demo_pkg/lib/python3.12/site-packages/my_demo_pkg
[2.624s] copying /home/addinnedu/ROS2_Jazzy_Study/build/my_demo_pkg/build/lib/my_demo_pkg/__init__.py -> /home/addinnedu/ROS2_Jazzy_Study/install/my_demo_pkg/lib/python3.12/site-packages/my_demo_pkg
[2.624s] byte-compiling /home/addinnedu/ROS2_Jazzy_Study/install/my_demo_pkg/lib/python3.12/site-packages/my_demo_pkg/talker2.py to talker2.cpython-312.pyc
[2.625s] byte-compiling /home/addinnedu/ROS2_Jazzy_Study/install/my_demo_pkg/lib/python3.12/site-packages/my_demo_pkg/talker1.py to talker1.cpython-312.pyc
[2.625s] byte-compiling /home/addinnedu/ROS2_Jazzy_Study/install/my_demo_pkg/lib/python3.12/site-packages/my_demo_pkg/__init__.py to __init__.cpython-312.pyc
[2.625s] running install_data
[2.626s] copying package.xml -> /home/addinnedu/ROS2_Jazzy_Study/install/my_demo_pkg/share/my_demo_pkg
[2.626s] running install_egg_info
[2.648s] Copying ../../build/my_demo_pkg/my_demo_pkg.egg-info to /home/addinnedu/ROS2_Jazzy_Study/install/my_demo_pkg/lib/python3.12/site-packages/my_demo_pkg-0.0.0-py3.12.egg-info
[2.649s] running install_scripts
[2.787s] Installing talker1 script to /home/addinnedu/ROS2_Jazzy_Study/install/my_demo_pkg/lib/my_demo_pkg
[2.787s] Installing talker2 script to /home/addinnedu/ROS2_Jazzy_Study/install/my_demo_pkg/lib/my_demo_pkg
[2.787s] writing list of installed files to '/home/addinnedu/ROS2_Jazzy_Study/build/my_demo_pkg/install.log'
[2.840s] Invoked command in '/home/addinnedu/ROS2_Jazzy_Study/src/my_demo_pkg' returned '0': DEBUGINFOD_URLS=https://debuginfod.ubuntu.com PYTHONPATH=/home/addinnedu/ROS2_Jazzy_Study/build/my_demo_pkg/prefix_override:/usr/lib/python3/dist-packages/colcon_core/task/python/colcon_distutils_commands:/home/addinnedu/ROS2_Jazzy_Study/install/my_demo_pkg/lib/python3.12/site-packages:${PYTHONPATH} /usr/bin/python3 -W ignore:setup.py install is deprecated -W ignore:easy_install command is deprecated setup.py egg_info --egg-base ../../build/my_demo_pkg build --build-base /home/addinnedu/ROS2_Jazzy_Study/build/my_demo_pkg/build install --record /home/addinnedu/ROS2_Jazzy_Study/build/my_demo_pkg/install.log --single-version-externally-managed install_data --force
