[1.581s] Invoking command in '/home/addinnedu/ROS2_Jazzy_Study/build/my_demo_pkg': DEBUGINFOD_URLS=https://debuginfod.ubuntu.com PYTHONPATH=/home/addinnedu/ROS2_Jazzy_Study/build/my_demo_pkg/prefix_override:/usr/lib/python3/dist-packages/colcon_core/task/python/colcon_distutils_commands:/home/addinnedu/ROS2_Jazzy_Study/install/my_demo_pkg/lib/python3.12/site-packages:${PYTHONPATH} /usr/bin/python3 -W ignore:setup.py install is deprecated -W ignore:easy_install command is deprecated setup.py develop --uninstall --editable --build-directory /home/addinnedu/ROS2_Jazzy_Study/build/my_demo_pkg/build
[1.897s] running develop
[2.135s] Removing /home/addinnedu/ROS2_Jazzy_Study/install/my_demo_pkg/lib/python3.12/site-packages/my-demo-pkg.egg-link (link to .)
[2.186s] Invoked command in '/home/addinnedu/ROS2_Jazzy_Study/build/my_demo_pkg' returned '0': DEBUGINFOD_URLS=https://debuginfod.ubuntu.com PYTHONPATH=/home/addinnedu/ROS2_Jazzy_Study/build/my_demo_pkg/prefix_override:/usr/lib/python3/dist-packages/colcon_core/task/python/colcon_distutils_commands:/home/addinnedu/ROS2_Jazzy_Study/install/my_demo_pkg/lib/python3.12/site-packages:${PYTHONPATH} /usr/bin/python3 -W ignore:setup.py install is deprecated -W ignore:easy_install command is deprecated setup.py develop --uninstall --editable --build-directory /home/addinnedu/ROS2_Jazzy_Study/build/my_demo_pkg/build
[2.187s] Invoking command in '/home/addinnedu/ROS2_Jazzy_Study/src/my_demo_pkg': DEBUGINFOD_URLS=https://debuginfod.ubuntu.com PYTHONPATH=/home/addinnedu/ROS2_Jazzy_Study/build/my_demo_pkg/prefix_override:/usr/lib/python3/dist-packages/colcon_core/task/python/colcon_distutils_commands:/home/addinnedu/ROS2_Jazzy_Study/install/my_demo_pkg/lib/python3.12/site-packages:${PYTHONPATH} /usr/bin/python3 -W ignore:setup.py install is deprecated -W ignore:easy_install command is deprecated setup.py egg_info --egg-base ../../build/my_demo_pkg build --build-base /home/addinnedu/ROS2_Jazzy_Study/build/my_demo_pkg/build install --record /home/addinnedu/ROS2_Jazzy_Study/build/my_demo_pkg/install.log --single-version-externally-managed install_data --force
[2.459s] running egg_info
[2.480s] writing ../../build/my_demo_pkg/my_demo_pkg.egg-info/PKG-INFO
[2.480s] writing dependency_links to ../../build/my_demo_pkg/my_demo_pkg.egg-info/dependency_links.txt
[2.481s] writing entry points to ../../build/my_demo_pkg/my_demo_pkg.egg-info/entry_points.txt
[2.481s] writing requirements to ../../build/my_demo_pkg/my_demo_pkg.egg-info/requires.txt
[2.481s] writing top-level names to ../../build/my_demo_pkg/my_demo_pkg.egg-info/top_level.txt
[2.526s] reading manifest file '../../build/my_demo_pkg/my_demo_pkg.egg-info/SOURCES.txt'
[2.527s] writing manifest file '../../build/my_demo_pkg/my_demo_pkg.egg-info/SOURCES.txt'
[2.527s] running build
[2.527s] running build_py
[2.527s] creating /home/addinnedu/ROS2_Jazzy_Study/build/my_demo_pkg/build
[2.527s] creating /home/addinnedu/ROS2_Jazzy_Study/build/my_demo_pkg/build/lib
[2.527s] creating /home/addinnedu/ROS2_Jazzy_Study/build/my_demo_pkg/build/lib/my_demo_pkg
[2.528s] copying my_demo_pkg/talker2.py -> /home/addinnedu/ROS2_Jazzy_Study/build/my_demo_pkg/build/lib/my_demo_pkg
[2.528s] copying my_demo_pkg/talker1.py -> /home/addinnedu/ROS2_Jazzy_Study/build/my_demo_pkg/build/lib/my_demo_pkg
[2.528s] copying my_demo_pkg/__init__.py -> /home/addinnedu/ROS2_Jazzy_Study/build/my_demo_pkg/build/lib/my_demo_pkg
[2.529s] running install
[2.534s] running install_lib
[2.555s] creating /home/addinnedu/ROS2_Jazzy_Study/install/my_demo_pkg/lib/python3.12/site-packages/my_demo_pkg
[2.555s] copying /home/addinnedu/ROS2_Jazzy_Study/build/my_demo_pkg/build/lib/my_demo_pkg/talker2.py -> /home/addinnedu/ROS2_Jazzy_Study/install/my_demo_pkg/lib/python3.12/site-packages/my_demo_pkg
[2.556s] copying /home/addinnedu/ROS2_Jazzy_Study/build/my_demo_pkg/build/lib/my_demo_pkg/talker1.py -> /home/addinnedu/ROS2_Jazzy_Study/install/my_demo_pkg/lib/python3.12/site-packages/my_demo_pkg
[2.556s] copying /home/addinnedu/ROS2_Jazzy_Study/build/my_demo_pkg/build/lib/my_demo_pkg/__init__.py -> /home/addinnedu/ROS2_Jazzy_Study/install/my_demo_pkg/lib/python3.12/site-packages/my_demo_pkg
[2.557s] byte-compiling /home/addinnedu/ROS2_Jazzy_Study/install/my_demo_pkg/lib/python3.12/site-packages/my_demo_pkg/talker2.py to talker2.cpython-312.pyc
[2.557s] byte-compiling /home/addinnedu/ROS2_Jazzy_Study/install/my_demo_pkg/lib/python3.12/site-packages/my_demo_pkg/talker1.py to talker1.cpython-312.pyc
[2.558s] byte-compiling /home/addinnedu/ROS2_Jazzy_Study/install/my_demo_pkg/lib/python3.12/site-packages/my_demo_pkg/__init__.py to __init__.cpython-312.pyc
[2.558s] running install_data
[2.558s] copying package.xml -> /home/addinnedu/ROS2_Jazzy_Study/install/my_demo_pkg/share/my_demo_pkg
[2.558s] running install_egg_info
[2.582s] Copying ../../build/my_demo_pkg/my_demo_pkg.egg-info to /home/addinnedu/ROS2_Jazzy_Study/install/my_demo_pkg/lib/python3.12/site-packages/my_demo_pkg-0.0.0-py3.12.egg-info
[2.583s] running install_scripts
[2.728s] Installing talker1 script to /home/addinnedu/ROS2_Jazzy_Study/install/my_demo_pkg/lib/my_demo_pkg
[2.728s] Installing talker2 script to /home/addinnedu/ROS2_Jazzy_Study/install/my_demo_pkg/lib/my_demo_pkg
[2.728s] writing list of installed files to '/home/addinnedu/ROS2_Jazzy_Study/build/my_demo_pkg/install.log'
[2.760s] Invoked command in '/home/addinnedu/ROS2_Jazzy_Study/src/my_demo_pkg' returned '0': DEBUGINFOD_URLS=https://debuginfod.ubuntu.com PYTHONPATH=/home/addinnedu/ROS2_Jazzy_Study/build/my_demo_pkg/prefix_override:/usr/lib/python3/dist-packages/colcon_core/task/python/colcon_distutils_commands:/home/addinnedu/ROS2_Jazzy_Study/install/my_demo_pkg/lib/python3.12/site-packages:${PYTHONPATH} /usr/bin/python3 -W ignore:setup.py install is deprecated -W ignore:easy_install command is deprecated setup.py egg_info --egg-base ../../build/my_demo_pkg build --build-base /home/addinnedu/ROS2_Jazzy_Study/build/my_demo_pkg/build install --record /home/addinnedu/ROS2_Jazzy_Study/build/my_demo_pkg/install.log --single-version-externally-managed install_data --force
