[1.433s] Invoking command in '/home/addinnedu/ROS2_Jazzy_Study/build/pinky_mapf': DEBUGINFOD_URLS=https://debuginfod.ubuntu.com PYTHONPATH=/home/addinnedu/ROS2_Jazzy_Study/build/pinky_mapf/prefix_override:/usr/lib/python3/dist-packages/colcon_core/task/python/colcon_distutils_commands:/home/addinnedu/ROS2_Jazzy_Study/install/pinky_mapf/lib/python3.12/site-packages:${PYTHONPATH} /usr/bin/python3 -W ignore:setup.py install is deprecated -W ignore:easy_install command is deprecated setup.py develop --editable --build-directory /home/addinnedu/ROS2_Jazzy_Study/build/pinky_mapf/build --no-deps symlink_data
[1.754s] running develop
[2.065s] running egg_info
[2.066s] creating pinky_mapf.egg-info
[2.100s] writing pinky_mapf.egg-info/PKG-INFO
[2.100s] writing dependency_links to pinky_mapf.egg-info/dependency_links.txt
[2.100s] writing entry points to pinky_mapf.egg-info/entry_points.txt
[2.100s] writing requirements to pinky_mapf.egg-info/requires.txt
[2.100s] writing top-level names to pinky_mapf.egg-info/top_level.txt
[2.101s] writing manifest file 'pinky_mapf.egg-info/SOURCES.txt'
[2.172s] reading manifest file 'pinky_mapf.egg-info/SOURCES.txt'
[2.173s] writing manifest file 'pinky_mapf.egg-info/SOURCES.txt'
[2.208s] running build_ext
[2.208s] Creating /home/addinnedu/ROS2_Jazzy_Study/install/pinky_mapf/lib/python3.12/site-packages/pinky-mapf.egg-link (link to .)
[2.209s] Installing follow_waypoints_client script to /home/addinnedu/ROS2_Jazzy_Study/install/pinky_mapf/lib/pinky_mapf
[2.210s] Installing goal_point script to /home/addinnedu/ROS2_Jazzy_Study/install/pinky_mapf/lib/pinky_mapf
[2.210s] Installing goal_point1 script to /home/addinnedu/ROS2_Jazzy_Study/install/pinky_mapf/lib/pinky_mapf
[2.211s] Installing goal_point2 script to /home/addinnedu/ROS2_Jazzy_Study/install/pinky_mapf/lib/pinky_mapf
[2.211s] Installing goal_point3 script to /home/addinnedu/ROS2_Jazzy_Study/install/pinky_mapf/lib/pinky_mapf
[2.212s] 
[2.212s] Installed /home/addinnedu/ROS2_Jazzy_Study/build/pinky_mapf
[2.212s] running symlink_data
[2.212s] creating /home/addinnedu/ROS2_Jazzy_Study/install/pinky_mapf/share/ament_index
[2.212s] creating /home/addinnedu/ROS2_Jazzy_Study/install/pinky_mapf/share/ament_index/resource_index
[2.212s] creating /home/addinnedu/ROS2_Jazzy_Study/install/pinky_mapf/share/ament_index/resource_index/packages
[2.213s] symbolically linking /home/addinnedu/ROS2_Jazzy_Study/build/pinky_mapf/resource/pinky_mapf -> /home/addinnedu/ROS2_Jazzy_Study/install/pinky_mapf/share/ament_index/resource_index/packages
[2.213s] symbolically linking /home/addinnedu/ROS2_Jazzy_Study/build/pinky_mapf/package.xml -> /home/addinnedu/ROS2_Jazzy_Study/install/pinky_mapf/share/pinky_mapf
[2.338s] Invoked command in '/home/addinnedu/ROS2_Jazzy_Study/build/pinky_mapf' returned '0': DEBUGINFOD_URLS=https://debuginfod.ubuntu.com PYTHONPATH=/home/addinnedu/ROS2_Jazzy_Study/build/pinky_mapf/prefix_override:/usr/lib/python3/dist-packages/colcon_core/task/python/colcon_distutils_commands:/home/addinnedu/ROS2_Jazzy_Study/install/pinky_mapf/lib/python3.12/site-packages:${PYTHONPATH} /usr/bin/python3 -W ignore:setup.py install is deprecated -W ignore:easy_install command is deprecated setup.py develop --editable --build-directory /home/addinnedu/ROS2_Jazzy_Study/build/pinky_mapf/build --no-deps symlink_data
