running egg_info
writing ../../build/send_goal/send_goal.egg-info/PKG-INFO
writing dependency_links to ../../build/send_goal/send_goal.egg-info/dependency_links.txt
writing entry points to ../../build/send_goal/send_goal.egg-info/entry_points.txt
writing requirements to ../../build/send_goal/send_goal.egg-info/requires.txt
writing top-level names to ../../build/send_goal/send_goal.egg-info/top_level.txt
reading manifest file '../../build/send_goal/send_goal.egg-info/SOURCES.txt'
adding license file 'LICENSE'
writing manifest file '../../build/send_goal/send_goal.egg-info/SOURCES.txt'
running build
running build_py
running install
running install_lib
running install_data
running install_egg_info
removing '/home/addinnedu/ROS2_Jazzy_Study/install/send_goal/lib/python3.12/site-packages/send_goal-0.0.0-py3.12.egg-info' (and everything under it)
Copying ../../build/send_goal/send_goal.egg-info to /home/addinnedu/ROS2_Jazzy_Study/install/send_goal/lib/python3.12/site-packages/send_goal-0.0.0-py3.12.egg-info
running install_scripts
Installing follow_waypoints_client script to /home/addinnedu/ROS2_Jazzy_Study/install/send_goal/lib/send_goal
Installing python_node script to /home/addinnedu/ROS2_Jazzy_Study/install/send_goal/lib/send_goal
Installing simple_nav_goal script to /home/addinnedu/ROS2_Jazzy_Study/install/send_goal/lib/send_goal
writing list of installed files to '/home/addinnedu/ROS2_Jazzy_Study/build/send_goal/install.log'
