[1.496s] Invoking command in '/home/addinnedu/ROS2_Jazzy_Study/src/send_goal': DEBUGINFOD_URLS=https://debuginfod.ubuntu.com PYTHONPATH=/home/addinnedu/ROS2_Jazzy_Study/build/send_goal/prefix_override:/usr/lib/python3/dist-packages/colcon_core/task/python/colcon_distutils_commands:/home/addinnedu/ROS2_Jazzy_Study/install/send_goal/lib/python3.12/site-packages:${PYTHONPATH} /usr/bin/python3 -W ignore:setup.py install is deprecated -W ignore:easy_install command is deprecated setup.py egg_info --egg-base ../../build/send_goal build --build-base /home/addinnedu/ROS2_Jazzy_Study/build/send_goal/build install --record /home/addinnedu/ROS2_Jazzy_Study/build/send_goal/install.log --single-version-externally-managed install_data
[1.758s] running egg_info
[1.779s] writing ../../build/send_goal/send_goal.egg-info/PKG-INFO
[1.779s] writing dependency_links to ../../build/send_goal/send_goal.egg-info/dependency_links.txt
[1.779s] writing entry points to ../../build/send_goal/send_goal.egg-info/entry_points.txt
[1.779s] writing requirements to ../../build/send_goal/send_goal.egg-info/requires.txt
[1.779s] writing top-level names to ../../build/send_goal/send_goal.egg-info/top_level.txt
[1.823s] reading manifest file '../../build/send_goal/send_goal.egg-info/SOURCES.txt'
[1.823s] adding license file 'LICENSE'
[1.823s] writing manifest file '../../build/send_goal/send_goal.egg-info/SOURCES.txt'
[1.823s] running build
[1.823s] running build_py
[1.824s] running install
[1.828s] running install_lib
[1.852s] running install_data
[1.852s] running install_egg_info
[1.874s] removing '/home/addinnedu/ROS2_Jazzy_Study/install/send_goal/lib/python3.12/site-packages/send_goal-0.0.0-py3.12.egg-info' (and everything under it)
[1.874s] Copying ../../build/send_goal/send_goal.egg-info to /home/addinnedu/ROS2_Jazzy_Study/install/send_goal/lib/python3.12/site-packages/send_goal-0.0.0-py3.12.egg-info
[1.875s] running install_scripts
[2.017s] Installing follow_waypoints_client script to /home/addinnedu/ROS2_Jazzy_Study/install/send_goal/lib/send_goal
[2.018s] Installing python_node script to /home/addinnedu/ROS2_Jazzy_Study/install/send_goal/lib/send_goal
[2.018s] Installing simple_nav_goal script to /home/addinnedu/ROS2_Jazzy_Study/install/send_goal/lib/send_goal
[2.018s] writing list of installed files to '/home/addinnedu/ROS2_Jazzy_Study/build/send_goal/install.log'
[2.071s] Invoked command in '/home/addinnedu/ROS2_Jazzy_Study/src/send_goal' returned '0': DEBUGINFOD_URLS=https://debuginfod.ubuntu.com PYTHONPATH=/home/addinnedu/ROS2_Jazzy_Study/build/send_goal/prefix_override:/usr/lib/python3/dist-packages/colcon_core/task/python/colcon_distutils_commands:/home/addinnedu/ROS2_Jazzy_Study/install/send_goal/lib/python3.12/site-packages:${PYTHONPATH} /usr/bin/python3 -W ignore:setup.py install is deprecated -W ignore:easy_install command is deprecated setup.py egg_info --egg-base ../../build/send_goal build --build-base /home/addinnedu/ROS2_Jazzy_Study/build/send_goal/build install --record /home/addinnedu/ROS2_Jazzy_Study/build/send_goal/install.log --single-version-externally-managed install_data
