running develop
running egg_info
writing aruco_marker_pkg.egg-info/PKG-INFO
writing dependency_links to aruco_marker_pkg.egg-info/dependency_links.txt
writing entry points to aruco_marker_pkg.egg-info/entry_points.txt
writing requirements to aruco_marker_pkg.egg-info/requires.txt
writing top-level names to aruco_marker_pkg.egg-info/top_level.txt
reading manifest file 'aruco_marker_pkg.egg-info/SOURCES.txt'
writing manifest file 'aruco_marker_pkg.egg-info/SOURCES.txt'
running build_ext
Creating /home/addinnedu/ROS2_Jazzy_Study/install/aruco_marker_pkg/lib/python3.12/site-packages/aruco-marker-pkg.egg-link (link to .)
Installing aruco_TF_broadcaster script to /home/addinnedu/ROS2_Jazzy_Study/install/aruco_marker_pkg/lib/aruco_marker_pkg
Installing aruco_odom_publisher script to /home/addinnedu/ROS2_Jazzy_Study/install/aruco_marker_pkg/lib/aruco_marker_pkg
Installing aruco_path_tracker script to /home/addinnedu/ROS2_Jazzy_Study/install/aruco_marker_pkg/lib/aruco_marker_pkg
Installing aruco_test script to /home/addinnedu/ROS2_Jazzy_Study/install/aruco_marker_pkg/lib/aruco_marker_pkg
Installing marker_publisher_node script to /home/addinnedu/ROS2_Jazzy_Study/install/aruco_marker_pkg/lib/aruco_marker_pkg
Installing monitoring_gui script to /home/addinnedu/ROS2_Jazzy_Study/install/aruco_marker_pkg/lib/aruco_marker_pkg
Installing monitoring_map_gui script to /home/addinnedu/ROS2_Jazzy_Study/install/aruco_marker_pkg/lib/aruco_marker_pkg
Installing multi_aruco_odom_publisher script to /home/addinnedu/ROS2_Jazzy_Study/install/aruco_marker_pkg/lib/aruco_marker_pkg
Installing pose_publisher script to /home/addinnedu/ROS2_Jazzy_Study/install/aruco_marker_pkg/lib/aruco_marker_pkg

Installed /home/addinnedu/ROS2_Jazzy_Study/build/aruco_marker_pkg
running symlink_data
