[0.100s] DEBUG:colcon:Command line arguments: ['/usr/bin/colcon', 'build']
[0.100s] DEBUG:colcon:Parsed command line arguments: Namespace(log_base=None, log_level=None, verb_name='build', build_base='build', install_base='install', merge_install=False, symlink_install=False, test_result_base=None, continue_on_error=False, executor='parallel', parallel_workers=16, event_handlers=None, ignore_user_meta=False, metas=['./colcon.meta'], base_paths=['.'], packages_ignore=None, packages_ignore_regex=None, paths=None, packages_up_to=None, packages_up_to_regex=None, packages_above=None, packages_above_and_dependencies=None, packages_above_depth=None, packages_select_by_dep=None, packages_skip_by_dep=None, packages_skip_up_to=None, packages_select_build_failed=False, packages_skip_build_finished=False, packages_select_test_failures=False, packages_skip_test_passed=False, packages_select=None, packages_skip=None, packages_select_regex=None, packages_skip_regex=None, packages_start=None, packages_end=None, allow_overriding=[], cmake_args=None, cmake_target=None, cmake_target_skip_unavailable=False, cmake_clean_cache=False, cmake_clean_first=False, cmake_force_configure=False, ament_cmake_args=None, catkin_cmake_args=None, catkin_skip_building_tests=False, mixin_files=None, mixin=None, verb_parser=<colcon_mixin.mixin.mixin_argument.MixinArgumentDecorator object at 0x7bf5ef1c0560>, verb_extension=<colcon_core.verb.build.BuildVerb object at 0x7bf5ef19fec0>, main=<bound method BuildVerb.main of <colcon_core.verb.build.BuildVerb object at 0x7bf5ef19fec0>>, mixin_verb=('build',))
[0.134s] Level 1:colcon.colcon_core.package_discovery:discover_packages(colcon_meta) check parameters
[0.135s] Level 1:colcon.colcon_core.package_discovery:discover_packages(recursive) check parameters
[0.135s] Level 1:colcon.colcon_core.package_discovery:discover_packages(ignore) check parameters
[0.135s] Level 1:colcon.colcon_core.package_discovery:discover_packages(path) check parameters
[0.135s] Level 1:colcon.colcon_core.package_discovery:discover_packages(colcon_meta) discover
[0.135s] Level 1:colcon.colcon_core.package_discovery:discover_packages(recursive) discover
[0.135s] INFO:colcon.colcon_core.package_discovery:Crawling recursively for packages in '/home/addinnedu/ROS2_Jazzy_Study'
[0.135s] Level 1:colcon.colcon_core.package_identification:_identify(.) by extensions ['ignore', 'ignore_ament_install']
[0.135s] Level 1:colcon.colcon_core.package_identification:_identify(.) by extension 'ignore'
[0.135s] Level 1:colcon.colcon_core.package_identification:_identify(.) by extension 'ignore_ament_install'
[0.135s] Level 1:colcon.colcon_core.package_identification:_identify(.) by extensions ['colcon_pkg']
[0.135s] Level 1:colcon.colcon_core.package_identification:_identify(.) by extension 'colcon_pkg'
[0.135s] Level 1:colcon.colcon_core.package_identification:_identify(.) by extensions ['colcon_meta']
[0.135s] Level 1:colcon.colcon_core.package_identification:_identify(.) by extension 'colcon_meta'
[0.135s] Level 1:colcon.colcon_core.package_identification:_identify(.) by extensions ['ros']
[0.135s] Level 1:colcon.colcon_core.package_identification:_identify(.) by extension 'ros'
[0.153s] Level 1:colcon.colcon_core.package_identification:_identify(.) by extensions ['cmake', 'python']
[0.153s] Level 1:colcon.colcon_core.package_identification:_identify(.) by extension 'cmake'
[0.153s] Level 1:colcon.colcon_core.package_identification:_identify(.) by extension 'python'
[0.153s] Level 1:colcon.colcon_core.package_identification:_identify(.) by extensions ['python_setup_py']
[0.153s] Level 1:colcon.colcon_core.package_identification:_identify(.) by extension 'python_setup_py'
[0.153s] Level 1:colcon.colcon_core.package_identification:_identify(build) by extensions ['ignore', 'ignore_ament_install']
[0.153s] Level 1:colcon.colcon_core.package_identification:_identify(build) by extension 'ignore'
[0.153s] Level 1:colcon.colcon_core.package_identification:_identify(build) ignored
[0.153s] Level 1:colcon.colcon_core.package_identification:_identify(install) by extensions ['ignore', 'ignore_ament_install']
[0.153s] Level 1:colcon.colcon_core.package_identification:_identify(install) by extension 'ignore'
[0.153s] Level 1:colcon.colcon_core.package_identification:_identify(install) ignored
[0.153s] Level 1:colcon.colcon_core.package_identification:_identify(log) by extensions ['ignore', 'ignore_ament_install']
[0.154s] Level 1:colcon.colcon_core.package_identification:_identify(log) by extension 'ignore'
[0.154s] Level 1:colcon.colcon_core.package_identification:_identify(log) ignored
[0.154s] Level 1:colcon.colcon_core.package_identification:_identify(src) by extensions ['ignore', 'ignore_ament_install']
[0.154s] Level 1:colcon.colcon_core.package_identification:_identify(src) by extension 'ignore'
[0.154s] Level 1:colcon.colcon_core.package_identification:_identify(src) by extension 'ignore_ament_install'
[0.154s] Level 1:colcon.colcon_core.package_identification:_identify(src) by extensions ['colcon_pkg']
[0.154s] Level 1:colcon.colcon_core.package_identification:_identify(src) by extension 'colcon_pkg'
[0.154s] Level 1:colcon.colcon_core.package_identification:_identify(src) by extensions ['colcon_meta']
[0.154s] Level 1:colcon.colcon_core.package_identification:_identify(src) by extension 'colcon_meta'
[0.154s] Level 1:colcon.colcon_core.package_identification:_identify(src) by extensions ['ros']
[0.154s] Level 1:colcon.colcon_core.package_identification:_identify(src) by extension 'ros'
[0.154s] Level 1:colcon.colcon_core.package_identification:_identify(src) by extensions ['cmake', 'python']
[0.154s] Level 1:colcon.colcon_core.package_identification:_identify(src) by extension 'cmake'
[0.154s] Level 1:colcon.colcon_core.package_identification:_identify(src) by extension 'python'
[0.154s] Level 1:colcon.colcon_core.package_identification:_identify(src) by extensions ['python_setup_py']
[0.154s] Level 1:colcon.colcon_core.package_identification:_identify(src) by extension 'python_setup_py'
[0.154s] Level 1:colcon.colcon_core.package_identification:_identify(src/ROS2_Bridge_yaml_files) by extensions ['ignore', 'ignore_ament_install']
[0.154s] Level 1:colcon.colcon_core.package_identification:_identify(src/ROS2_Bridge_yaml_files) by extension 'ignore'
[0.154s] Level 1:colcon.colcon_core.package_identification:_identify(src/ROS2_Bridge_yaml_files) by extension 'ignore_ament_install'
[0.154s] Level 1:colcon.colcon_core.package_identification:_identify(src/ROS2_Bridge_yaml_files) by extensions ['colcon_pkg']
[0.154s] Level 1:colcon.colcon_core.package_identification:_identify(src/ROS2_Bridge_yaml_files) by extension 'colcon_pkg'
[0.154s] Level 1:colcon.colcon_core.package_identification:_identify(src/ROS2_Bridge_yaml_files) by extensions ['colcon_meta']
[0.154s] Level 1:colcon.colcon_core.package_identification:_identify(src/ROS2_Bridge_yaml_files) by extension 'colcon_meta'
[0.154s] Level 1:colcon.colcon_core.package_identification:_identify(src/ROS2_Bridge_yaml_files) by extensions ['ros']
[0.154s] Level 1:colcon.colcon_core.package_identification:_identify(src/ROS2_Bridge_yaml_files) by extension 'ros'
[0.154s] Level 1:colcon.colcon_core.package_identification:_identify(src/ROS2_Bridge_yaml_files) by extensions ['cmake', 'python']
[0.155s] Level 1:colcon.colcon_core.package_identification:_identify(src/ROS2_Bridge_yaml_files) by extension 'cmake'
[0.155s] Level 1:colcon.colcon_core.package_identification:_identify(src/ROS2_Bridge_yaml_files) by extension 'python'
[0.155s] Level 1:colcon.colcon_core.package_identification:_identify(src/ROS2_Bridge_yaml_files) by extensions ['python_setup_py']
[0.155s] Level 1:colcon.colcon_core.package_identification:_identify(src/ROS2_Bridge_yaml_files) by extension 'python_setup_py'
[0.155s] Level 1:colcon.colcon_core.package_identification:_identify(src/aruco_marker_pkg) by extensions ['ignore', 'ignore_ament_install']
[0.155s] Level 1:colcon.colcon_core.package_identification:_identify(src/aruco_marker_pkg) by extension 'ignore'
[0.155s] Level 1:colcon.colcon_core.package_identification:_identify(src/aruco_marker_pkg) by extension 'ignore_ament_install'
[0.155s] Level 1:colcon.colcon_core.package_identification:_identify(src/aruco_marker_pkg) by extensions ['colcon_pkg']
[0.155s] Level 1:colcon.colcon_core.package_identification:_identify(src/aruco_marker_pkg) by extension 'colcon_pkg'
[0.155s] Level 1:colcon.colcon_core.package_identification:_identify(src/aruco_marker_pkg) by extensions ['colcon_meta']
[0.155s] Level 1:colcon.colcon_core.package_identification:_identify(src/aruco_marker_pkg) by extension 'colcon_meta'
[0.155s] Level 1:colcon.colcon_core.package_identification:_identify(src/aruco_marker_pkg) by extensions ['ros']
[0.155s] Level 1:colcon.colcon_core.package_identification:_identify(src/aruco_marker_pkg) by extension 'ros'
[0.157s] DEBUG:colcon.colcon_core.package_identification:Package 'src/aruco_marker_pkg' with type 'ros.ament_python' and name 'aruco_marker_pkg'
[0.157s] Level 1:colcon.colcon_core.package_identification:_identify(src/mapf_planner) by extensions ['ignore', 'ignore_ament_install']
[0.157s] Level 1:colcon.colcon_core.package_identification:_identify(src/mapf_planner) by extension 'ignore'
[0.157s] Level 1:colcon.colcon_core.package_identification:_identify(src/mapf_planner) by extension 'ignore_ament_install'
[0.157s] Level 1:colcon.colcon_core.package_identification:_identify(src/mapf_planner) by extensions ['colcon_pkg']
[0.157s] Level 1:colcon.colcon_core.package_identification:_identify(src/mapf_planner) by extension 'colcon_pkg'
[0.157s] Level 1:colcon.colcon_core.package_identification:_identify(src/mapf_planner) by extensions ['colcon_meta']
[0.157s] Level 1:colcon.colcon_core.package_identification:_identify(src/mapf_planner) by extension 'colcon_meta'
[0.157s] Level 1:colcon.colcon_core.package_identification:_identify(src/mapf_planner) by extensions ['ros']
[0.157s] Level 1:colcon.colcon_core.package_identification:_identify(src/mapf_planner) by extension 'ros'
[0.158s] DEBUG:colcon.colcon_core.package_identification:Package 'src/mapf_planner' with type 'ros.ament_cmake' and name 'mapf_planner'
[0.158s] Level 1:colcon.colcon_core.package_identification:_identify(src/monitoring_pkg) by extensions ['ignore', 'ignore_ament_install']
[0.158s] Level 1:colcon.colcon_core.package_identification:_identify(src/monitoring_pkg) by extension 'ignore'
[0.158s] Level 1:colcon.colcon_core.package_identification:_identify(src/monitoring_pkg) by extension 'ignore_ament_install'
[0.158s] Level 1:colcon.colcon_core.package_identification:_identify(src/monitoring_pkg) by extensions ['colcon_pkg']
[0.158s] Level 1:colcon.colcon_core.package_identification:_identify(src/monitoring_pkg) by extension 'colcon_pkg'
[0.158s] Level 1:colcon.colcon_core.package_identification:_identify(src/monitoring_pkg) by extensions ['colcon_meta']
[0.158s] Level 1:colcon.colcon_core.package_identification:_identify(src/monitoring_pkg) by extension 'colcon_meta'
[0.158s] Level 1:colcon.colcon_core.package_identification:_identify(src/monitoring_pkg) by extensions ['ros']
[0.158s] Level 1:colcon.colcon_core.package_identification:_identify(src/monitoring_pkg) by extension 'ros'
[0.159s] DEBUG:colcon.colcon_core.package_identification:Package 'src/monitoring_pkg' with type 'ros.ament_cmake' and name 'monitoring_pkg'
[0.159s] Level 1:colcon.colcon_core.package_identification:_identify(src/my_demo_pkg) by extensions ['ignore', 'ignore_ament_install']
[0.159s] Level 1:colcon.colcon_core.package_identification:_identify(src/my_demo_pkg) by extension 'ignore'
[0.159s] Level 1:colcon.colcon_core.package_identification:_identify(src/my_demo_pkg) by extension 'ignore_ament_install'
[0.159s] Level 1:colcon.colcon_core.package_identification:_identify(src/my_demo_pkg) by extensions ['colcon_pkg']
[0.159s] Level 1:colcon.colcon_core.package_identification:_identify(src/my_demo_pkg) by extension 'colcon_pkg'
[0.159s] Level 1:colcon.colcon_core.package_identification:_identify(src/my_demo_pkg) by extensions ['colcon_meta']
[0.159s] Level 1:colcon.colcon_core.package_identification:_identify(src/my_demo_pkg) by extension 'colcon_meta'
[0.159s] Level 1:colcon.colcon_core.package_identification:_identify(src/my_demo_pkg) by extensions ['ros']
[0.159s] Level 1:colcon.colcon_core.package_identification:_identify(src/my_demo_pkg) by extension 'ros'
[0.160s] DEBUG:colcon.colcon_core.package_identification:Package 'src/my_demo_pkg' with type 'ros.ament_python' and name 'my_demo_pkg'
[0.160s] Level 1:colcon.colcon_core.package_identification:_identify(src/pinky_camera) by extensions ['ignore', 'ignore_ament_install']
[0.160s] Level 1:colcon.colcon_core.package_identification:_identify(src/pinky_camera) by extension 'ignore'
[0.160s] Level 1:colcon.colcon_core.package_identification:_identify(src/pinky_camera) by extension 'ignore_ament_install'
[0.160s] Level 1:colcon.colcon_core.package_identification:_identify(src/pinky_camera) by extensions ['colcon_pkg']
[0.160s] Level 1:colcon.colcon_core.package_identification:_identify(src/pinky_camera) by extension 'colcon_pkg'
[0.160s] Level 1:colcon.colcon_core.package_identification:_identify(src/pinky_camera) by extensions ['colcon_meta']
[0.160s] Level 1:colcon.colcon_core.package_identification:_identify(src/pinky_camera) by extension 'colcon_meta'
[0.160s] Level 1:colcon.colcon_core.package_identification:_identify(src/pinky_camera) by extensions ['ros']
[0.160s] Level 1:colcon.colcon_core.package_identification:_identify(src/pinky_camera) by extension 'ros'
[0.160s] Level 1:colcon.colcon_core.package_identification:_identify(src/pinky_camera) by extensions ['cmake', 'python']
[0.160s] Level 1:colcon.colcon_core.package_identification:_identify(src/pinky_camera) by extension 'cmake'
[0.160s] Level 1:colcon.colcon_core.package_identification:_identify(src/pinky_camera) by extension 'python'
[0.160s] Level 1:colcon.colcon_core.package_identification:_identify(src/pinky_camera) by extensions ['python_setup_py']
[0.160s] Level 1:colcon.colcon_core.package_identification:_identify(src/pinky_camera) by extension 'python_setup_py'
[0.160s] Level 1:colcon.colcon_core.package_identification:_identify(src/pinky_mapf) by extensions ['ignore', 'ignore_ament_install']
[0.160s] Level 1:colcon.colcon_core.package_identification:_identify(src/pinky_mapf) by extension 'ignore'
[0.160s] Level 1:colcon.colcon_core.package_identification:_identify(src/pinky_mapf) by extension 'ignore_ament_install'
[0.160s] Level 1:colcon.colcon_core.package_identification:_identify(src/pinky_mapf) by extensions ['colcon_pkg']
[0.160s] Level 1:colcon.colcon_core.package_identification:_identify(src/pinky_mapf) by extension 'colcon_pkg'
[0.160s] Level 1:colcon.colcon_core.package_identification:_identify(src/pinky_mapf) by extensions ['colcon_meta']
[0.160s] Level 1:colcon.colcon_core.package_identification:_identify(src/pinky_mapf) by extension 'colcon_meta'
[0.160s] Level 1:colcon.colcon_core.package_identification:_identify(src/pinky_mapf) by extensions ['ros']
[0.160s] Level 1:colcon.colcon_core.package_identification:_identify(src/pinky_mapf) by extension 'ros'
[0.161s] DEBUG:colcon.colcon_core.package_identification:Package 'src/pinky_mapf' with type 'ros.ament_python' and name 'pinky_mapf'
[0.161s] Level 1:colcon.colcon_core.package_identification:_identify(src/pinky_rmf) by extensions ['ignore', 'ignore_ament_install']
[0.161s] Level 1:colcon.colcon_core.package_identification:_identify(src/pinky_rmf) by extension 'ignore'
[0.161s] Level 1:colcon.colcon_core.package_identification:_identify(src/pinky_rmf) by extension 'ignore_ament_install'
[0.161s] Level 1:colcon.colcon_core.package_identification:_identify(src/pinky_rmf) by extensions ['colcon_pkg']
[0.161s] Level 1:colcon.colcon_core.package_identification:_identify(src/pinky_rmf) by extension 'colcon_pkg'
[0.161s] Level 1:colcon.colcon_core.package_identification:_identify(src/pinky_rmf) by extensions ['colcon_meta']
[0.161s] Level 1:colcon.colcon_core.package_identification:_identify(src/pinky_rmf) by extension 'colcon_meta'
[0.161s] Level 1:colcon.colcon_core.package_identification:_identify(src/pinky_rmf) by extensions ['ros']
[0.161s] Level 1:colcon.colcon_core.package_identification:_identify(src/pinky_rmf) by extension 'ros'
[0.162s] DEBUG:colcon.colcon_core.package_identification:Package 'src/pinky_rmf' with type 'ros.ament_cmake' and name 'pinky_rmf'
[0.162s] Level 1:colcon.colcon_core.package_identification:_identify(src/send_goal) by extensions ['ignore', 'ignore_ament_install']
[0.162s] Level 1:colcon.colcon_core.package_identification:_identify(src/send_goal) by extension 'ignore'
[0.162s] Level 1:colcon.colcon_core.package_identification:_identify(src/send_goal) by extension 'ignore_ament_install'
[0.162s] Level 1:colcon.colcon_core.package_identification:_identify(src/send_goal) by extensions ['colcon_pkg']
[0.162s] Level 1:colcon.colcon_core.package_identification:_identify(src/send_goal) by extension 'colcon_pkg'
[0.162s] Level 1:colcon.colcon_core.package_identification:_identify(src/send_goal) by extensions ['colcon_meta']
[0.162s] Level 1:colcon.colcon_core.package_identification:_identify(src/send_goal) by extension 'colcon_meta'
[0.162s] Level 1:colcon.colcon_core.package_identification:_identify(src/send_goal) by extensions ['ros']
[0.162s] Level 1:colcon.colcon_core.package_identification:_identify(src/send_goal) by extension 'ros'
[0.162s] DEBUG:colcon.colcon_core.package_identification:Package 'src/send_goal' with type 'ros.ament_python' and name 'send_goal'
[0.162s] Level 1:colcon.colcon_core.package_identification:_identify(src/traffic_planner) by extensions ['ignore', 'ignore_ament_install']
[0.162s] Level 1:colcon.colcon_core.package_identification:_identify(src/traffic_planner) by extension 'ignore'
[0.162s] Level 1:colcon.colcon_core.package_identification:_identify(src/traffic_planner) by extension 'ignore_ament_install'
[0.162s] Level 1:colcon.colcon_core.package_identification:_identify(src/traffic_planner) by extensions ['colcon_pkg']
[0.162s] Level 1:colcon.colcon_core.package_identification:_identify(src/traffic_planner) by extension 'colcon_pkg'
[0.162s] Level 1:colcon.colcon_core.package_identification:_identify(src/traffic_planner) by extensions ['colcon_meta']
[0.162s] Level 1:colcon.colcon_core.package_identification:_identify(src/traffic_planner) by extension 'colcon_meta'
[0.163s] Level 1:colcon.colcon_core.package_identification:_identify(src/traffic_planner) by extensions ['ros']
[0.163s] Level 1:colcon.colcon_core.package_identification:_identify(src/traffic_planner) by extension 'ros'
[0.163s] DEBUG:colcon.colcon_core.package_identification:Package 'src/traffic_planner' with type 'ros.ament_cmake' and name 'traffic_planner'
[0.163s] Level 1:colcon.colcon_core.package_discovery:discover_packages(recursive) using defaults
[0.163s] Level 1:colcon.colcon_core.package_discovery:discover_packages(ignore) discover
[0.163s] Level 1:colcon.colcon_core.package_discovery:discover_packages(ignore) using defaults
[0.163s] Level 1:colcon.colcon_core.package_discovery:discover_packages(path) discover
[0.163s] Level 1:colcon.colcon_core.package_discovery:discover_packages(path) using defaults
[0.178s] Level 1:colcon.colcon_core.package_discovery:discover_packages(prefix_path) check parameters
[0.178s] Level 1:colcon.colcon_core.package_discovery:discover_packages(prefix_path) discover
[0.180s] DEBUG:colcon.colcon_installed_package_information.package_discovery:Found 8 installed packages in /home/addinnedu/ROS2_Jazzy_Study/install
[0.180s] DEBUG:colcon.colcon_installed_package_information.package_discovery:Found 3 installed packages in /home/addinnedu/Rotus_team/roscamp-repo-3/Ros_Files/install
[0.182s] DEBUG:colcon.colcon_installed_package_information.package_discovery:Found 466 installed packages in /opt/ros/jazzy
[0.183s] Level 1:colcon.colcon_core.package_discovery:discover_packages(prefix_path) using defaults
[0.232s] Level 5:colcon.colcon_core.verb:set package 'aruco_marker_pkg' build argument 'cmake_args' from command line to 'None'
[0.232s] Level 5:colcon.colcon_core.verb:set package 'aruco_marker_pkg' build argument 'cmake_target' from command line to 'None'
[0.232s] Level 5:colcon.colcon_core.verb:set package 'aruco_marker_pkg' build argument 'cmake_target_skip_unavailable' from command line to 'False'
[0.232s] Level 5:colcon.colcon_core.verb:set package 'aruco_marker_pkg' build argument 'cmake_clean_cache' from command line to 'False'
[0.232s] Level 5:colcon.colcon_core.verb:set package 'aruco_marker_pkg' build argument 'cmake_clean_first' from command line to 'False'
[0.232s] Level 5:colcon.colcon_core.verb:set package 'aruco_marker_pkg' build argument 'cmake_force_configure' from command line to 'False'
[0.232s] Level 5:colcon.colcon_core.verb:set package 'aruco_marker_pkg' build argument 'ament_cmake_args' from command line to 'None'
[0.232s] Level 5:colcon.colcon_core.verb:set package 'aruco_marker_pkg' build argument 'catkin_cmake_args' from command line to 'None'
[0.232s] Level 5:colcon.colcon_core.verb:set package 'aruco_marker_pkg' build argument 'catkin_skip_building_tests' from command line to 'False'
[0.232s] DEBUG:colcon.colcon_core.verb:Building package 'aruco_marker_pkg' with the following arguments: {'ament_cmake_args': None, 'build_base': '/home/addinnedu/ROS2_Jazzy_Study/build/aruco_marker_pkg', 'catkin_cmake_args': None, 'catkin_skip_building_tests': False, 'cmake_args': None, 'cmake_clean_cache': False, 'cmake_clean_first': False, 'cmake_force_configure': False, 'cmake_target': None, 'cmake_target_skip_unavailable': False, 'install_base': '/home/addinnedu/ROS2_Jazzy_Study/install/aruco_marker_pkg', 'merge_install': False, 'path': '/home/addinnedu/ROS2_Jazzy_Study/src/aruco_marker_pkg', 'symlink_install': False, 'test_result_base': None}
[0.233s] Level 5:colcon.colcon_core.verb:set package 'mapf_planner' build argument 'cmake_args' from command line to 'None'
[0.233s] Level 5:colcon.colcon_core.verb:set package 'mapf_planner' build argument 'cmake_target' from command line to 'None'
[0.233s] Level 5:colcon.colcon_core.verb:set package 'mapf_planner' build argument 'cmake_target_skip_unavailable' from command line to 'False'
[0.233s] Level 5:colcon.colcon_core.verb:set package 'mapf_planner' build argument 'cmake_clean_cache' from command line to 'False'
[0.233s] Level 5:colcon.colcon_core.verb:set package 'mapf_planner' build argument 'cmake_clean_first' from command line to 'False'
[0.233s] Level 5:colcon.colcon_core.verb:set package 'mapf_planner' build argument 'cmake_force_configure' from command line to 'False'
[0.233s] Level 5:colcon.colcon_core.verb:set package 'mapf_planner' build argument 'ament_cmake_args' from command line to 'None'
[0.233s] Level 5:colcon.colcon_core.verb:set package 'mapf_planner' build argument 'catkin_cmake_args' from command line to 'None'
[0.233s] Level 5:colcon.colcon_core.verb:set package 'mapf_planner' build argument 'catkin_skip_building_tests' from command line to 'False'
[0.233s] DEBUG:colcon.colcon_core.verb:Building package 'mapf_planner' with the following arguments: {'ament_cmake_args': None, 'build_base': '/home/addinnedu/ROS2_Jazzy_Study/build/mapf_planner', 'catkin_cmake_args': None, 'catkin_skip_building_tests': False, 'cmake_args': None, 'cmake_clean_cache': False, 'cmake_clean_first': False, 'cmake_force_configure': False, 'cmake_target': None, 'cmake_target_skip_unavailable': False, 'install_base': '/home/addinnedu/ROS2_Jazzy_Study/install/mapf_planner', 'merge_install': False, 'path': '/home/addinnedu/ROS2_Jazzy_Study/src/mapf_planner', 'symlink_install': False, 'test_result_base': None}
[0.233s] Level 5:colcon.colcon_core.verb:set package 'monitoring_pkg' build argument 'cmake_args' from command line to 'None'
[0.233s] Level 5:colcon.colcon_core.verb:set package 'monitoring_pkg' build argument 'cmake_target' from command line to 'None'
[0.233s] Level 5:colcon.colcon_core.verb:set package 'monitoring_pkg' build argument 'cmake_target_skip_unavailable' from command line to 'False'
[0.233s] Level 5:colcon.colcon_core.verb:set package 'monitoring_pkg' build argument 'cmake_clean_cache' from command line to 'False'
[0.233s] Level 5:colcon.colcon_core.verb:set package 'monitoring_pkg' build argument 'cmake_clean_first' from command line to 'False'
[0.233s] Level 5:colcon.colcon_core.verb:set package 'monitoring_pkg' build argument 'cmake_force_configure' from command line to 'False'
[0.233s] Level 5:colcon.colcon_core.verb:set package 'monitoring_pkg' build argument 'ament_cmake_args' from command line to 'None'
[0.233s] Level 5:colcon.colcon_core.verb:set package 'monitoring_pkg' build argument 'catkin_cmake_args' from command line to 'None'
[0.233s] Level 5:colcon.colcon_core.verb:set package 'monitoring_pkg' build argument 'catkin_skip_building_tests' from command line to 'False'
[0.233s] DEBUG:colcon.colcon_core.verb:Building package 'monitoring_pkg' with the following arguments: {'ament_cmake_args': None, 'build_base': '/home/addinnedu/ROS2_Jazzy_Study/build/monitoring_pkg', 'catkin_cmake_args': None, 'catkin_skip_building_tests': False, 'cmake_args': None, 'cmake_clean_cache': False, 'cmake_clean_first': False, 'cmake_force_configure': False, 'cmake_target': None, 'cmake_target_skip_unavailable': False, 'install_base': '/home/addinnedu/ROS2_Jazzy_Study/install/monitoring_pkg', 'merge_install': False, 'path': '/home/addinnedu/ROS2_Jazzy_Study/src/monitoring_pkg', 'symlink_install': False, 'test_result_base': None}
[0.233s] Level 5:colcon.colcon_core.verb:set package 'my_demo_pkg' build argument 'cmake_args' from command line to 'None'
[0.233s] Level 5:colcon.colcon_core.verb:set package 'my_demo_pkg' build argument 'cmake_target' from command line to 'None'
[0.233s] Level 5:colcon.colcon_core.verb:set package 'my_demo_pkg' build argument 'cmake_target_skip_unavailable' from command line to 'False'
[0.233s] Level 5:colcon.colcon_core.verb:set package 'my_demo_pkg' build argument 'cmake_clean_cache' from command line to 'False'
[0.233s] Level 5:colcon.colcon_core.verb:set package 'my_demo_pkg' build argument 'cmake_clean_first' from command line to 'False'
[0.233s] Level 5:colcon.colcon_core.verb:set package 'my_demo_pkg' build argument 'cmake_force_configure' from command line to 'False'
[0.233s] Level 5:colcon.colcon_core.verb:set package 'my_demo_pkg' build argument 'ament_cmake_args' from command line to 'None'
[0.233s] Level 5:colcon.colcon_core.verb:set package 'my_demo_pkg' build argument 'catkin_cmake_args' from command line to 'None'
[0.233s] Level 5:colcon.colcon_core.verb:set package 'my_demo_pkg' build argument 'catkin_skip_building_tests' from command line to 'False'
[0.233s] DEBUG:colcon.colcon_core.verb:Building package 'my_demo_pkg' with the following arguments: {'ament_cmake_args': None, 'build_base': '/home/addinnedu/ROS2_Jazzy_Study/build/my_demo_pkg', 'catkin_cmake_args': None, 'catkin_skip_building_tests': False, 'cmake_args': None, 'cmake_clean_cache': False, 'cmake_clean_first': False, 'cmake_force_configure': False, 'cmake_target': None, 'cmake_target_skip_unavailable': False, 'install_base': '/home/addinnedu/ROS2_Jazzy_Study/install/my_demo_pkg', 'merge_install': False, 'path': '/home/addinnedu/ROS2_Jazzy_Study/src/my_demo_pkg', 'symlink_install': False, 'test_result_base': None}
[0.233s] Level 5:colcon.colcon_core.verb:set package 'pinky_mapf' build argument 'cmake_args' from command line to 'None'
[0.233s] Level 5:colcon.colcon_core.verb:set package 'pinky_mapf' build argument 'cmake_target' from command line to 'None'
[0.233s] Level 5:colcon.colcon_core.verb:set package 'pinky_mapf' build argument 'cmake_target_skip_unavailable' from command line to 'False'
[0.234s] Level 5:colcon.colcon_core.verb:set package 'pinky_mapf' build argument 'cmake_clean_cache' from command line to 'False'
[0.234s] Level 5:colcon.colcon_core.verb:set package 'pinky_mapf' build argument 'cmake_clean_first' from command line to 'False'
[0.234s] Level 5:colcon.colcon_core.verb:set package 'pinky_mapf' build argument 'cmake_force_configure' from command line to 'False'
[0.234s] Level 5:colcon.colcon_core.verb:set package 'pinky_mapf' build argument 'ament_cmake_args' from command line to 'None'
[0.234s] Level 5:colcon.colcon_core.verb:set package 'pinky_mapf' build argument 'catkin_cmake_args' from command line to 'None'
[0.234s] Level 5:colcon.colcon_core.verb:set package 'pinky_mapf' build argument 'catkin_skip_building_tests' from command line to 'False'
[0.234s] DEBUG:colcon.colcon_core.verb:Building package 'pinky_mapf' with the following arguments: {'ament_cmake_args': None, 'build_base': '/home/addinnedu/ROS2_Jazzy_Study/build/pinky_mapf', 'catkin_cmake_args': None, 'catkin_skip_building_tests': False, 'cmake_args': None, 'cmake_clean_cache': False, 'cmake_clean_first': False, 'cmake_force_configure': False, 'cmake_target': None, 'cmake_target_skip_unavailable': False, 'install_base': '/home/addinnedu/ROS2_Jazzy_Study/install/pinky_mapf', 'merge_install': False, 'path': '/home/addinnedu/ROS2_Jazzy_Study/src/pinky_mapf', 'symlink_install': False, 'test_result_base': None}
[0.234s] Level 5:colcon.colcon_core.verb:set package 'pinky_rmf' build argument 'cmake_args' from command line to 'None'
[0.234s] Level 5:colcon.colcon_core.verb:set package 'pinky_rmf' build argument 'cmake_target' from command line to 'None'
[0.234s] Level 5:colcon.colcon_core.verb:set package 'pinky_rmf' build argument 'cmake_target_skip_unavailable' from command line to 'False'
[0.234s] Level 5:colcon.colcon_core.verb:set package 'pinky_rmf' build argument 'cmake_clean_cache' from command line to 'False'
[0.234s] Level 5:colcon.colcon_core.verb:set package 'pinky_rmf' build argument 'cmake_clean_first' from command line to 'False'
[0.234s] Level 5:colcon.colcon_core.verb:set package 'pinky_rmf' build argument 'cmake_force_configure' from command line to 'False'
[0.234s] Level 5:colcon.colcon_core.verb:set package 'pinky_rmf' build argument 'ament_cmake_args' from command line to 'None'
[0.234s] Level 5:colcon.colcon_core.verb:set package 'pinky_rmf' build argument 'catkin_cmake_args' from command line to 'None'
[0.234s] Level 5:colcon.colcon_core.verb:set package 'pinky_rmf' build argument 'catkin_skip_building_tests' from command line to 'False'
[0.234s] DEBUG:colcon.colcon_core.verb:Building package 'pinky_rmf' with the following arguments: {'ament_cmake_args': None, 'build_base': '/home/addinnedu/ROS2_Jazzy_Study/build/pinky_rmf', 'catkin_cmake_args': None, 'catkin_skip_building_tests': False, 'cmake_args': None, 'cmake_clean_cache': False, 'cmake_clean_first': False, 'cmake_force_configure': False, 'cmake_target': None, 'cmake_target_skip_unavailable': False, 'install_base': '/home/addinnedu/ROS2_Jazzy_Study/install/pinky_rmf', 'merge_install': False, 'path': '/home/addinnedu/ROS2_Jazzy_Study/src/pinky_rmf', 'symlink_install': False, 'test_result_base': None}
[0.234s] Level 5:colcon.colcon_core.verb:set package 'send_goal' build argument 'cmake_args' from command line to 'None'
[0.234s] Level 5:colcon.colcon_core.verb:set package 'send_goal' build argument 'cmake_target' from command line to 'None'
[0.234s] Level 5:colcon.colcon_core.verb:set package 'send_goal' build argument 'cmake_target_skip_unavailable' from command line to 'False'
[0.234s] Level 5:colcon.colcon_core.verb:set package 'send_goal' build argument 'cmake_clean_cache' from command line to 'False'
[0.234s] Level 5:colcon.colcon_core.verb:set package 'send_goal' build argument 'cmake_clean_first' from command line to 'False'
[0.234s] Level 5:colcon.colcon_core.verb:set package 'send_goal' build argument 'cmake_force_configure' from command line to 'False'
[0.234s] Level 5:colcon.colcon_core.verb:set package 'send_goal' build argument 'ament_cmake_args' from command line to 'None'
[0.234s] Level 5:colcon.colcon_core.verb:set package 'send_goal' build argument 'catkin_cmake_args' from command line to 'None'
[0.234s] Level 5:colcon.colcon_core.verb:set package 'send_goal' build argument 'catkin_skip_building_tests' from command line to 'False'
[0.234s] DEBUG:colcon.colcon_core.verb:Building package 'send_goal' with the following arguments: {'ament_cmake_args': None, 'build_base': '/home/addinnedu/ROS2_Jazzy_Study/build/send_goal', 'catkin_cmake_args': None, 'catkin_skip_building_tests': False, 'cmake_args': None, 'cmake_clean_cache': False, 'cmake_clean_first': False, 'cmake_force_configure': False, 'cmake_target': None, 'cmake_target_skip_unavailable': False, 'install_base': '/home/addinnedu/ROS2_Jazzy_Study/install/send_goal', 'merge_install': False, 'path': '/home/addinnedu/ROS2_Jazzy_Study/src/send_goal', 'symlink_install': False, 'test_result_base': None}
[0.234s] Level 5:colcon.colcon_core.verb:set package 'traffic_planner' build argument 'cmake_args' from command line to 'None'
[0.234s] Level 5:colcon.colcon_core.verb:set package 'traffic_planner' build argument 'cmake_target' from command line to 'None'
[0.234s] Level 5:colcon.colcon_core.verb:set package 'traffic_planner' build argument 'cmake_target_skip_unavailable' from command line to 'False'
[0.234s] Level 5:colcon.colcon_core.verb:set package 'traffic_planner' build argument 'cmake_clean_cache' from command line to 'False'
[0.234s] Level 5:colcon.colcon_core.verb:set package 'traffic_planner' build argument 'cmake_clean_first' from command line to 'False'
[0.234s] Level 5:colcon.colcon_core.verb:set package 'traffic_planner' build argument 'cmake_force_configure' from command line to 'False'
[0.234s] Level 5:colcon.colcon_core.verb:set package 'traffic_planner' build argument 'ament_cmake_args' from command line to 'None'
[0.234s] Level 5:colcon.colcon_core.verb:set package 'traffic_planner' build argument 'catkin_cmake_args' from command line to 'None'
[0.234s] Level 5:colcon.colcon_core.verb:set package 'traffic_planner' build argument 'catkin_skip_building_tests' from command line to 'False'
[0.234s] DEBUG:colcon.colcon_core.verb:Building package 'traffic_planner' with the following arguments: {'ament_cmake_args': None, 'build_base': '/home/addinnedu/ROS2_Jazzy_Study/build/traffic_planner', 'catkin_cmake_args': None, 'catkin_skip_building_tests': False, 'cmake_args': None, 'cmake_clean_cache': False, 'cmake_clean_first': False, 'cmake_force_configure': False, 'cmake_target': None, 'cmake_target_skip_unavailable': False, 'install_base': '/home/addinnedu/ROS2_Jazzy_Study/install/traffic_planner', 'merge_install': False, 'path': '/home/addinnedu/ROS2_Jazzy_Study/src/traffic_planner', 'symlink_install': False, 'test_result_base': None}
[0.235s] INFO:colcon.colcon_core.executor:Executing jobs using 'parallel' executor
[0.236s] DEBUG:colcon.colcon_parallel_executor.executor.parallel:run_until_complete
[0.237s] INFO:colcon.colcon_ros.task.ament_python.build:Building ROS package in '/home/addinnedu/ROS2_Jazzy_Study/src/aruco_marker_pkg' with build type 'ament_python'
[0.237s] Level 1:colcon.colcon_core.shell:create_environment_hook('aruco_marker_pkg', 'ament_prefix_path')
[0.238s] INFO:colcon.colcon_core.plugin_system:Skipping extension 'colcon_core.shell.bat': Not used on non-Windows systems
[0.238s] INFO:colcon.colcon_core.shell:Creating environment hook '/home/addinnedu/ROS2_Jazzy_Study/install/aruco_marker_pkg/share/aruco_marker_pkg/hook/ament_prefix_path.ps1'
[0.239s] INFO:colcon.colcon_core.shell:Creating environment descriptor '/home/addinnedu/ROS2_Jazzy_Study/install/aruco_marker_pkg/share/aruco_marker_pkg/hook/ament_prefix_path.dsv'
[0.239s] INFO:colcon.colcon_core.shell:Creating environment hook '/home/addinnedu/ROS2_Jazzy_Study/install/aruco_marker_pkg/share/aruco_marker_pkg/hook/ament_prefix_path.sh'
[0.240s] INFO:colcon.colcon_core.shell:Skip shell extension 'powershell' for command environment: Not usable outside of PowerShell
[0.240s] DEBUG:colcon.colcon_core.shell:Skip shell extension 'dsv' for command environment
[0.244s] INFO:colcon.colcon_ros.task.ament_cmake.build:Building ROS package in '/home/addinnedu/ROS2_Jazzy_Study/src/mapf_planner' with build type 'ament_cmake'
[0.244s] INFO:colcon.colcon_cmake.task.cmake.build:Building CMake package in '/home/addinnedu/ROS2_Jazzy_Study/src/mapf_planner'
[0.244s] INFO:colcon.colcon_core.shell:Skip shell extension 'powershell' for command environment: Not usable outside of PowerShell
[0.244s] DEBUG:colcon.colcon_core.shell:Skip shell extension 'dsv' for command environment
[0.263s] INFO:colcon.colcon_ros.task.ament_cmake.build:Building ROS package in '/home/addinnedu/ROS2_Jazzy_Study/src/monitoring_pkg' with build type 'ament_cmake'
[0.263s] INFO:colcon.colcon_cmake.task.cmake.build:Building CMake package in '/home/addinnedu/ROS2_Jazzy_Study/src/monitoring_pkg'
[0.263s] INFO:colcon.colcon_core.shell:Skip shell extension 'powershell' for command environment: Not usable outside of PowerShell
[0.263s] DEBUG:colcon.colcon_core.shell:Skip shell extension 'dsv' for command environment
[0.267s] INFO:colcon.colcon_ros.task.ament_python.build:Building ROS package in '/home/addinnedu/ROS2_Jazzy_Study/src/my_demo_pkg' with build type 'ament_python'
[0.267s] Level 1:colcon.colcon_core.shell:create_environment_hook('my_demo_pkg', 'ament_prefix_path')
[0.267s] INFO:colcon.colcon_core.shell:Creating environment hook '/home/addinnedu/ROS2_Jazzy_Study/install/my_demo_pkg/share/my_demo_pkg/hook/ament_prefix_path.ps1'
[0.268s] INFO:colcon.colcon_core.shell:Creating environment descriptor '/home/addinnedu/ROS2_Jazzy_Study/install/my_demo_pkg/share/my_demo_pkg/hook/ament_prefix_path.dsv'
[0.268s] INFO:colcon.colcon_core.shell:Creating environment hook '/home/addinnedu/ROS2_Jazzy_Study/install/my_demo_pkg/share/my_demo_pkg/hook/ament_prefix_path.sh'
[0.269s] INFO:colcon.colcon_core.shell:Skip shell extension 'powershell' for command environment: Not usable outside of PowerShell
[0.269s] DEBUG:colcon.colcon_core.shell:Skip shell extension 'dsv' for command environment
[0.272s] INFO:colcon.colcon_ros.task.ament_python.build:Building ROS package in '/home/addinnedu/ROS2_Jazzy_Study/src/pinky_mapf' with build type 'ament_python'
[0.272s] Level 1:colcon.colcon_core.shell:create_environment_hook('pinky_mapf', 'ament_prefix_path')
[0.272s] INFO:colcon.colcon_core.shell:Creating environment hook '/home/addinnedu/ROS2_Jazzy_Study/install/pinky_mapf/share/pinky_mapf/hook/ament_prefix_path.ps1'
[0.273s] INFO:colcon.colcon_core.shell:Creating environment descriptor '/home/addinnedu/ROS2_Jazzy_Study/install/pinky_mapf/share/pinky_mapf/hook/ament_prefix_path.dsv'
[0.273s] INFO:colcon.colcon_core.shell:Creating environment hook '/home/addinnedu/ROS2_Jazzy_Study/install/pinky_mapf/share/pinky_mapf/hook/ament_prefix_path.sh'
[0.273s] INFO:colcon.colcon_core.shell:Skip shell extension 'powershell' for command environment: Not usable outside of PowerShell
[0.273s] DEBUG:colcon.colcon_core.shell:Skip shell extension 'dsv' for command environment
[0.276s] INFO:colcon.colcon_ros.task.ament_cmake.build:Building ROS package in '/home/addinnedu/ROS2_Jazzy_Study/src/pinky_rmf' with build type 'ament_cmake'
[0.276s] INFO:colcon.colcon_cmake.task.cmake.build:Building CMake package in '/home/addinnedu/ROS2_Jazzy_Study/src/pinky_rmf'
[0.277s] INFO:colcon.colcon_core.shell:Skip shell extension 'powershell' for command environment: Not usable outside of PowerShell
[0.277s] DEBUG:colcon.colcon_core.shell:Skip shell extension 'dsv' for command environment
[0.280s] INFO:colcon.colcon_ros.task.ament_python.build:Building ROS package in '/home/addinnedu/ROS2_Jazzy_Study/src/send_goal' with build type 'ament_python'
[0.280s] Level 1:colcon.colcon_core.shell:create_environment_hook('send_goal', 'ament_prefix_path')
[0.280s] INFO:colcon.colcon_core.shell:Creating environment hook '/home/addinnedu/ROS2_Jazzy_Study/install/send_goal/share/send_goal/hook/ament_prefix_path.ps1'
[0.281s] INFO:colcon.colcon_core.shell:Creating environment descriptor '/home/addinnedu/ROS2_Jazzy_Study/install/send_goal/share/send_goal/hook/ament_prefix_path.dsv'
[0.281s] INFO:colcon.colcon_core.shell:Creating environment hook '/home/addinnedu/ROS2_Jazzy_Study/install/send_goal/share/send_goal/hook/ament_prefix_path.sh'
[0.281s] INFO:colcon.colcon_core.shell:Skip shell extension 'powershell' for command environment: Not usable outside of PowerShell
[0.281s] DEBUG:colcon.colcon_core.shell:Skip shell extension 'dsv' for command environment
[0.284s] INFO:colcon.colcon_ros.task.ament_cmake.build:Building ROS package in '/home/addinnedu/ROS2_Jazzy_Study/src/traffic_planner' with build type 'ament_cmake'
[0.284s] INFO:colcon.colcon_cmake.task.cmake.build:Building CMake package in '/home/addinnedu/ROS2_Jazzy_Study/src/traffic_planner'
[0.285s] INFO:colcon.colcon_core.shell:Skip shell extension 'powershell' for command environment: Not usable outside of PowerShell
[0.285s] DEBUG:colcon.colcon_core.shell:Skip shell extension 'dsv' for command environment
[0.488s] INFO:colcon.colcon_core.task.python.build:Building Python package in '/home/addinnedu/ROS2_Jazzy_Study/src/aruco_marker_pkg'
[0.489s] INFO:colcon.colcon_core.shell:Skip shell extension 'powershell' for command environment: Not usable outside of PowerShell
[0.489s] DEBUG:colcon.colcon_core.shell:Skip shell extension 'dsv' for command environment
[0.496s] DEBUG:colcon.colcon_core.event_handler.log_command:Invoking command in '/home/addinnedu/ROS2_Jazzy_Study/build/mapf_planner': CMAKE_PREFIX_PATH=${CMAKE_PREFIX_PATH}:/home/addinnedu/ROS2_Jazzy_Study/install/send_goal:/home/addinnedu/ROS2_Jazzy_Study/install/pinky_mapf:/home/addinnedu/ROS2_Jazzy_Study/install/my_demo_pkg:/home/addinnedu/ROS2_Jazzy_Study/install/aruco_marker_pkg:/opt/ros/jazzy DEBUGINFOD_URLS=https://debuginfod.ubuntu.com /usr/bin/cmake --build /home/addinnedu/ROS2_Jazzy_Study/build/mapf_planner -- -j16 -l16
[0.498s] DEBUG:colcon.colcon_core.event_handler.log_command:Invoking command in '/home/addinnedu/ROS2_Jazzy_Study/build/monitoring_pkg': CMAKE_PREFIX_PATH=${CMAKE_PREFIX_PATH}:/home/addinnedu/ROS2_Jazzy_Study/install/send_goal:/home/addinnedu/ROS2_Jazzy_Study/install/pinky_mapf:/home/addinnedu/ROS2_Jazzy_Study/install/my_demo_pkg:/home/addinnedu/ROS2_Jazzy_Study/install/aruco_marker_pkg:/opt/ros/jazzy DEBUGINFOD_URLS=https://debuginfod.ubuntu.com /usr/bin/cmake --build /home/addinnedu/ROS2_Jazzy_Study/build/monitoring_pkg -- -j16 -l16
[0.710s] WARNING:colcon.colcon_ros.task.ament_python.build:Package 'my_demo_pkg' doesn't explicitly install a marker in the package index (colcon-ros currently does it implicitly but that fallback will be removed in the future)
[0.711s] INFO:colcon.colcon_core.task.python.build:Building Python package in '/home/addinnedu/ROS2_Jazzy_Study/src/my_demo_pkg'
[0.711s] INFO:colcon.colcon_core.shell:Skip shell extension 'powershell' for command environment: Not usable outside of PowerShell
[0.711s] DEBUG:colcon.colcon_core.shell:Skip shell extension 'dsv' for command environment
[0.912s] INFO:colcon.colcon_core.task.python.build:Building Python package in '/home/addinnedu/ROS2_Jazzy_Study/src/pinky_mapf'
[0.913s] INFO:colcon.colcon_core.shell:Skip shell extension 'powershell' for command environment: Not usable outside of PowerShell
[0.913s] DEBUG:colcon.colcon_core.shell:Skip shell extension 'dsv' for command environment
[0.918s] DEBUG:colcon.colcon_core.event_handler.log_command:Invoking command in '/home/addinnedu/ROS2_Jazzy_Study/build/pinky_rmf': CMAKE_PREFIX_PATH=${CMAKE_PREFIX_PATH}:/home/addinnedu/ROS2_Jazzy_Study/install/send_goal:/home/addinnedu/ROS2_Jazzy_Study/install/pinky_mapf:/home/addinnedu/ROS2_Jazzy_Study/install/my_demo_pkg:/home/addinnedu/ROS2_Jazzy_Study/install/aruco_marker_pkg:/opt/ros/jazzy DEBUGINFOD_URLS=https://debuginfod.ubuntu.com /usr/bin/cmake --build /home/addinnedu/ROS2_Jazzy_Study/build/pinky_rmf -- -j16 -l16
[1.117s] INFO:colcon.colcon_core.task.python.build:Building Python package in '/home/addinnedu/ROS2_Jazzy_Study/src/send_goal'
[1.118s] INFO:colcon.colcon_core.shell:Skip shell extension 'powershell' for command environment: Not usable outside of PowerShell
[1.118s] DEBUG:colcon.colcon_core.shell:Skip shell extension 'dsv' for command environment
[1.126s] DEBUG:colcon.colcon_core.event_handler.log_command:Invoked command in '/home/addinnedu/ROS2_Jazzy_Study/build/mapf_planner' returned '0': CMAKE_PREFIX_PATH=${CMAKE_PREFIX_PATH}:/home/addinnedu/ROS2_Jazzy_Study/install/send_goal:/home/addinnedu/ROS2_Jazzy_Study/install/pinky_mapf:/home/addinnedu/ROS2_Jazzy_Study/install/my_demo_pkg:/home/addinnedu/ROS2_Jazzy_Study/install/aruco_marker_pkg:/opt/ros/jazzy DEBUGINFOD_URLS=https://debuginfod.ubuntu.com /usr/bin/cmake --build /home/addinnedu/ROS2_Jazzy_Study/build/mapf_planner -- -j16 -l16
[1.137s] DEBUG:colcon.colcon_core.event_handler.log_command:Invoking command in '/home/addinnedu/ROS2_Jazzy_Study/build/mapf_planner': CMAKE_PREFIX_PATH=${CMAKE_PREFIX_PATH}:/home/addinnedu/ROS2_Jazzy_Study/install/send_goal:/home/addinnedu/ROS2_Jazzy_Study/install/pinky_mapf:/home/addinnedu/ROS2_Jazzy_Study/install/my_demo_pkg:/home/addinnedu/ROS2_Jazzy_Study/install/aruco_marker_pkg:/opt/ros/jazzy DEBUGINFOD_URLS=https://debuginfod.ubuntu.com /usr/bin/cmake --install /home/addinnedu/ROS2_Jazzy_Study/build/mapf_planner
[1.137s] DEBUG:colcon.colcon_core.event_handler.log_command:Invoked command in '/home/addinnedu/ROS2_Jazzy_Study/build/pinky_rmf' returned '0': CMAKE_PREFIX_PATH=${CMAKE_PREFIX_PATH}:/home/addinnedu/ROS2_Jazzy_Study/install/send_goal:/home/addinnedu/ROS2_Jazzy_Study/install/pinky_mapf:/home/addinnedu/ROS2_Jazzy_Study/install/my_demo_pkg:/home/addinnedu/ROS2_Jazzy_Study/install/aruco_marker_pkg:/opt/ros/jazzy DEBUGINFOD_URLS=https://debuginfod.ubuntu.com /usr/bin/cmake --build /home/addinnedu/ROS2_Jazzy_Study/build/pinky_rmf -- -j16 -l16
[1.138s] DEBUG:colcon.colcon_core.event_handler.log_command:Invoking command in '/home/addinnedu/ROS2_Jazzy_Study/build/pinky_rmf': CMAKE_PREFIX_PATH=${CMAKE_PREFIX_PATH}:/home/addinnedu/ROS2_Jazzy_Study/install/send_goal:/home/addinnedu/ROS2_Jazzy_Study/install/pinky_mapf:/home/addinnedu/ROS2_Jazzy_Study/install/my_demo_pkg:/home/addinnedu/ROS2_Jazzy_Study/install/aruco_marker_pkg:/opt/ros/jazzy DEBUGINFOD_URLS=https://debuginfod.ubuntu.com /usr/bin/cmake --install /home/addinnedu/ROS2_Jazzy_Study/build/pinky_rmf
[1.138s] DEBUG:colcon.colcon_core.event_handler.log_command:Invoked command in '/home/addinnedu/ROS2_Jazzy_Study/build/monitoring_pkg' returned '0': CMAKE_PREFIX_PATH=${CMAKE_PREFIX_PATH}:/home/addinnedu/ROS2_Jazzy_Study/install/send_goal:/home/addinnedu/ROS2_Jazzy_Study/install/pinky_mapf:/home/addinnedu/ROS2_Jazzy_Study/install/my_demo_pkg:/home/addinnedu/ROS2_Jazzy_Study/install/aruco_marker_pkg:/opt/ros/jazzy DEBUGINFOD_URLS=https://debuginfod.ubuntu.com /usr/bin/cmake --build /home/addinnedu/ROS2_Jazzy_Study/build/monitoring_pkg -- -j16 -l16
[1.139s] DEBUG:colcon.colcon_core.event_handler.log_command:Invoking command in '/home/addinnedu/ROS2_Jazzy_Study/build/monitoring_pkg': CMAKE_PREFIX_PATH=${CMAKE_PREFIX_PATH}:/home/addinnedu/ROS2_Jazzy_Study/install/send_goal:/home/addinnedu/ROS2_Jazzy_Study/install/pinky_mapf:/home/addinnedu/ROS2_Jazzy_Study/install/my_demo_pkg:/home/addinnedu/ROS2_Jazzy_Study/install/aruco_marker_pkg:/opt/ros/jazzy DEBUGINFOD_URLS=https://debuginfod.ubuntu.com /usr/bin/cmake --install /home/addinnedu/ROS2_Jazzy_Study/build/monitoring_pkg
[1.141s] DEBUG:colcon.colcon_core.event_handler.log_command:Invoking command in '/home/addinnedu/ROS2_Jazzy_Study/build/traffic_planner': CMAKE_PREFIX_PATH=${CMAKE_PREFIX_PATH}:/home/addinnedu/ROS2_Jazzy_Study/install/send_goal:/home/addinnedu/ROS2_Jazzy_Study/install/pinky_mapf:/home/addinnedu/ROS2_Jazzy_Study/install/my_demo_pkg:/home/addinnedu/ROS2_Jazzy_Study/install/aruco_marker_pkg:/opt/ros/jazzy DEBUGINFOD_URLS=https://debuginfod.ubuntu.com /usr/bin/cmake --build /home/addinnedu/ROS2_Jazzy_Study/build/traffic_planner -- -j16 -l16
[1.163s] Level 1:colcon.colcon_core.environment:create_environment_scripts_only(mapf_planner)
[1.164s] DEBUG:colcon.colcon_core.event_handler.log_command:Invoked command in '/home/addinnedu/ROS2_Jazzy_Study/build/mapf_planner' returned '0': CMAKE_PREFIX_PATH=${CMAKE_PREFIX_PATH}:/home/addinnedu/ROS2_Jazzy_Study/install/send_goal:/home/addinnedu/ROS2_Jazzy_Study/install/pinky_mapf:/home/addinnedu/ROS2_Jazzy_Study/install/my_demo_pkg:/home/addinnedu/ROS2_Jazzy_Study/install/aruco_marker_pkg:/opt/ros/jazzy DEBUGINFOD_URLS=https://debuginfod.ubuntu.com /usr/bin/cmake --install /home/addinnedu/ROS2_Jazzy_Study/build/mapf_planner
[1.166s] Level 1:colcon.colcon_core.environment:checking '/home/addinnedu/ROS2_Jazzy_Study/install/mapf_planner' for CMake module files
[1.166s] Level 1:colcon.colcon_core.environment:checking '/home/addinnedu/ROS2_Jazzy_Study/install/mapf_planner' for CMake config files
[1.167s] Level 1:colcon.colcon_core.shell:create_environment_hook('mapf_planner', 'cmake_prefix_path')
[1.167s] INFO:colcon.colcon_core.shell:Creating environment hook '/home/addinnedu/ROS2_Jazzy_Study/install/mapf_planner/share/mapf_planner/hook/cmake_prefix_path.ps1'
[1.168s] INFO:colcon.colcon_core.shell:Creating environment descriptor '/home/addinnedu/ROS2_Jazzy_Study/install/mapf_planner/share/mapf_planner/hook/cmake_prefix_path.dsv'
[1.168s] INFO:colcon.colcon_core.shell:Creating environment hook '/home/addinnedu/ROS2_Jazzy_Study/install/mapf_planner/share/mapf_planner/hook/cmake_prefix_path.sh'
[1.169s] Level 1:colcon.colcon_core.environment:checking '/home/addinnedu/ROS2_Jazzy_Study/install/mapf_planner/lib'
[1.169s] Level 1:colcon.colcon_core.environment:checking '/home/addinnedu/ROS2_Jazzy_Study/install/mapf_planner/bin'
[1.169s] Level 1:colcon.colcon_core.environment:checking '/home/addinnedu/ROS2_Jazzy_Study/install/mapf_planner/lib/pkgconfig/mapf_planner.pc'
[1.169s] Level 1:colcon.colcon_core.environment:checking '/home/addinnedu/ROS2_Jazzy_Study/install/mapf_planner/lib/python3.12/site-packages'
[1.169s] Level 1:colcon.colcon_core.environment:checking '/home/addinnedu/ROS2_Jazzy_Study/install/mapf_planner/bin'
[1.170s] INFO:colcon.colcon_core.shell:Creating package script '/home/addinnedu/ROS2_Jazzy_Study/install/mapf_planner/share/mapf_planner/package.ps1'
[1.170s] INFO:colcon.colcon_core.shell:Creating package descriptor '/home/addinnedu/ROS2_Jazzy_Study/install/mapf_planner/share/mapf_planner/package.dsv'
[1.171s] INFO:colcon.colcon_core.shell:Creating package script '/home/addinnedu/ROS2_Jazzy_Study/install/mapf_planner/share/mapf_planner/package.sh'
[1.171s] INFO:colcon.colcon_core.shell:Creating package script '/home/addinnedu/ROS2_Jazzy_Study/install/mapf_planner/share/mapf_planner/package.bash'
[1.171s] INFO:colcon.colcon_core.shell:Creating package script '/home/addinnedu/ROS2_Jazzy_Study/install/mapf_planner/share/mapf_planner/package.zsh'
[1.172s] Level 1:colcon.colcon_core.environment:create_file_with_runtime_dependencies(/home/addinnedu/ROS2_Jazzy_Study/install/mapf_planner/share/colcon-core/packages/mapf_planner)
[1.172s] Level 1:colcon.colcon_core.environment:create_environment_scripts_only(mapf_planner)
[1.172s] Level 1:colcon.colcon_core.environment:checking '/home/addinnedu/ROS2_Jazzy_Study/install/mapf_planner' for CMake module files
[1.173s] Level 1:colcon.colcon_core.environment:checking '/home/addinnedu/ROS2_Jazzy_Study/install/mapf_planner' for CMake config files
[1.173s] Level 1:colcon.colcon_core.shell:create_environment_hook('mapf_planner', 'cmake_prefix_path')
[1.173s] INFO:colcon.colcon_core.shell:Creating environment hook '/home/addinnedu/ROS2_Jazzy_Study/install/mapf_planner/share/mapf_planner/hook/cmake_prefix_path.ps1'
[1.174s] INFO:colcon.colcon_core.shell:Creating environment descriptor '/home/addinnedu/ROS2_Jazzy_Study/install/mapf_planner/share/mapf_planner/hook/cmake_prefix_path.dsv'
[1.174s] INFO:colcon.colcon_core.shell:Creating environment hook '/home/addinnedu/ROS2_Jazzy_Study/install/mapf_planner/share/mapf_planner/hook/cmake_prefix_path.sh'
[1.174s] Level 1:colcon.colcon_core.environment:checking '/home/addinnedu/ROS2_Jazzy_Study/install/mapf_planner/lib'
[1.174s] Level 1:colcon.colcon_core.environment:checking '/home/addinnedu/ROS2_Jazzy_Study/install/mapf_planner/bin'
[1.175s] Level 1:colcon.colcon_core.environment:checking '/home/addinnedu/ROS2_Jazzy_Study/install/mapf_planner/lib/pkgconfig/mapf_planner.pc'
[1.175s] Level 1:colcon.colcon_core.environment:checking '/home/addinnedu/ROS2_Jazzy_Study/install/mapf_planner/lib/python3.12/site-packages'
[1.175s] Level 1:colcon.colcon_core.environment:checking '/home/addinnedu/ROS2_Jazzy_Study/install/mapf_planner/bin'
[1.175s] INFO:colcon.colcon_core.shell:Creating package script '/home/addinnedu/ROS2_Jazzy_Study/install/mapf_planner/share/mapf_planner/package.ps1'
[1.175s] INFO:colcon.colcon_core.shell:Creating package descriptor '/home/addinnedu/ROS2_Jazzy_Study/install/mapf_planner/share/mapf_planner/package.dsv'
[1.176s] INFO:colcon.colcon_core.shell:Creating package script '/home/addinnedu/ROS2_Jazzy_Study/install/mapf_planner/share/mapf_planner/package.sh'
[1.176s] INFO:colcon.colcon_core.shell:Creating package script '/home/addinnedu/ROS2_Jazzy_Study/install/mapf_planner/share/mapf_planner/package.bash'
[1.176s] INFO:colcon.colcon_core.shell:Creating package script '/home/addinnedu/ROS2_Jazzy_Study/install/mapf_planner/share/mapf_planner/package.zsh'
[1.177s] Level 1:colcon.colcon_core.environment:create_file_with_runtime_dependencies(/home/addinnedu/ROS2_Jazzy_Study/install/mapf_planner/share/colcon-core/packages/mapf_planner)
[1.177s] Level 1:colcon.colcon_core.environment:create_environment_scripts_only(monitoring_pkg)
[1.177s] Level 1:colcon.colcon_core.environment:checking '/home/addinnedu/ROS2_Jazzy_Study/install/monitoring_pkg' for CMake module files
[1.178s] DEBUG:colcon.colcon_core.event_handler.log_command:Invoked command in '/home/addinnedu/ROS2_Jazzy_Study/build/monitoring_pkg' returned '0': CMAKE_PREFIX_PATH=${CMAKE_PREFIX_PATH}:/home/addinnedu/ROS2_Jazzy_Study/install/send_goal:/home/addinnedu/ROS2_Jazzy_Study/install/pinky_mapf:/home/addinnedu/ROS2_Jazzy_Study/install/my_demo_pkg:/home/addinnedu/ROS2_Jazzy_Study/install/aruco_marker_pkg:/opt/ros/jazzy DEBUGINFOD_URLS=https://debuginfod.ubuntu.com /usr/bin/cmake --install /home/addinnedu/ROS2_Jazzy_Study/build/monitoring_pkg
[1.178s] Level 1:colcon.colcon_core.environment:checking '/home/addinnedu/ROS2_Jazzy_Study/install/monitoring_pkg' for CMake config files
[1.179s] Level 1:colcon.colcon_core.shell:create_environment_hook('monitoring_pkg', 'cmake_prefix_path')
[1.179s] INFO:colcon.colcon_core.shell:Creating environment hook '/home/addinnedu/ROS2_Jazzy_Study/install/monitoring_pkg/share/monitoring_pkg/hook/cmake_prefix_path.ps1'
[1.179s] INFO:colcon.colcon_core.shell:Creating environment descriptor '/home/addinnedu/ROS2_Jazzy_Study/install/monitoring_pkg/share/monitoring_pkg/hook/cmake_prefix_path.dsv'
[1.179s] INFO:colcon.colcon_core.shell:Creating environment hook '/home/addinnedu/ROS2_Jazzy_Study/install/monitoring_pkg/share/monitoring_pkg/hook/cmake_prefix_path.sh'
[1.180s] Level 1:colcon.colcon_core.environment:checking '/home/addinnedu/ROS2_Jazzy_Study/install/monitoring_pkg/lib'
[1.180s] Level 1:colcon.colcon_core.environment:checking '/home/addinnedu/ROS2_Jazzy_Study/install/monitoring_pkg/bin'
[1.180s] Level 1:colcon.colcon_core.environment:checking '/home/addinnedu/ROS2_Jazzy_Study/install/monitoring_pkg/lib/pkgconfig/monitoring_pkg.pc'
[1.180s] Level 1:colcon.colcon_core.environment:checking '/home/addinnedu/ROS2_Jazzy_Study/install/monitoring_pkg/lib/python3.12/site-packages'
[1.180s] Level 1:colcon.colcon_core.environment:checking '/home/addinnedu/ROS2_Jazzy_Study/install/monitoring_pkg/bin'
[1.180s] INFO:colcon.colcon_core.shell:Creating package script '/home/addinnedu/ROS2_Jazzy_Study/install/monitoring_pkg/share/monitoring_pkg/package.ps1'
[1.181s] INFO:colcon.colcon_core.shell:Creating package descriptor '/home/addinnedu/ROS2_Jazzy_Study/install/monitoring_pkg/share/monitoring_pkg/package.dsv'
[1.181s] INFO:colcon.colcon_core.shell:Creating package script '/home/addinnedu/ROS2_Jazzy_Study/install/monitoring_pkg/share/monitoring_pkg/package.sh'
[1.181s] INFO:colcon.colcon_core.shell:Creating package script '/home/addinnedu/ROS2_Jazzy_Study/install/monitoring_pkg/share/monitoring_pkg/package.bash'
[1.181s] INFO:colcon.colcon_core.shell:Creating package script '/home/addinnedu/ROS2_Jazzy_Study/install/monitoring_pkg/share/monitoring_pkg/package.zsh'
[1.182s] Level 1:colcon.colcon_core.environment:create_file_with_runtime_dependencies(/home/addinnedu/ROS2_Jazzy_Study/install/monitoring_pkg/share/colcon-core/packages/monitoring_pkg)
[1.182s] Level 1:colcon.colcon_core.environment:create_environment_scripts_only(monitoring_pkg)
[1.182s] Level 1:colcon.colcon_core.environment:checking '/home/addinnedu/ROS2_Jazzy_Study/install/monitoring_pkg' for CMake module files
[1.183s] Level 1:colcon.colcon_core.environment:checking '/home/addinnedu/ROS2_Jazzy_Study/install/monitoring_pkg' for CMake config files
[1.183s] Level 1:colcon.colcon_core.shell:create_environment_hook('monitoring_pkg', 'cmake_prefix_path')
[1.183s] INFO:colcon.colcon_core.shell:Creating environment hook '/home/addinnedu/ROS2_Jazzy_Study/install/monitoring_pkg/share/monitoring_pkg/hook/cmake_prefix_path.ps1'
[1.183s] INFO:colcon.colcon_core.shell:Creating environment descriptor '/home/addinnedu/ROS2_Jazzy_Study/install/monitoring_pkg/share/monitoring_pkg/hook/cmake_prefix_path.dsv'
[1.184s] INFO:colcon.colcon_core.shell:Creating environment hook '/home/addinnedu/ROS2_Jazzy_Study/install/monitoring_pkg/share/monitoring_pkg/hook/cmake_prefix_path.sh'
[1.184s] Level 1:colcon.colcon_core.environment:checking '/home/addinnedu/ROS2_Jazzy_Study/install/monitoring_pkg/lib'
[1.184s] Level 1:colcon.colcon_core.environment:checking '/home/addinnedu/ROS2_Jazzy_Study/install/monitoring_pkg/bin'
[1.184s] Level 1:colcon.colcon_core.environment:checking '/home/addinnedu/ROS2_Jazzy_Study/install/monitoring_pkg/lib/pkgconfig/monitoring_pkg.pc'
[1.184s] Level 1:colcon.colcon_core.environment:checking '/home/addinnedu/ROS2_Jazzy_Study/install/monitoring_pkg/lib/python3.12/site-packages'
[1.185s] Level 1:colcon.colcon_core.environment:checking '/home/addinnedu/ROS2_Jazzy_Study/install/monitoring_pkg/bin'
[1.185s] INFO:colcon.colcon_core.shell:Creating package script '/home/addinnedu/ROS2_Jazzy_Study/install/monitoring_pkg/share/monitoring_pkg/package.ps1'
[1.185s] INFO:colcon.colcon_core.shell:Creating package descriptor '/home/addinnedu/ROS2_Jazzy_Study/install/monitoring_pkg/share/monitoring_pkg/package.dsv'
[1.186s] INFO:colcon.colcon_core.shell:Creating package script '/home/addinnedu/ROS2_Jazzy_Study/install/monitoring_pkg/share/monitoring_pkg/package.sh'
[1.186s] INFO:colcon.colcon_core.shell:Creating package script '/home/addinnedu/ROS2_Jazzy_Study/install/monitoring_pkg/share/monitoring_pkg/package.bash'
[1.186s] INFO:colcon.colcon_core.shell:Creating package script '/home/addinnedu/ROS2_Jazzy_Study/install/monitoring_pkg/share/monitoring_pkg/package.zsh'
[1.186s] Level 1:colcon.colcon_core.environment:create_file_with_runtime_dependencies(/home/addinnedu/ROS2_Jazzy_Study/install/monitoring_pkg/share/colcon-core/packages/monitoring_pkg)
[1.187s] Level 1:colcon.colcon_core.environment:create_environment_scripts_only(pinky_rmf)
[1.187s] Level 1:colcon.colcon_core.environment:checking '/home/addinnedu/ROS2_Jazzy_Study/install/pinky_rmf' for CMake module files
[1.188s] DEBUG:colcon.colcon_core.event_handler.log_command:Invoked command in '/home/addinnedu/ROS2_Jazzy_Study/build/pinky_rmf' returned '0': CMAKE_PREFIX_PATH=${CMAKE_PREFIX_PATH}:/home/addinnedu/ROS2_Jazzy_Study/install/send_goal:/home/addinnedu/ROS2_Jazzy_Study/install/pinky_mapf:/home/addinnedu/ROS2_Jazzy_Study/install/my_demo_pkg:/home/addinnedu/ROS2_Jazzy_Study/install/aruco_marker_pkg:/opt/ros/jazzy DEBUGINFOD_URLS=https://debuginfod.ubuntu.com /usr/bin/cmake --install /home/addinnedu/ROS2_Jazzy_Study/build/pinky_rmf
[1.188s] Level 1:colcon.colcon_core.environment:checking '/home/addinnedu/ROS2_Jazzy_Study/install/pinky_rmf' for CMake config files
[1.189s] Level 1:colcon.colcon_core.shell:create_environment_hook('pinky_rmf', 'cmake_prefix_path')
[1.189s] INFO:colcon.colcon_core.shell:Creating environment hook '/home/addinnedu/ROS2_Jazzy_Study/install/pinky_rmf/share/pinky_rmf/hook/cmake_prefix_path.ps1'
[1.190s] INFO:colcon.colcon_core.shell:Creating environment descriptor '/home/addinnedu/ROS2_Jazzy_Study/install/pinky_rmf/share/pinky_rmf/hook/cmake_prefix_path.dsv'
[1.190s] INFO:colcon.colcon_core.shell:Creating environment hook '/home/addinnedu/ROS2_Jazzy_Study/install/pinky_rmf/share/pinky_rmf/hook/cmake_prefix_path.sh'
[1.191s] Level 1:colcon.colcon_core.environment:checking '/home/addinnedu/ROS2_Jazzy_Study/install/pinky_rmf/lib'
[1.191s] Level 1:colcon.colcon_core.environment:checking '/home/addinnedu/ROS2_Jazzy_Study/install/pinky_rmf/bin'
[1.191s] Level 1:colcon.colcon_core.environment:checking '/home/addinnedu/ROS2_Jazzy_Study/install/pinky_rmf/lib/pkgconfig/pinky_rmf.pc'
[1.191s] Level 1:colcon.colcon_core.environment:checking '/home/addinnedu/ROS2_Jazzy_Study/install/pinky_rmf/lib/python3.12/site-packages'
[1.191s] Level 1:colcon.colcon_core.environment:checking '/home/addinnedu/ROS2_Jazzy_Study/install/pinky_rmf/bin'
[1.192s] INFO:colcon.colcon_core.shell:Creating package script '/home/addinnedu/ROS2_Jazzy_Study/install/pinky_rmf/share/pinky_rmf/package.ps1'
[1.192s] INFO:colcon.colcon_core.shell:Creating package descriptor '/home/addinnedu/ROS2_Jazzy_Study/install/pinky_rmf/share/pinky_rmf/package.dsv'
[1.192s] INFO:colcon.colcon_core.shell:Creating package script '/home/addinnedu/ROS2_Jazzy_Study/install/pinky_rmf/share/pinky_rmf/package.sh'
[1.193s] INFO:colcon.colcon_core.shell:Creating package script '/home/addinnedu/ROS2_Jazzy_Study/install/pinky_rmf/share/pinky_rmf/package.bash'
[1.193s] INFO:colcon.colcon_core.shell:Creating package script '/home/addinnedu/ROS2_Jazzy_Study/install/pinky_rmf/share/pinky_rmf/package.zsh'
[1.193s] Level 1:colcon.colcon_core.environment:create_file_with_runtime_dependencies(/home/addinnedu/ROS2_Jazzy_Study/install/pinky_rmf/share/colcon-core/packages/pinky_rmf)
[1.194s] Level 1:colcon.colcon_core.environment:create_environment_scripts_only(pinky_rmf)
[1.194s] Level 1:colcon.colcon_core.environment:checking '/home/addinnedu/ROS2_Jazzy_Study/install/pinky_rmf' for CMake module files
[1.195s] Level 1:colcon.colcon_core.environment:checking '/home/addinnedu/ROS2_Jazzy_Study/install/pinky_rmf' for CMake config files
[1.195s] Level 1:colcon.colcon_core.shell:create_environment_hook('pinky_rmf', 'cmake_prefix_path')
[1.195s] INFO:colcon.colcon_core.shell:Creating environment hook '/home/addinnedu/ROS2_Jazzy_Study/install/pinky_rmf/share/pinky_rmf/hook/cmake_prefix_path.ps1'
[1.196s] INFO:colcon.colcon_core.shell:Creating environment descriptor '/home/addinnedu/ROS2_Jazzy_Study/install/pinky_rmf/share/pinky_rmf/hook/cmake_prefix_path.dsv'
[1.196s] INFO:colcon.colcon_core.shell:Creating environment hook '/home/addinnedu/ROS2_Jazzy_Study/install/pinky_rmf/share/pinky_rmf/hook/cmake_prefix_path.sh'
[1.196s] Level 1:colcon.colcon_core.environment:checking '/home/addinnedu/ROS2_Jazzy_Study/install/pinky_rmf/lib'
[1.196s] Level 1:colcon.colcon_core.environment:checking '/home/addinnedu/ROS2_Jazzy_Study/install/pinky_rmf/bin'
[1.197s] Level 1:colcon.colcon_core.environment:checking '/home/addinnedu/ROS2_Jazzy_Study/install/pinky_rmf/lib/pkgconfig/pinky_rmf.pc'
[1.197s] Level 1:colcon.colcon_core.environment:checking '/home/addinnedu/ROS2_Jazzy_Study/install/pinky_rmf/lib/python3.12/site-packages'
[1.197s] Level 1:colcon.colcon_core.environment:checking '/home/addinnedu/ROS2_Jazzy_Study/install/pinky_rmf/bin'
[1.197s] INFO:colcon.colcon_core.shell:Creating package script '/home/addinnedu/ROS2_Jazzy_Study/install/pinky_rmf/share/pinky_rmf/package.ps1'
[1.198s] INFO:colcon.colcon_core.shell:Creating package descriptor '/home/addinnedu/ROS2_Jazzy_Study/install/pinky_rmf/share/pinky_rmf/package.dsv'
[1.198s] INFO:colcon.colcon_core.shell:Creating package script '/home/addinnedu/ROS2_Jazzy_Study/install/pinky_rmf/share/pinky_rmf/package.sh'
[1.199s] INFO:colcon.colcon_core.shell:Creating package script '/home/addinnedu/ROS2_Jazzy_Study/install/pinky_rmf/share/pinky_rmf/package.bash'
[1.199s] INFO:colcon.colcon_core.shell:Creating package script '/home/addinnedu/ROS2_Jazzy_Study/install/pinky_rmf/share/pinky_rmf/package.zsh'
[1.200s] Level 1:colcon.colcon_core.environment:create_file_with_runtime_dependencies(/home/addinnedu/ROS2_Jazzy_Study/install/pinky_rmf/share/colcon-core/packages/pinky_rmf)
[1.277s] DEBUG:colcon.colcon_core.event_handler.log_command:Invoked command in '/home/addinnedu/ROS2_Jazzy_Study/build/traffic_planner' returned '0': CMAKE_PREFIX_PATH=${CMAKE_PREFIX_PATH}:/home/addinnedu/ROS2_Jazzy_Study/install/send_goal:/home/addinnedu/ROS2_Jazzy_Study/install/pinky_mapf:/home/addinnedu/ROS2_Jazzy_Study/install/my_demo_pkg:/home/addinnedu/ROS2_Jazzy_Study/install/aruco_marker_pkg:/opt/ros/jazzy DEBUGINFOD_URLS=https://debuginfod.ubuntu.com /usr/bin/cmake --build /home/addinnedu/ROS2_Jazzy_Study/build/traffic_planner -- -j16 -l16
[1.279s] DEBUG:colcon.colcon_core.event_handler.log_command:Invoking command in '/home/addinnedu/ROS2_Jazzy_Study/build/traffic_planner': CMAKE_PREFIX_PATH=${CMAKE_PREFIX_PATH}:/home/addinnedu/ROS2_Jazzy_Study/install/send_goal:/home/addinnedu/ROS2_Jazzy_Study/install/pinky_mapf:/home/addinnedu/ROS2_Jazzy_Study/install/my_demo_pkg:/home/addinnedu/ROS2_Jazzy_Study/install/aruco_marker_pkg:/opt/ros/jazzy DEBUGINFOD_URLS=https://debuginfod.ubuntu.com /usr/bin/cmake --install /home/addinnedu/ROS2_Jazzy_Study/build/traffic_planner
[1.303s] Level 1:colcon.colcon_core.environment:create_environment_scripts_only(traffic_planner)
[1.303s] Level 1:colcon.colcon_core.environment:checking '/home/addinnedu/ROS2_Jazzy_Study/install/traffic_planner' for CMake module files
[1.304s] DEBUG:colcon.colcon_core.event_handler.log_command:Invoked command in '/home/addinnedu/ROS2_Jazzy_Study/build/traffic_planner' returned '0': CMAKE_PREFIX_PATH=${CMAKE_PREFIX_PATH}:/home/addinnedu/ROS2_Jazzy_Study/install/send_goal:/home/addinnedu/ROS2_Jazzy_Study/install/pinky_mapf:/home/addinnedu/ROS2_Jazzy_Study/install/my_demo_pkg:/home/addinnedu/ROS2_Jazzy_Study/install/aruco_marker_pkg:/opt/ros/jazzy DEBUGINFOD_URLS=https://debuginfod.ubuntu.com /usr/bin/cmake --install /home/addinnedu/ROS2_Jazzy_Study/build/traffic_planner
[1.304s] Level 1:colcon.colcon_core.environment:checking '/home/addinnedu/ROS2_Jazzy_Study/install/traffic_planner' for CMake config files
[1.305s] Level 1:colcon.colcon_core.shell:create_environment_hook('traffic_planner', 'cmake_prefix_path')
[1.305s] INFO:colcon.colcon_core.shell:Creating environment hook '/home/addinnedu/ROS2_Jazzy_Study/install/traffic_planner/share/traffic_planner/hook/cmake_prefix_path.ps1'
[1.305s] INFO:colcon.colcon_core.shell:Creating environment descriptor '/home/addinnedu/ROS2_Jazzy_Study/install/traffic_planner/share/traffic_planner/hook/cmake_prefix_path.dsv'
[1.305s] INFO:colcon.colcon_core.shell:Creating environment hook '/home/addinnedu/ROS2_Jazzy_Study/install/traffic_planner/share/traffic_planner/hook/cmake_prefix_path.sh'
[1.306s] Level 1:colcon.colcon_core.environment:checking '/home/addinnedu/ROS2_Jazzy_Study/install/traffic_planner/lib'
[1.306s] Level 1:colcon.colcon_core.environment:checking '/home/addinnedu/ROS2_Jazzy_Study/install/traffic_planner/bin'
[1.306s] Level 1:colcon.colcon_core.environment:checking '/home/addinnedu/ROS2_Jazzy_Study/install/traffic_planner/lib/pkgconfig/traffic_planner.pc'
[1.306s] Level 1:colcon.colcon_core.environment:checking '/home/addinnedu/ROS2_Jazzy_Study/install/traffic_planner/lib/python3.12/site-packages'
[1.306s] Level 1:colcon.colcon_core.environment:checking '/home/addinnedu/ROS2_Jazzy_Study/install/traffic_planner/bin'
[1.306s] INFO:colcon.colcon_core.shell:Creating package script '/home/addinnedu/ROS2_Jazzy_Study/install/traffic_planner/share/traffic_planner/package.ps1'
[1.307s] INFO:colcon.colcon_core.shell:Creating package descriptor '/home/addinnedu/ROS2_Jazzy_Study/install/traffic_planner/share/traffic_planner/package.dsv'
[1.307s] INFO:colcon.colcon_core.shell:Creating package script '/home/addinnedu/ROS2_Jazzy_Study/install/traffic_planner/share/traffic_planner/package.sh'
[1.307s] INFO:colcon.colcon_core.shell:Creating package script '/home/addinnedu/ROS2_Jazzy_Study/install/traffic_planner/share/traffic_planner/package.bash'
[1.307s] INFO:colcon.colcon_core.shell:Creating package script '/home/addinnedu/ROS2_Jazzy_Study/install/traffic_planner/share/traffic_planner/package.zsh'
[1.308s] Level 1:colcon.colcon_core.environment:create_file_with_runtime_dependencies(/home/addinnedu/ROS2_Jazzy_Study/install/traffic_planner/share/colcon-core/packages/traffic_planner)
[1.308s] Level 1:colcon.colcon_core.environment:create_environment_scripts_only(traffic_planner)
[1.308s] Level 1:colcon.colcon_core.environment:checking '/home/addinnedu/ROS2_Jazzy_Study/install/traffic_planner' for CMake module files
[1.309s] Level 1:colcon.colcon_core.environment:checking '/home/addinnedu/ROS2_Jazzy_Study/install/traffic_planner' for CMake config files
[1.309s] Level 1:colcon.colcon_core.shell:create_environment_hook('traffic_planner', 'cmake_prefix_path')
[1.309s] INFO:colcon.colcon_core.shell:Creating environment hook '/home/addinnedu/ROS2_Jazzy_Study/install/traffic_planner/share/traffic_planner/hook/cmake_prefix_path.ps1'
[1.309s] INFO:colcon.colcon_core.shell:Creating environment descriptor '/home/addinnedu/ROS2_Jazzy_Study/install/traffic_planner/share/traffic_planner/hook/cmake_prefix_path.dsv'
[1.310s] INFO:colcon.colcon_core.shell:Creating environment hook '/home/addinnedu/ROS2_Jazzy_Study/install/traffic_planner/share/traffic_planner/hook/cmake_prefix_path.sh'
[1.310s] Level 1:colcon.colcon_core.environment:checking '/home/addinnedu/ROS2_Jazzy_Study/install/traffic_planner/lib'
[1.310s] Level 1:colcon.colcon_core.environment:checking '/home/addinnedu/ROS2_Jazzy_Study/install/traffic_planner/bin'
[1.310s] Level 1:colcon.colcon_core.environment:checking '/home/addinnedu/ROS2_Jazzy_Study/install/traffic_planner/lib/pkgconfig/traffic_planner.pc'
[1.310s] Level 1:colcon.colcon_core.environment:checking '/home/addinnedu/ROS2_Jazzy_Study/install/traffic_planner/lib/python3.12/site-packages'
[1.310s] Level 1:colcon.colcon_core.environment:checking '/home/addinnedu/ROS2_Jazzy_Study/install/traffic_planner/bin'
[1.310s] INFO:colcon.colcon_core.shell:Creating package script '/home/addinnedu/ROS2_Jazzy_Study/install/traffic_planner/share/traffic_planner/package.ps1'
[1.311s] INFO:colcon.colcon_core.shell:Creating package descriptor '/home/addinnedu/ROS2_Jazzy_Study/install/traffic_planner/share/traffic_planner/package.dsv'
[1.311s] INFO:colcon.colcon_core.shell:Creating package script '/home/addinnedu/ROS2_Jazzy_Study/install/traffic_planner/share/traffic_planner/package.sh'
[1.311s] INFO:colcon.colcon_core.shell:Creating package script '/home/addinnedu/ROS2_Jazzy_Study/install/traffic_planner/share/traffic_planner/package.bash'
[1.312s] INFO:colcon.colcon_core.shell:Creating package script '/home/addinnedu/ROS2_Jazzy_Study/install/traffic_planner/share/traffic_planner/package.zsh'
[1.312s] Level 1:colcon.colcon_core.environment:create_file_with_runtime_dependencies(/home/addinnedu/ROS2_Jazzy_Study/install/traffic_planner/share/colcon-core/packages/traffic_planner)
[1.734s] DEBUG:colcon.colcon_core.event_handler.log_command:Invoking command in '/home/addinnedu/ROS2_Jazzy_Study/src/aruco_marker_pkg': DEBUGINFOD_URLS=https://debuginfod.ubuntu.com PYTHONPATH=/home/addinnedu/ROS2_Jazzy_Study/build/aruco_marker_pkg/prefix_override:/usr/lib/python3/dist-packages/colcon_core/task/python/colcon_distutils_commands:/home/addinnedu/ROS2_Jazzy_Study/install/aruco_marker_pkg/lib/python3.12/site-packages:${PYTHONPATH} /usr/bin/python3 -W ignore:setup.py install is deprecated -W ignore:easy_install command is deprecated setup.py egg_info --egg-base ../../build/aruco_marker_pkg build --build-base /home/addinnedu/ROS2_Jazzy_Study/build/aruco_marker_pkg/build install --record /home/addinnedu/ROS2_Jazzy_Study/build/aruco_marker_pkg/install.log --single-version-externally-managed install_data
[1.763s] DEBUG:colcon.colcon_core.event_handler.log_command:Invoking command in '/home/addinnedu/ROS2_Jazzy_Study/src/pinky_mapf': DEBUGINFOD_URLS=https://debuginfod.ubuntu.com PYTHONPATH=/home/addinnedu/ROS2_Jazzy_Study/build/pinky_mapf/prefix_override:/usr/lib/python3/dist-packages/colcon_core/task/python/colcon_distutils_commands:/home/addinnedu/ROS2_Jazzy_Study/install/pinky_mapf/lib/python3.12/site-packages:${PYTHONPATH} /usr/bin/python3 -W ignore:setup.py install is deprecated -W ignore:easy_install command is deprecated setup.py egg_info --egg-base ../../build/pinky_mapf build --build-base /home/addinnedu/ROS2_Jazzy_Study/build/pinky_mapf/build install --record /home/addinnedu/ROS2_Jazzy_Study/build/pinky_mapf/install.log --single-version-externally-managed install_data
[1.773s] DEBUG:colcon.colcon_core.event_handler.log_command:Invoking command in '/home/addinnedu/ROS2_Jazzy_Study/src/my_demo_pkg': DEBUGINFOD_URLS=https://debuginfod.ubuntu.com PYTHONPATH=/home/addinnedu/ROS2_Jazzy_Study/build/my_demo_pkg/prefix_override:/usr/lib/python3/dist-packages/colcon_core/task/python/colcon_distutils_commands:/home/addinnedu/ROS2_Jazzy_Study/install/my_demo_pkg/lib/python3.12/site-packages:${PYTHONPATH} /usr/bin/python3 -W ignore:setup.py install is deprecated -W ignore:easy_install command is deprecated setup.py egg_info --egg-base ../../build/my_demo_pkg build --build-base /home/addinnedu/ROS2_Jazzy_Study/build/my_demo_pkg/build install --record /home/addinnedu/ROS2_Jazzy_Study/build/my_demo_pkg/install.log --single-version-externally-managed install_data
[1.776s] DEBUG:colcon.colcon_core.event_handler.log_command:Invoking command in '/home/addinnedu/ROS2_Jazzy_Study/src/send_goal': DEBUGINFOD_URLS=https://debuginfod.ubuntu.com PYTHONPATH=/home/addinnedu/ROS2_Jazzy_Study/build/send_goal/prefix_override:/usr/lib/python3/dist-packages/colcon_core/task/python/colcon_distutils_commands:/home/addinnedu/ROS2_Jazzy_Study/install/send_goal/lib/python3.12/site-packages:${PYTHONPATH} /usr/bin/python3 -W ignore:setup.py install is deprecated -W ignore:easy_install command is deprecated setup.py egg_info --egg-base ../../build/send_goal build --build-base /home/addinnedu/ROS2_Jazzy_Study/build/send_goal/build install --record /home/addinnedu/ROS2_Jazzy_Study/build/send_goal/install.log --single-version-externally-managed install_data
[2.293s] Level 1:colcon.colcon_core.environment:checking '/home/addinnedu/ROS2_Jazzy_Study/install/aruco_marker_pkg' for CMake module files
[2.294s] DEBUG:colcon.colcon_core.event_handler.log_command:Invoked command in '/home/addinnedu/ROS2_Jazzy_Study/src/aruco_marker_pkg' returned '0': DEBUGINFOD_URLS=https://debuginfod.ubuntu.com PYTHONPATH=/home/addinnedu/ROS2_Jazzy_Study/build/aruco_marker_pkg/prefix_override:/usr/lib/python3/dist-packages/colcon_core/task/python/colcon_distutils_commands:/home/addinnedu/ROS2_Jazzy_Study/install/aruco_marker_pkg/lib/python3.12/site-packages:${PYTHONPATH} /usr/bin/python3 -W ignore:setup.py install is deprecated -W ignore:easy_install command is deprecated setup.py egg_info --egg-base ../../build/aruco_marker_pkg build --build-base /home/addinnedu/ROS2_Jazzy_Study/build/aruco_marker_pkg/build install --record /home/addinnedu/ROS2_Jazzy_Study/build/aruco_marker_pkg/install.log --single-version-externally-managed install_data
[2.294s] Level 1:colcon.colcon_core.environment:checking '/home/addinnedu/ROS2_Jazzy_Study/install/aruco_marker_pkg' for CMake config files
[2.295s] Level 1:colcon.colcon_core.environment:checking '/home/addinnedu/ROS2_Jazzy_Study/install/aruco_marker_pkg/lib'
[2.295s] Level 1:colcon.colcon_core.environment:checking '/home/addinnedu/ROS2_Jazzy_Study/install/aruco_marker_pkg/bin'
[2.295s] Level 1:colcon.colcon_core.environment:checking '/home/addinnedu/ROS2_Jazzy_Study/install/aruco_marker_pkg/lib/pkgconfig/aruco_marker_pkg.pc'
[2.295s] Level 1:colcon.colcon_core.environment:checking '/home/addinnedu/ROS2_Jazzy_Study/install/aruco_marker_pkg/lib/python3.12/site-packages'
[2.295s] Level 1:colcon.colcon_core.shell:create_environment_hook('aruco_marker_pkg', 'pythonpath')
[2.295s] INFO:colcon.colcon_core.shell:Creating environment hook '/home/addinnedu/ROS2_Jazzy_Study/install/aruco_marker_pkg/share/aruco_marker_pkg/hook/pythonpath.ps1'
[2.296s] INFO:colcon.colcon_core.shell:Creating environment descriptor '/home/addinnedu/ROS2_Jazzy_Study/install/aruco_marker_pkg/share/aruco_marker_pkg/hook/pythonpath.dsv'
[2.296s] INFO:colcon.colcon_core.shell:Creating environment hook '/home/addinnedu/ROS2_Jazzy_Study/install/aruco_marker_pkg/share/aruco_marker_pkg/hook/pythonpath.sh'
[2.296s] Level 1:colcon.colcon_core.environment:checking '/home/addinnedu/ROS2_Jazzy_Study/install/aruco_marker_pkg/bin'
[2.296s] Level 1:colcon.colcon_core.environment:create_environment_scripts_only(aruco_marker_pkg)
[2.296s] INFO:colcon.colcon_core.shell:Creating package script '/home/addinnedu/ROS2_Jazzy_Study/install/aruco_marker_pkg/share/aruco_marker_pkg/package.ps1'
[2.297s] INFO:colcon.colcon_core.shell:Creating package descriptor '/home/addinnedu/ROS2_Jazzy_Study/install/aruco_marker_pkg/share/aruco_marker_pkg/package.dsv'
[2.297s] INFO:colcon.colcon_core.shell:Creating package script '/home/addinnedu/ROS2_Jazzy_Study/install/aruco_marker_pkg/share/aruco_marker_pkg/package.sh'
[2.298s] INFO:colcon.colcon_core.shell:Creating package script '/home/addinnedu/ROS2_Jazzy_Study/install/aruco_marker_pkg/share/aruco_marker_pkg/package.bash'
[2.298s] INFO:colcon.colcon_core.shell:Creating package script '/home/addinnedu/ROS2_Jazzy_Study/install/aruco_marker_pkg/share/aruco_marker_pkg/package.zsh'
[2.299s] Level 1:colcon.colcon_core.environment:create_file_with_runtime_dependencies(/home/addinnedu/ROS2_Jazzy_Study/install/aruco_marker_pkg/share/colcon-core/packages/aruco_marker_pkg)
[2.339s] Level 1:colcon.colcon_core.environment:checking '/home/addinnedu/ROS2_Jazzy_Study/install/my_demo_pkg' for CMake module files
[2.340s] DEBUG:colcon.colcon_core.event_handler.log_command:Invoked command in '/home/addinnedu/ROS2_Jazzy_Study/src/my_demo_pkg' returned '0': DEBUGINFOD_URLS=https://debuginfod.ubuntu.com PYTHONPATH=/home/addinnedu/ROS2_Jazzy_Study/build/my_demo_pkg/prefix_override:/usr/lib/python3/dist-packages/colcon_core/task/python/colcon_distutils_commands:/home/addinnedu/ROS2_Jazzy_Study/install/my_demo_pkg/lib/python3.12/site-packages:${PYTHONPATH} /usr/bin/python3 -W ignore:setup.py install is deprecated -W ignore:easy_install command is deprecated setup.py egg_info --egg-base ../../build/my_demo_pkg build --build-base /home/addinnedu/ROS2_Jazzy_Study/build/my_demo_pkg/build install --record /home/addinnedu/ROS2_Jazzy_Study/build/my_demo_pkg/install.log --single-version-externally-managed install_data
[2.340s] Level 1:colcon.colcon_core.environment:checking '/home/addinnedu/ROS2_Jazzy_Study/install/my_demo_pkg' for CMake config files
[2.341s] Level 1:colcon.colcon_core.environment:checking '/home/addinnedu/ROS2_Jazzy_Study/install/my_demo_pkg/lib'
[2.341s] Level 1:colcon.colcon_core.environment:checking '/home/addinnedu/ROS2_Jazzy_Study/install/my_demo_pkg/bin'
[2.341s] Level 1:colcon.colcon_core.environment:checking '/home/addinnedu/ROS2_Jazzy_Study/install/my_demo_pkg/lib/pkgconfig/my_demo_pkg.pc'
[2.341s] Level 1:colcon.colcon_core.environment:checking '/home/addinnedu/ROS2_Jazzy_Study/install/my_demo_pkg/lib/python3.12/site-packages'
[2.341s] Level 1:colcon.colcon_core.shell:create_environment_hook('my_demo_pkg', 'pythonpath')
[2.341s] INFO:colcon.colcon_core.shell:Creating environment hook '/home/addinnedu/ROS2_Jazzy_Study/install/my_demo_pkg/share/my_demo_pkg/hook/pythonpath.ps1'
[2.342s] INFO:colcon.colcon_core.shell:Creating environment descriptor '/home/addinnedu/ROS2_Jazzy_Study/install/my_demo_pkg/share/my_demo_pkg/hook/pythonpath.dsv'
[2.342s] INFO:colcon.colcon_core.shell:Creating environment hook '/home/addinnedu/ROS2_Jazzy_Study/install/my_demo_pkg/share/my_demo_pkg/hook/pythonpath.sh'
[2.342s] Level 1:colcon.colcon_core.environment:checking '/home/addinnedu/ROS2_Jazzy_Study/install/my_demo_pkg/bin'
[2.342s] Level 1:colcon.colcon_core.environment:create_environment_scripts_only(my_demo_pkg)
[2.342s] INFO:colcon.colcon_core.shell:Creating package script '/home/addinnedu/ROS2_Jazzy_Study/install/my_demo_pkg/share/my_demo_pkg/package.ps1'
[2.343s] INFO:colcon.colcon_core.shell:Creating package descriptor '/home/addinnedu/ROS2_Jazzy_Study/install/my_demo_pkg/share/my_demo_pkg/package.dsv'
[2.343s] INFO:colcon.colcon_core.shell:Creating package script '/home/addinnedu/ROS2_Jazzy_Study/install/my_demo_pkg/share/my_demo_pkg/package.sh'
[2.343s] INFO:colcon.colcon_core.shell:Creating package script '/home/addinnedu/ROS2_Jazzy_Study/install/my_demo_pkg/share/my_demo_pkg/package.bash'
[2.343s] INFO:colcon.colcon_core.shell:Creating package script '/home/addinnedu/ROS2_Jazzy_Study/install/my_demo_pkg/share/my_demo_pkg/package.zsh'
[2.344s] Level 1:colcon.colcon_core.environment:create_file_with_runtime_dependencies(/home/addinnedu/ROS2_Jazzy_Study/install/my_demo_pkg/share/colcon-core/packages/my_demo_pkg)
[2.345s] Level 1:colcon.colcon_core.environment:checking '/home/addinnedu/ROS2_Jazzy_Study/install/pinky_mapf' for CMake module files
[2.346s] DEBUG:colcon.colcon_core.event_handler.log_command:Invoked command in '/home/addinnedu/ROS2_Jazzy_Study/src/pinky_mapf' returned '0': DEBUGINFOD_URLS=https://debuginfod.ubuntu.com PYTHONPATH=/home/addinnedu/ROS2_Jazzy_Study/build/pinky_mapf/prefix_override:/usr/lib/python3/dist-packages/colcon_core/task/python/colcon_distutils_commands:/home/addinnedu/ROS2_Jazzy_Study/install/pinky_mapf/lib/python3.12/site-packages:${PYTHONPATH} /usr/bin/python3 -W ignore:setup.py install is deprecated -W ignore:easy_install command is deprecated setup.py egg_info --egg-base ../../build/pinky_mapf build --build-base /home/addinnedu/ROS2_Jazzy_Study/build/pinky_mapf/build install --record /home/addinnedu/ROS2_Jazzy_Study/build/pinky_mapf/install.log --single-version-externally-managed install_data
[2.346s] Level 1:colcon.colcon_core.environment:checking '/home/addinnedu/ROS2_Jazzy_Study/install/pinky_mapf' for CMake config files
[2.346s] Level 1:colcon.colcon_core.environment:checking '/home/addinnedu/ROS2_Jazzy_Study/install/pinky_mapf/lib'
[2.346s] Level 1:colcon.colcon_core.environment:checking '/home/addinnedu/ROS2_Jazzy_Study/install/pinky_mapf/bin'
[2.346s] Level 1:colcon.colcon_core.environment:checking '/home/addinnedu/ROS2_Jazzy_Study/install/pinky_mapf/lib/pkgconfig/pinky_mapf.pc'
[2.347s] Level 1:colcon.colcon_core.environment:checking '/home/addinnedu/ROS2_Jazzy_Study/install/pinky_mapf/lib/python3.12/site-packages'
[2.347s] Level 1:colcon.colcon_core.shell:create_environment_hook('pinky_mapf', 'pythonpath')
[2.347s] INFO:colcon.colcon_core.shell:Creating environment hook '/home/addinnedu/ROS2_Jazzy_Study/install/pinky_mapf/share/pinky_mapf/hook/pythonpath.ps1'
[2.347s] INFO:colcon.colcon_core.shell:Creating environment descriptor '/home/addinnedu/ROS2_Jazzy_Study/install/pinky_mapf/share/pinky_mapf/hook/pythonpath.dsv'
[2.348s] INFO:colcon.colcon_core.shell:Creating environment hook '/home/addinnedu/ROS2_Jazzy_Study/install/pinky_mapf/share/pinky_mapf/hook/pythonpath.sh'
[2.348s] Level 1:colcon.colcon_core.environment:checking '/home/addinnedu/ROS2_Jazzy_Study/install/pinky_mapf/bin'
[2.348s] Level 1:colcon.colcon_core.environment:create_environment_scripts_only(pinky_mapf)
[2.348s] INFO:colcon.colcon_core.shell:Creating package script '/home/addinnedu/ROS2_Jazzy_Study/install/pinky_mapf/share/pinky_mapf/package.ps1'
[2.349s] INFO:colcon.colcon_core.shell:Creating package descriptor '/home/addinnedu/ROS2_Jazzy_Study/install/pinky_mapf/share/pinky_mapf/package.dsv'
[2.349s] INFO:colcon.colcon_core.shell:Creating package script '/home/addinnedu/ROS2_Jazzy_Study/install/pinky_mapf/share/pinky_mapf/package.sh'
[2.349s] INFO:colcon.colcon_core.shell:Creating package script '/home/addinnedu/ROS2_Jazzy_Study/install/pinky_mapf/share/pinky_mapf/package.bash'
[2.350s] INFO:colcon.colcon_core.shell:Creating package script '/home/addinnedu/ROS2_Jazzy_Study/install/pinky_mapf/share/pinky_mapf/package.zsh'
[2.350s] Level 1:colcon.colcon_core.environment:create_file_with_runtime_dependencies(/home/addinnedu/ROS2_Jazzy_Study/install/pinky_mapf/share/colcon-core/packages/pinky_mapf)
[2.350s] Level 1:colcon.colcon_core.environment:checking '/home/addinnedu/ROS2_Jazzy_Study/install/send_goal' for CMake module files
[2.351s] Level 1:colcon.colcon_core.environment:checking '/home/addinnedu/ROS2_Jazzy_Study/install/send_goal' for CMake config files
[2.351s] DEBUG:colcon.colcon_core.event_handler.log_command:Invoked command in '/home/addinnedu/ROS2_Jazzy_Study/src/send_goal' returned '0': DEBUGINFOD_URLS=https://debuginfod.ubuntu.com PYTHONPATH=/home/addinnedu/ROS2_Jazzy_Study/build/send_goal/prefix_override:/usr/lib/python3/dist-packages/colcon_core/task/python/colcon_distutils_commands:/home/addinnedu/ROS2_Jazzy_Study/install/send_goal/lib/python3.12/site-packages:${PYTHONPATH} /usr/bin/python3 -W ignore:setup.py install is deprecated -W ignore:easy_install command is deprecated setup.py egg_info --egg-base ../../build/send_goal build --build-base /home/addinnedu/ROS2_Jazzy_Study/build/send_goal/build install --record /home/addinnedu/ROS2_Jazzy_Study/build/send_goal/install.log --single-version-externally-managed install_data
[2.352s] Level 1:colcon.colcon_core.environment:checking '/home/addinnedu/ROS2_Jazzy_Study/install/send_goal/lib'
[2.352s] Level 1:colcon.colcon_core.environment:checking '/home/addinnedu/ROS2_Jazzy_Study/install/send_goal/bin'
[2.352s] Level 1:colcon.colcon_core.environment:checking '/home/addinnedu/ROS2_Jazzy_Study/install/send_goal/lib/pkgconfig/send_goal.pc'
[2.352s] Level 1:colcon.colcon_core.environment:checking '/home/addinnedu/ROS2_Jazzy_Study/install/send_goal/lib/python3.12/site-packages'
[2.352s] Level 1:colcon.colcon_core.shell:create_environment_hook('send_goal', 'pythonpath')
[2.353s] INFO:colcon.colcon_core.shell:Creating environment hook '/home/addinnedu/ROS2_Jazzy_Study/install/send_goal/share/send_goal/hook/pythonpath.ps1'
[2.353s] INFO:colcon.colcon_core.shell:Creating environment descriptor '/home/addinnedu/ROS2_Jazzy_Study/install/send_goal/share/send_goal/hook/pythonpath.dsv'
[2.353s] INFO:colcon.colcon_core.shell:Creating environment hook '/home/addinnedu/ROS2_Jazzy_Study/install/send_goal/share/send_goal/hook/pythonpath.sh'
[2.354s] Level 1:colcon.colcon_core.environment:checking '/home/addinnedu/ROS2_Jazzy_Study/install/send_goal/bin'
[2.354s] Level 1:colcon.colcon_core.environment:create_environment_scripts_only(send_goal)
[2.354s] INFO:colcon.colcon_core.shell:Creating package script '/home/addinnedu/ROS2_Jazzy_Study/install/send_goal/share/send_goal/package.ps1'
[2.354s] INFO:colcon.colcon_core.shell:Creating package descriptor '/home/addinnedu/ROS2_Jazzy_Study/install/send_goal/share/send_goal/package.dsv'
[2.355s] INFO:colcon.colcon_core.shell:Creating package script '/home/addinnedu/ROS2_Jazzy_Study/install/send_goal/share/send_goal/package.sh'
[2.355s] INFO:colcon.colcon_core.shell:Creating package script '/home/addinnedu/ROS2_Jazzy_Study/install/send_goal/share/send_goal/package.bash'
[2.355s] INFO:colcon.colcon_core.shell:Creating package script '/home/addinnedu/ROS2_Jazzy_Study/install/send_goal/share/send_goal/package.zsh'
[2.355s] Level 1:colcon.colcon_core.environment:create_file_with_runtime_dependencies(/home/addinnedu/ROS2_Jazzy_Study/install/send_goal/share/colcon-core/packages/send_goal)
[2.356s] DEBUG:colcon.colcon_parallel_executor.executor.parallel:closing loop
[2.356s] DEBUG:colcon.colcon_parallel_executor.executor.parallel:loop closed
[2.356s] DEBUG:colcon.colcon_parallel_executor.executor.parallel:run_until_complete finished with '0'
[2.356s] DEBUG:colcon.colcon_core.event_reactor:joining thread
[2.362s] INFO:colcon.colcon_core.plugin_system:Skipping extension 'colcon_notification.desktop_notification.terminal_notifier': Not used on non-Darwin systems
[2.362s] INFO:colcon.colcon_core.plugin_system:Skipping extension 'colcon_notification.desktop_notification.win32': Not used on non-Windows systems
[2.363s] INFO:colcon.colcon_notification.desktop_notification:Sending desktop notification using 'notify2'
[2.374s] DEBUG:colcon.colcon_core.event_reactor:joined thread
[2.374s] INFO:colcon.colcon_core.shell:Creating prefix script '/home/addinnedu/ROS2_Jazzy_Study/install/local_setup.ps1'
[2.375s] INFO:colcon.colcon_core.shell:Creating prefix util module '/home/addinnedu/ROS2_Jazzy_Study/install/_local_setup_util_ps1.py'
[2.376s] INFO:colcon.colcon_core.shell:Creating prefix chain script '/home/addinnedu/ROS2_Jazzy_Study/install/setup.ps1'
[2.377s] INFO:colcon.colcon_core.shell:Creating prefix script '/home/addinnedu/ROS2_Jazzy_Study/install/local_setup.sh'
[2.377s] INFO:colcon.colcon_core.shell:Creating prefix util module '/home/addinnedu/ROS2_Jazzy_Study/install/_local_setup_util_sh.py'
[2.377s] INFO:colcon.colcon_core.shell:Creating prefix chain script '/home/addinnedu/ROS2_Jazzy_Study/install/setup.sh'
[2.378s] INFO:colcon.colcon_core.shell:Creating prefix script '/home/addinnedu/ROS2_Jazzy_Study/install/local_setup.bash'
[2.379s] INFO:colcon.colcon_core.shell:Creating prefix chain script '/home/addinnedu/ROS2_Jazzy_Study/install/setup.bash'
[2.380s] INFO:colcon.colcon_core.shell:Creating prefix script '/home/addinnedu/ROS2_Jazzy_Study/install/local_setup.zsh'
[2.380s] INFO:colcon.colcon_core.shell:Creating prefix chain script '/home/addinnedu/ROS2_Jazzy_Study/install/setup.zsh'
