[0.555s] Invoking command in '/home/addinnedu/ROS2_Jazzy_Study/build/pinky_rmf': CMAKE_PREFIX_PATH=${CMAKE_PREFIX_PATH}:/home/addinnedu/monitoring_camera_ws/install/aruco_marker_pkg:/opt/ros/jazzy DEBUGINFOD_URLS=https://debuginfod.ubuntu.com /usr/bin/cmake /home/addinnedu/ROS2_Jazzy_Study/src/pinky_rmf -DCMAKE_INSTALL_PREFIX=/home/addinnedu/ROS2_Jazzy_Study/install/pinky_rmf
[0.743s] -- The C compiler identification is GNU 13.3.0
[0.743s] -- The CXX compiler identification is GNU 13.3.0
[0.743s] -- Detecting C compiler ABI info
[0.750s] -- Detecting C compiler ABI info - done
[0.757s] -- Check for working C compiler: /usr/bin/cc - skipped
[0.757s] -- Detecting C compile features
[0.757s] -- Detecting C compile features - done
[0.766s] -- Detecting CXX compiler ABI info
[0.863s] -- Detecting CXX compiler ABI info - done
[0.873s] -- Check for working CXX compiler: /usr/bin/c++ - skipped
[0.873s] -- Detecting CXX compile features
[0.873s] -- Detecting CXX compile features - done
[0.878s] -- Found ament_cmake: 2.5.4 (/opt/ros/jazzy/share/ament_cmake/cmake)
[1.017s] -- Found Python3: /usr/bin/python3 (found version "3.12.3") found components: Interpreter 
[1.141s] -- Found rclcpp: 28.1.9 (/opt/ros/jazzy/share/rclcpp/cmake)
[1.198s] -- Found rosidl_generator_c: 4.6.5 (/opt/ros/jazzy/share/rosidl_generator_c/cmake)
[1.217s] -- Found rosidl_generator_cpp: 4.6.5 (/opt/ros/jazzy/share/rosidl_generator_cpp/cmake)
[1.238s] -- Using all available rosidl_typesupport_c: rosidl_typesupport_fastrtps_c;rosidl_typesupport_introspection_c
[1.260s] -- Using all available rosidl_typesupport_cpp: rosidl_typesupport_fastrtps_cpp;rosidl_typesupport_introspection_cpp
[1.348s] -- Found rmw_implementation_cmake: 7.3.2 (/opt/ros/jazzy/share/rmw_implementation_cmake/cmake)
[1.353s] -- Found rmw_fastrtps_cpp: 8.4.2 (/opt/ros/jazzy/share/rmw_fastrtps_cpp/cmake)
[1.454s] -- Found OpenSSL: /usr/lib/x86_64-linux-gnu/libcrypto.so (found version "3.0.13")  
[1.480s] -- Found FastRTPS: /opt/ros/jazzy/include (Required is at least version "2.13") 
[1.507s] -- Using RMW implementation 'rmw_fastrtps_cpp' as default
[1.589s] -- Found rclcpp_action: 28.1.9 (/opt/ros/jazzy/share/rclcpp_action/cmake)
[1.639s] -- Found std_msgs: 5.3.6 (/opt/ros/jazzy/share/std_msgs/cmake)
[1.654s] -- Found geometry_msgs: 5.3.6 (/opt/ros/jazzy/share/geometry_msgs/cmake)
[1.671s] -- Found nav2_msgs: 1.3.6 (/opt/ros/jazzy/share/nav2_msgs/cmake)
[1.790s] -- Found ament_lint_auto: 0.17.2 (/opt/ros/jazzy/share/ament_lint_auto/cmake)
[2.026s] -- Added test 'cppcheck' to perform static code analysis on C / C++ code
[2.026s] -- Configured cppcheck include dirs: $<BUILD_INTERFACE:/home/addinnedu/ROS2_Jazzy_Study/src/pinky_rmf/include>
[2.027s] -- Configured cppcheck exclude dirs and/or files: 
[2.028s] -- Added test 'lint_cmake' to check CMake code style
[2.034s] -- Added test 'uncrustify' to check C / C++ code style
[2.034s] -- Configured uncrustify additional arguments: 
[2.034s] -- Added test 'xmllint' to check XML markup files
[2.040s] -- Configuring done (1.5s)
[2.087s] -- Generating done (0.0s)
[2.094s] -- Build files have been written to: /home/addinnedu/ROS2_Jazzy_Study/build/pinky_rmf
[2.117s] Invoked command in '/home/addinnedu/ROS2_Jazzy_Study/build/pinky_rmf' returned '0': CMAKE_PREFIX_PATH=${CMAKE_PREFIX_PATH}:/home/addinnedu/monitoring_camera_ws/install/aruco_marker_pkg:/opt/ros/jazzy DEBUGINFOD_URLS=https://debuginfod.ubuntu.com /usr/bin/cmake /home/addinnedu/ROS2_Jazzy_Study/src/pinky_rmf -DCMAKE_INSTALL_PREFIX=/home/addinnedu/ROS2_Jazzy_Study/install/pinky_rmf
[2.120s] Invoking command in '/home/addinnedu/ROS2_Jazzy_Study/build/pinky_rmf': CMAKE_PREFIX_PATH=${CMAKE_PREFIX_PATH}:/home/addinnedu/monitoring_camera_ws/install/aruco_marker_pkg:/opt/ros/jazzy DEBUGINFOD_URLS=https://debuginfod.ubuntu.com /usr/bin/cmake --build /home/addinnedu/ROS2_Jazzy_Study/build/pinky_rmf -- -j16 -l16
[2.210s] [ 50%] [32mBuilding CXX object CMakeFiles/goal_pose_listener.dir/src/goal_pose_listener.cpp.o[0m
[12.784s] [100%] [32m[1mLinking CXX executable goal_pose_listener[0m
[13.150s] [100%] Built target goal_pose_listener
[13.163s] Invoked command in '/home/addinnedu/ROS2_Jazzy_Study/build/pinky_rmf' returned '0': CMAKE_PREFIX_PATH=${CMAKE_PREFIX_PATH}:/home/addinnedu/monitoring_camera_ws/install/aruco_marker_pkg:/opt/ros/jazzy DEBUGINFOD_URLS=https://debuginfod.ubuntu.com /usr/bin/cmake --build /home/addinnedu/ROS2_Jazzy_Study/build/pinky_rmf -- -j16 -l16
[13.174s] Invoking command in '/home/addinnedu/ROS2_Jazzy_Study/build/pinky_rmf': CMAKE_PREFIX_PATH=${CMAKE_PREFIX_PATH}:/home/addinnedu/monitoring_camera_ws/install/aruco_marker_pkg:/opt/ros/jazzy DEBUGINFOD_URLS=https://debuginfod.ubuntu.com /usr/bin/cmake --install /home/addinnedu/ROS2_Jazzy_Study/build/pinky_rmf
[13.183s] -- Install configuration: ""
[13.183s] -- Installing: /home/addinnedu/ROS2_Jazzy_Study/install/pinky_rmf/lib/pinky_rmf/goal_pose_listener
[13.189s] -- Set non-toolchain portion of runtime path of "/home/addinnedu/ROS2_Jazzy_Study/install/pinky_rmf/lib/pinky_rmf/goal_pose_listener" to ""
[13.190s] -- Installing: /home/addinnedu/ROS2_Jazzy_Study/install/pinky_rmf/share/ament_index/resource_index/package_run_dependencies/pinky_rmf
[13.190s] -- Installing: /home/addinnedu/ROS2_Jazzy_Study/install/pinky_rmf/share/ament_index/resource_index/parent_prefix_path/pinky_rmf
[13.190s] -- Installing: /home/addinnedu/ROS2_Jazzy_Study/install/pinky_rmf/share/pinky_rmf/environment/ament_prefix_path.sh
[13.190s] -- Installing: /home/addinnedu/ROS2_Jazzy_Study/install/pinky_rmf/share/pinky_rmf/environment/ament_prefix_path.dsv
[13.190s] -- Installing: /home/addinnedu/ROS2_Jazzy_Study/install/pinky_rmf/share/pinky_rmf/environment/path.sh
[13.190s] -- Installing: /home/addinnedu/ROS2_Jazzy_Study/install/pinky_rmf/share/pinky_rmf/environment/path.dsv
[13.190s] -- Installing: /home/addinnedu/ROS2_Jazzy_Study/install/pinky_rmf/share/pinky_rmf/local_setup.bash
[13.190s] -- Installing: /home/addinnedu/ROS2_Jazzy_Study/install/pinky_rmf/share/pinky_rmf/local_setup.sh
[13.190s] -- Installing: /home/addinnedu/ROS2_Jazzy_Study/install/pinky_rmf/share/pinky_rmf/local_setup.zsh
[13.191s] -- Installing: /home/addinnedu/ROS2_Jazzy_Study/install/pinky_rmf/share/pinky_rmf/local_setup.dsv
[13.191s] -- Installing: /home/addinnedu/ROS2_Jazzy_Study/install/pinky_rmf/share/pinky_rmf/package.dsv
[13.191s] -- Installing: /home/addinnedu/ROS2_Jazzy_Study/install/pinky_rmf/share/ament_index/resource_index/packages/pinky_rmf
[13.191s] -- Installing: /home/addinnedu/ROS2_Jazzy_Study/install/pinky_rmf/share/pinky_rmf/cmake/pinky_rmfConfig.cmake
[13.191s] -- Installing: /home/addinnedu/ROS2_Jazzy_Study/install/pinky_rmf/share/pinky_rmf/cmake/pinky_rmfConfig-version.cmake
[13.191s] -- Installing: /home/addinnedu/ROS2_Jazzy_Study/install/pinky_rmf/share/pinky_rmf/package.xml
[13.193s] Invoked command in '/home/addinnedu/ROS2_Jazzy_Study/build/pinky_rmf' returned '0': CMAKE_PREFIX_PATH=${CMAKE_PREFIX_PATH}:/home/addinnedu/monitoring_camera_ws/install/aruco_marker_pkg:/opt/ros/jazzy DEBUGINFOD_URLS=https://debuginfod.ubuntu.com /usr/bin/cmake --install /home/addinnedu/ROS2_Jazzy_Study/build/pinky_rmf
