[0.225s] Invoking command in '/home/addinnedu/ROS2_Jazzy_Study/build/mapf_planner': CMAKE_PREFIX_PATH=${CMAKE_PREFIX_PATH}:/home/addinnedu/ROS2_Jazzy_Study/install/send_goal:/home/addinnedu/ROS2_Jazzy_Study/install/pinky_mapf:/home/addinnedu/ROS2_Jazzy_Study/install/my_demo_pkg:/home/addinnedu/ROS2_Jazzy_Study/install/aruco_marker_pkg:/opt/ros/jazzy DEBUGINFOD_URLS=https://debuginfod.ubuntu.com /usr/bin/cmake /home/addinnedu/ROS2_Jazzy_Study/src/mapf_planner -DAMENT_CMAKE_SYMLINK_INSTALL=1 -DCMAKE_INSTALL_PREFIX=/home/addinnedu/ROS2_Jazzy_Study/install/mapf_planner
[0.790s] -- The C compiler identification is GNU 13.3.0
[0.790s] -- The CXX compiler identification is GNU 13.3.0
[0.790s] -- Detecting C compiler ABI info
[0.791s] -- Detecting C compiler ABI info - done
[0.791s] -- Check for working C compiler: /usr/bin/cc - skipped
[0.791s] -- Detecting C compile features
[0.791s] -- Detecting C compile features - done
[0.791s] -- Detecting CXX compiler ABI info
[0.791s] -- Detecting CXX compiler ABI info - done
[0.791s] -- Check for working CXX compiler: /usr/bin/c++ - skipped
[0.791s] -- Detecting CXX compile features
[0.791s] -- Detecting CXX compile features - done
[0.791s] -- Found ament_cmake: 2.5.4 (/opt/ros/jazzy/share/ament_cmake/cmake)
[0.791s] -- Found Python3: /usr/bin/python3 (found version "3.12.3") found components: Interpreter 
[0.791s] -- Override CMake install command with custom implementation using symlinks instead of copying resources
[0.827s] -- Found rclcpp: 28.1.9 (/opt/ros/jazzy/share/rclcpp/cmake)
[0.889s] -- Found rosidl_generator_c: 4.6.5 (/opt/ros/jazzy/share/rosidl_generator_c/cmake)
[0.909s] -- Found rosidl_generator_cpp: 4.6.5 (/opt/ros/jazzy/share/rosidl_generator_cpp/cmake)
[0.932s] -- Using all available rosidl_typesupport_c: rosidl_typesupport_fastrtps_c;rosidl_typesupport_introspection_c
[0.956s] -- Using all available rosidl_typesupport_cpp: rosidl_typesupport_fastrtps_cpp;rosidl_typesupport_introspection_cpp
[1.054s] -- Found rmw_implementation_cmake: 7.3.2 (/opt/ros/jazzy/share/rmw_implementation_cmake/cmake)
[1.059s] -- Found rmw_fastrtps_cpp: 8.4.2 (/opt/ros/jazzy/share/rmw_fastrtps_cpp/cmake)
[1.171s] -- Found OpenSSL: /usr/lib/x86_64-linux-gnu/libcrypto.so (found version "3.0.13")  
[1.194s] -- Found FastRTPS: /opt/ros/jazzy/include (Required is at least version "2.13") 
[1.221s] -- Using RMW implementation 'rmw_fastrtps_cpp' as default
[1.310s] -- Found rclcpp_action: 28.1.9 (/opt/ros/jazzy/share/rclcpp_action/cmake)
[1.364s] -- Found nav_msgs: 5.3.6 (/opt/ros/jazzy/share/nav_msgs/cmake)
[1.433s] -- Found nav2_msgs: 1.3.6 (/opt/ros/jazzy/share/nav2_msgs/cmake)
[1.523s] -- Found visualization_msgs: 5.3.6 (/opt/ros/jazzy/share/visualization_msgs/cmake)
[1.577s] -- Found mapf_planner: 0.0.0 (/home/addinnedu/Rotus_team/roscamp-repo-3/Ros_Files/install/mapf_planner/share/mapf_planner/cmake)
[1.684s] -- Configuring done (1.5s)
[1.739s] -- Generating done (0.0s)
[1.757s] -- Build files have been written to: /home/addinnedu/ROS2_Jazzy_Study/build/mapf_planner
[1.772s] Invoked command in '/home/addinnedu/ROS2_Jazzy_Study/build/mapf_planner' returned '0': CMAKE_PREFIX_PATH=${CMAKE_PREFIX_PATH}:/home/addinnedu/ROS2_Jazzy_Study/install/send_goal:/home/addinnedu/ROS2_Jazzy_Study/install/pinky_mapf:/home/addinnedu/ROS2_Jazzy_Study/install/my_demo_pkg:/home/addinnedu/ROS2_Jazzy_Study/install/aruco_marker_pkg:/opt/ros/jazzy DEBUGINFOD_URLS=https://debuginfod.ubuntu.com /usr/bin/cmake /home/addinnedu/ROS2_Jazzy_Study/src/mapf_planner -DAMENT_CMAKE_SYMLINK_INSTALL=1 -DCMAKE_INSTALL_PREFIX=/home/addinnedu/ROS2_Jazzy_Study/install/mapf_planner
[1.774s] Invoking command in '/home/addinnedu/ROS2_Jazzy_Study/build/mapf_planner': CMAKE_PREFIX_PATH=${CMAKE_PREFIX_PATH}:/home/addinnedu/ROS2_Jazzy_Study/install/send_goal:/home/addinnedu/ROS2_Jazzy_Study/install/pinky_mapf:/home/addinnedu/ROS2_Jazzy_Study/install/my_demo_pkg:/home/addinnedu/ROS2_Jazzy_Study/install/aruco_marker_pkg:/opt/ros/jazzy DEBUGINFOD_URLS=https://debuginfod.ubuntu.com /usr/bin/cmake --build /home/addinnedu/ROS2_Jazzy_Study/build/mapf_planner -- -j16 -l16
[1.840s] [  6%] [32mBuilding CXX object CMakeFiles/cbs_planner_node.dir/src/cbs_planner_node.cpp.o[0m
[1.840s] [  9%] [32mBuilding CXX object CMakeFiles/cbs_planner_node.dir/src/cbs.cpp.o[0m
[1.840s] [ 12%] [32mBuilding CXX object CMakeFiles/prioritized_planner_node.dir/src/astar.cpp.o[0m
[1.841s] [ 15%] [32mBuilding CXX object CMakeFiles/prioritized_planner_node.dir/src/prioritized_planner_node.cpp.o[0m
[1.841s] [ 15%] [32mBuilding CXX object CMakeFiles/cbs_planner_node.dir/src/astar.cpp.o[0m
[1.841s] [ 18%] [32mBuilding CXX object CMakeFiles/waypoint_follower.dir/src/waypoint_follower.cpp.o[0m
[1.841s] [ 21%] [32mBuilding CXX object CMakeFiles/cbs_planner_node_test.dir/src/cbs_planner_node_test.cpp.o[0m
[1.851s] [ 25%] [32mBuilding CXX object CMakeFiles/cbs_planner_node_test2.dir/src/cbs_planner_node_test2.cpp.o[0m
[1.852s] [ 28%] [32mBuilding CXX object CMakeFiles/cbs_planner_node_test.dir/src/astar.cpp.o[0m
[1.852s] [ 34%] [32mBuilding CXX object CMakeFiles/grid_map_publisher.dir/src/grid_map_publisher.cpp.o[0m
[1.852s] [ 34%] [32mBuilding CXX object CMakeFiles/cbs_planner_node_test2.dir/src/cbs.cpp.o[0m
[1.856s] [ 40%] [32mBuilding CXX object CMakeFiles/cbs_planner_node_pose_pub.dir/src/cbs_planner_node_pose_pub.cpp.o[0m
[1.856s] [ 40%] [32mBuilding CXX object CMakeFiles/cbs_planner_node_test.dir/src/cbs.cpp.o[0m
[1.861s] [ 43%] [32mBuilding CXX object CMakeFiles/tracked_path_publisher.dir/src/tracked_path_publisher.cpp.o[0m
[1.861s] [ 46%] [32mBuilding CXX object CMakeFiles/cbs_planner_pose_publisher.dir/src/cbs_planner_pose_publisher.cpp.o[0m
[1.868s] [ 50%] [32mBuilding CXX object CMakeFiles/astar_node.dir/src/astar_node.cpp.o[0m
[3.448s] [ 53%] [32mBuilding CXX object CMakeFiles/cbs_planner_pose_publisher.dir/src/cbs.cpp.o[0m
[3.457s] [ 56%] [32mBuilding CXX object CMakeFiles/cbs_planner_node_test2.dir/src/astar.cpp.o[0m
[3.514s] [ 59%] [32mBuilding CXX object CMakeFiles/cbs_planner_pose_publisher.dir/src/astar.cpp.o[0m
[4.816s] [ 62%] [32mBuilding CXX object CMakeFiles/astar_node.dir/src/astar.cpp.o[0m
[6.934s] [ 65%] [32mBuilding CXX object CMakeFiles/cbs_planner_node_pose_pub.dir/src/cbs.cpp.o[0m
[7.665s] [ 68%] [32mBuilding CXX object CMakeFiles/cbs_planner_node_pose_pub.dir/src/astar.cpp.o[0m
[9.039s] [ 71%] [32m[1mLinking CXX executable cbs_planner_node[0m
[9.204s] [ 75%] [32m[1mLinking CXX executable cbs_planner_node_test2[0m
[9.399s] [ 75%] Built target cbs_planner_node
[9.546s] [ 78%] [32m[1mLinking CXX executable grid_map_publisher[0m
[9.619s] [ 78%] Built target cbs_planner_node_test2
[9.842s] [ 78%] Built target grid_map_publisher
[12.891s] [ 81%] [32m[1mLinking CXX executable cbs_planner_pose_publisher[0m
[13.281s] [ 84%] [32m[1mLinking CXX executable astar_node[0m
[13.320s] [ 84%] Built target cbs_planner_pose_publisher
[13.362s] [ 87%] [32m[1mLinking CXX executable waypoint_follower[0m
[13.396s] [ 90%] [32m[1mLinking CXX executable tracked_path_publisher[0m
[13.425s] [ 93%] [32m[1mLinking CXX executable cbs_planner_node_pose_pub[0m
[13.657s] [ 96%] [32m[1mLinking CXX executable prioritized_planner_node[0m
[13.686s] [ 96%] Built target astar_node
[13.831s] [ 96%] Built target tracked_path_publisher
[13.858s] [ 96%] Built target cbs_planner_node_pose_pub
[13.879s] [ 96%] Built target waypoint_follower
[13.983s] [ 96%] Built target prioritized_planner_node
[14.324s] [100%] [32m[1mLinking CXX executable cbs_planner_node_test[0m
[14.687s] [100%] Built target cbs_planner_node_test
