[0.219s] Invoking command in '/home/addinnedu/ROS2_Jazzy_Study/build/mapf_planner': CMAKE_PREFIX_PATH=${CMAKE_PREFIX_PATH}:/home/addinnedu/ROS2_Jazzy_Study/install/send_goal:/home/addinnedu/ROS2_Jazzy_Study/install/pinky_mapf:/home/addinnedu/ROS2_Jazzy_Study/install/my_demo_pkg:/home/addinnedu/ROS2_Jazzy_Study/install/aruco_marker_pkg:/opt/ros/jazzy DEBUGINFOD_URLS=https://debuginfod.ubuntu.com /usr/bin/cmake /home/addinnedu/ROS2_Jazzy_Study/src/mapf_planner -DAMENT_CMAKE_SYMLINK_INSTALL=1 -DCMAKE_INSTALL_PREFIX=/home/addinnedu/ROS2_Jazzy_Study/install/mapf_planner
[0.778s] -- Found ament_cmake: 2.5.4 (/opt/ros/jazzy/share/ament_cmake/cmake)
[0.778s] -- Override CMake install command with custom implementation using symlinks instead of copying resources
[0.779s] -- Found rclcpp: 28.1.9 (/opt/ros/jazzy/share/rclcpp/cmake)
[0.779s] -- Found rosidl_generator_c: 4.6.5 (/opt/ros/jazzy/share/rosidl_generator_c/cmake)
[0.779s] -- Found rosidl_generator_cpp: 4.6.5 (/opt/ros/jazzy/share/rosidl_generator_cpp/cmake)
[0.779s] -- Using all available rosidl_typesupport_c: rosidl_typesupport_fastrtps_c;rosidl_typesupport_introspection_c
[0.779s] -- Using all available rosidl_typesupport_cpp: rosidl_typesupport_fastrtps_cpp;rosidl_typesupport_introspection_cpp
[0.779s] -- Found rmw_implementation_cmake: 7.3.2 (/opt/ros/jazzy/share/rmw_implementation_cmake/cmake)
[0.779s] -- Found rmw_fastrtps_cpp: 8.4.2 (/opt/ros/jazzy/share/rmw_fastrtps_cpp/cmake)
[0.780s] -- Using RMW implementation 'rmw_fastrtps_cpp' as default
[0.780s] -- Found rclcpp_action: 28.1.9 (/opt/ros/jazzy/share/rclcpp_action/cmake)
[0.780s] -- Found nav_msgs: 5.3.6 (/opt/ros/jazzy/share/nav_msgs/cmake)
[0.780s] -- Found nav2_msgs: 1.3.6 (/opt/ros/jazzy/share/nav2_msgs/cmake)
[0.780s] -- Found visualization_msgs: 5.3.6 (/opt/ros/jazzy/share/visualization_msgs/cmake)
[0.812s] -- Found mapf_planner: 0.0.0 (/home/addinnedu/Rotus_team/roscamp-repo-3/Ros_Files/install/mapf_planner/share/mapf_planner/cmake)
[0.912s] -- Configuring done (0.7s)
[0.960s] -- Generating done (0.0s)
[0.974s] -- Build files have been written to: /home/addinnedu/ROS2_Jazzy_Study/build/mapf_planner
[0.988s] Invoked command in '/home/addinnedu/ROS2_Jazzy_Study/build/mapf_planner' returned '0': CMAKE_PREFIX_PATH=${CMAKE_PREFIX_PATH}:/home/addinnedu/ROS2_Jazzy_Study/install/send_goal:/home/addinnedu/ROS2_Jazzy_Study/install/pinky_mapf:/home/addinnedu/ROS2_Jazzy_Study/install/my_demo_pkg:/home/addinnedu/ROS2_Jazzy_Study/install/aruco_marker_pkg:/opt/ros/jazzy DEBUGINFOD_URLS=https://debuginfod.ubuntu.com /usr/bin/cmake /home/addinnedu/ROS2_Jazzy_Study/src/mapf_planner -DAMENT_CMAKE_SYMLINK_INSTALL=1 -DCMAKE_INSTALL_PREFIX=/home/addinnedu/ROS2_Jazzy_Study/install/mapf_planner
[0.990s] Invoking command in '/home/addinnedu/ROS2_Jazzy_Study/build/mapf_planner': CMAKE_PREFIX_PATH=${CMAKE_PREFIX_PATH}:/home/addinnedu/ROS2_Jazzy_Study/install/send_goal:/home/addinnedu/ROS2_Jazzy_Study/install/pinky_mapf:/home/addinnedu/ROS2_Jazzy_Study/install/my_demo_pkg:/home/addinnedu/ROS2_Jazzy_Study/install/aruco_marker_pkg:/opt/ros/jazzy DEBUGINFOD_URLS=https://debuginfod.ubuntu.com /usr/bin/cmake --build /home/addinnedu/ROS2_Jazzy_Study/build/mapf_planner -- -j16 -l16
[1.079s] [  6%] Built target tracked_path_publisher
[1.079s] [ 18%] Built target cbs_planner_node_pose_pub
[1.079s] [ 28%] Built target prioritized_planner_node
[1.080s] [ 37%] Built target astar_node
[1.080s] [ 43%] Built target grid_map_publisher
[1.084s] [ 62%] Built target cbs_planner_node_test2
[1.084s] [ 62%] Built target waypoint_follower
[1.084s] [ 75%] Built target cbs_planner_pose_publisher
[1.085s] [ 93%] Built target cbs_planner_node_test
[1.086s] [100%] Built target cbs_planner_node
[1.101s] Invoked command in '/home/addinnedu/ROS2_Jazzy_Study/build/mapf_planner' returned '0': CMAKE_PREFIX_PATH=${CMAKE_PREFIX_PATH}:/home/addinnedu/ROS2_Jazzy_Study/install/send_goal:/home/addinnedu/ROS2_Jazzy_Study/install/pinky_mapf:/home/addinnedu/ROS2_Jazzy_Study/install/my_demo_pkg:/home/addinnedu/ROS2_Jazzy_Study/install/aruco_marker_pkg:/opt/ros/jazzy DEBUGINFOD_URLS=https://debuginfod.ubuntu.com /usr/bin/cmake --build /home/addinnedu/ROS2_Jazzy_Study/build/mapf_planner -- -j16 -l16
[1.115s] Invoking command in '/home/addinnedu/ROS2_Jazzy_Study/build/mapf_planner': CMAKE_PREFIX_PATH=${CMAKE_PREFIX_PATH}:/home/addinnedu/ROS2_Jazzy_Study/install/send_goal:/home/addinnedu/ROS2_Jazzy_Study/install/pinky_mapf:/home/addinnedu/ROS2_Jazzy_Study/install/my_demo_pkg:/home/addinnedu/ROS2_Jazzy_Study/install/aruco_marker_pkg:/opt/ros/jazzy DEBUGINFOD_URLS=https://debuginfod.ubuntu.com /usr/bin/cmake --install /home/addinnedu/ROS2_Jazzy_Study/build/mapf_planner
[1.126s] -- Install configuration: ""
[1.126s] -- Execute custom install script
[1.127s] -- Up-to-date symlink: /home/addinnedu/ROS2_Jazzy_Study/install/mapf_planner/lib/mapf_planner/astar_node
[1.127s] -- Up-to-date symlink: /home/addinnedu/ROS2_Jazzy_Study/install/mapf_planner/lib/mapf_planner/grid_map_publisher
[1.127s] -- Up-to-date symlink: /home/addinnedu/ROS2_Jazzy_Study/install/mapf_planner/lib/mapf_planner/prioritized_planner_node
[1.127s] -- Up-to-date symlink: /home/addinnedu/ROS2_Jazzy_Study/install/mapf_planner/lib/mapf_planner/cbs_planner_node
[1.127s] -- Up-to-date symlink: /home/addinnedu/ROS2_Jazzy_Study/install/mapf_planner/lib/mapf_planner/waypoint_follower
[1.128s] -- Up-to-date symlink: /home/addinnedu/ROS2_Jazzy_Study/install/mapf_planner/lib/mapf_planner/tracked_path_publisher
[1.128s] -- Up-to-date symlink: /home/addinnedu/ROS2_Jazzy_Study/install/mapf_planner/lib/mapf_planner/cbs_planner_node_test
[1.128s] -- Up-to-date symlink: /home/addinnedu/ROS2_Jazzy_Study/install/mapf_planner/lib/mapf_planner/cbs_planner_node_test2
[1.128s] -- Up-to-date symlink: /home/addinnedu/ROS2_Jazzy_Study/install/mapf_planner/lib/mapf_planner/cbs_planner_pose_publisher
[1.128s] -- Up-to-date symlink: /home/addinnedu/ROS2_Jazzy_Study/install/mapf_planner/lib/mapf_planner/cbs_planner_node_pose_pub
[1.129s] -- Up-to-date symlink: /home/addinnedu/ROS2_Jazzy_Study/install/mapf_planner/share/mapf_planner//launch/multi_node_launch.py
[1.129s] -- Up-to-date symlink: /home/addinnedu/ROS2_Jazzy_Study/install/mapf_planner/share/ament_index/resource_index/package_run_dependencies/mapf_planner
[1.129s] -- Up-to-date symlink: /home/addinnedu/ROS2_Jazzy_Study/install/mapf_planner/share/ament_index/resource_index/parent_prefix_path/mapf_planner
[1.129s] -- Up-to-date symlink: /home/addinnedu/ROS2_Jazzy_Study/install/mapf_planner/share/mapf_planner/environment/ament_prefix_path.sh
[1.130s] -- Up-to-date symlink: /home/addinnedu/ROS2_Jazzy_Study/install/mapf_planner/share/mapf_planner/environment/ament_prefix_path.dsv
[1.130s] -- Up-to-date symlink: /home/addinnedu/ROS2_Jazzy_Study/install/mapf_planner/share/mapf_planner/environment/path.sh
[1.130s] -- Up-to-date symlink: /home/addinnedu/ROS2_Jazzy_Study/install/mapf_planner/share/mapf_planner/environment/path.dsv
[1.130s] -- Up-to-date symlink: /home/addinnedu/ROS2_Jazzy_Study/install/mapf_planner/share/mapf_planner/local_setup.bash
[1.130s] -- Up-to-date symlink: /home/addinnedu/ROS2_Jazzy_Study/install/mapf_planner/share/mapf_planner/local_setup.sh
[1.130s] -- Up-to-date symlink: /home/addinnedu/ROS2_Jazzy_Study/install/mapf_planner/share/mapf_planner/local_setup.zsh
[1.131s] -- Up-to-date symlink: /home/addinnedu/ROS2_Jazzy_Study/install/mapf_planner/share/mapf_planner/local_setup.dsv
[1.131s] -- Symlinking: /home/addinnedu/ROS2_Jazzy_Study/install/mapf_planner/share/mapf_planner/package.dsv
[1.144s] -- Up-to-date symlink: /home/addinnedu/ROS2_Jazzy_Study/install/mapf_planner/share/ament_index/resource_index/packages/mapf_planner
[1.144s] -- Up-to-date symlink: /home/addinnedu/ROS2_Jazzy_Study/install/mapf_planner/share/mapf_planner/cmake/mapf_plannerConfig.cmake
[1.145s] -- Up-to-date symlink: /home/addinnedu/ROS2_Jazzy_Study/install/mapf_planner/share/mapf_planner/cmake/mapf_plannerConfig-version.cmake
[1.145s] -- Up-to-date symlink: /home/addinnedu/ROS2_Jazzy_Study/install/mapf_planner/share/mapf_planner/package.xml
[1.147s] Invoked command in '/home/addinnedu/ROS2_Jazzy_Study/build/mapf_planner' returned '0': CMAKE_PREFIX_PATH=${CMAKE_PREFIX_PATH}:/home/addinnedu/ROS2_Jazzy_Study/install/send_goal:/home/addinnedu/ROS2_Jazzy_Study/install/pinky_mapf:/home/addinnedu/ROS2_Jazzy_Study/install/my_demo_pkg:/home/addinnedu/ROS2_Jazzy_Study/install/aruco_marker_pkg:/opt/ros/jazzy DEBUGINFOD_URLS=https://debuginfod.ubuntu.com /usr/bin/cmake --install /home/addinnedu/ROS2_Jazzy_Study/build/mapf_planner
