-- The C compiler identification is GNU 13.3.0
-- The CXX compiler identification is GNU 13.3.0
-- Detecting C compiler ABI info
-- Detecting C compiler ABI info - done
-- Check for working C compiler: /usr/bin/cc - skipped
-- Detecting C compile features
-- Detecting C compile features - done
-- Detecting CXX compiler ABI info
-- Detecting CXX compiler ABI info - done
-- Check for working CXX compiler: /usr/bin/c++ - skipped
-- Detecting CXX compile features
-- Detecting CXX compile features - done
-- Found ament_cmake: 2.5.4 (/opt/ros/jazzy/share/ament_cmake/cmake)
-- Found Python3: /usr/bin/python3 (found version "3.12.3") found components: Interpreter 
-- Override CMake install command with custom implementation using symlinks instead of copying resources
-- Found rclcpp: 28.1.10 (/opt/ros/jazzy/share/rclcpp/cmake)
-- Found rosidl_generator_c: 4.6.5 (/opt/ros/jazzy/share/rosidl_generator_c/cmake)
-- Found rosidl_generator_cpp: 4.6.5 (/opt/ros/jazzy/share/rosidl_generator_cpp/cmake)
-- Using all available rosidl_typesupport_c: rosidl_typesupport_fastrtps_c;rosidl_typesupport_introspection_c
-- Using all available rosidl_typesupport_cpp: rosidl_typesupport_fastrtps_cpp;rosidl_typesupport_introspection_cpp
-- Found rmw_implementation_cmake: 7.3.2 (/opt/ros/jazzy/share/rmw_implementation_cmake/cmake)
-- Found rmw_fastrtps_cpp: 8.4.2 (/opt/ros/jazzy/share/rmw_fastrtps_cpp/cmake)
-- Found OpenSSL: /usr/lib/x86_64-linux-gnu/libcrypto.so (found version "3.0.13")  
-- Found FastRTPS: /opt/ros/jazzy/include (Required is at least version "2.13") 
-- Using RMW implementation 'rmw_fastrtps_cpp' as default
-- Found nav_msgs: 5.3.6 (/opt/ros/jazzy/share/nav_msgs/cmake)
-- Configuring done (0.9s)
-- Generating done (0.0s)
-- Build files have been written to: /home/jewoo/ROS2_Jazzy_Study/build/traffic_planner
[ 16%] [32mBuilding CXX object CMakeFiles/traffic_planner_lib.dir/src/TrafficPlanner.cpp.o[0m
[ 33%] [32m[1mLinking CXX static library libtraffic_planner_lib.a[0m
[ 33%] Built target traffic_planner_lib
[ 50%] [32mBuilding CXX object CMakeFiles/traffic_planner_node_lib.dir/src/TrafficPlannerNode.cpp.o[0m
[ 66%] [32m[1mLinking CXX static library libtraffic_planner_node_lib.a[0m
[ 66%] Built target traffic_planner_node_lib
[ 83%] [32mBuilding CXX object CMakeFiles/traffic_path_planner.dir/src/main.cpp.o[0m
[100%] [32m[1mLinking CXX executable traffic_path_planner[0m
[100%] Built target traffic_path_planner
-- Install configuration: ""
-- Execute custom install script
-- Symlinking: /home/jewoo/ROS2_Jazzy_Study/install/traffic_planner/lib/traffic_planner/traffic_path_planner
-- Symlinking: /home/jewoo/ROS2_Jazzy_Study/install/traffic_planner/lib/traffic_planner/libtraffic_planner_lib.a
-- Symlinking: /home/jewoo/ROS2_Jazzy_Study/install/traffic_planner/lib/traffic_planner/libtraffic_planner_node_lib.a
-- Symlinking: /home/jewoo/ROS2_Jazzy_Study/install/traffic_planner/include//traffic_planner/TrafficPlanner.hpp
-- Symlinking: /home/jewoo/ROS2_Jazzy_Study/install/traffic_planner/include//traffic_planner/TrafficPlannerNode.hpp
-- Symlinking: /home/jewoo/ROS2_Jazzy_Study/install/traffic_planner/share/traffic_planner/launch//traffic_planner.launch.py
-- Symlinking: /home/jewoo/ROS2_Jazzy_Study/install/traffic_planner/share/ament_index/resource_index/package_run_dependencies/traffic_planner
-- Symlinking: /home/jewoo/ROS2_Jazzy_Study/install/traffic_planner/share/ament_index/resource_index/parent_prefix_path/traffic_planner
-- Symlinking: /home/jewoo/ROS2_Jazzy_Study/install/traffic_planner/share/traffic_planner/environment/ament_prefix_path.sh
-- Symlinking: /home/jewoo/ROS2_Jazzy_Study/install/traffic_planner/share/traffic_planner/environment/ament_prefix_path.dsv
-- Symlinking: /home/jewoo/ROS2_Jazzy_Study/install/traffic_planner/share/traffic_planner/environment/path.sh
-- Symlinking: /home/jewoo/ROS2_Jazzy_Study/install/traffic_planner/share/traffic_planner/environment/path.dsv
-- Symlinking: /home/jewoo/ROS2_Jazzy_Study/install/traffic_planner/share/traffic_planner/local_setup.bash
-- Symlinking: /home/jewoo/ROS2_Jazzy_Study/install/traffic_planner/share/traffic_planner/local_setup.sh
-- Symlinking: /home/jewoo/ROS2_Jazzy_Study/install/traffic_planner/share/traffic_planner/local_setup.zsh
-- Symlinking: /home/jewoo/ROS2_Jazzy_Study/install/traffic_planner/share/traffic_planner/local_setup.dsv
-- Symlinking: /home/jewoo/ROS2_Jazzy_Study/install/traffic_planner/share/traffic_planner/package.dsv
-- Symlinking: /home/jewoo/ROS2_Jazzy_Study/install/traffic_planner/share/ament_index/resource_index/packages/traffic_planner
-- Symlinking: /home/jewoo/ROS2_Jazzy_Study/install/traffic_planner/share/traffic_planner/cmake/traffic_plannerConfig.cmake
-- Symlinking: /home/jewoo/ROS2_Jazzy_Study/install/traffic_planner/share/traffic_planner/cmake/traffic_plannerConfig-version.cmake
-- Symlinking: /home/jewoo/ROS2_Jazzy_Study/install/traffic_planner/share/traffic_planner/package.xml
