[0.610s] Invoking command in '/home/jewoo/ROS2_Jazzy_Study/build/traffic_planner': CMAKE_PREFIX_PATH=${CMAKE_PREFIX_PATH}:/opt/ros/jazzy DEBUGINFOD_URLS=https://debuginfod.ubuntu.com /usr/bin/cmake /home/jewoo/ROS2_Jazzy_Study/src/traffic_planner -DAMENT_CMAKE_SYMLINK_INSTALL=1 -DCMAKE_INSTALL_PREFIX=/home/jewoo/ROS2_Jazzy_Study/install/traffic_planner
[0.641s] -- The C compiler identification is GNU 13.3.0
[0.677s] -- The CXX compiler identification is GNU 13.3.0
[0.688s] -- Detecting C compiler ABI info
[0.745s] -- Detecting C compiler ABI info - done
[0.753s] -- Check for working C compiler: /usr/bin/cc - skipped
[0.753s] -- Detecting C compile features
[0.753s] -- Detecting C compile features - done
[0.759s] -- Detecting CXX compiler ABI info
[0.831s] -- Detecting CXX compiler ABI info - done
[0.838s] -- Check for working CXX compiler: /usr/bin/c++ - skipped
[0.838s] -- Detecting CXX compile features
[0.839s] -- Detecting CXX compile features - done
[0.840s] -- Found ament_cmake: 2.5.4 (/opt/ros/jazzy/share/ament_cmake/cmake)
[0.936s] -- Found Python3: /usr/bin/python3 (found version "3.12.3") found components: Interpreter 
[0.989s] -- Override CMake install command with custom implementation using symlinks instead of copying resources
[1.013s] -- Found rclcpp: 28.1.10 (/opt/ros/jazzy/share/rclcpp/cmake)
[1.045s] -- Found rosidl_generator_c: 4.6.5 (/opt/ros/jazzy/share/rosidl_generator_c/cmake)
[1.053s] -- Found rosidl_generator_cpp: 4.6.5 (/opt/ros/jazzy/share/rosidl_generator_cpp/cmake)
[1.063s] -- Using all available rosidl_typesupport_c: rosidl_typesupport_fastrtps_c;rosidl_typesupport_introspection_c
[1.080s] -- Using all available rosidl_typesupport_cpp: rosidl_typesupport_fastrtps_cpp;rosidl_typesupport_introspection_cpp
[1.155s] -- Found rmw_implementation_cmake: 7.3.2 (/opt/ros/jazzy/share/rmw_implementation_cmake/cmake)
[1.158s] -- Found rmw_fastrtps_cpp: 8.4.2 (/opt/ros/jazzy/share/rmw_fastrtps_cpp/cmake)
[1.235s] -- Found OpenSSL: /usr/lib/x86_64-linux-gnu/libcrypto.so (found version "3.0.13")  
[1.255s] -- Found FastRTPS: /opt/ros/jazzy/include (Required is at least version "2.13") 
[1.280s] -- Using RMW implementation 'rmw_fastrtps_cpp' as default
[1.359s] -- Found nav_msgs: 5.3.6 (/opt/ros/jazzy/share/nav_msgs/cmake)
[1.518s] -- Configuring done (0.9s)
[1.533s] -- Generating done (0.0s)
[1.537s] -- Build files have been written to: /home/jewoo/ROS2_Jazzy_Study/build/traffic_planner
[1.550s] Invoked command in '/home/jewoo/ROS2_Jazzy_Study/build/traffic_planner' returned '0': CMAKE_PREFIX_PATH=${CMAKE_PREFIX_PATH}:/opt/ros/jazzy DEBUGINFOD_URLS=https://debuginfod.ubuntu.com /usr/bin/cmake /home/jewoo/ROS2_Jazzy_Study/src/traffic_planner -DAMENT_CMAKE_SYMLINK_INSTALL=1 -DCMAKE_INSTALL_PREFIX=/home/jewoo/ROS2_Jazzy_Study/install/traffic_planner
[1.551s] Invoking command in '/home/jewoo/ROS2_Jazzy_Study/build/traffic_planner': CMAKE_PREFIX_PATH=${CMAKE_PREFIX_PATH}:/opt/ros/jazzy DEBUGINFOD_URLS=https://debuginfod.ubuntu.com /usr/bin/cmake --build /home/jewoo/ROS2_Jazzy_Study/build/traffic_planner -- -j32 -l32
[1.602s] [ 16%] [32mBuilding CXX object CMakeFiles/traffic_planner_lib.dir/src/TrafficPlanner.cpp.o[0m
[2.281s] [ 33%] [32m[1mLinking CXX static library libtraffic_planner_lib.a[0m
[2.312s] [ 33%] Built target traffic_planner_lib
[2.333s] [ 50%] [32mBuilding CXX object CMakeFiles/traffic_planner_node_lib.dir/src/TrafficPlannerNode.cpp.o[0m
[7.389s] [ 66%] [32m[1mLinking CXX static library libtraffic_planner_node_lib.a[0m
[7.462s] [ 66%] Built target traffic_planner_node_lib
[7.475s] [ 83%] [32mBuilding CXX object CMakeFiles/traffic_path_planner.dir/src/main.cpp.o[0m
[8.738s] [100%] [32m[1mLinking CXX executable traffic_path_planner[0m
[8.897s] [100%] Built target traffic_path_planner
[8.905s] Invoked command in '/home/jewoo/ROS2_Jazzy_Study/build/traffic_planner' returned '0': CMAKE_PREFIX_PATH=${CMAKE_PREFIX_PATH}:/opt/ros/jazzy DEBUGINFOD_URLS=https://debuginfod.ubuntu.com /usr/bin/cmake --build /home/jewoo/ROS2_Jazzy_Study/build/traffic_planner -- -j32 -l32
[8.906s] Invoking command in '/home/jewoo/ROS2_Jazzy_Study/build/traffic_planner': CMAKE_PREFIX_PATH=${CMAKE_PREFIX_PATH}:/opt/ros/jazzy DEBUGINFOD_URLS=https://debuginfod.ubuntu.com /usr/bin/cmake --install /home/jewoo/ROS2_Jazzy_Study/build/traffic_planner
[8.910s] -- Install configuration: ""
[8.911s] -- Execute custom install script
[8.911s] -- Symlinking: /home/jewoo/ROS2_Jazzy_Study/install/traffic_planner/lib/traffic_planner/traffic_path_planner
[8.915s] -- Symlinking: /home/jewoo/ROS2_Jazzy_Study/install/traffic_planner/lib/traffic_planner/libtraffic_planner_lib.a
[8.920s] -- Symlinking: /home/jewoo/ROS2_Jazzy_Study/install/traffic_planner/lib/traffic_planner/libtraffic_planner_node_lib.a
[8.924s] -- Symlinking: /home/jewoo/ROS2_Jazzy_Study/install/traffic_planner/include//traffic_planner/TrafficPlanner.hpp
[8.930s] -- Symlinking: /home/jewoo/ROS2_Jazzy_Study/install/traffic_planner/include//traffic_planner/TrafficPlannerNode.hpp
[8.936s] -- Symlinking: /home/jewoo/ROS2_Jazzy_Study/install/traffic_planner/share/traffic_planner/launch//traffic_planner.launch.py
[8.941s] -- Symlinking: /home/jewoo/ROS2_Jazzy_Study/install/traffic_planner/share/ament_index/resource_index/package_run_dependencies/traffic_planner
[8.947s] -- Symlinking: /home/jewoo/ROS2_Jazzy_Study/install/traffic_planner/share/ament_index/resource_index/parent_prefix_path/traffic_planner
[8.953s] -- Symlinking: /home/jewoo/ROS2_Jazzy_Study/install/traffic_planner/share/traffic_planner/environment/ament_prefix_path.sh
[8.957s] -- Symlinking: /home/jewoo/ROS2_Jazzy_Study/install/traffic_planner/share/traffic_planner/environment/ament_prefix_path.dsv
[8.963s] -- Symlinking: /home/jewoo/ROS2_Jazzy_Study/install/traffic_planner/share/traffic_planner/environment/path.sh
[8.968s] -- Symlinking: /home/jewoo/ROS2_Jazzy_Study/install/traffic_planner/share/traffic_planner/environment/path.dsv
[8.973s] -- Symlinking: /home/jewoo/ROS2_Jazzy_Study/install/traffic_planner/share/traffic_planner/local_setup.bash
[8.978s] -- Symlinking: /home/jewoo/ROS2_Jazzy_Study/install/traffic_planner/share/traffic_planner/local_setup.sh
[8.983s] -- Symlinking: /home/jewoo/ROS2_Jazzy_Study/install/traffic_planner/share/traffic_planner/local_setup.zsh
[8.987s] -- Symlinking: /home/jewoo/ROS2_Jazzy_Study/install/traffic_planner/share/traffic_planner/local_setup.dsv
[8.993s] -- Symlinking: /home/jewoo/ROS2_Jazzy_Study/install/traffic_planner/share/traffic_planner/package.dsv
[8.997s] -- Symlinking: /home/jewoo/ROS2_Jazzy_Study/install/traffic_planner/share/ament_index/resource_index/packages/traffic_planner
[9.001s] -- Symlinking: /home/jewoo/ROS2_Jazzy_Study/install/traffic_planner/share/traffic_planner/cmake/traffic_plannerConfig.cmake
[9.005s] -- Symlinking: /home/jewoo/ROS2_Jazzy_Study/install/traffic_planner/share/traffic_planner/cmake/traffic_plannerConfig-version.cmake
[9.009s] -- Symlinking: /home/jewoo/ROS2_Jazzy_Study/install/traffic_planner/share/traffic_planner/package.xml
[9.016s] Invoked command in '/home/jewoo/ROS2_Jazzy_Study/build/traffic_planner' returned '0': CMAKE_PREFIX_PATH=${CMAKE_PREFIX_PATH}:/opt/ros/jazzy DEBUGINFOD_URLS=https://debuginfod.ubuntu.com /usr/bin/cmake --install /home/jewoo/ROS2_Jazzy_Study/build/traffic_planner
