[1.595s] Invoking command in '/home/addinnedu/ROS2_Jazzy_Study/build/aruco_marker_pkg': DEBUGINFOD_URLS=https://debuginfod.ubuntu.com PYTHONPATH=/home/addinnedu/ROS2_Jazzy_Study/build/aruco_marker_pkg/prefix_override:/usr/lib/python3/dist-packages/colcon_core/task/python/colcon_distutils_commands:/home/addinnedu/ROS2_Jazzy_Study/install/aruco_marker_pkg/lib/python3.12/site-packages:${PYTHONPATH} /usr/bin/python3 -W ignore:setup.py install is deprecated -W ignore:easy_install command is deprecated setup.py develop --uninstall --editable --build-directory /home/addinnedu/ROS2_Jazzy_Study/build/aruco_marker_pkg/build
[1.905s] running develop
[2.145s] Removing /home/addinnedu/ROS2_Jazzy_Study/install/aruco_marker_pkg/lib/python3.12/site-packages/aruco-marker-pkg.egg-link (link to .)
[2.195s] Invoked command in '/home/addinnedu/ROS2_Jazzy_Study/build/aruco_marker_pkg' returned '0': DEBUGINFOD_URLS=https://debuginfod.ubuntu.com PYTHONPATH=/home/addinnedu/ROS2_Jazzy_Study/build/aruco_marker_pkg/prefix_override:/usr/lib/python3/dist-packages/colcon_core/task/python/colcon_distutils_commands:/home/addinnedu/ROS2_Jazzy_Study/install/aruco_marker_pkg/lib/python3.12/site-packages:${PYTHONPATH} /usr/bin/python3 -W ignore:setup.py install is deprecated -W ignore:easy_install command is deprecated setup.py develop --uninstall --editable --build-directory /home/addinnedu/ROS2_Jazzy_Study/build/aruco_marker_pkg/build
[2.196s] Invoking command in '/home/addinnedu/ROS2_Jazzy_Study/src/aruco_marker_pkg': DEBUGINFOD_URLS=https://debuginfod.ubuntu.com PYTHONPATH=/home/addinnedu/ROS2_Jazzy_Study/build/aruco_marker_pkg/prefix_override:/usr/lib/python3/dist-packages/colcon_core/task/python/colcon_distutils_commands:/home/addinnedu/ROS2_Jazzy_Study/install/aruco_marker_pkg/lib/python3.12/site-packages:${PYTHONPATH} /usr/bin/python3 -W ignore:setup.py install is deprecated -W ignore:easy_install command is deprecated setup.py egg_info --egg-base ../../build/aruco_marker_pkg build --build-base /home/addinnedu/ROS2_Jazzy_Study/build/aruco_marker_pkg/build install --record /home/addinnedu/ROS2_Jazzy_Study/build/aruco_marker_pkg/install.log --single-version-externally-managed install_data --force
[2.474s] running egg_info
[2.494s] writing ../../build/aruco_marker_pkg/aruco_marker_pkg.egg-info/PKG-INFO
[2.495s] writing dependency_links to ../../build/aruco_marker_pkg/aruco_marker_pkg.egg-info/dependency_links.txt
[2.495s] writing entry points to ../../build/aruco_marker_pkg/aruco_marker_pkg.egg-info/entry_points.txt
[2.495s] writing requirements to ../../build/aruco_marker_pkg/aruco_marker_pkg.egg-info/requires.txt
[2.496s] writing top-level names to ../../build/aruco_marker_pkg/aruco_marker_pkg.egg-info/top_level.txt
[2.541s] reading manifest file '../../build/aruco_marker_pkg/aruco_marker_pkg.egg-info/SOURCES.txt'
[2.542s] writing manifest file '../../build/aruco_marker_pkg/aruco_marker_pkg.egg-info/SOURCES.txt'
[2.542s] running build
[2.542s] running build_py
[2.543s] creating /home/addinnedu/ROS2_Jazzy_Study/build/aruco_marker_pkg/build
[2.543s] creating /home/addinnedu/ROS2_Jazzy_Study/build/aruco_marker_pkg/build/lib
[2.543s] creating /home/addinnedu/ROS2_Jazzy_Study/build/aruco_marker_pkg/build/lib/aruco_marker_pkg
[2.543s] copying aruco_marker_pkg/pose_publisher.py -> /home/addinnedu/ROS2_Jazzy_Study/build/aruco_marker_pkg/build/lib/aruco_marker_pkg
[2.543s] copying aruco_marker_pkg/aruco_path_tracker.py -> /home/addinnedu/ROS2_Jazzy_Study/build/aruco_marker_pkg/build/lib/aruco_marker_pkg
[2.543s] copying aruco_marker_pkg/__init__.py -> /home/addinnedu/ROS2_Jazzy_Study/build/aruco_marker_pkg/build/lib/aruco_marker_pkg
[2.543s] copying aruco_marker_pkg/aruco_TF_broadcaster.py -> /home/addinnedu/ROS2_Jazzy_Study/build/aruco_marker_pkg/build/lib/aruco_marker_pkg
[2.543s] copying aruco_marker_pkg/monitoring_gui.py -> /home/addinnedu/ROS2_Jazzy_Study/build/aruco_marker_pkg/build/lib/aruco_marker_pkg
[2.543s] copying aruco_marker_pkg/aruco_detector.py -> /home/addinnedu/ROS2_Jazzy_Study/build/aruco_marker_pkg/build/lib/aruco_marker_pkg
[2.544s] copying aruco_marker_pkg/aruco_test.py -> /home/addinnedu/ROS2_Jazzy_Study/build/aruco_marker_pkg/build/lib/aruco_marker_pkg
[2.544s] copying aruco_marker_pkg/aruco_odom_publisher.py -> /home/addinnedu/ROS2_Jazzy_Study/build/aruco_marker_pkg/build/lib/aruco_marker_pkg
[2.544s] copying aruco_marker_pkg/multi_aruco_odom_publisher.py -> /home/addinnedu/ROS2_Jazzy_Study/build/aruco_marker_pkg/build/lib/aruco_marker_pkg
[2.544s] copying aruco_marker_pkg/monitoring_map_gui.py -> /home/addinnedu/ROS2_Jazzy_Study/build/aruco_marker_pkg/build/lib/aruco_marker_pkg
[2.544s] running install
[2.549s] running install_lib
[2.574s] creating /home/addinnedu/ROS2_Jazzy_Study/install/aruco_marker_pkg/lib/python3.12/site-packages/aruco_marker_pkg
[2.574s] copying /home/addinnedu/ROS2_Jazzy_Study/build/aruco_marker_pkg/build/lib/aruco_marker_pkg/pose_publisher.py -> /home/addinnedu/ROS2_Jazzy_Study/install/aruco_marker_pkg/lib/python3.12/site-packages/aruco_marker_pkg
[2.574s] copying /home/addinnedu/ROS2_Jazzy_Study/build/aruco_marker_pkg/build/lib/aruco_marker_pkg/aruco_path_tracker.py -> /home/addinnedu/ROS2_Jazzy_Study/install/aruco_marker_pkg/lib/python3.12/site-packages/aruco_marker_pkg
[2.575s] copying /home/addinnedu/ROS2_Jazzy_Study/build/aruco_marker_pkg/build/lib/aruco_marker_pkg/__init__.py -> /home/addinnedu/ROS2_Jazzy_Study/install/aruco_marker_pkg/lib/python3.12/site-packages/aruco_marker_pkg
[2.575s] copying /home/addinnedu/ROS2_Jazzy_Study/build/aruco_marker_pkg/build/lib/aruco_marker_pkg/aruco_TF_broadcaster.py -> /home/addinnedu/ROS2_Jazzy_Study/install/aruco_marker_pkg/lib/python3.12/site-packages/aruco_marker_pkg
[2.575s] copying /home/addinnedu/ROS2_Jazzy_Study/build/aruco_marker_pkg/build/lib/aruco_marker_pkg/monitoring_gui.py -> /home/addinnedu/ROS2_Jazzy_Study/install/aruco_marker_pkg/lib/python3.12/site-packages/aruco_marker_pkg
[2.575s] copying /home/addinnedu/ROS2_Jazzy_Study/build/aruco_marker_pkg/build/lib/aruco_marker_pkg/aruco_detector.py -> /home/addinnedu/ROS2_Jazzy_Study/install/aruco_marker_pkg/lib/python3.12/site-packages/aruco_marker_pkg
[2.575s] copying /home/addinnedu/ROS2_Jazzy_Study/build/aruco_marker_pkg/build/lib/aruco_marker_pkg/aruco_test.py -> /home/addinnedu/ROS2_Jazzy_Study/install/aruco_marker_pkg/lib/python3.12/site-packages/aruco_marker_pkg
[2.575s] copying /home/addinnedu/ROS2_Jazzy_Study/build/aruco_marker_pkg/build/lib/aruco_marker_pkg/aruco_odom_publisher.py -> /home/addinnedu/ROS2_Jazzy_Study/install/aruco_marker_pkg/lib/python3.12/site-packages/aruco_marker_pkg
[2.575s] copying /home/addinnedu/ROS2_Jazzy_Study/build/aruco_marker_pkg/build/lib/aruco_marker_pkg/multi_aruco_odom_publisher.py -> /home/addinnedu/ROS2_Jazzy_Study/install/aruco_marker_pkg/lib/python3.12/site-packages/aruco_marker_pkg
[2.575s] copying /home/addinnedu/ROS2_Jazzy_Study/build/aruco_marker_pkg/build/lib/aruco_marker_pkg/monitoring_map_gui.py -> /home/addinnedu/ROS2_Jazzy_Study/install/aruco_marker_pkg/lib/python3.12/site-packages/aruco_marker_pkg
[2.576s] byte-compiling /home/addinnedu/ROS2_Jazzy_Study/install/aruco_marker_pkg/lib/python3.12/site-packages/aruco_marker_pkg/pose_publisher.py to pose_publisher.cpython-312.pyc
[2.578s] byte-compiling /home/addinnedu/ROS2_Jazzy_Study/install/aruco_marker_pkg/lib/python3.12/site-packages/aruco_marker_pkg/aruco_path_tracker.py to aruco_path_tracker.cpython-312.pyc
[2.580s] byte-compiling /home/addinnedu/ROS2_Jazzy_Study/install/aruco_marker_pkg/lib/python3.12/site-packages/aruco_marker_pkg/__init__.py to __init__.cpython-312.pyc
[2.580s] byte-compiling /home/addinnedu/ROS2_Jazzy_Study/install/aruco_marker_pkg/lib/python3.12/site-packages/aruco_marker_pkg/aruco_TF_broadcaster.py to aruco_TF_broadcaster.cpython-312.pyc
[2.581s] byte-compiling /home/addinnedu/ROS2_Jazzy_Study/install/aruco_marker_pkg/lib/python3.12/site-packages/aruco_marker_pkg/monitoring_gui.py to monitoring_gui.cpython-312.pyc
[2.589s] byte-compiling /home/addinnedu/ROS2_Jazzy_Study/install/aruco_marker_pkg/lib/python3.12/site-packages/aruco_marker_pkg/aruco_detector.py to aruco_detector.cpython-312.pyc
[2.590s] byte-compiling /home/addinnedu/ROS2_Jazzy_Study/install/aruco_marker_pkg/lib/python3.12/site-packages/aruco_marker_pkg/aruco_test.py to aruco_test.cpython-312.pyc
[2.592s] byte-compiling /home/addinnedu/ROS2_Jazzy_Study/install/aruco_marker_pkg/lib/python3.12/site-packages/aruco_marker_pkg/aruco_odom_publisher.py to aruco_odom_publisher.cpython-312.pyc
[2.594s] byte-compiling /home/addinnedu/ROS2_Jazzy_Study/install/aruco_marker_pkg/lib/python3.12/site-packages/aruco_marker_pkg/multi_aruco_odom_publisher.py to multi_aruco_odom_publisher.cpython-312.pyc
[2.596s] byte-compiling /home/addinnedu/ROS2_Jazzy_Study/install/aruco_marker_pkg/lib/python3.12/site-packages/aruco_marker_pkg/monitoring_map_gui.py to monitoring_map_gui.cpython-312.pyc
[2.598s] running install_data
[2.598s] copying resource/aruco_marker_pkg -> /home/addinnedu/ROS2_Jazzy_Study/install/aruco_marker_pkg/share/ament_index/resource_index/packages
[2.598s] copying package.xml -> /home/addinnedu/ROS2_Jazzy_Study/install/aruco_marker_pkg/share/aruco_marker_pkg
[2.598s] running install_egg_info
[2.624s] Copying ../../build/aruco_marker_pkg/aruco_marker_pkg.egg-info to /home/addinnedu/ROS2_Jazzy_Study/install/aruco_marker_pkg/lib/python3.12/site-packages/aruco_marker_pkg-0.0.0-py3.12.egg-info
[2.625s] running install_scripts
[2.763s] Installing aruco_TF_broadcaster script to /home/addinnedu/ROS2_Jazzy_Study/install/aruco_marker_pkg/lib/aruco_marker_pkg
[2.763s] Installing aruco_odom_publisher script to /home/addinnedu/ROS2_Jazzy_Study/install/aruco_marker_pkg/lib/aruco_marker_pkg
[2.763s] Installing aruco_path_tracker script to /home/addinnedu/ROS2_Jazzy_Study/install/aruco_marker_pkg/lib/aruco_marker_pkg
[2.763s] Installing aruco_test script to /home/addinnedu/ROS2_Jazzy_Study/install/aruco_marker_pkg/lib/aruco_marker_pkg
[2.764s] Installing marker_publisher_node script to /home/addinnedu/ROS2_Jazzy_Study/install/aruco_marker_pkg/lib/aruco_marker_pkg
[2.764s] Installing monitoring_gui script to /home/addinnedu/ROS2_Jazzy_Study/install/aruco_marker_pkg/lib/aruco_marker_pkg
[2.764s] Installing monitoring_map_gui script to /home/addinnedu/ROS2_Jazzy_Study/install/aruco_marker_pkg/lib/aruco_marker_pkg
[2.764s] Installing multi_aruco_odom_publisher script to /home/addinnedu/ROS2_Jazzy_Study/install/aruco_marker_pkg/lib/aruco_marker_pkg
[2.764s] Installing pose_publisher script to /home/addinnedu/ROS2_Jazzy_Study/install/aruco_marker_pkg/lib/aruco_marker_pkg
[2.764s] writing list of installed files to '/home/addinnedu/ROS2_Jazzy_Study/build/aruco_marker_pkg/install.log'
[2.814s] Invoked command in '/home/addinnedu/ROS2_Jazzy_Study/src/aruco_marker_pkg' returned '0': DEBUGINFOD_URLS=https://debuginfod.ubuntu.com PYTHONPATH=/home/addinnedu/ROS2_Jazzy_Study/build/aruco_marker_pkg/prefix_override:/usr/lib/python3/dist-packages/colcon_core/task/python/colcon_distutils_commands:/home/addinnedu/ROS2_Jazzy_Study/install/aruco_marker_pkg/lib/python3.12/site-packages:${PYTHONPATH} /usr/bin/python3 -W ignore:setup.py install is deprecated -W ignore:easy_install command is deprecated setup.py egg_info --egg-base ../../build/aruco_marker_pkg build --build-base /home/addinnedu/ROS2_Jazzy_Study/build/aruco_marker_pkg/build install --record /home/addinnedu/ROS2_Jazzy_Study/build/aruco_marker_pkg/install.log --single-version-externally-managed install_data --force
