[1.620s] Invoking command in '/home/addinnedu/ROS2_Jazzy_Study/build/pinky_mapf': DEBUGINFOD_URLS=https://debuginfod.ubuntu.com PYTHONPATH=/home/addinnedu/ROS2_Jazzy_Study/build/pinky_mapf/prefix_override:/usr/lib/python3/dist-packages/colcon_core/task/python/colcon_distutils_commands:/home/addinnedu/ROS2_Jazzy_Study/install/pinky_mapf/lib/python3.12/site-packages:${PYTHONPATH} /usr/bin/python3 -W ignore:setup.py install is deprecated -W ignore:easy_install command is deprecated setup.py develop --editable --build-directory /home/addinnedu/ROS2_Jazzy_Study/build/pinky_mapf/build --no-deps symlink_data
[1.963s] running develop
[2.199s] running egg_info
[2.222s] writing pinky_mapf.egg-info/PKG-INFO
[2.223s] writing dependency_links to pinky_mapf.egg-info/dependency_links.txt
[2.223s] writing entry points to pinky_mapf.egg-info/entry_points.txt
[2.223s] writing requirements to pinky_mapf.egg-info/requires.txt
[2.223s] writing top-level names to pinky_mapf.egg-info/top_level.txt
[2.271s] reading manifest file 'pinky_mapf.egg-info/SOURCES.txt'
[2.272s] writing manifest file 'pinky_mapf.egg-info/SOURCES.txt'
[2.299s] running build_ext
[2.299s] Creating /home/addinnedu/ROS2_Jazzy_Study/install/pinky_mapf/lib/python3.12/site-packages/pinky-mapf.egg-link (link to .)
[2.299s] Installing follow_waypoints_client script to /home/addinnedu/ROS2_Jazzy_Study/install/pinky_mapf/lib/pinky_mapf
[2.300s] Installing goal_point script to /home/addinnedu/ROS2_Jazzy_Study/install/pinky_mapf/lib/pinky_mapf
[2.300s] Installing goal_point1 script to /home/addinnedu/ROS2_Jazzy_Study/install/pinky_mapf/lib/pinky_mapf
[2.300s] Installing goal_point2 script to /home/addinnedu/ROS2_Jazzy_Study/install/pinky_mapf/lib/pinky_mapf
[2.300s] Installing goal_point3 script to /home/addinnedu/ROS2_Jazzy_Study/install/pinky_mapf/lib/pinky_mapf
[2.300s] 
[2.301s] Installed /home/addinnedu/ROS2_Jazzy_Study/build/pinky_mapf
[2.301s] running symlink_data
[2.367s] Invoked command in '/home/addinnedu/ROS2_Jazzy_Study/build/pinky_mapf' returned '0': DEBUGINFOD_URLS=https://debuginfod.ubuntu.com PYTHONPATH=/home/addinnedu/ROS2_Jazzy_Study/build/pinky_mapf/prefix_override:/usr/lib/python3/dist-packages/colcon_core/task/python/colcon_distutils_commands:/home/addinnedu/ROS2_Jazzy_Study/install/pinky_mapf/lib/python3.12/site-packages:${PYTHONPATH} /usr/bin/python3 -W ignore:setup.py install is deprecated -W ignore:easy_install command is deprecated setup.py develop --editable --build-directory /home/addinnedu/ROS2_Jazzy_Study/build/pinky_mapf/build --no-deps symlink_data
