[0.895s] Invoking command in '/home/jewoo/ROS2_Jazzy_Study/build/pid_controller_node': DEBUGINFOD_URLS=https://debuginfod.ubuntu.com PYTHONPATH=/home/jewoo/ROS2_Jazzy_Study/build/pid_controller_node/prefix_override:/usr/lib/python3/dist-packages/colcon_core/task/python/colcon_distutils_commands:/home/jewoo/ROS2_Jazzy_Study/install/pid_controller_node/lib/python3.12/site-packages:${PYTHONPATH} /usr/bin/python3 -W ignore:setup.py install is deprecated -W ignore:easy_install command is deprecated setup.py develop --editable --build-directory /home/jewoo/ROS2_Jazzy_Study/build/pid_controller_node/build --no-deps symlink_data
[1.042s] running develop
[1.167s] running egg_info
[1.167s] creating pid_controller_node.egg-info
[1.182s] writing pid_controller_node.egg-info/PKG-INFO
[1.184s] writing dependency_links to pid_controller_node.egg-info/dependency_links.txt
[1.184s] writing entry points to pid_controller_node.egg-info/entry_points.txt
[1.184s] writing requirements to pid_controller_node.egg-info/requires.txt
[1.184s] writing top-level names to pid_controller_node.egg-info/top_level.txt
[1.184s] writing manifest file 'pid_controller_node.egg-info/SOURCES.txt'
[1.214s] reading manifest file 'pid_controller_node.egg-info/SOURCES.txt'
[1.214s] writing manifest file 'pid_controller_node.egg-info/SOURCES.txt'
[1.233s] running build_ext
[1.233s] Creating /home/jewoo/ROS2_Jazzy_Study/install/pid_controller_node/lib/python3.12/site-packages/pid-controller-node.egg-link (link to .)
[1.233s] Installing move_to_goal script to /home/jewoo/ROS2_Jazzy_Study/install/pid_controller_node/lib/pid_controller_node
[1.233s] Installing move_to_goal_pid script to /home/jewoo/ROS2_Jazzy_Study/install/pid_controller_node/lib/pid_controller_node
[1.234s] Installing move_to_goal_tuning script to /home/jewoo/ROS2_Jazzy_Study/install/pid_controller_node/lib/pid_controller_node
[1.234s] Installing pid_velocity_filter_node script to /home/jewoo/ROS2_Jazzy_Study/install/pid_controller_node/lib/pid_controller_node
[1.234s] 
[1.234s] Installed /home/jewoo/ROS2_Jazzy_Study/build/pid_controller_node
[1.234s] running symlink_data
[1.234s] creating /home/jewoo/ROS2_Jazzy_Study/install/pid_controller_node/share/ament_index
[1.235s] creating /home/jewoo/ROS2_Jazzy_Study/install/pid_controller_node/share/ament_index/resource_index
[1.235s] creating /home/jewoo/ROS2_Jazzy_Study/install/pid_controller_node/share/ament_index/resource_index/packages
[1.235s] symbolically linking /home/jewoo/ROS2_Jazzy_Study/build/pid_controller_node/resource/pid_controller_node -> /home/jewoo/ROS2_Jazzy_Study/install/pid_controller_node/share/ament_index/resource_index/packages
[1.235s] symbolically linking /home/jewoo/ROS2_Jazzy_Study/build/pid_controller_node/package.xml -> /home/jewoo/ROS2_Jazzy_Study/install/pid_controller_node/share/pid_controller_node
[1.278s] Invoked command in '/home/jewoo/ROS2_Jazzy_Study/build/pid_controller_node' returned '0': DEBUGINFOD_URLS=https://debuginfod.ubuntu.com PYTHONPATH=/home/jewoo/ROS2_Jazzy_Study/build/pid_controller_node/prefix_override:/usr/lib/python3/dist-packages/colcon_core/task/python/colcon_distutils_commands:/home/jewoo/ROS2_Jazzy_Study/install/pid_controller_node/lib/python3.12/site-packages:${PYTHONPATH} /usr/bin/python3 -W ignore:setup.py install is deprecated -W ignore:easy_install command is deprecated setup.py develop --editable --build-directory /home/jewoo/ROS2_Jazzy_Study/build/pid_controller_node/build --no-deps symlink_data
