[0.888s] Invoking command in '/home/jewoo/ROS2_Jazzy_Study/build/controller_tutorials': DEBUGINFOD_URLS=https://debuginfod.ubuntu.com PYTHONPATH=/home/jewoo/ROS2_Jazzy_Study/build/controller_tutorials/prefix_override:/usr/lib/python3/dist-packages/colcon_core/task/python/colcon_distutils_commands:/home/jewoo/ROS2_Jazzy_Study/install/controller_tutorials/lib/python3.12/site-packages:${PYTHONPATH} /usr/bin/python3 -W ignore:setup.py install is deprecated -W ignore:easy_install command is deprecated setup.py develop --editable --build-directory /home/jewoo/ROS2_Jazzy_Study/build/controller_tutorials/build --no-deps symlink_data
[1.040s] running develop
[1.155s] running egg_info
[1.155s] creating controller_tutorials.egg-info
[1.166s] writing controller_tutorials.egg-info/PKG-INFO
[1.166s] writing dependency_links to controller_tutorials.egg-info/dependency_links.txt
[1.166s] writing entry points to controller_tutorials.egg-info/entry_points.txt
[1.166s] writing requirements to controller_tutorials.egg-info/requires.txt
[1.166s] writing top-level names to controller_tutorials.egg-info/top_level.txt
[1.167s] writing manifest file 'controller_tutorials.egg-info/SOURCES.txt'
[1.196s] reading manifest file 'controller_tutorials.egg-info/SOURCES.txt'
[1.197s] writing manifest file 'controller_tutorials.egg-info/SOURCES.txt'
[1.213s] running build_ext
[1.213s] Creating /home/jewoo/ROS2_Jazzy_Study/install/controller_tutorials/lib/python3.12/site-packages/controller-tutorials.egg-link (link to .)
[1.214s] Installing control_rotate script to /home/jewoo/ROS2_Jazzy_Study/install/controller_tutorials/lib/controller_tutorials
[1.214s] Installing monitor_for_move_turtle script to /home/jewoo/ROS2_Jazzy_Study/install/controller_tutorials/lib/controller_tutorials
[1.214s] Installing move_turtle script to /home/jewoo/ROS2_Jazzy_Study/install/controller_tutorials/lib/controller_tutorials
[1.214s] Installing move_turtle_state_machine script to /home/jewoo/ROS2_Jazzy_Study/install/controller_tutorials/lib/controller_tutorials
[1.214s] Installing pose_dual_controller script to /home/jewoo/ROS2_Jazzy_Study/install/controller_tutorials/lib/controller_tutorials
[1.214s] Installing qmonitor_for_pose_dual_controller script to /home/jewoo/ROS2_Jazzy_Study/install/controller_tutorials/lib/controller_tutorials
[1.214s] Installing qmonitor_state_machine script to /home/jewoo/ROS2_Jazzy_Study/install/controller_tutorials/lib/controller_tutorials
[1.214s] Installing simple_rotate script to /home/jewoo/ROS2_Jazzy_Study/install/controller_tutorials/lib/controller_tutorials
[1.214s] 
[1.214s] Installed /home/jewoo/ROS2_Jazzy_Study/build/controller_tutorials
[1.214s] running symlink_data
[1.215s] creating /home/jewoo/ROS2_Jazzy_Study/install/controller_tutorials/share/ament_index
[1.215s] creating /home/jewoo/ROS2_Jazzy_Study/install/controller_tutorials/share/ament_index/resource_index
[1.215s] creating /home/jewoo/ROS2_Jazzy_Study/install/controller_tutorials/share/ament_index/resource_index/packages
[1.215s] symbolically linking /home/jewoo/ROS2_Jazzy_Study/build/controller_tutorials/resource/controller_tutorials -> /home/jewoo/ROS2_Jazzy_Study/install/controller_tutorials/share/ament_index/resource_index/packages
[1.215s] symbolically linking /home/jewoo/ROS2_Jazzy_Study/build/controller_tutorials/package.xml -> /home/jewoo/ROS2_Jazzy_Study/install/controller_tutorials/share/controller_tutorials
[1.270s] Invoked command in '/home/jewoo/ROS2_Jazzy_Study/build/controller_tutorials' returned '0': DEBUGINFOD_URLS=https://debuginfod.ubuntu.com PYTHONPATH=/home/jewoo/ROS2_Jazzy_Study/build/controller_tutorials/prefix_override:/usr/lib/python3/dist-packages/colcon_core/task/python/colcon_distutils_commands:/home/jewoo/ROS2_Jazzy_Study/install/controller_tutorials/lib/python3.12/site-packages:${PYTHONPATH} /usr/bin/python3 -W ignore:setup.py install is deprecated -W ignore:easy_install command is deprecated setup.py develop --editable --build-directory /home/jewoo/ROS2_Jazzy_Study/build/controller_tutorials/build --no-deps symlink_data
