[0.046s] DEBUG:colcon:Command line arguments: ['/usr/bin/colcon', 'build', '--packages-select', 'traffic_planner']
[0.046s] DEBUG:colcon:Parsed command line arguments: Namespace(log_base=None, log_level=None, verb_name='build', build_base='build', install_base='install', merge_install=False, symlink_install=False, test_result_base=None, continue_on_error=False, executor='parallel', parallel_workers=32, event_handlers=None, ignore_user_meta=False, metas=['./colcon.meta'], base_paths=['.'], packages_ignore=None, packages_ignore_regex=None, paths=None, packages_up_to=None, packages_up_to_regex=None, packages_above=None, packages_above_and_dependencies=None, packages_above_depth=None, packages_select_by_dep=None, packages_skip_by_dep=None, packages_skip_up_to=None, packages_select_build_failed=False, packages_skip_build_finished=False, packages_select_test_failures=False, packages_skip_test_passed=False, packages_select=['traffic_planner'], packages_skip=None, packages_select_regex=None, packages_skip_regex=None, packages_start=None, packages_end=None, allow_overriding=[], cmake_args=None, cmake_target=None, cmake_target_skip_unavailable=False, cmake_clean_cache=False, cmake_clean_first=False, cmake_force_configure=False, ament_cmake_args=None, catkin_cmake_args=None, catkin_skip_building_tests=False, mixin_files=None, mixin=None, verb_parser=<colcon_mixin.mixin.mixin_argument.MixinArgumentDecorator object at 0x7ed7b7695f40>, verb_extension=<colcon_core.verb.build.BuildVerb object at 0x7ed7b7695d00>, main=<bound method BuildVerb.main of <colcon_core.verb.build.BuildVerb object at 0x7ed7b7695d00>>, mixin_verb=('build',))
[0.062s] Level 1:colcon.colcon_core.package_discovery:discover_packages(colcon_meta) check parameters
[0.062s] Level 1:colcon.colcon_core.package_discovery:discover_packages(recursive) check parameters
[0.062s] Level 1:colcon.colcon_core.package_discovery:discover_packages(ignore) check parameters
[0.062s] Level 1:colcon.colcon_core.package_discovery:discover_packages(path) check parameters
[0.062s] Level 1:colcon.colcon_core.package_discovery:discover_packages(colcon_meta) discover
[0.062s] Level 1:colcon.colcon_core.package_discovery:discover_packages(recursive) discover
[0.062s] INFO:colcon.colcon_core.package_discovery:Crawling recursively for packages in '/home/jewoo/ROS2_Jazzy_Study'
[0.062s] Level 1:colcon.colcon_core.package_identification:_identify(.) by extensions ['ignore', 'ignore_ament_install']
[0.062s] Level 1:colcon.colcon_core.package_identification:_identify(.) by extension 'ignore'
[0.062s] Level 1:colcon.colcon_core.package_identification:_identify(.) by extension 'ignore_ament_install'
[0.062s] Level 1:colcon.colcon_core.package_identification:_identify(.) by extensions ['colcon_pkg']
[0.062s] Level 1:colcon.colcon_core.package_identification:_identify(.) by extension 'colcon_pkg'
[0.062s] Level 1:colcon.colcon_core.package_identification:_identify(.) by extensions ['colcon_meta']
[0.062s] Level 1:colcon.colcon_core.package_identification:_identify(.) by extension 'colcon_meta'
[0.062s] Level 1:colcon.colcon_core.package_identification:_identify(.) by extensions ['ros']
[0.062s] Level 1:colcon.colcon_core.package_identification:_identify(.) by extension 'ros'
[0.074s] Level 1:colcon.colcon_core.package_identification:_identify(.) by extensions ['cmake', 'python']
[0.074s] Level 1:colcon.colcon_core.package_identification:_identify(.) by extension 'cmake'
[0.074s] Level 1:colcon.colcon_core.package_identification:_identify(.) by extension 'python'
[0.074s] Level 1:colcon.colcon_core.package_identification:_identify(.) by extensions ['python_setup_py']
[0.074s] Level 1:colcon.colcon_core.package_identification:_identify(.) by extension 'python_setup_py'
[0.074s] Level 1:colcon.colcon_core.package_identification:_identify(build) by extensions ['ignore', 'ignore_ament_install']
[0.074s] Level 1:colcon.colcon_core.package_identification:_identify(build) by extension 'ignore'
[0.074s] Level 1:colcon.colcon_core.package_identification:_identify(build) ignored
[0.074s] Level 1:colcon.colcon_core.package_identification:_identify(install) by extensions ['ignore', 'ignore_ament_install']
[0.074s] Level 1:colcon.colcon_core.package_identification:_identify(install) by extension 'ignore'
[0.074s] Level 1:colcon.colcon_core.package_identification:_identify(install) ignored
[0.074s] Level 1:colcon.colcon_core.package_identification:_identify(log) by extensions ['ignore', 'ignore_ament_install']
[0.074s] Level 1:colcon.colcon_core.package_identification:_identify(log) by extension 'ignore'
[0.074s] Level 1:colcon.colcon_core.package_identification:_identify(log) ignored
[0.074s] Level 1:colcon.colcon_core.package_identification:_identify(src) by extensions ['ignore', 'ignore_ament_install']
[0.074s] Level 1:colcon.colcon_core.package_identification:_identify(src) by extension 'ignore'
[0.074s] Level 1:colcon.colcon_core.package_identification:_identify(src) by extension 'ignore_ament_install'
[0.074s] Level 1:colcon.colcon_core.package_identification:_identify(src) by extensions ['colcon_pkg']
[0.074s] Level 1:colcon.colcon_core.package_identification:_identify(src) by extension 'colcon_pkg'
[0.074s] Level 1:colcon.colcon_core.package_identification:_identify(src) by extensions ['colcon_meta']
[0.074s] Level 1:colcon.colcon_core.package_identification:_identify(src) by extension 'colcon_meta'
[0.074s] Level 1:colcon.colcon_core.package_identification:_identify(src) by extensions ['ros']
[0.074s] Level 1:colcon.colcon_core.package_identification:_identify(src) by extension 'ros'
[0.074s] Level 1:colcon.colcon_core.package_identification:_identify(src) by extensions ['cmake', 'python']
[0.074s] Level 1:colcon.colcon_core.package_identification:_identify(src) by extension 'cmake'
[0.074s] Level 1:colcon.colcon_core.package_identification:_identify(src) by extension 'python'
[0.074s] Level 1:colcon.colcon_core.package_identification:_identify(src) by extensions ['python_setup_py']
[0.074s] Level 1:colcon.colcon_core.package_identification:_identify(src) by extension 'python_setup_py'
[0.074s] Level 1:colcon.colcon_core.package_identification:_identify(src/ROS2_Bridge_yaml_files) by extensions ['ignore', 'ignore_ament_install']
[0.075s] Level 1:colcon.colcon_core.package_identification:_identify(src/ROS2_Bridge_yaml_files) by extension 'ignore'
[0.075s] Level 1:colcon.colcon_core.package_identification:_identify(src/ROS2_Bridge_yaml_files) by extension 'ignore_ament_install'
[0.075s] Level 1:colcon.colcon_core.package_identification:_identify(src/ROS2_Bridge_yaml_files) by extensions ['colcon_pkg']
[0.075s] Level 1:colcon.colcon_core.package_identification:_identify(src/ROS2_Bridge_yaml_files) by extension 'colcon_pkg'
[0.075s] Level 1:colcon.colcon_core.package_identification:_identify(src/ROS2_Bridge_yaml_files) by extensions ['colcon_meta']
[0.075s] Level 1:colcon.colcon_core.package_identification:_identify(src/ROS2_Bridge_yaml_files) by extension 'colcon_meta'
[0.075s] Level 1:colcon.colcon_core.package_identification:_identify(src/ROS2_Bridge_yaml_files) by extensions ['ros']
[0.075s] Level 1:colcon.colcon_core.package_identification:_identify(src/ROS2_Bridge_yaml_files) by extension 'ros'
[0.075s] Level 1:colcon.colcon_core.package_identification:_identify(src/ROS2_Bridge_yaml_files) by extensions ['cmake', 'python']
[0.075s] Level 1:colcon.colcon_core.package_identification:_identify(src/ROS2_Bridge_yaml_files) by extension 'cmake'
[0.075s] Level 1:colcon.colcon_core.package_identification:_identify(src/ROS2_Bridge_yaml_files) by extension 'python'
[0.075s] Level 1:colcon.colcon_core.package_identification:_identify(src/ROS2_Bridge_yaml_files) by extensions ['python_setup_py']
[0.075s] Level 1:colcon.colcon_core.package_identification:_identify(src/ROS2_Bridge_yaml_files) by extension 'python_setup_py'
[0.075s] Level 1:colcon.colcon_core.package_identification:_identify(src/aruco_marker_pkg) by extensions ['ignore', 'ignore_ament_install']
[0.075s] Level 1:colcon.colcon_core.package_identification:_identify(src/aruco_marker_pkg) by extension 'ignore'
[0.075s] Level 1:colcon.colcon_core.package_identification:_identify(src/aruco_marker_pkg) by extension 'ignore_ament_install'
[0.075s] Level 1:colcon.colcon_core.package_identification:_identify(src/aruco_marker_pkg) by extensions ['colcon_pkg']
[0.075s] Level 1:colcon.colcon_core.package_identification:_identify(src/aruco_marker_pkg) by extension 'colcon_pkg'
[0.075s] Level 1:colcon.colcon_core.package_identification:_identify(src/aruco_marker_pkg) by extensions ['colcon_meta']
[0.075s] Level 1:colcon.colcon_core.package_identification:_identify(src/aruco_marker_pkg) by extension 'colcon_meta'
[0.075s] Level 1:colcon.colcon_core.package_identification:_identify(src/aruco_marker_pkg) by extensions ['ros']
[0.075s] Level 1:colcon.colcon_core.package_identification:_identify(src/aruco_marker_pkg) by extension 'ros'
[0.076s] DEBUG:colcon.colcon_core.package_identification:Package 'src/aruco_marker_pkg' with type 'ros.ament_python' and name 'aruco_marker_pkg'
[0.076s] Level 1:colcon.colcon_core.package_identification:_identify(src/controller_tutorials) by extensions ['ignore', 'ignore_ament_install']
[0.076s] Level 1:colcon.colcon_core.package_identification:_identify(src/controller_tutorials) by extension 'ignore'
[0.076s] Level 1:colcon.colcon_core.package_identification:_identify(src/controller_tutorials) by extension 'ignore_ament_install'
[0.076s] Level 1:colcon.colcon_core.package_identification:_identify(src/controller_tutorials) by extensions ['colcon_pkg']
[0.076s] Level 1:colcon.colcon_core.package_identification:_identify(src/controller_tutorials) by extension 'colcon_pkg'
[0.076s] Level 1:colcon.colcon_core.package_identification:_identify(src/controller_tutorials) by extensions ['colcon_meta']
[0.076s] Level 1:colcon.colcon_core.package_identification:_identify(src/controller_tutorials) by extension 'colcon_meta'
[0.076s] Level 1:colcon.colcon_core.package_identification:_identify(src/controller_tutorials) by extensions ['ros']
[0.076s] Level 1:colcon.colcon_core.package_identification:_identify(src/controller_tutorials) by extension 'ros'
[0.076s] DEBUG:colcon.colcon_core.package_identification:Package 'src/controller_tutorials' with type 'ros.ament_python' and name 'controller_tutorials'
[0.076s] Level 1:colcon.colcon_core.package_identification:_identify(src/mapf_planner) by extensions ['ignore', 'ignore_ament_install']
[0.076s] Level 1:colcon.colcon_core.package_identification:_identify(src/mapf_planner) by extension 'ignore'
[0.076s] Level 1:colcon.colcon_core.package_identification:_identify(src/mapf_planner) by extension 'ignore_ament_install'
[0.076s] Level 1:colcon.colcon_core.package_identification:_identify(src/mapf_planner) by extensions ['colcon_pkg']
[0.077s] Level 1:colcon.colcon_core.package_identification:_identify(src/mapf_planner) by extension 'colcon_pkg'
[0.077s] Level 1:colcon.colcon_core.package_identification:_identify(src/mapf_planner) by extensions ['colcon_meta']
[0.077s] Level 1:colcon.colcon_core.package_identification:_identify(src/mapf_planner) by extension 'colcon_meta'
[0.077s] Level 1:colcon.colcon_core.package_identification:_identify(src/mapf_planner) by extensions ['ros']
[0.077s] Level 1:colcon.colcon_core.package_identification:_identify(src/mapf_planner) by extension 'ros'
[0.077s] DEBUG:colcon.colcon_core.package_identification:Package 'src/mapf_planner' with type 'ros.ament_cmake' and name 'mapf_planner'
[0.077s] Level 1:colcon.colcon_core.package_identification:_identify(src/monitoring_pkg) by extensions ['ignore', 'ignore_ament_install']
[0.077s] Level 1:colcon.colcon_core.package_identification:_identify(src/monitoring_pkg) by extension 'ignore'
[0.077s] Level 1:colcon.colcon_core.package_identification:_identify(src/monitoring_pkg) by extension 'ignore_ament_install'
[0.077s] Level 1:colcon.colcon_core.package_identification:_identify(src/monitoring_pkg) by extensions ['colcon_pkg']
[0.077s] Level 1:colcon.colcon_core.package_identification:_identify(src/monitoring_pkg) by extension 'colcon_pkg'
[0.077s] Level 1:colcon.colcon_core.package_identification:_identify(src/monitoring_pkg) by extensions ['colcon_meta']
[0.077s] Level 1:colcon.colcon_core.package_identification:_identify(src/monitoring_pkg) by extension 'colcon_meta'
[0.077s] Level 1:colcon.colcon_core.package_identification:_identify(src/monitoring_pkg) by extensions ['ros']
[0.077s] Level 1:colcon.colcon_core.package_identification:_identify(src/monitoring_pkg) by extension 'ros'
[0.077s] DEBUG:colcon.colcon_core.package_identification:Package 'src/monitoring_pkg' with type 'ros.ament_cmake' and name 'monitoring_pkg'
[0.077s] Level 1:colcon.colcon_core.package_identification:_identify(src/my_demo_pkg) by extensions ['ignore', 'ignore_ament_install']
[0.077s] Level 1:colcon.colcon_core.package_identification:_identify(src/my_demo_pkg) by extension 'ignore'
[0.077s] Level 1:colcon.colcon_core.package_identification:_identify(src/my_demo_pkg) by extension 'ignore_ament_install'
[0.077s] Level 1:colcon.colcon_core.package_identification:_identify(src/my_demo_pkg) by extensions ['colcon_pkg']
[0.077s] Level 1:colcon.colcon_core.package_identification:_identify(src/my_demo_pkg) by extension 'colcon_pkg'
[0.077s] Level 1:colcon.colcon_core.package_identification:_identify(src/my_demo_pkg) by extensions ['colcon_meta']
[0.078s] Level 1:colcon.colcon_core.package_identification:_identify(src/my_demo_pkg) by extension 'colcon_meta'
[0.078s] Level 1:colcon.colcon_core.package_identification:_identify(src/my_demo_pkg) by extensions ['ros']
[0.078s] Level 1:colcon.colcon_core.package_identification:_identify(src/my_demo_pkg) by extension 'ros'
[0.078s] DEBUG:colcon.colcon_core.package_identification:Package 'src/my_demo_pkg' with type 'ros.ament_python' and name 'my_demo_pkg'
[0.078s] Level 1:colcon.colcon_core.package_identification:_identify(src/pid_controller_node) by extensions ['ignore', 'ignore_ament_install']
[0.078s] Level 1:colcon.colcon_core.package_identification:_identify(src/pid_controller_node) by extension 'ignore'
[0.078s] Level 1:colcon.colcon_core.package_identification:_identify(src/pid_controller_node) by extension 'ignore_ament_install'
[0.078s] Level 1:colcon.colcon_core.package_identification:_identify(src/pid_controller_node) by extensions ['colcon_pkg']
[0.078s] Level 1:colcon.colcon_core.package_identification:_identify(src/pid_controller_node) by extension 'colcon_pkg'
[0.078s] Level 1:colcon.colcon_core.package_identification:_identify(src/pid_controller_node) by extensions ['colcon_meta']
[0.078s] Level 1:colcon.colcon_core.package_identification:_identify(src/pid_controller_node) by extension 'colcon_meta'
[0.078s] Level 1:colcon.colcon_core.package_identification:_identify(src/pid_controller_node) by extensions ['ros']
[0.078s] Level 1:colcon.colcon_core.package_identification:_identify(src/pid_controller_node) by extension 'ros'
[0.078s] DEBUG:colcon.colcon_core.package_identification:Package 'src/pid_controller_node' with type 'ros.ament_python' and name 'pid_controller_node'
[0.078s] Level 1:colcon.colcon_core.package_identification:_identify(src/pinky_camera) by extensions ['ignore', 'ignore_ament_install']
[0.078s] Level 1:colcon.colcon_core.package_identification:_identify(src/pinky_camera) by extension 'ignore'
[0.078s] Level 1:colcon.colcon_core.package_identification:_identify(src/pinky_camera) by extension 'ignore_ament_install'
[0.078s] Level 1:colcon.colcon_core.package_identification:_identify(src/pinky_camera) by extensions ['colcon_pkg']
[0.078s] Level 1:colcon.colcon_core.package_identification:_identify(src/pinky_camera) by extension 'colcon_pkg'
[0.078s] Level 1:colcon.colcon_core.package_identification:_identify(src/pinky_camera) by extensions ['colcon_meta']
[0.078s] Level 1:colcon.colcon_core.package_identification:_identify(src/pinky_camera) by extension 'colcon_meta'
[0.078s] Level 1:colcon.colcon_core.package_identification:_identify(src/pinky_camera) by extensions ['ros']
[0.078s] Level 1:colcon.colcon_core.package_identification:_identify(src/pinky_camera) by extension 'ros'
[0.078s] Level 1:colcon.colcon_core.package_identification:_identify(src/pinky_camera) by extensions ['cmake', 'python']
[0.078s] Level 1:colcon.colcon_core.package_identification:_identify(src/pinky_camera) by extension 'cmake'
[0.078s] Level 1:colcon.colcon_core.package_identification:_identify(src/pinky_camera) by extension 'python'
[0.078s] Level 1:colcon.colcon_core.package_identification:_identify(src/pinky_camera) by extensions ['python_setup_py']
[0.078s] Level 1:colcon.colcon_core.package_identification:_identify(src/pinky_camera) by extension 'python_setup_py'
[0.078s] Level 1:colcon.colcon_core.package_identification:_identify(src/pinky_mapf) by extensions ['ignore', 'ignore_ament_install']
[0.078s] Level 1:colcon.colcon_core.package_identification:_identify(src/pinky_mapf) by extension 'ignore'
[0.078s] Level 1:colcon.colcon_core.package_identification:_identify(src/pinky_mapf) by extension 'ignore_ament_install'
[0.078s] Level 1:colcon.colcon_core.package_identification:_identify(src/pinky_mapf) by extensions ['colcon_pkg']
[0.078s] Level 1:colcon.colcon_core.package_identification:_identify(src/pinky_mapf) by extension 'colcon_pkg'
[0.078s] Level 1:colcon.colcon_core.package_identification:_identify(src/pinky_mapf) by extensions ['colcon_meta']
[0.078s] Level 1:colcon.colcon_core.package_identification:_identify(src/pinky_mapf) by extension 'colcon_meta'
[0.078s] Level 1:colcon.colcon_core.package_identification:_identify(src/pinky_mapf) by extensions ['ros']
[0.078s] Level 1:colcon.colcon_core.package_identification:_identify(src/pinky_mapf) by extension 'ros'
[0.079s] DEBUG:colcon.colcon_core.package_identification:Package 'src/pinky_mapf' with type 'ros.ament_python' and name 'pinky_mapf'
[0.079s] Level 1:colcon.colcon_core.package_identification:_identify(src/pinky_rmf) by extensions ['ignore', 'ignore_ament_install']
[0.079s] Level 1:colcon.colcon_core.package_identification:_identify(src/pinky_rmf) by extension 'ignore'
[0.079s] Level 1:colcon.colcon_core.package_identification:_identify(src/pinky_rmf) by extension 'ignore_ament_install'
[0.079s] Level 1:colcon.colcon_core.package_identification:_identify(src/pinky_rmf) by extensions ['colcon_pkg']
[0.079s] Level 1:colcon.colcon_core.package_identification:_identify(src/pinky_rmf) by extension 'colcon_pkg'
[0.079s] Level 1:colcon.colcon_core.package_identification:_identify(src/pinky_rmf) by extensions ['colcon_meta']
[0.079s] Level 1:colcon.colcon_core.package_identification:_identify(src/pinky_rmf) by extension 'colcon_meta'
[0.079s] Level 1:colcon.colcon_core.package_identification:_identify(src/pinky_rmf) by extensions ['ros']
[0.079s] Level 1:colcon.colcon_core.package_identification:_identify(src/pinky_rmf) by extension 'ros'
[0.079s] DEBUG:colcon.colcon_core.package_identification:Package 'src/pinky_rmf' with type 'ros.ament_cmake' and name 'pinky_rmf'
[0.079s] Level 1:colcon.colcon_core.package_identification:_identify(src/send_goal) by extensions ['ignore', 'ignore_ament_install']
[0.079s] Level 1:colcon.colcon_core.package_identification:_identify(src/send_goal) by extension 'ignore'
[0.079s] Level 1:colcon.colcon_core.package_identification:_identify(src/send_goal) by extension 'ignore_ament_install'
[0.079s] Level 1:colcon.colcon_core.package_identification:_identify(src/send_goal) by extensions ['colcon_pkg']
[0.079s] Level 1:colcon.colcon_core.package_identification:_identify(src/send_goal) by extension 'colcon_pkg'
[0.079s] Level 1:colcon.colcon_core.package_identification:_identify(src/send_goal) by extensions ['colcon_meta']
[0.079s] Level 1:colcon.colcon_core.package_identification:_identify(src/send_goal) by extension 'colcon_meta'
[0.079s] Level 1:colcon.colcon_core.package_identification:_identify(src/send_goal) by extensions ['ros']
[0.079s] Level 1:colcon.colcon_core.package_identification:_identify(src/send_goal) by extension 'ros'
[0.080s] DEBUG:colcon.colcon_core.package_identification:Package 'src/send_goal' with type 'ros.ament_python' and name 'send_goal'
[0.080s] Level 1:colcon.colcon_core.package_identification:_identify(src/traffic_planner) by extensions ['ignore', 'ignore_ament_install']
[0.080s] Level 1:colcon.colcon_core.package_identification:_identify(src/traffic_planner) by extension 'ignore'
[0.080s] Level 1:colcon.colcon_core.package_identification:_identify(src/traffic_planner) by extension 'ignore_ament_install'
[0.080s] Level 1:colcon.colcon_core.package_identification:_identify(src/traffic_planner) by extensions ['colcon_pkg']
[0.080s] Level 1:colcon.colcon_core.package_identification:_identify(src/traffic_planner) by extension 'colcon_pkg'
[0.080s] Level 1:colcon.colcon_core.package_identification:_identify(src/traffic_planner) by extensions ['colcon_meta']
[0.080s] Level 1:colcon.colcon_core.package_identification:_identify(src/traffic_planner) by extension 'colcon_meta'
[0.080s] Level 1:colcon.colcon_core.package_identification:_identify(src/traffic_planner) by extensions ['ros']
[0.080s] Level 1:colcon.colcon_core.package_identification:_identify(src/traffic_planner) by extension 'ros'
[0.080s] DEBUG:colcon.colcon_core.package_identification:Package 'src/traffic_planner' with type 'ros.ament_cmake' and name 'traffic_planner'
[0.080s] Level 1:colcon.colcon_core.package_discovery:discover_packages(recursive) using defaults
[0.080s] Level 1:colcon.colcon_core.package_discovery:discover_packages(ignore) discover
[0.080s] Level 1:colcon.colcon_core.package_discovery:discover_packages(ignore) using defaults
[0.080s] Level 1:colcon.colcon_core.package_discovery:discover_packages(path) discover
[0.080s] Level 1:colcon.colcon_core.package_discovery:discover_packages(path) using defaults
[0.089s] INFO:colcon.colcon_core.package_selection:Skipping not selected package 'aruco_marker_pkg' in 'src/aruco_marker_pkg'
[0.089s] INFO:colcon.colcon_core.package_selection:Skipping not selected package 'controller_tutorials' in 'src/controller_tutorials'
[0.089s] INFO:colcon.colcon_core.package_selection:Skipping not selected package 'mapf_planner' in 'src/mapf_planner'
[0.089s] INFO:colcon.colcon_core.package_selection:Skipping not selected package 'monitoring_pkg' in 'src/monitoring_pkg'
[0.089s] INFO:colcon.colcon_core.package_selection:Skipping not selected package 'my_demo_pkg' in 'src/my_demo_pkg'
[0.089s] INFO:colcon.colcon_core.package_selection:Skipping not selected package 'pid_controller_node' in 'src/pid_controller_node'
[0.089s] INFO:colcon.colcon_core.package_selection:Skipping not selected package 'pinky_mapf' in 'src/pinky_mapf'
[0.089s] INFO:colcon.colcon_core.package_selection:Skipping not selected package 'pinky_rmf' in 'src/pinky_rmf'
[0.089s] INFO:colcon.colcon_core.package_selection:Skipping not selected package 'send_goal' in 'src/send_goal'
[0.089s] Level 1:colcon.colcon_core.package_discovery:discover_packages(prefix_path) check parameters
[0.089s] Level 1:colcon.colcon_core.package_discovery:discover_packages(prefix_path) discover
[0.090s] DEBUG:colcon.colcon_installed_package_information.package_discovery:Found 10 installed packages in /home/jewoo/ROS2_Jazzy_Study/install
[0.091s] DEBUG:colcon.colcon_installed_package_information.package_discovery:Found 381 installed packages in /opt/ros/jazzy
[0.091s] Level 1:colcon.colcon_core.package_discovery:discover_packages(prefix_path) using defaults
[0.111s] Level 5:colcon.colcon_core.verb:set package 'traffic_planner' build argument 'cmake_args' from command line to 'None'
[0.111s] Level 5:colcon.colcon_core.verb:set package 'traffic_planner' build argument 'cmake_target' from command line to 'None'
[0.111s] Level 5:colcon.colcon_core.verb:set package 'traffic_planner' build argument 'cmake_target_skip_unavailable' from command line to 'False'
[0.111s] Level 5:colcon.colcon_core.verb:set package 'traffic_planner' build argument 'cmake_clean_cache' from command line to 'False'
[0.111s] Level 5:colcon.colcon_core.verb:set package 'traffic_planner' build argument 'cmake_clean_first' from command line to 'False'
[0.111s] Level 5:colcon.colcon_core.verb:set package 'traffic_planner' build argument 'cmake_force_configure' from command line to 'False'
[0.111s] Level 5:colcon.colcon_core.verb:set package 'traffic_planner' build argument 'ament_cmake_args' from command line to 'None'
[0.111s] Level 5:colcon.colcon_core.verb:set package 'traffic_planner' build argument 'catkin_cmake_args' from command line to 'None'
[0.111s] Level 5:colcon.colcon_core.verb:set package 'traffic_planner' build argument 'catkin_skip_building_tests' from command line to 'False'
[0.111s] DEBUG:colcon.colcon_core.verb:Building package 'traffic_planner' with the following arguments: {'ament_cmake_args': None, 'build_base': '/home/jewoo/ROS2_Jazzy_Study/build/traffic_planner', 'catkin_cmake_args': None, 'catkin_skip_building_tests': False, 'cmake_args': None, 'cmake_clean_cache': False, 'cmake_clean_first': False, 'cmake_force_configure': False, 'cmake_target': None, 'cmake_target_skip_unavailable': False, 'install_base': '/home/jewoo/ROS2_Jazzy_Study/install/traffic_planner', 'merge_install': False, 'path': '/home/jewoo/ROS2_Jazzy_Study/src/traffic_planner', 'symlink_install': False, 'test_result_base': None}
[0.111s] INFO:colcon.colcon_core.executor:Executing jobs using 'parallel' executor
[0.112s] DEBUG:colcon.colcon_parallel_executor.executor.parallel:run_until_complete
[0.112s] INFO:colcon.colcon_ros.task.ament_cmake.build:Building ROS package in '/home/jewoo/ROS2_Jazzy_Study/src/traffic_planner' with build type 'ament_cmake'
[0.112s] INFO:colcon.colcon_cmake.task.cmake.build:Building CMake package in '/home/jewoo/ROS2_Jazzy_Study/src/traffic_planner'
[0.113s] INFO:colcon.colcon_core.plugin_system:Skipping extension 'colcon_core.shell.bat': Not used on non-Windows systems
[0.113s] INFO:colcon.colcon_core.shell:Skip shell extension 'powershell' for command environment: Not usable outside of PowerShell
[0.113s] DEBUG:colcon.colcon_core.shell:Skip shell extension 'dsv' for command environment
[0.117s] DEBUG:colcon.colcon_core.event_handler.log_command:Invoking command in '/home/jewoo/ROS2_Jazzy_Study/build/traffic_planner': CMAKE_PREFIX_PATH=${CMAKE_PREFIX_PATH}:/home/jewoo/ROS2_Jazzy_Study/install/send_goal:/home/jewoo/ROS2_Jazzy_Study/install/pinky_mapf:/home/jewoo/ROS2_Jazzy_Study/install/pid_controller_node:/home/jewoo/ROS2_Jazzy_Study/install/my_demo_pkg:/home/jewoo/ROS2_Jazzy_Study/install/controller_tutorials:/home/jewoo/ROS2_Jazzy_Study/install/aruco_marker_pkg:/opt/ros/jazzy DEBUGINFOD_URLS=https://debuginfod.ubuntu.com /usr/bin/cmake /home/jewoo/ROS2_Jazzy_Study/src/traffic_planner -DCMAKE_INSTALL_PREFIX=/home/jewoo/ROS2_Jazzy_Study/install/traffic_planner
[0.498s] DEBUG:colcon.colcon_core.event_handler.log_command:Invoked command in '/home/jewoo/ROS2_Jazzy_Study/build/traffic_planner' returned '0': CMAKE_PREFIX_PATH=${CMAKE_PREFIX_PATH}:/home/jewoo/ROS2_Jazzy_Study/install/send_goal:/home/jewoo/ROS2_Jazzy_Study/install/pinky_mapf:/home/jewoo/ROS2_Jazzy_Study/install/pid_controller_node:/home/jewoo/ROS2_Jazzy_Study/install/my_demo_pkg:/home/jewoo/ROS2_Jazzy_Study/install/controller_tutorials:/home/jewoo/ROS2_Jazzy_Study/install/aruco_marker_pkg:/opt/ros/jazzy DEBUGINFOD_URLS=https://debuginfod.ubuntu.com /usr/bin/cmake /home/jewoo/ROS2_Jazzy_Study/src/traffic_planner -DCMAKE_INSTALL_PREFIX=/home/jewoo/ROS2_Jazzy_Study/install/traffic_planner
[0.498s] DEBUG:colcon.colcon_core.event_handler.log_command:Invoking command in '/home/jewoo/ROS2_Jazzy_Study/build/traffic_planner': CMAKE_PREFIX_PATH=${CMAKE_PREFIX_PATH}:/home/jewoo/ROS2_Jazzy_Study/install/send_goal:/home/jewoo/ROS2_Jazzy_Study/install/pinky_mapf:/home/jewoo/ROS2_Jazzy_Study/install/pid_controller_node:/home/jewoo/ROS2_Jazzy_Study/install/my_demo_pkg:/home/jewoo/ROS2_Jazzy_Study/install/controller_tutorials:/home/jewoo/ROS2_Jazzy_Study/install/aruco_marker_pkg:/opt/ros/jazzy DEBUGINFOD_URLS=https://debuginfod.ubuntu.com /usr/bin/cmake --build /home/jewoo/ROS2_Jazzy_Study/build/traffic_planner -- -j32 -l32
[5.883s] DEBUG:colcon.colcon_core.event_handler.log_command:Invoked command in '/home/jewoo/ROS2_Jazzy_Study/build/traffic_planner' returned '0': CMAKE_PREFIX_PATH=${CMAKE_PREFIX_PATH}:/home/jewoo/ROS2_Jazzy_Study/install/send_goal:/home/jewoo/ROS2_Jazzy_Study/install/pinky_mapf:/home/jewoo/ROS2_Jazzy_Study/install/pid_controller_node:/home/jewoo/ROS2_Jazzy_Study/install/my_demo_pkg:/home/jewoo/ROS2_Jazzy_Study/install/controller_tutorials:/home/jewoo/ROS2_Jazzy_Study/install/aruco_marker_pkg:/opt/ros/jazzy DEBUGINFOD_URLS=https://debuginfod.ubuntu.com /usr/bin/cmake --build /home/jewoo/ROS2_Jazzy_Study/build/traffic_planner -- -j32 -l32
[5.890s] DEBUG:colcon.colcon_core.event_handler.log_command:Invoking command in '/home/jewoo/ROS2_Jazzy_Study/build/traffic_planner': CMAKE_PREFIX_PATH=${CMAKE_PREFIX_PATH}:/home/jewoo/ROS2_Jazzy_Study/install/send_goal:/home/jewoo/ROS2_Jazzy_Study/install/pinky_mapf:/home/jewoo/ROS2_Jazzy_Study/install/pid_controller_node:/home/jewoo/ROS2_Jazzy_Study/install/my_demo_pkg:/home/jewoo/ROS2_Jazzy_Study/install/controller_tutorials:/home/jewoo/ROS2_Jazzy_Study/install/aruco_marker_pkg:/opt/ros/jazzy DEBUGINFOD_URLS=https://debuginfod.ubuntu.com /usr/bin/cmake --install /home/jewoo/ROS2_Jazzy_Study/build/traffic_planner
[5.919s] Level 1:colcon.colcon_core.environment:create_environment_scripts_only(traffic_planner)
[5.919s] DEBUG:colcon.colcon_core.event_handler.log_command:Invoked command in '/home/jewoo/ROS2_Jazzy_Study/build/traffic_planner' returned '0': CMAKE_PREFIX_PATH=${CMAKE_PREFIX_PATH}:/home/jewoo/ROS2_Jazzy_Study/install/send_goal:/home/jewoo/ROS2_Jazzy_Study/install/pinky_mapf:/home/jewoo/ROS2_Jazzy_Study/install/pid_controller_node:/home/jewoo/ROS2_Jazzy_Study/install/my_demo_pkg:/home/jewoo/ROS2_Jazzy_Study/install/controller_tutorials:/home/jewoo/ROS2_Jazzy_Study/install/aruco_marker_pkg:/opt/ros/jazzy DEBUGINFOD_URLS=https://debuginfod.ubuntu.com /usr/bin/cmake --install /home/jewoo/ROS2_Jazzy_Study/build/traffic_planner
[5.920s] Level 1:colcon.colcon_core.environment:checking '/home/jewoo/ROS2_Jazzy_Study/install/traffic_planner' for CMake module files
[5.921s] Level 1:colcon.colcon_core.environment:checking '/home/jewoo/ROS2_Jazzy_Study/install/traffic_planner' for CMake config files
[5.921s] Level 1:colcon.colcon_core.shell:create_environment_hook('traffic_planner', 'cmake_prefix_path')
[5.921s] INFO:colcon.colcon_core.shell:Creating environment hook '/home/jewoo/ROS2_Jazzy_Study/install/traffic_planner/share/traffic_planner/hook/cmake_prefix_path.ps1'
[5.921s] INFO:colcon.colcon_core.shell:Creating environment descriptor '/home/jewoo/ROS2_Jazzy_Study/install/traffic_planner/share/traffic_planner/hook/cmake_prefix_path.dsv'
[5.921s] INFO:colcon.colcon_core.shell:Creating environment hook '/home/jewoo/ROS2_Jazzy_Study/install/traffic_planner/share/traffic_planner/hook/cmake_prefix_path.sh'
[5.922s] Level 1:colcon.colcon_core.environment:checking '/home/jewoo/ROS2_Jazzy_Study/install/traffic_planner/lib'
[5.922s] Level 1:colcon.colcon_core.environment:checking '/home/jewoo/ROS2_Jazzy_Study/install/traffic_planner/bin'
[5.922s] Level 1:colcon.colcon_core.environment:checking '/home/jewoo/ROS2_Jazzy_Study/install/traffic_planner/lib/pkgconfig/traffic_planner.pc'
[5.922s] Level 1:colcon.colcon_core.environment:checking '/home/jewoo/ROS2_Jazzy_Study/install/traffic_planner/lib/python3.12/site-packages'
[5.922s] Level 1:colcon.colcon_core.environment:checking '/home/jewoo/ROS2_Jazzy_Study/install/traffic_planner/bin'
[5.922s] INFO:colcon.colcon_core.shell:Creating package script '/home/jewoo/ROS2_Jazzy_Study/install/traffic_planner/share/traffic_planner/package.ps1'
[5.922s] INFO:colcon.colcon_core.shell:Creating package descriptor '/home/jewoo/ROS2_Jazzy_Study/install/traffic_planner/share/traffic_planner/package.dsv'
[5.922s] INFO:colcon.colcon_core.shell:Creating package script '/home/jewoo/ROS2_Jazzy_Study/install/traffic_planner/share/traffic_planner/package.sh'
[5.923s] INFO:colcon.colcon_core.shell:Creating package script '/home/jewoo/ROS2_Jazzy_Study/install/traffic_planner/share/traffic_planner/package.bash'
[5.923s] INFO:colcon.colcon_core.shell:Creating package script '/home/jewoo/ROS2_Jazzy_Study/install/traffic_planner/share/traffic_planner/package.zsh'
[5.923s] Level 1:colcon.colcon_core.environment:create_file_with_runtime_dependencies(/home/jewoo/ROS2_Jazzy_Study/install/traffic_planner/share/colcon-core/packages/traffic_planner)
[5.923s] Level 1:colcon.colcon_core.environment:create_environment_scripts_only(traffic_planner)
[5.923s] Level 1:colcon.colcon_core.environment:checking '/home/jewoo/ROS2_Jazzy_Study/install/traffic_planner' for CMake module files
[5.924s] Level 1:colcon.colcon_core.environment:checking '/home/jewoo/ROS2_Jazzy_Study/install/traffic_planner' for CMake config files
[5.924s] Level 1:colcon.colcon_core.shell:create_environment_hook('traffic_planner', 'cmake_prefix_path')
[5.924s] INFO:colcon.colcon_core.shell:Creating environment hook '/home/jewoo/ROS2_Jazzy_Study/install/traffic_planner/share/traffic_planner/hook/cmake_prefix_path.ps1'
[5.924s] INFO:colcon.colcon_core.shell:Creating environment descriptor '/home/jewoo/ROS2_Jazzy_Study/install/traffic_planner/share/traffic_planner/hook/cmake_prefix_path.dsv'
[5.924s] INFO:colcon.colcon_core.shell:Creating environment hook '/home/jewoo/ROS2_Jazzy_Study/install/traffic_planner/share/traffic_planner/hook/cmake_prefix_path.sh'
[5.924s] Level 1:colcon.colcon_core.environment:checking '/home/jewoo/ROS2_Jazzy_Study/install/traffic_planner/lib'
[5.924s] Level 1:colcon.colcon_core.environment:checking '/home/jewoo/ROS2_Jazzy_Study/install/traffic_planner/bin'
[5.924s] Level 1:colcon.colcon_core.environment:checking '/home/jewoo/ROS2_Jazzy_Study/install/traffic_planner/lib/pkgconfig/traffic_planner.pc'
[5.924s] Level 1:colcon.colcon_core.environment:checking '/home/jewoo/ROS2_Jazzy_Study/install/traffic_planner/lib/python3.12/site-packages'
[5.924s] Level 1:colcon.colcon_core.environment:checking '/home/jewoo/ROS2_Jazzy_Study/install/traffic_planner/bin'
[5.925s] INFO:colcon.colcon_core.shell:Creating package script '/home/jewoo/ROS2_Jazzy_Study/install/traffic_planner/share/traffic_planner/package.ps1'
[5.925s] INFO:colcon.colcon_core.shell:Creating package descriptor '/home/jewoo/ROS2_Jazzy_Study/install/traffic_planner/share/traffic_planner/package.dsv'
[5.925s] INFO:colcon.colcon_core.shell:Creating package script '/home/jewoo/ROS2_Jazzy_Study/install/traffic_planner/share/traffic_planner/package.sh'
[5.925s] INFO:colcon.colcon_core.shell:Creating package script '/home/jewoo/ROS2_Jazzy_Study/install/traffic_planner/share/traffic_planner/package.bash'
[5.925s] INFO:colcon.colcon_core.shell:Creating package script '/home/jewoo/ROS2_Jazzy_Study/install/traffic_planner/share/traffic_planner/package.zsh'
[5.925s] Level 1:colcon.colcon_core.environment:create_file_with_runtime_dependencies(/home/jewoo/ROS2_Jazzy_Study/install/traffic_planner/share/colcon-core/packages/traffic_planner)
[5.925s] DEBUG:colcon.colcon_parallel_executor.executor.parallel:closing loop
[5.925s] DEBUG:colcon.colcon_parallel_executor.executor.parallel:loop closed
[5.925s] DEBUG:colcon.colcon_parallel_executor.executor.parallel:run_until_complete finished with '0'
[5.926s] DEBUG:colcon.colcon_core.event_reactor:joining thread
[5.928s] INFO:colcon.colcon_core.plugin_system:Skipping extension 'colcon_notification.desktop_notification.terminal_notifier': Not used on non-Darwin systems
[5.928s] INFO:colcon.colcon_core.plugin_system:Skipping extension 'colcon_notification.desktop_notification.win32': Not used on non-Windows systems
[5.928s] INFO:colcon.colcon_notification.desktop_notification:Sending desktop notification using 'notify2'
[5.937s] DEBUG:colcon.colcon_core.event_reactor:joined thread
[5.938s] INFO:colcon.colcon_core.shell:Creating prefix script '/home/jewoo/ROS2_Jazzy_Study/install/local_setup.ps1'
[5.938s] INFO:colcon.colcon_core.shell:Creating prefix util module '/home/jewoo/ROS2_Jazzy_Study/install/_local_setup_util_ps1.py'
[5.939s] INFO:colcon.colcon_core.shell:Creating prefix chain script '/home/jewoo/ROS2_Jazzy_Study/install/setup.ps1'
[5.939s] INFO:colcon.colcon_core.shell:Creating prefix script '/home/jewoo/ROS2_Jazzy_Study/install/local_setup.sh'
[5.940s] INFO:colcon.colcon_core.shell:Creating prefix util module '/home/jewoo/ROS2_Jazzy_Study/install/_local_setup_util_sh.py'
[5.940s] INFO:colcon.colcon_core.shell:Creating prefix chain script '/home/jewoo/ROS2_Jazzy_Study/install/setup.sh'
[5.940s] INFO:colcon.colcon_core.shell:Creating prefix script '/home/jewoo/ROS2_Jazzy_Study/install/local_setup.bash'
[5.940s] INFO:colcon.colcon_core.shell:Creating prefix chain script '/home/jewoo/ROS2_Jazzy_Study/install/setup.bash'
[5.941s] INFO:colcon.colcon_core.shell:Creating prefix script '/home/jewoo/ROS2_Jazzy_Study/install/local_setup.zsh'
[5.941s] INFO:colcon.colcon_core.shell:Creating prefix chain script '/home/jewoo/ROS2_Jazzy_Study/install/setup.zsh'
