-- Found ament_cmake: 2.5.4 (/opt/ros/jazzy/share/ament_cmake/cmake)
-- Override CMake install command with custom implementation using symlinks instead of copying resources
-- Found rclcpp: 28.1.9 (/opt/ros/jazzy/share/rclcpp/cmake)
-- Found rosidl_generator_c: 4.6.5 (/opt/ros/jazzy/share/rosidl_generator_c/cmake)
-- Found rosidl_generator_cpp: 4.6.5 (/opt/ros/jazzy/share/rosidl_generator_cpp/cmake)
-- Using all available rosidl_typesupport_c: rosidl_typesupport_fastrtps_c;rosidl_typesupport_introspection_c
-- Using all available rosidl_typesupport_cpp: rosidl_typesupport_fastrtps_cpp;rosidl_typesupport_introspection_cpp
-- Found rmw_implementation_cmake: 7.3.2 (/opt/ros/jazzy/share/rmw_implementation_cmake/cmake)
-- Found rmw_fastrtps_cpp: 8.4.2 (/opt/ros/jazzy/share/rmw_fastrtps_cpp/cmake)
-- Using RMW implementation 'rmw_fastrtps_cpp' as default
-- Found std_msgs: 5.3.6 (/opt/ros/jazzy/share/std_msgs/cmake)
-- Found geometry_msgs: 5.3.6 (/opt/ros/jazzy/share/geometry_msgs/cmake)
-- Found nav_msgs: 5.3.6 (/opt/ros/jazzy/share/nav_msgs/cmake)
-- Found sensor_msgs: 5.3.6 (/opt/ros/jazzy/share/sensor_msgs/cmake)
-- Found tf2: 0.36.11 (/opt/ros/jazzy/share/tf2/cmake)
-- Found tf2_ros: 0.36.11 (/opt/ros/jazzy/share/tf2_ros/cmake)
-- Found ament_lint_auto: 0.17.2 (/opt/ros/jazzy/share/ament_lint_auto/cmake)
-- Added test 'copyright' to check source files copyright and LICENSE
-- Added test 'cppcheck' to perform static code analysis on C / C++ code
-- Configured cppcheck include dirs: /home/addinnedu/ROS2_Jazzy_Study/src/monitoring_pkg/include
-- Configured cppcheck exclude dirs and/or files: 
-- Added test 'cpplint' to check C / C++ code against the Google style
-- Configured cpplint exclude dirs and/or files: 
-- Added test 'flake8' to check Python code syntax and style conventions
-- Configured 'flake8' exclude dirs and/or files: 
-- Added test 'lint_cmake' to check CMake code style
-- Added test 'pep257' to check Python code against some of the docstring style conventions in PEP 257
-- Added test 'uncrustify' to check C / C++ code style
-- Configured uncrustify additional arguments: 
-- Added test 'xmllint' to check XML markup files
-- Configuring done (0.7s)
-- Generating done (0.0s)
-- Build files have been written to: /home/addinnedu/ROS2_Jazzy_Study/build/monitoring_pkg
[  0%] Built target integrated_aruco_monitor_autogen_timestamp_deps
[ 20%] [34m[1mAutomatic MOC and UIC for target integrated_aruco_monitor[0m
[ 20%] Built target integrated_aruco_monitor_autogen
[100%] Built target integrated_aruco_monitor
-- Install configuration: ""
-- Execute custom install script
-- Up-to-date symlink: /home/addinnedu/ROS2_Jazzy_Study/install/monitoring_pkg/lib/monitoring_pkg/integrated_aruco_monitor
-- Up-to-date symlink: /home/addinnedu/ROS2_Jazzy_Study/install/monitoring_pkg/share/monitoring_pkg//launch/.keep
-- Up-to-date symlink: /home/addinnedu/ROS2_Jazzy_Study/install/monitoring_pkg/share/monitoring_pkg//config/.keep
-- Up-to-date symlink: /home/addinnedu/ROS2_Jazzy_Study/install/monitoring_pkg/share/monitoring_pkg//config/camera_matrix.xml
-- Up-to-date symlink: /home/addinnedu/ROS2_Jazzy_Study/install/monitoring_pkg/share/monitoring_pkg//config/convert_calib.py
-- Up-to-date symlink: /home/addinnedu/ROS2_Jazzy_Study/install/monitoring_pkg/share/monitoring_pkg//config/dist_coeffs.xml
-- Up-to-date symlink: /home/addinnedu/ROS2_Jazzy_Study/install/monitoring_pkg/share/monitoring_pkg//config/monitoring_params.yaml
-- Up-to-date symlink: /home/addinnedu/ROS2_Jazzy_Study/install/monitoring_pkg/share/ament_index/resource_index/package_run_dependencies/monitoring_pkg
-- Up-to-date symlink: /home/addinnedu/ROS2_Jazzy_Study/install/monitoring_pkg/share/ament_index/resource_index/parent_prefix_path/monitoring_pkg
-- Up-to-date symlink: /home/addinnedu/ROS2_Jazzy_Study/install/monitoring_pkg/share/monitoring_pkg/environment/ament_prefix_path.sh
-- Up-to-date symlink: /home/addinnedu/ROS2_Jazzy_Study/install/monitoring_pkg/share/monitoring_pkg/environment/ament_prefix_path.dsv
-- Up-to-date symlink: /home/addinnedu/ROS2_Jazzy_Study/install/monitoring_pkg/share/monitoring_pkg/environment/path.sh
-- Up-to-date symlink: /home/addinnedu/ROS2_Jazzy_Study/install/monitoring_pkg/share/monitoring_pkg/environment/path.dsv
-- Up-to-date symlink: /home/addinnedu/ROS2_Jazzy_Study/install/monitoring_pkg/share/monitoring_pkg/local_setup.bash
-- Up-to-date symlink: /home/addinnedu/ROS2_Jazzy_Study/install/monitoring_pkg/share/monitoring_pkg/local_setup.sh
-- Up-to-date symlink: /home/addinnedu/ROS2_Jazzy_Study/install/monitoring_pkg/share/monitoring_pkg/local_setup.zsh
-- Up-to-date symlink: /home/addinnedu/ROS2_Jazzy_Study/install/monitoring_pkg/share/monitoring_pkg/local_setup.dsv
-- Symlinking: /home/addinnedu/ROS2_Jazzy_Study/install/monitoring_pkg/share/monitoring_pkg/package.dsv
-- Up-to-date symlink: /home/addinnedu/ROS2_Jazzy_Study/install/monitoring_pkg/share/ament_index/resource_index/packages/monitoring_pkg
-- Up-to-date symlink: /home/addinnedu/ROS2_Jazzy_Study/install/monitoring_pkg/share/monitoring_pkg/cmake/monitoring_pkgConfig.cmake
-- Up-to-date symlink: /home/addinnedu/ROS2_Jazzy_Study/install/monitoring_pkg/share/monitoring_pkg/cmake/monitoring_pkgConfig-version.cmake
-- Up-to-date symlink: /home/addinnedu/ROS2_Jazzy_Study/install/monitoring_pkg/share/monitoring_pkg/package.xml
