[0.086s] DEBUG:colcon:Command line arguments: ['/usr/bin/colcon', 'build', '--symlink-install']
[0.086s] DEBUG:colcon:Parsed command line arguments: Namespace(log_base=None, log_level=None, verb_name='build', build_base='build', install_base='install', merge_install=False, symlink_install=True, test_result_base=None, continue_on_error=False, executor='parallel', parallel_workers=16, event_handlers=None, ignore_user_meta=False, metas=['./colcon.meta'], base_paths=['.'], packages_ignore=None, packages_ignore_regex=None, paths=None, packages_up_to=None, packages_up_to_regex=None, packages_above=None, packages_above_and_dependencies=None, packages_above_depth=None, packages_select_by_dep=None, packages_skip_by_dep=None, packages_skip_up_to=None, packages_select_build_failed=False, packages_skip_build_finished=False, packages_select_test_failures=False, packages_skip_test_passed=False, packages_select=None, packages_skip=None, packages_select_regex=None, packages_skip_regex=None, packages_start=None, packages_end=None, allow_overriding=[], cmake_args=None, cmake_target=None, cmake_target_skip_unavailable=False, cmake_clean_cache=False, cmake_clean_first=False, cmake_force_configure=False, ament_cmake_args=None, catkin_cmake_args=None, catkin_skip_building_tests=False, mixin_files=None, mixin=None, verb_parser=<colcon_mixin.mixin.mixin_argument.MixinArgumentDecorator object at 0x7f0d503dc1d0>, verb_extension=<colcon_core.verb.build.BuildVerb object at 0x7f0d503bbbc0>, main=<bound method BuildVerb.main of <colcon_core.verb.build.BuildVerb object at 0x7f0d503bbbc0>>, mixin_verb=('build',))
[0.114s] Level 1:colcon.colcon_core.package_discovery:discover_packages(colcon_meta) check parameters
[0.114s] Level 1:colcon.colcon_core.package_discovery:discover_packages(recursive) check parameters
[0.114s] Level 1:colcon.colcon_core.package_discovery:discover_packages(ignore) check parameters
[0.114s] Level 1:colcon.colcon_core.package_discovery:discover_packages(path) check parameters
[0.114s] Level 1:colcon.colcon_core.package_discovery:discover_packages(colcon_meta) discover
[0.114s] Level 1:colcon.colcon_core.package_discovery:discover_packages(recursive) discover
[0.114s] INFO:colcon.colcon_core.package_discovery:Crawling recursively for packages in '/home/addinnedu/ROS2_Jazzy_Study'
[0.114s] Level 1:colcon.colcon_core.package_identification:_identify(.) by extensions ['ignore', 'ignore_ament_install']
[0.114s] Level 1:colcon.colcon_core.package_identification:_identify(.) by extension 'ignore'
[0.114s] Level 1:colcon.colcon_core.package_identification:_identify(.) by extension 'ignore_ament_install'
[0.114s] Level 1:colcon.colcon_core.package_identification:_identify(.) by extensions ['colcon_pkg']
[0.114s] Level 1:colcon.colcon_core.package_identification:_identify(.) by extension 'colcon_pkg'
[0.115s] Level 1:colcon.colcon_core.package_identification:_identify(.) by extensions ['colcon_meta']
[0.115s] Level 1:colcon.colcon_core.package_identification:_identify(.) by extension 'colcon_meta'
[0.115s] Level 1:colcon.colcon_core.package_identification:_identify(.) by extensions ['ros']
[0.115s] Level 1:colcon.colcon_core.package_identification:_identify(.) by extension 'ros'
[0.132s] Level 1:colcon.colcon_core.package_identification:_identify(.) by extensions ['cmake', 'python']
[0.132s] Level 1:colcon.colcon_core.package_identification:_identify(.) by extension 'cmake'
[0.132s] Level 1:colcon.colcon_core.package_identification:_identify(.) by extension 'python'
[0.132s] Level 1:colcon.colcon_core.package_identification:_identify(.) by extensions ['python_setup_py']
[0.132s] Level 1:colcon.colcon_core.package_identification:_identify(.) by extension 'python_setup_py'
[0.132s] Level 1:colcon.colcon_core.package_identification:_identify(build) by extensions ['ignore', 'ignore_ament_install']
[0.132s] Level 1:colcon.colcon_core.package_identification:_identify(build) by extension 'ignore'
[0.132s] Level 1:colcon.colcon_core.package_identification:_identify(build) ignored
[0.132s] Level 1:colcon.colcon_core.package_identification:_identify(install) by extensions ['ignore', 'ignore_ament_install']
[0.132s] Level 1:colcon.colcon_core.package_identification:_identify(install) by extension 'ignore'
[0.132s] Level 1:colcon.colcon_core.package_identification:_identify(install) ignored
[0.132s] Level 1:colcon.colcon_core.package_identification:_identify(log) by extensions ['ignore', 'ignore_ament_install']
[0.132s] Level 1:colcon.colcon_core.package_identification:_identify(log) by extension 'ignore'
[0.132s] Level 1:colcon.colcon_core.package_identification:_identify(log) ignored
[0.132s] Level 1:colcon.colcon_core.package_identification:_identify(src) by extensions ['ignore', 'ignore_ament_install']
[0.132s] Level 1:colcon.colcon_core.package_identification:_identify(src) by extension 'ignore'
[0.132s] Level 1:colcon.colcon_core.package_identification:_identify(src) by extension 'ignore_ament_install'
[0.133s] Level 1:colcon.colcon_core.package_identification:_identify(src) by extensions ['colcon_pkg']
[0.133s] Level 1:colcon.colcon_core.package_identification:_identify(src) by extension 'colcon_pkg'
[0.133s] Level 1:colcon.colcon_core.package_identification:_identify(src) by extensions ['colcon_meta']
[0.133s] Level 1:colcon.colcon_core.package_identification:_identify(src) by extension 'colcon_meta'
[0.133s] Level 1:colcon.colcon_core.package_identification:_identify(src) by extensions ['ros']
[0.133s] Level 1:colcon.colcon_core.package_identification:_identify(src) by extension 'ros'
[0.133s] Level 1:colcon.colcon_core.package_identification:_identify(src) by extensions ['cmake', 'python']
[0.133s] Level 1:colcon.colcon_core.package_identification:_identify(src) by extension 'cmake'
[0.133s] Level 1:colcon.colcon_core.package_identification:_identify(src) by extension 'python'
[0.133s] Level 1:colcon.colcon_core.package_identification:_identify(src) by extensions ['python_setup_py']
[0.133s] Level 1:colcon.colcon_core.package_identification:_identify(src) by extension 'python_setup_py'
[0.133s] Level 1:colcon.colcon_core.package_identification:_identify(src/ROS2_Bridge_yaml_files) by extensions ['ignore', 'ignore_ament_install']
[0.133s] Level 1:colcon.colcon_core.package_identification:_identify(src/ROS2_Bridge_yaml_files) by extension 'ignore'
[0.133s] Level 1:colcon.colcon_core.package_identification:_identify(src/ROS2_Bridge_yaml_files) by extension 'ignore_ament_install'
[0.133s] Level 1:colcon.colcon_core.package_identification:_identify(src/ROS2_Bridge_yaml_files) by extensions ['colcon_pkg']
[0.133s] Level 1:colcon.colcon_core.package_identification:_identify(src/ROS2_Bridge_yaml_files) by extension 'colcon_pkg'
[0.133s] Level 1:colcon.colcon_core.package_identification:_identify(src/ROS2_Bridge_yaml_files) by extensions ['colcon_meta']
[0.133s] Level 1:colcon.colcon_core.package_identification:_identify(src/ROS2_Bridge_yaml_files) by extension 'colcon_meta'
[0.133s] Level 1:colcon.colcon_core.package_identification:_identify(src/ROS2_Bridge_yaml_files) by extensions ['ros']
[0.133s] Level 1:colcon.colcon_core.package_identification:_identify(src/ROS2_Bridge_yaml_files) by extension 'ros'
[0.133s] Level 1:colcon.colcon_core.package_identification:_identify(src/ROS2_Bridge_yaml_files) by extensions ['cmake', 'python']
[0.133s] Level 1:colcon.colcon_core.package_identification:_identify(src/ROS2_Bridge_yaml_files) by extension 'cmake'
[0.133s] Level 1:colcon.colcon_core.package_identification:_identify(src/ROS2_Bridge_yaml_files) by extension 'python'
[0.133s] Level 1:colcon.colcon_core.package_identification:_identify(src/ROS2_Bridge_yaml_files) by extensions ['python_setup_py']
[0.133s] Level 1:colcon.colcon_core.package_identification:_identify(src/ROS2_Bridge_yaml_files) by extension 'python_setup_py'
[0.133s] Level 1:colcon.colcon_core.package_identification:_identify(src/aruco_marker_pkg) by extensions ['ignore', 'ignore_ament_install']
[0.133s] Level 1:colcon.colcon_core.package_identification:_identify(src/aruco_marker_pkg) by extension 'ignore'
[0.134s] Level 1:colcon.colcon_core.package_identification:_identify(src/aruco_marker_pkg) by extension 'ignore_ament_install'
[0.134s] Level 1:colcon.colcon_core.package_identification:_identify(src/aruco_marker_pkg) by extensions ['colcon_pkg']
[0.134s] Level 1:colcon.colcon_core.package_identification:_identify(src/aruco_marker_pkg) by extension 'colcon_pkg'
[0.134s] Level 1:colcon.colcon_core.package_identification:_identify(src/aruco_marker_pkg) by extensions ['colcon_meta']
[0.134s] Level 1:colcon.colcon_core.package_identification:_identify(src/aruco_marker_pkg) by extension 'colcon_meta'
[0.134s] Level 1:colcon.colcon_core.package_identification:_identify(src/aruco_marker_pkg) by extensions ['ros']
[0.134s] Level 1:colcon.colcon_core.package_identification:_identify(src/aruco_marker_pkg) by extension 'ros'
[0.136s] DEBUG:colcon.colcon_core.package_identification:Package 'src/aruco_marker_pkg' with type 'ros.ament_python' and name 'aruco_marker_pkg'
[0.136s] Level 1:colcon.colcon_core.package_identification:_identify(src/mapf_planner) by extensions ['ignore', 'ignore_ament_install']
[0.136s] Level 1:colcon.colcon_core.package_identification:_identify(src/mapf_planner) by extension 'ignore'
[0.136s] Level 1:colcon.colcon_core.package_identification:_identify(src/mapf_planner) by extension 'ignore_ament_install'
[0.136s] Level 1:colcon.colcon_core.package_identification:_identify(src/mapf_planner) by extensions ['colcon_pkg']
[0.136s] Level 1:colcon.colcon_core.package_identification:_identify(src/mapf_planner) by extension 'colcon_pkg'
[0.136s] Level 1:colcon.colcon_core.package_identification:_identify(src/mapf_planner) by extensions ['colcon_meta']
[0.136s] Level 1:colcon.colcon_core.package_identification:_identify(src/mapf_planner) by extension 'colcon_meta'
[0.136s] Level 1:colcon.colcon_core.package_identification:_identify(src/mapf_planner) by extensions ['ros']
[0.136s] Level 1:colcon.colcon_core.package_identification:_identify(src/mapf_planner) by extension 'ros'
[0.136s] DEBUG:colcon.colcon_core.package_identification:Package 'src/mapf_planner' with type 'ros.ament_cmake' and name 'mapf_planner'
[0.136s] Level 1:colcon.colcon_core.package_identification:_identify(src/my_demo_pkg) by extensions ['ignore', 'ignore_ament_install']
[0.136s] Level 1:colcon.colcon_core.package_identification:_identify(src/my_demo_pkg) by extension 'ignore'
[0.136s] Level 1:colcon.colcon_core.package_identification:_identify(src/my_demo_pkg) by extension 'ignore_ament_install'
[0.136s] Level 1:colcon.colcon_core.package_identification:_identify(src/my_demo_pkg) by extensions ['colcon_pkg']
[0.137s] Level 1:colcon.colcon_core.package_identification:_identify(src/my_demo_pkg) by extension 'colcon_pkg'
[0.137s] Level 1:colcon.colcon_core.package_identification:_identify(src/my_demo_pkg) by extensions ['colcon_meta']
[0.137s] Level 1:colcon.colcon_core.package_identification:_identify(src/my_demo_pkg) by extension 'colcon_meta'
[0.137s] Level 1:colcon.colcon_core.package_identification:_identify(src/my_demo_pkg) by extensions ['ros']
[0.137s] Level 1:colcon.colcon_core.package_identification:_identify(src/my_demo_pkg) by extension 'ros'
[0.137s] DEBUG:colcon.colcon_core.package_identification:Package 'src/my_demo_pkg' with type 'ros.ament_python' and name 'my_demo_pkg'
[0.137s] Level 1:colcon.colcon_core.package_identification:_identify(src/pinky_camera) by extensions ['ignore', 'ignore_ament_install']
[0.137s] Level 1:colcon.colcon_core.package_identification:_identify(src/pinky_camera) by extension 'ignore'
[0.137s] Level 1:colcon.colcon_core.package_identification:_identify(src/pinky_camera) by extension 'ignore_ament_install'
[0.137s] Level 1:colcon.colcon_core.package_identification:_identify(src/pinky_camera) by extensions ['colcon_pkg']
[0.137s] Level 1:colcon.colcon_core.package_identification:_identify(src/pinky_camera) by extension 'colcon_pkg'
[0.137s] Level 1:colcon.colcon_core.package_identification:_identify(src/pinky_camera) by extensions ['colcon_meta']
[0.137s] Level 1:colcon.colcon_core.package_identification:_identify(src/pinky_camera) by extension 'colcon_meta'
[0.137s] Level 1:colcon.colcon_core.package_identification:_identify(src/pinky_camera) by extensions ['ros']
[0.137s] Level 1:colcon.colcon_core.package_identification:_identify(src/pinky_camera) by extension 'ros'
[0.137s] Level 1:colcon.colcon_core.package_identification:_identify(src/pinky_camera) by extensions ['cmake', 'python']
[0.137s] Level 1:colcon.colcon_core.package_identification:_identify(src/pinky_camera) by extension 'cmake'
[0.137s] Level 1:colcon.colcon_core.package_identification:_identify(src/pinky_camera) by extension 'python'
[0.137s] Level 1:colcon.colcon_core.package_identification:_identify(src/pinky_camera) by extensions ['python_setup_py']
[0.137s] Level 1:colcon.colcon_core.package_identification:_identify(src/pinky_camera) by extension 'python_setup_py'
[0.138s] Level 1:colcon.colcon_core.package_identification:_identify(src/pinky_mapf) by extensions ['ignore', 'ignore_ament_install']
[0.138s] Level 1:colcon.colcon_core.package_identification:_identify(src/pinky_mapf) by extension 'ignore'
[0.138s] Level 1:colcon.colcon_core.package_identification:_identify(src/pinky_mapf) by extension 'ignore_ament_install'
[0.138s] Level 1:colcon.colcon_core.package_identification:_identify(src/pinky_mapf) by extensions ['colcon_pkg']
[0.138s] Level 1:colcon.colcon_core.package_identification:_identify(src/pinky_mapf) by extension 'colcon_pkg'
[0.138s] Level 1:colcon.colcon_core.package_identification:_identify(src/pinky_mapf) by extensions ['colcon_meta']
[0.138s] Level 1:colcon.colcon_core.package_identification:_identify(src/pinky_mapf) by extension 'colcon_meta'
[0.138s] Level 1:colcon.colcon_core.package_identification:_identify(src/pinky_mapf) by extensions ['ros']
[0.138s] Level 1:colcon.colcon_core.package_identification:_identify(src/pinky_mapf) by extension 'ros'
[0.138s] DEBUG:colcon.colcon_core.package_identification:Package 'src/pinky_mapf' with type 'ros.ament_python' and name 'pinky_mapf'
[0.138s] Level 1:colcon.colcon_core.package_identification:_identify(src/pinky_rmf) by extensions ['ignore', 'ignore_ament_install']
[0.138s] Level 1:colcon.colcon_core.package_identification:_identify(src/pinky_rmf) by extension 'ignore'
[0.138s] Level 1:colcon.colcon_core.package_identification:_identify(src/pinky_rmf) by extension 'ignore_ament_install'
[0.138s] Level 1:colcon.colcon_core.package_identification:_identify(src/pinky_rmf) by extensions ['colcon_pkg']
[0.138s] Level 1:colcon.colcon_core.package_identification:_identify(src/pinky_rmf) by extension 'colcon_pkg'
[0.139s] Level 1:colcon.colcon_core.package_identification:_identify(src/pinky_rmf) by extensions ['colcon_meta']
[0.139s] Level 1:colcon.colcon_core.package_identification:_identify(src/pinky_rmf) by extension 'colcon_meta'
[0.139s] Level 1:colcon.colcon_core.package_identification:_identify(src/pinky_rmf) by extensions ['ros']
[0.139s] Level 1:colcon.colcon_core.package_identification:_identify(src/pinky_rmf) by extension 'ros'
[0.139s] DEBUG:colcon.colcon_core.package_identification:Package 'src/pinky_rmf' with type 'ros.ament_cmake' and name 'pinky_rmf'
[0.139s] Level 1:colcon.colcon_core.package_identification:_identify(src/send_goal) by extensions ['ignore', 'ignore_ament_install']
[0.139s] Level 1:colcon.colcon_core.package_identification:_identify(src/send_goal) by extension 'ignore'
[0.139s] Level 1:colcon.colcon_core.package_identification:_identify(src/send_goal) by extension 'ignore_ament_install'
[0.139s] Level 1:colcon.colcon_core.package_identification:_identify(src/send_goal) by extensions ['colcon_pkg']
[0.139s] Level 1:colcon.colcon_core.package_identification:_identify(src/send_goal) by extension 'colcon_pkg'
[0.139s] Level 1:colcon.colcon_core.package_identification:_identify(src/send_goal) by extensions ['colcon_meta']
[0.139s] Level 1:colcon.colcon_core.package_identification:_identify(src/send_goal) by extension 'colcon_meta'
[0.139s] Level 1:colcon.colcon_core.package_identification:_identify(src/send_goal) by extensions ['ros']
[0.139s] Level 1:colcon.colcon_core.package_identification:_identify(src/send_goal) by extension 'ros'
[0.140s] DEBUG:colcon.colcon_core.package_identification:Package 'src/send_goal' with type 'ros.ament_python' and name 'send_goal'
[0.140s] Level 1:colcon.colcon_core.package_identification:_identify(src/traffic_planner) by extensions ['ignore', 'ignore_ament_install']
[0.140s] Level 1:colcon.colcon_core.package_identification:_identify(src/traffic_planner) by extension 'ignore'
[0.140s] Level 1:colcon.colcon_core.package_identification:_identify(src/traffic_planner) by extension 'ignore_ament_install'
[0.140s] Level 1:colcon.colcon_core.package_identification:_identify(src/traffic_planner) by extensions ['colcon_pkg']
[0.140s] Level 1:colcon.colcon_core.package_identification:_identify(src/traffic_planner) by extension 'colcon_pkg'
[0.140s] Level 1:colcon.colcon_core.package_identification:_identify(src/traffic_planner) by extensions ['colcon_meta']
[0.140s] Level 1:colcon.colcon_core.package_identification:_identify(src/traffic_planner) by extension 'colcon_meta'
[0.140s] Level 1:colcon.colcon_core.package_identification:_identify(src/traffic_planner) by extensions ['ros']
[0.140s] Level 1:colcon.colcon_core.package_identification:_identify(src/traffic_planner) by extension 'ros'
[0.140s] DEBUG:colcon.colcon_core.package_identification:Package 'src/traffic_planner' with type 'ros.ament_cmake' and name 'traffic_planner'
[0.140s] Level 1:colcon.colcon_core.package_discovery:discover_packages(recursive) using defaults
[0.140s] Level 1:colcon.colcon_core.package_discovery:discover_packages(ignore) discover
[0.140s] Level 1:colcon.colcon_core.package_discovery:discover_packages(ignore) using defaults
[0.140s] Level 1:colcon.colcon_core.package_discovery:discover_packages(path) discover
[0.140s] Level 1:colcon.colcon_core.package_discovery:discover_packages(path) using defaults
[0.154s] Level 1:colcon.colcon_core.package_discovery:discover_packages(prefix_path) check parameters
[0.154s] Level 1:colcon.colcon_core.package_discovery:discover_packages(prefix_path) discover
[0.155s] DEBUG:colcon.colcon_installed_package_information.package_discovery:Found 7 installed packages in /home/addinnedu/ROS2_Jazzy_Study/install
[0.155s] DEBUG:colcon.colcon_installed_package_information.package_discovery:Found 3 installed packages in /home/addinnedu/Rotus_team/roscamp-repo-3/Ros_Files/install
[0.157s] DEBUG:colcon.colcon_installed_package_information.package_discovery:Found 466 installed packages in /opt/ros/jazzy
[0.158s] Level 1:colcon.colcon_core.package_discovery:discover_packages(prefix_path) using defaults
[0.202s] Level 5:colcon.colcon_core.verb:set package 'aruco_marker_pkg' build argument 'cmake_args' from command line to 'None'
[0.202s] Level 5:colcon.colcon_core.verb:set package 'aruco_marker_pkg' build argument 'cmake_target' from command line to 'None'
[0.202s] Level 5:colcon.colcon_core.verb:set package 'aruco_marker_pkg' build argument 'cmake_target_skip_unavailable' from command line to 'False'
[0.202s] Level 5:colcon.colcon_core.verb:set package 'aruco_marker_pkg' build argument 'cmake_clean_cache' from command line to 'False'
[0.202s] Level 5:colcon.colcon_core.verb:set package 'aruco_marker_pkg' build argument 'cmake_clean_first' from command line to 'False'
[0.202s] Level 5:colcon.colcon_core.verb:set package 'aruco_marker_pkg' build argument 'cmake_force_configure' from command line to 'False'
[0.202s] Level 5:colcon.colcon_core.verb:set package 'aruco_marker_pkg' build argument 'ament_cmake_args' from command line to 'None'
[0.202s] Level 5:colcon.colcon_core.verb:set package 'aruco_marker_pkg' build argument 'catkin_cmake_args' from command line to 'None'
[0.202s] Level 5:colcon.colcon_core.verb:set package 'aruco_marker_pkg' build argument 'catkin_skip_building_tests' from command line to 'False'
[0.202s] DEBUG:colcon.colcon_core.verb:Building package 'aruco_marker_pkg' with the following arguments: {'ament_cmake_args': None, 'build_base': '/home/addinnedu/ROS2_Jazzy_Study/build/aruco_marker_pkg', 'catkin_cmake_args': None, 'catkin_skip_building_tests': False, 'cmake_args': None, 'cmake_clean_cache': False, 'cmake_clean_first': False, 'cmake_force_configure': False, 'cmake_target': None, 'cmake_target_skip_unavailable': False, 'install_base': '/home/addinnedu/ROS2_Jazzy_Study/install/aruco_marker_pkg', 'merge_install': False, 'path': '/home/addinnedu/ROS2_Jazzy_Study/src/aruco_marker_pkg', 'symlink_install': True, 'test_result_base': None}
[0.203s] Level 5:colcon.colcon_core.verb:set package 'mapf_planner' build argument 'cmake_args' from command line to 'None'
[0.203s] Level 5:colcon.colcon_core.verb:set package 'mapf_planner' build argument 'cmake_target' from command line to 'None'
[0.203s] Level 5:colcon.colcon_core.verb:set package 'mapf_planner' build argument 'cmake_target_skip_unavailable' from command line to 'False'
[0.203s] Level 5:colcon.colcon_core.verb:set package 'mapf_planner' build argument 'cmake_clean_cache' from command line to 'False'
[0.203s] Level 5:colcon.colcon_core.verb:set package 'mapf_planner' build argument 'cmake_clean_first' from command line to 'False'
[0.203s] Level 5:colcon.colcon_core.verb:set package 'mapf_planner' build argument 'cmake_force_configure' from command line to 'False'
[0.203s] Level 5:colcon.colcon_core.verb:set package 'mapf_planner' build argument 'ament_cmake_args' from command line to 'None'
[0.203s] Level 5:colcon.colcon_core.verb:set package 'mapf_planner' build argument 'catkin_cmake_args' from command line to 'None'
[0.203s] Level 5:colcon.colcon_core.verb:set package 'mapf_planner' build argument 'catkin_skip_building_tests' from command line to 'False'
[0.203s] DEBUG:colcon.colcon_core.verb:Building package 'mapf_planner' with the following arguments: {'ament_cmake_args': None, 'build_base': '/home/addinnedu/ROS2_Jazzy_Study/build/mapf_planner', 'catkin_cmake_args': None, 'catkin_skip_building_tests': False, 'cmake_args': None, 'cmake_clean_cache': False, 'cmake_clean_first': False, 'cmake_force_configure': False, 'cmake_target': None, 'cmake_target_skip_unavailable': False, 'install_base': '/home/addinnedu/ROS2_Jazzy_Study/install/mapf_planner', 'merge_install': False, 'path': '/home/addinnedu/ROS2_Jazzy_Study/src/mapf_planner', 'symlink_install': True, 'test_result_base': None}
[0.203s] Level 5:colcon.colcon_core.verb:set package 'my_demo_pkg' build argument 'cmake_args' from command line to 'None'
[0.203s] Level 5:colcon.colcon_core.verb:set package 'my_demo_pkg' build argument 'cmake_target' from command line to 'None'
[0.203s] Level 5:colcon.colcon_core.verb:set package 'my_demo_pkg' build argument 'cmake_target_skip_unavailable' from command line to 'False'
[0.203s] Level 5:colcon.colcon_core.verb:set package 'my_demo_pkg' build argument 'cmake_clean_cache' from command line to 'False'
[0.203s] Level 5:colcon.colcon_core.verb:set package 'my_demo_pkg' build argument 'cmake_clean_first' from command line to 'False'
[0.203s] Level 5:colcon.colcon_core.verb:set package 'my_demo_pkg' build argument 'cmake_force_configure' from command line to 'False'
[0.203s] Level 5:colcon.colcon_core.verb:set package 'my_demo_pkg' build argument 'ament_cmake_args' from command line to 'None'
[0.203s] Level 5:colcon.colcon_core.verb:set package 'my_demo_pkg' build argument 'catkin_cmake_args' from command line to 'None'
[0.203s] Level 5:colcon.colcon_core.verb:set package 'my_demo_pkg' build argument 'catkin_skip_building_tests' from command line to 'False'
[0.203s] DEBUG:colcon.colcon_core.verb:Building package 'my_demo_pkg' with the following arguments: {'ament_cmake_args': None, 'build_base': '/home/addinnedu/ROS2_Jazzy_Study/build/my_demo_pkg', 'catkin_cmake_args': None, 'catkin_skip_building_tests': False, 'cmake_args': None, 'cmake_clean_cache': False, 'cmake_clean_first': False, 'cmake_force_configure': False, 'cmake_target': None, 'cmake_target_skip_unavailable': False, 'install_base': '/home/addinnedu/ROS2_Jazzy_Study/install/my_demo_pkg', 'merge_install': False, 'path': '/home/addinnedu/ROS2_Jazzy_Study/src/my_demo_pkg', 'symlink_install': True, 'test_result_base': None}
[0.203s] Level 5:colcon.colcon_core.verb:set package 'pinky_mapf' build argument 'cmake_args' from command line to 'None'
[0.203s] Level 5:colcon.colcon_core.verb:set package 'pinky_mapf' build argument 'cmake_target' from command line to 'None'
[0.203s] Level 5:colcon.colcon_core.verb:set package 'pinky_mapf' build argument 'cmake_target_skip_unavailable' from command line to 'False'
[0.203s] Level 5:colcon.colcon_core.verb:set package 'pinky_mapf' build argument 'cmake_clean_cache' from command line to 'False'
[0.203s] Level 5:colcon.colcon_core.verb:set package 'pinky_mapf' build argument 'cmake_clean_first' from command line to 'False'
[0.203s] Level 5:colcon.colcon_core.verb:set package 'pinky_mapf' build argument 'cmake_force_configure' from command line to 'False'
[0.203s] Level 5:colcon.colcon_core.verb:set package 'pinky_mapf' build argument 'ament_cmake_args' from command line to 'None'
[0.203s] Level 5:colcon.colcon_core.verb:set package 'pinky_mapf' build argument 'catkin_cmake_args' from command line to 'None'
[0.203s] Level 5:colcon.colcon_core.verb:set package 'pinky_mapf' build argument 'catkin_skip_building_tests' from command line to 'False'
[0.203s] DEBUG:colcon.colcon_core.verb:Building package 'pinky_mapf' with the following arguments: {'ament_cmake_args': None, 'build_base': '/home/addinnedu/ROS2_Jazzy_Study/build/pinky_mapf', 'catkin_cmake_args': None, 'catkin_skip_building_tests': False, 'cmake_args': None, 'cmake_clean_cache': False, 'cmake_clean_first': False, 'cmake_force_configure': False, 'cmake_target': None, 'cmake_target_skip_unavailable': False, 'install_base': '/home/addinnedu/ROS2_Jazzy_Study/install/pinky_mapf', 'merge_install': False, 'path': '/home/addinnedu/ROS2_Jazzy_Study/src/pinky_mapf', 'symlink_install': True, 'test_result_base': None}
[0.204s] Level 5:colcon.colcon_core.verb:set package 'pinky_rmf' build argument 'cmake_args' from command line to 'None'
[0.204s] Level 5:colcon.colcon_core.verb:set package 'pinky_rmf' build argument 'cmake_target' from command line to 'None'
[0.204s] Level 5:colcon.colcon_core.verb:set package 'pinky_rmf' build argument 'cmake_target_skip_unavailable' from command line to 'False'
[0.204s] Level 5:colcon.colcon_core.verb:set package 'pinky_rmf' build argument 'cmake_clean_cache' from command line to 'False'
[0.204s] Level 5:colcon.colcon_core.verb:set package 'pinky_rmf' build argument 'cmake_clean_first' from command line to 'False'
[0.204s] Level 5:colcon.colcon_core.verb:set package 'pinky_rmf' build argument 'cmake_force_configure' from command line to 'False'
[0.204s] Level 5:colcon.colcon_core.verb:set package 'pinky_rmf' build argument 'ament_cmake_args' from command line to 'None'
[0.204s] Level 5:colcon.colcon_core.verb:set package 'pinky_rmf' build argument 'catkin_cmake_args' from command line to 'None'
[0.204s] Level 5:colcon.colcon_core.verb:set package 'pinky_rmf' build argument 'catkin_skip_building_tests' from command line to 'False'
[0.204s] DEBUG:colcon.colcon_core.verb:Building package 'pinky_rmf' with the following arguments: {'ament_cmake_args': None, 'build_base': '/home/addinnedu/ROS2_Jazzy_Study/build/pinky_rmf', 'catkin_cmake_args': None, 'catkin_skip_building_tests': False, 'cmake_args': None, 'cmake_clean_cache': False, 'cmake_clean_first': False, 'cmake_force_configure': False, 'cmake_target': None, 'cmake_target_skip_unavailable': False, 'install_base': '/home/addinnedu/ROS2_Jazzy_Study/install/pinky_rmf', 'merge_install': False, 'path': '/home/addinnedu/ROS2_Jazzy_Study/src/pinky_rmf', 'symlink_install': True, 'test_result_base': None}
[0.204s] Level 5:colcon.colcon_core.verb:set package 'send_goal' build argument 'cmake_args' from command line to 'None'
[0.204s] Level 5:colcon.colcon_core.verb:set package 'send_goal' build argument 'cmake_target' from command line to 'None'
[0.204s] Level 5:colcon.colcon_core.verb:set package 'send_goal' build argument 'cmake_target_skip_unavailable' from command line to 'False'
[0.204s] Level 5:colcon.colcon_core.verb:set package 'send_goal' build argument 'cmake_clean_cache' from command line to 'False'
[0.204s] Level 5:colcon.colcon_core.verb:set package 'send_goal' build argument 'cmake_clean_first' from command line to 'False'
[0.204s] Level 5:colcon.colcon_core.verb:set package 'send_goal' build argument 'cmake_force_configure' from command line to 'False'
[0.204s] Level 5:colcon.colcon_core.verb:set package 'send_goal' build argument 'ament_cmake_args' from command line to 'None'
[0.204s] Level 5:colcon.colcon_core.verb:set package 'send_goal' build argument 'catkin_cmake_args' from command line to 'None'
[0.204s] Level 5:colcon.colcon_core.verb:set package 'send_goal' build argument 'catkin_skip_building_tests' from command line to 'False'
[0.204s] DEBUG:colcon.colcon_core.verb:Building package 'send_goal' with the following arguments: {'ament_cmake_args': None, 'build_base': '/home/addinnedu/ROS2_Jazzy_Study/build/send_goal', 'catkin_cmake_args': None, 'catkin_skip_building_tests': False, 'cmake_args': None, 'cmake_clean_cache': False, 'cmake_clean_first': False, 'cmake_force_configure': False, 'cmake_target': None, 'cmake_target_skip_unavailable': False, 'install_base': '/home/addinnedu/ROS2_Jazzy_Study/install/send_goal', 'merge_install': False, 'path': '/home/addinnedu/ROS2_Jazzy_Study/src/send_goal', 'symlink_install': True, 'test_result_base': None}
[0.204s] Level 5:colcon.colcon_core.verb:set package 'traffic_planner' build argument 'cmake_args' from command line to 'None'
[0.204s] Level 5:colcon.colcon_core.verb:set package 'traffic_planner' build argument 'cmake_target' from command line to 'None'
[0.204s] Level 5:colcon.colcon_core.verb:set package 'traffic_planner' build argument 'cmake_target_skip_unavailable' from command line to 'False'
[0.204s] Level 5:colcon.colcon_core.verb:set package 'traffic_planner' build argument 'cmake_clean_cache' from command line to 'False'
[0.204s] Level 5:colcon.colcon_core.verb:set package 'traffic_planner' build argument 'cmake_clean_first' from command line to 'False'
[0.204s] Level 5:colcon.colcon_core.verb:set package 'traffic_planner' build argument 'cmake_force_configure' from command line to 'False'
[0.204s] Level 5:colcon.colcon_core.verb:set package 'traffic_planner' build argument 'ament_cmake_args' from command line to 'None'
[0.204s] Level 5:colcon.colcon_core.verb:set package 'traffic_planner' build argument 'catkin_cmake_args' from command line to 'None'
[0.204s] Level 5:colcon.colcon_core.verb:set package 'traffic_planner' build argument 'catkin_skip_building_tests' from command line to 'False'
[0.204s] DEBUG:colcon.colcon_core.verb:Building package 'traffic_planner' with the following arguments: {'ament_cmake_args': None, 'build_base': '/home/addinnedu/ROS2_Jazzy_Study/build/traffic_planner', 'catkin_cmake_args': None, 'catkin_skip_building_tests': False, 'cmake_args': None, 'cmake_clean_cache': False, 'cmake_clean_first': False, 'cmake_force_configure': False, 'cmake_target': None, 'cmake_target_skip_unavailable': False, 'install_base': '/home/addinnedu/ROS2_Jazzy_Study/install/traffic_planner', 'merge_install': False, 'path': '/home/addinnedu/ROS2_Jazzy_Study/src/traffic_planner', 'symlink_install': True, 'test_result_base': None}
[0.204s] INFO:colcon.colcon_core.executor:Executing jobs using 'parallel' executor
[0.205s] DEBUG:colcon.colcon_parallel_executor.executor.parallel:run_until_complete
[0.205s] INFO:colcon.colcon_ros.task.ament_python.build:Building ROS package in '/home/addinnedu/ROS2_Jazzy_Study/src/aruco_marker_pkg' with build type 'ament_python'
[0.205s] Level 1:colcon.colcon_core.shell:create_environment_hook('aruco_marker_pkg', 'ament_prefix_path')
[0.207s] INFO:colcon.colcon_core.plugin_system:Skipping extension 'colcon_core.shell.bat': Not used on non-Windows systems
[0.207s] INFO:colcon.colcon_core.shell:Creating environment hook '/home/addinnedu/ROS2_Jazzy_Study/install/aruco_marker_pkg/share/aruco_marker_pkg/hook/ament_prefix_path.ps1'
[0.208s] INFO:colcon.colcon_core.shell:Creating environment descriptor '/home/addinnedu/ROS2_Jazzy_Study/install/aruco_marker_pkg/share/aruco_marker_pkg/hook/ament_prefix_path.dsv'
[0.208s] INFO:colcon.colcon_core.shell:Creating environment hook '/home/addinnedu/ROS2_Jazzy_Study/install/aruco_marker_pkg/share/aruco_marker_pkg/hook/ament_prefix_path.sh'
[0.209s] INFO:colcon.colcon_core.shell:Skip shell extension 'powershell' for command environment: Not usable outside of PowerShell
[0.209s] DEBUG:colcon.colcon_core.shell:Skip shell extension 'dsv' for command environment
[0.213s] INFO:colcon.colcon_ros.task.ament_cmake.build:Building ROS package in '/home/addinnedu/ROS2_Jazzy_Study/src/mapf_planner' with build type 'ament_cmake'
[0.213s] INFO:colcon.colcon_cmake.task.cmake.build:Building CMake package in '/home/addinnedu/ROS2_Jazzy_Study/src/mapf_planner'
[0.213s] INFO:colcon.colcon_core.shell:Skip shell extension 'powershell' for command environment: Not usable outside of PowerShell
[0.213s] DEBUG:colcon.colcon_core.shell:Skip shell extension 'dsv' for command environment
[0.216s] INFO:colcon.colcon_ros.task.ament_python.build:Building ROS package in '/home/addinnedu/ROS2_Jazzy_Study/src/my_demo_pkg' with build type 'ament_python'
[0.216s] Level 1:colcon.colcon_core.shell:create_environment_hook('my_demo_pkg', 'ament_prefix_path')
[0.216s] INFO:colcon.colcon_core.shell:Creating environment hook '/home/addinnedu/ROS2_Jazzy_Study/install/my_demo_pkg/share/my_demo_pkg/hook/ament_prefix_path.ps1'
[0.226s] INFO:colcon.colcon_core.shell:Creating environment descriptor '/home/addinnedu/ROS2_Jazzy_Study/install/my_demo_pkg/share/my_demo_pkg/hook/ament_prefix_path.dsv'
[0.226s] INFO:colcon.colcon_core.shell:Creating environment hook '/home/addinnedu/ROS2_Jazzy_Study/install/my_demo_pkg/share/my_demo_pkg/hook/ament_prefix_path.sh'
[0.226s] INFO:colcon.colcon_core.shell:Skip shell extension 'powershell' for command environment: Not usable outside of PowerShell
[0.226s] DEBUG:colcon.colcon_core.shell:Skip shell extension 'dsv' for command environment
[0.230s] INFO:colcon.colcon_ros.task.ament_python.build:Building ROS package in '/home/addinnedu/ROS2_Jazzy_Study/src/pinky_mapf' with build type 'ament_python'
[0.231s] Level 1:colcon.colcon_core.shell:create_environment_hook('pinky_mapf', 'ament_prefix_path')
[0.231s] INFO:colcon.colcon_core.shell:Creating environment hook '/home/addinnedu/ROS2_Jazzy_Study/install/pinky_mapf/share/pinky_mapf/hook/ament_prefix_path.ps1'
[0.231s] INFO:colcon.colcon_core.shell:Creating environment descriptor '/home/addinnedu/ROS2_Jazzy_Study/install/pinky_mapf/share/pinky_mapf/hook/ament_prefix_path.dsv'
[0.231s] INFO:colcon.colcon_core.shell:Creating environment hook '/home/addinnedu/ROS2_Jazzy_Study/install/pinky_mapf/share/pinky_mapf/hook/ament_prefix_path.sh'
[0.232s] INFO:colcon.colcon_core.shell:Skip shell extension 'powershell' for command environment: Not usable outside of PowerShell
[0.232s] DEBUG:colcon.colcon_core.shell:Skip shell extension 'dsv' for command environment
[0.235s] INFO:colcon.colcon_ros.task.ament_cmake.build:Building ROS package in '/home/addinnedu/ROS2_Jazzy_Study/src/pinky_rmf' with build type 'ament_cmake'
[0.235s] INFO:colcon.colcon_cmake.task.cmake.build:Building CMake package in '/home/addinnedu/ROS2_Jazzy_Study/src/pinky_rmf'
[0.236s] INFO:colcon.colcon_core.shell:Skip shell extension 'powershell' for command environment: Not usable outside of PowerShell
[0.236s] DEBUG:colcon.colcon_core.shell:Skip shell extension 'dsv' for command environment
[0.239s] INFO:colcon.colcon_ros.task.ament_python.build:Building ROS package in '/home/addinnedu/ROS2_Jazzy_Study/src/send_goal' with build type 'ament_python'
[0.239s] Level 1:colcon.colcon_core.shell:create_environment_hook('send_goal', 'ament_prefix_path')
[0.239s] INFO:colcon.colcon_core.shell:Creating environment hook '/home/addinnedu/ROS2_Jazzy_Study/install/send_goal/share/send_goal/hook/ament_prefix_path.ps1'
[0.240s] INFO:colcon.colcon_core.shell:Creating environment descriptor '/home/addinnedu/ROS2_Jazzy_Study/install/send_goal/share/send_goal/hook/ament_prefix_path.dsv'
[0.240s] INFO:colcon.colcon_core.shell:Creating environment hook '/home/addinnedu/ROS2_Jazzy_Study/install/send_goal/share/send_goal/hook/ament_prefix_path.sh'
[0.240s] INFO:colcon.colcon_core.shell:Skip shell extension 'powershell' for command environment: Not usable outside of PowerShell
[0.240s] DEBUG:colcon.colcon_core.shell:Skip shell extension 'dsv' for command environment
[0.244s] INFO:colcon.colcon_ros.task.ament_cmake.build:Building ROS package in '/home/addinnedu/ROS2_Jazzy_Study/src/traffic_planner' with build type 'ament_cmake'
[0.244s] INFO:colcon.colcon_cmake.task.cmake.build:Building CMake package in '/home/addinnedu/ROS2_Jazzy_Study/src/traffic_planner'
[0.244s] INFO:colcon.colcon_core.shell:Skip shell extension 'powershell' for command environment: Not usable outside of PowerShell
[0.244s] DEBUG:colcon.colcon_core.shell:Skip shell extension 'dsv' for command environment
[0.425s] INFO:colcon.colcon_core.task.python.build:Building Python package in '/home/addinnedu/ROS2_Jazzy_Study/src/aruco_marker_pkg'
[0.425s] INFO:colcon.colcon_core.shell:Skip shell extension 'powershell' for command environment: Not usable outside of PowerShell
[0.425s] DEBUG:colcon.colcon_core.shell:Skip shell extension 'dsv' for command environment
[0.432s] DEBUG:colcon.colcon_core.event_handler.log_command:Invoking command in '/home/addinnedu/ROS2_Jazzy_Study/build/mapf_planner': CMAKE_PREFIX_PATH=${CMAKE_PREFIX_PATH}:/home/addinnedu/ROS2_Jazzy_Study/install/send_goal:/home/addinnedu/ROS2_Jazzy_Study/install/pinky_mapf:/home/addinnedu/ROS2_Jazzy_Study/install/my_demo_pkg:/home/addinnedu/ROS2_Jazzy_Study/install/aruco_marker_pkg:/opt/ros/jazzy DEBUGINFOD_URLS=https://debuginfod.ubuntu.com /usr/bin/cmake /home/addinnedu/ROS2_Jazzy_Study/src/mapf_planner -DAMENT_CMAKE_SYMLINK_INSTALL=1 -DCMAKE_INSTALL_PREFIX=/home/addinnedu/ROS2_Jazzy_Study/install/mapf_planner
[0.616s] WARNING:colcon.colcon_ros.task.ament_python.build:Package 'my_demo_pkg' doesn't explicitly install a marker in the package index (colcon-ros currently does it implicitly but that fallback will be removed in the future)
[0.617s] INFO:colcon.colcon_core.task.python.build:Building Python package in '/home/addinnedu/ROS2_Jazzy_Study/src/my_demo_pkg'
[0.617s] INFO:colcon.colcon_core.shell:Skip shell extension 'powershell' for command environment: Not usable outside of PowerShell
[0.617s] DEBUG:colcon.colcon_core.shell:Skip shell extension 'dsv' for command environment
[0.799s] INFO:colcon.colcon_core.task.python.build:Building Python package in '/home/addinnedu/ROS2_Jazzy_Study/src/pinky_mapf'
[0.800s] INFO:colcon.colcon_core.shell:Skip shell extension 'powershell' for command environment: Not usable outside of PowerShell
[0.800s] DEBUG:colcon.colcon_core.shell:Skip shell extension 'dsv' for command environment
[0.806s] DEBUG:colcon.colcon_core.event_handler.log_command:Invoking command in '/home/addinnedu/ROS2_Jazzy_Study/build/pinky_rmf': CMAKE_PREFIX_PATH=${CMAKE_PREFIX_PATH}:/home/addinnedu/ROS2_Jazzy_Study/install/send_goal:/home/addinnedu/ROS2_Jazzy_Study/install/pinky_mapf:/home/addinnedu/ROS2_Jazzy_Study/install/my_demo_pkg:/home/addinnedu/ROS2_Jazzy_Study/install/aruco_marker_pkg:/opt/ros/jazzy DEBUGINFOD_URLS=https://debuginfod.ubuntu.com /usr/bin/cmake /home/addinnedu/ROS2_Jazzy_Study/src/pinky_rmf -DAMENT_CMAKE_SYMLINK_INSTALL=1 -DCMAKE_INSTALL_PREFIX=/home/addinnedu/ROS2_Jazzy_Study/install/pinky_rmf
[0.985s] INFO:colcon.colcon_core.task.python.build:Building Python package in '/home/addinnedu/ROS2_Jazzy_Study/src/send_goal'
[0.985s] INFO:colcon.colcon_core.shell:Skip shell extension 'powershell' for command environment: Not usable outside of PowerShell
[0.985s] DEBUG:colcon.colcon_core.shell:Skip shell extension 'dsv' for command environment
[0.995s] DEBUG:colcon.colcon_core.event_handler.log_command:Invoking command in '/home/addinnedu/ROS2_Jazzy_Study/build/traffic_planner': CMAKE_PREFIX_PATH=${CMAKE_PREFIX_PATH}:/home/addinnedu/ROS2_Jazzy_Study/install/send_goal:/home/addinnedu/ROS2_Jazzy_Study/install/pinky_mapf:/home/addinnedu/ROS2_Jazzy_Study/install/my_demo_pkg:/home/addinnedu/ROS2_Jazzy_Study/install/aruco_marker_pkg:/opt/ros/jazzy DEBUGINFOD_URLS=https://debuginfod.ubuntu.com /usr/bin/cmake /home/addinnedu/ROS2_Jazzy_Study/src/traffic_planner -DAMENT_CMAKE_SYMLINK_INSTALL=1 -DCMAKE_INSTALL_PREFIX=/home/addinnedu/ROS2_Jazzy_Study/install/traffic_planner
[1.201s] DEBUG:colcon.colcon_core.event_handler.log_command:Invoked command in '/home/addinnedu/ROS2_Jazzy_Study/build/mapf_planner' returned '0': CMAKE_PREFIX_PATH=${CMAKE_PREFIX_PATH}:/home/addinnedu/ROS2_Jazzy_Study/install/send_goal:/home/addinnedu/ROS2_Jazzy_Study/install/pinky_mapf:/home/addinnedu/ROS2_Jazzy_Study/install/my_demo_pkg:/home/addinnedu/ROS2_Jazzy_Study/install/aruco_marker_pkg:/opt/ros/jazzy DEBUGINFOD_URLS=https://debuginfod.ubuntu.com /usr/bin/cmake /home/addinnedu/ROS2_Jazzy_Study/src/mapf_planner -DAMENT_CMAKE_SYMLINK_INSTALL=1 -DCMAKE_INSTALL_PREFIX=/home/addinnedu/ROS2_Jazzy_Study/install/mapf_planner
[1.203s] DEBUG:colcon.colcon_core.event_handler.log_command:Invoking command in '/home/addinnedu/ROS2_Jazzy_Study/build/mapf_planner': CMAKE_PREFIX_PATH=${CMAKE_PREFIX_PATH}:/home/addinnedu/ROS2_Jazzy_Study/install/send_goal:/home/addinnedu/ROS2_Jazzy_Study/install/pinky_mapf:/home/addinnedu/ROS2_Jazzy_Study/install/my_demo_pkg:/home/addinnedu/ROS2_Jazzy_Study/install/aruco_marker_pkg:/opt/ros/jazzy DEBUGINFOD_URLS=https://debuginfod.ubuntu.com /usr/bin/cmake --build /home/addinnedu/ROS2_Jazzy_Study/build/mapf_planner -- -j16 -l16
[1.314s] DEBUG:colcon.colcon_core.event_handler.log_command:Invoked command in '/home/addinnedu/ROS2_Jazzy_Study/build/mapf_planner' returned '0': CMAKE_PREFIX_PATH=${CMAKE_PREFIX_PATH}:/home/addinnedu/ROS2_Jazzy_Study/install/send_goal:/home/addinnedu/ROS2_Jazzy_Study/install/pinky_mapf:/home/addinnedu/ROS2_Jazzy_Study/install/my_demo_pkg:/home/addinnedu/ROS2_Jazzy_Study/install/aruco_marker_pkg:/opt/ros/jazzy DEBUGINFOD_URLS=https://debuginfod.ubuntu.com /usr/bin/cmake --build /home/addinnedu/ROS2_Jazzy_Study/build/mapf_planner -- -j16 -l16
[1.328s] DEBUG:colcon.colcon_core.event_handler.log_command:Invoking command in '/home/addinnedu/ROS2_Jazzy_Study/build/mapf_planner': CMAKE_PREFIX_PATH=${CMAKE_PREFIX_PATH}:/home/addinnedu/ROS2_Jazzy_Study/install/send_goal:/home/addinnedu/ROS2_Jazzy_Study/install/pinky_mapf:/home/addinnedu/ROS2_Jazzy_Study/install/my_demo_pkg:/home/addinnedu/ROS2_Jazzy_Study/install/aruco_marker_pkg:/opt/ros/jazzy DEBUGINFOD_URLS=https://debuginfod.ubuntu.com /usr/bin/cmake --install /home/addinnedu/ROS2_Jazzy_Study/build/mapf_planner
[1.359s] Level 1:colcon.colcon_core.environment:create_environment_scripts_only(mapf_planner)
[1.360s] DEBUG:colcon.colcon_core.event_handler.log_command:Invoked command in '/home/addinnedu/ROS2_Jazzy_Study/build/mapf_planner' returned '0': CMAKE_PREFIX_PATH=${CMAKE_PREFIX_PATH}:/home/addinnedu/ROS2_Jazzy_Study/install/send_goal:/home/addinnedu/ROS2_Jazzy_Study/install/pinky_mapf:/home/addinnedu/ROS2_Jazzy_Study/install/my_demo_pkg:/home/addinnedu/ROS2_Jazzy_Study/install/aruco_marker_pkg:/opt/ros/jazzy DEBUGINFOD_URLS=https://debuginfod.ubuntu.com /usr/bin/cmake --install /home/addinnedu/ROS2_Jazzy_Study/build/mapf_planner
[1.362s] Level 1:colcon.colcon_core.environment:checking '/home/addinnedu/ROS2_Jazzy_Study/install/mapf_planner' for CMake module files
[1.363s] Level 1:colcon.colcon_core.environment:checking '/home/addinnedu/ROS2_Jazzy_Study/install/mapf_planner' for CMake config files
[1.364s] Level 1:colcon.colcon_core.shell:create_environment_hook('mapf_planner', 'cmake_prefix_path')
[1.364s] INFO:colcon.colcon_core.shell:Creating environment hook '/home/addinnedu/ROS2_Jazzy_Study/install/mapf_planner/share/mapf_planner/hook/cmake_prefix_path.ps1'
[1.365s] INFO:colcon.colcon_core.shell:Creating environment descriptor '/home/addinnedu/ROS2_Jazzy_Study/install/mapf_planner/share/mapf_planner/hook/cmake_prefix_path.dsv'
[1.365s] INFO:colcon.colcon_core.shell:Creating environment hook '/home/addinnedu/ROS2_Jazzy_Study/install/mapf_planner/share/mapf_planner/hook/cmake_prefix_path.sh'
[1.366s] Level 1:colcon.colcon_core.environment:checking '/home/addinnedu/ROS2_Jazzy_Study/install/mapf_planner/lib'
[1.366s] Level 1:colcon.colcon_core.environment:checking '/home/addinnedu/ROS2_Jazzy_Study/install/mapf_planner/bin'
[1.366s] Level 1:colcon.colcon_core.environment:checking '/home/addinnedu/ROS2_Jazzy_Study/install/mapf_planner/lib/pkgconfig/mapf_planner.pc'
[1.366s] Level 1:colcon.colcon_core.environment:checking '/home/addinnedu/ROS2_Jazzy_Study/install/mapf_planner/lib/python3.12/site-packages'
[1.366s] Level 1:colcon.colcon_core.environment:checking '/home/addinnedu/ROS2_Jazzy_Study/install/mapf_planner/bin'
[1.367s] INFO:colcon.colcon_core.shell:Creating package script '/home/addinnedu/ROS2_Jazzy_Study/install/mapf_planner/share/mapf_planner/package.ps1'
[1.368s] INFO:colcon.colcon_core.shell:Creating package descriptor '/home/addinnedu/ROS2_Jazzy_Study/install/mapf_planner/share/mapf_planner/package.dsv'
[1.368s] INFO:colcon.colcon_core.shell:Creating package script '/home/addinnedu/ROS2_Jazzy_Study/install/mapf_planner/share/mapf_planner/package.sh'
[1.369s] INFO:colcon.colcon_core.shell:Creating package script '/home/addinnedu/ROS2_Jazzy_Study/install/mapf_planner/share/mapf_planner/package.bash'
[1.370s] INFO:colcon.colcon_core.shell:Creating package script '/home/addinnedu/ROS2_Jazzy_Study/install/mapf_planner/share/mapf_planner/package.zsh'
[1.370s] Level 1:colcon.colcon_core.environment:create_file_with_runtime_dependencies(/home/addinnedu/ROS2_Jazzy_Study/install/mapf_planner/share/colcon-core/packages/mapf_planner)
[1.371s] Level 1:colcon.colcon_core.environment:create_environment_scripts_only(mapf_planner)
[1.371s] Level 1:colcon.colcon_core.environment:checking '/home/addinnedu/ROS2_Jazzy_Study/install/mapf_planner' for CMake module files
[1.372s] Level 1:colcon.colcon_core.environment:checking '/home/addinnedu/ROS2_Jazzy_Study/install/mapf_planner' for CMake config files
[1.373s] Level 1:colcon.colcon_core.shell:create_environment_hook('mapf_planner', 'cmake_prefix_path')
[1.373s] INFO:colcon.colcon_core.shell:Creating environment hook '/home/addinnedu/ROS2_Jazzy_Study/install/mapf_planner/share/mapf_planner/hook/cmake_prefix_path.ps1'
[1.373s] INFO:colcon.colcon_core.shell:Creating environment descriptor '/home/addinnedu/ROS2_Jazzy_Study/install/mapf_planner/share/mapf_planner/hook/cmake_prefix_path.dsv'
[1.374s] INFO:colcon.colcon_core.shell:Creating environment hook '/home/addinnedu/ROS2_Jazzy_Study/install/mapf_planner/share/mapf_planner/hook/cmake_prefix_path.sh'
[1.374s] Level 1:colcon.colcon_core.environment:checking '/home/addinnedu/ROS2_Jazzy_Study/install/mapf_planner/lib'
[1.374s] Level 1:colcon.colcon_core.environment:checking '/home/addinnedu/ROS2_Jazzy_Study/install/mapf_planner/bin'
[1.374s] Level 1:colcon.colcon_core.environment:checking '/home/addinnedu/ROS2_Jazzy_Study/install/mapf_planner/lib/pkgconfig/mapf_planner.pc'
[1.375s] Level 1:colcon.colcon_core.environment:checking '/home/addinnedu/ROS2_Jazzy_Study/install/mapf_planner/lib/python3.12/site-packages'
[1.375s] Level 1:colcon.colcon_core.environment:checking '/home/addinnedu/ROS2_Jazzy_Study/install/mapf_planner/bin'
[1.375s] INFO:colcon.colcon_core.shell:Creating package script '/home/addinnedu/ROS2_Jazzy_Study/install/mapf_planner/share/mapf_planner/package.ps1'
[1.376s] INFO:colcon.colcon_core.shell:Creating package descriptor '/home/addinnedu/ROS2_Jazzy_Study/install/mapf_planner/share/mapf_planner/package.dsv'
[1.376s] INFO:colcon.colcon_core.shell:Creating package script '/home/addinnedu/ROS2_Jazzy_Study/install/mapf_planner/share/mapf_planner/package.sh'
[1.376s] INFO:colcon.colcon_core.shell:Creating package script '/home/addinnedu/ROS2_Jazzy_Study/install/mapf_planner/share/mapf_planner/package.bash'
[1.377s] INFO:colcon.colcon_core.shell:Creating package script '/home/addinnedu/ROS2_Jazzy_Study/install/mapf_planner/share/mapf_planner/package.zsh'
[1.377s] Level 1:colcon.colcon_core.environment:create_file_with_runtime_dependencies(/home/addinnedu/ROS2_Jazzy_Study/install/mapf_planner/share/colcon-core/packages/mapf_planner)
[1.562s] DEBUG:colcon.colcon_core.event_handler.log_command:Invoked command in '/home/addinnedu/ROS2_Jazzy_Study/build/pinky_rmf' returned '0': CMAKE_PREFIX_PATH=${CMAKE_PREFIX_PATH}:/home/addinnedu/ROS2_Jazzy_Study/install/send_goal:/home/addinnedu/ROS2_Jazzy_Study/install/pinky_mapf:/home/addinnedu/ROS2_Jazzy_Study/install/my_demo_pkg:/home/addinnedu/ROS2_Jazzy_Study/install/aruco_marker_pkg:/opt/ros/jazzy DEBUGINFOD_URLS=https://debuginfod.ubuntu.com /usr/bin/cmake /home/addinnedu/ROS2_Jazzy_Study/src/pinky_rmf -DAMENT_CMAKE_SYMLINK_INSTALL=1 -DCMAKE_INSTALL_PREFIX=/home/addinnedu/ROS2_Jazzy_Study/install/pinky_rmf
[1.563s] DEBUG:colcon.colcon_core.event_handler.log_command:Invoking command in '/home/addinnedu/ROS2_Jazzy_Study/build/pinky_rmf': CMAKE_PREFIX_PATH=${CMAKE_PREFIX_PATH}:/home/addinnedu/ROS2_Jazzy_Study/install/send_goal:/home/addinnedu/ROS2_Jazzy_Study/install/pinky_mapf:/home/addinnedu/ROS2_Jazzy_Study/install/my_demo_pkg:/home/addinnedu/ROS2_Jazzy_Study/install/aruco_marker_pkg:/opt/ros/jazzy DEBUGINFOD_URLS=https://debuginfod.ubuntu.com /usr/bin/cmake --build /home/addinnedu/ROS2_Jazzy_Study/build/pinky_rmf -- -j16 -l16
[1.636s] DEBUG:colcon.colcon_core.task.python.build:While undoing a previous installation files outside the Python library path are being ignored: /home/addinnedu/ROS2_Jazzy_Study/install/aruco_marker_pkg/share/ament_index/resource_index/packages/aruco_marker_pkg
[1.636s] DEBUG:colcon.colcon_core.task.python.build:While undoing a previous installation files outside the Python library path are being ignored: /home/addinnedu/ROS2_Jazzy_Study/install/aruco_marker_pkg/share/aruco_marker_pkg/package.xml
[1.637s] DEBUG:colcon.colcon_core.task.python.build:While undoing a previous installation files outside the Python library path are being ignored: /home/addinnedu/ROS2_Jazzy_Study/install/aruco_marker_pkg/lib/aruco_marker_pkg/aruco_TF_broadcaster
[1.637s] DEBUG:colcon.colcon_core.task.python.build:While undoing a previous installation files outside the Python library path are being ignored: /home/addinnedu/ROS2_Jazzy_Study/install/aruco_marker_pkg/lib/aruco_marker_pkg/aruco_odom_publisher
[1.637s] DEBUG:colcon.colcon_core.task.python.build:While undoing a previous installation files outside the Python library path are being ignored: /home/addinnedu/ROS2_Jazzy_Study/install/aruco_marker_pkg/lib/aruco_marker_pkg/aruco_path_tracker
[1.637s] DEBUG:colcon.colcon_core.task.python.build:While undoing a previous installation files outside the Python library path are being ignored: /home/addinnedu/ROS2_Jazzy_Study/install/aruco_marker_pkg/lib/aruco_marker_pkg/aruco_test
[1.637s] DEBUG:colcon.colcon_core.task.python.build:While undoing a previous installation files outside the Python library path are being ignored: /home/addinnedu/ROS2_Jazzy_Study/install/aruco_marker_pkg/lib/aruco_marker_pkg/marker_publisher_node
[1.637s] DEBUG:colcon.colcon_core.task.python.build:While undoing a previous installation files outside the Python library path are being ignored: /home/addinnedu/ROS2_Jazzy_Study/install/aruco_marker_pkg/lib/aruco_marker_pkg/monitoring_gui
[1.637s] DEBUG:colcon.colcon_core.task.python.build:While undoing a previous installation files outside the Python library path are being ignored: /home/addinnedu/ROS2_Jazzy_Study/install/aruco_marker_pkg/lib/aruco_marker_pkg/monitoring_map_gui
[1.638s] DEBUG:colcon.colcon_core.task.python.build:While undoing a previous installation files outside the Python library path are being ignored: /home/addinnedu/ROS2_Jazzy_Study/install/aruco_marker_pkg/lib/aruco_marker_pkg/multi_aruco_odom_publisher
[1.638s] DEBUG:colcon.colcon_core.task.python.build:While undoing a previous installation files outside the Python library path are being ignored: /home/addinnedu/ROS2_Jazzy_Study/install/aruco_marker_pkg/lib/aruco_marker_pkg/pose_publisher
[1.639s] DEBUG:colcon.colcon_core.event_handler.log_command:Invoking command in '/home/addinnedu/ROS2_Jazzy_Study/build/aruco_marker_pkg': DEBUGINFOD_URLS=https://debuginfod.ubuntu.com PYTHONPATH=/home/addinnedu/ROS2_Jazzy_Study/build/aruco_marker_pkg/prefix_override:/usr/lib/python3/dist-packages/colcon_core/task/python/colcon_distutils_commands:/home/addinnedu/ROS2_Jazzy_Study/install/aruco_marker_pkg/lib/python3.12/site-packages:${PYTHONPATH} /usr/bin/python3 -W ignore:setup.py install is deprecated -W ignore:easy_install command is deprecated setup.py develop --editable --build-directory /home/addinnedu/ROS2_Jazzy_Study/build/aruco_marker_pkg/build --no-deps symlink_data --force
[1.640s] DEBUG:colcon.colcon_core.event_handler.log_command:Invoked command in '/home/addinnedu/ROS2_Jazzy_Study/build/traffic_planner' returned '0': CMAKE_PREFIX_PATH=${CMAKE_PREFIX_PATH}:/home/addinnedu/ROS2_Jazzy_Study/install/send_goal:/home/addinnedu/ROS2_Jazzy_Study/install/pinky_mapf:/home/addinnedu/ROS2_Jazzy_Study/install/my_demo_pkg:/home/addinnedu/ROS2_Jazzy_Study/install/aruco_marker_pkg:/opt/ros/jazzy DEBUGINFOD_URLS=https://debuginfod.ubuntu.com /usr/bin/cmake /home/addinnedu/ROS2_Jazzy_Study/src/traffic_planner -DAMENT_CMAKE_SYMLINK_INSTALL=1 -DCMAKE_INSTALL_PREFIX=/home/addinnedu/ROS2_Jazzy_Study/install/traffic_planner
[1.641s] DEBUG:colcon.colcon_core.event_handler.log_command:Invoking command in '/home/addinnedu/ROS2_Jazzy_Study/build/traffic_planner': CMAKE_PREFIX_PATH=${CMAKE_PREFIX_PATH}:/home/addinnedu/ROS2_Jazzy_Study/install/send_goal:/home/addinnedu/ROS2_Jazzy_Study/install/pinky_mapf:/home/addinnedu/ROS2_Jazzy_Study/install/my_demo_pkg:/home/addinnedu/ROS2_Jazzy_Study/install/aruco_marker_pkg:/opt/ros/jazzy DEBUGINFOD_URLS=https://debuginfod.ubuntu.com /usr/bin/cmake --build /home/addinnedu/ROS2_Jazzy_Study/build/traffic_planner -- -j16 -l16
[1.652s] DEBUG:colcon.colcon_core.task.python.build:While undoing a previous installation files outside the Python library path are being ignored: /home/addinnedu/ROS2_Jazzy_Study/install/send_goal/share/ament_index/resource_index/packages/send_goal
[1.652s] DEBUG:colcon.colcon_core.task.python.build:While undoing a previous installation files outside the Python library path are being ignored: /home/addinnedu/ROS2_Jazzy_Study/install/send_goal/share/send_goal/package.xml
[1.652s] DEBUG:colcon.colcon_core.task.python.build:While undoing a previous installation files outside the Python library path are being ignored: /home/addinnedu/ROS2_Jazzy_Study/install/send_goal/lib/send_goal/follow_waypoints_client
[1.652s] DEBUG:colcon.colcon_core.task.python.build:While undoing a previous installation files outside the Python library path are being ignored: /home/addinnedu/ROS2_Jazzy_Study/install/send_goal/lib/send_goal/python_node
[1.652s] DEBUG:colcon.colcon_core.task.python.build:While undoing a previous installation files outside the Python library path are being ignored: /home/addinnedu/ROS2_Jazzy_Study/install/send_goal/lib/send_goal/simple_nav_goal
[1.655s] DEBUG:colcon.colcon_core.event_handler.log_command:Invoking command in '/home/addinnedu/ROS2_Jazzy_Study/build/send_goal': DEBUGINFOD_URLS=https://debuginfod.ubuntu.com PYTHONPATH=/home/addinnedu/ROS2_Jazzy_Study/build/send_goal/prefix_override:/usr/lib/python3/dist-packages/colcon_core/task/python/colcon_distutils_commands:/home/addinnedu/ROS2_Jazzy_Study/install/send_goal/lib/python3.12/site-packages:${PYTHONPATH} /usr/bin/python3 -W ignore:setup.py install is deprecated -W ignore:easy_install command is deprecated setup.py develop --editable --build-directory /home/addinnedu/ROS2_Jazzy_Study/build/send_goal/build --no-deps symlink_data --force
[1.655s] DEBUG:colcon.colcon_core.event_handler.log_command:Invoked command in '/home/addinnedu/ROS2_Jazzy_Study/build/pinky_rmf' returned '0': CMAKE_PREFIX_PATH=${CMAKE_PREFIX_PATH}:/home/addinnedu/ROS2_Jazzy_Study/install/send_goal:/home/addinnedu/ROS2_Jazzy_Study/install/pinky_mapf:/home/addinnedu/ROS2_Jazzy_Study/install/my_demo_pkg:/home/addinnedu/ROS2_Jazzy_Study/install/aruco_marker_pkg:/opt/ros/jazzy DEBUGINFOD_URLS=https://debuginfod.ubuntu.com /usr/bin/cmake --build /home/addinnedu/ROS2_Jazzy_Study/build/pinky_rmf -- -j16 -l16
[1.656s] DEBUG:colcon.colcon_core.event_handler.log_command:Invoking command in '/home/addinnedu/ROS2_Jazzy_Study/build/pinky_rmf': CMAKE_PREFIX_PATH=${CMAKE_PREFIX_PATH}:/home/addinnedu/ROS2_Jazzy_Study/install/send_goal:/home/addinnedu/ROS2_Jazzy_Study/install/pinky_mapf:/home/addinnedu/ROS2_Jazzy_Study/install/my_demo_pkg:/home/addinnedu/ROS2_Jazzy_Study/install/aruco_marker_pkg:/opt/ros/jazzy DEBUGINFOD_URLS=https://debuginfod.ubuntu.com /usr/bin/cmake --install /home/addinnedu/ROS2_Jazzy_Study/build/pinky_rmf
[1.657s] DEBUG:colcon.colcon_core.task.python.build:While undoing a previous installation files outside the Python library path are being ignored: /home/addinnedu/ROS2_Jazzy_Study/install/my_demo_pkg/share/my_demo_pkg/package.xml
[1.658s] DEBUG:colcon.colcon_core.task.python.build:While undoing a previous installation files outside the Python library path are being ignored: /home/addinnedu/ROS2_Jazzy_Study/install/my_demo_pkg/lib/my_demo_pkg/talker1
[1.658s] DEBUG:colcon.colcon_core.task.python.build:While undoing a previous installation files outside the Python library path are being ignored: /home/addinnedu/ROS2_Jazzy_Study/install/my_demo_pkg/lib/my_demo_pkg/talker2
[1.660s] DEBUG:colcon.colcon_core.event_handler.log_command:Invoking command in '/home/addinnedu/ROS2_Jazzy_Study/build/my_demo_pkg': DEBUGINFOD_URLS=https://debuginfod.ubuntu.com PYTHONPATH=/home/addinnedu/ROS2_Jazzy_Study/build/my_demo_pkg/prefix_override:/usr/lib/python3/dist-packages/colcon_core/task/python/colcon_distutils_commands:/home/addinnedu/ROS2_Jazzy_Study/install/my_demo_pkg/lib/python3.12/site-packages:${PYTHONPATH} /usr/bin/python3 -W ignore:setup.py install is deprecated -W ignore:easy_install command is deprecated setup.py develop --editable --build-directory /home/addinnedu/ROS2_Jazzy_Study/build/my_demo_pkg/build --no-deps symlink_data --force
[1.676s] DEBUG:colcon.colcon_core.task.python.build:While undoing a previous installation files outside the Python library path are being ignored: /home/addinnedu/ROS2_Jazzy_Study/install/pinky_mapf/share/ament_index/resource_index/packages/pinky_mapf
[1.676s] DEBUG:colcon.colcon_core.task.python.build:While undoing a previous installation files outside the Python library path are being ignored: /home/addinnedu/ROS2_Jazzy_Study/install/pinky_mapf/share/pinky_mapf/package.xml
[1.676s] DEBUG:colcon.colcon_core.task.python.build:While undoing a previous installation files outside the Python library path are being ignored: /home/addinnedu/ROS2_Jazzy_Study/install/pinky_mapf/lib/pinky_mapf/follow_waypoints_client
[1.676s] DEBUG:colcon.colcon_core.task.python.build:While undoing a previous installation files outside the Python library path are being ignored: /home/addinnedu/ROS2_Jazzy_Study/install/pinky_mapf/lib/pinky_mapf/goal_point
[1.676s] DEBUG:colcon.colcon_core.task.python.build:While undoing a previous installation files outside the Python library path are being ignored: /home/addinnedu/ROS2_Jazzy_Study/install/pinky_mapf/lib/pinky_mapf/goal_point1
[1.676s] DEBUG:colcon.colcon_core.task.python.build:While undoing a previous installation files outside the Python library path are being ignored: /home/addinnedu/ROS2_Jazzy_Study/install/pinky_mapf/lib/pinky_mapf/goal_point2
[1.676s] DEBUG:colcon.colcon_core.task.python.build:While undoing a previous installation files outside the Python library path are being ignored: /home/addinnedu/ROS2_Jazzy_Study/install/pinky_mapf/lib/pinky_mapf/goal_point3
[1.678s] DEBUG:colcon.colcon_core.event_handler.log_command:Invoking command in '/home/addinnedu/ROS2_Jazzy_Study/build/pinky_mapf': DEBUGINFOD_URLS=https://debuginfod.ubuntu.com PYTHONPATH=/home/addinnedu/ROS2_Jazzy_Study/build/pinky_mapf/prefix_override:/usr/lib/python3/dist-packages/colcon_core/task/python/colcon_distutils_commands:/home/addinnedu/ROS2_Jazzy_Study/install/pinky_mapf/lib/python3.12/site-packages:${PYTHONPATH} /usr/bin/python3 -W ignore:setup.py install is deprecated -W ignore:easy_install command is deprecated setup.py develop --editable --build-directory /home/addinnedu/ROS2_Jazzy_Study/build/pinky_mapf/build --no-deps symlink_data --force
[1.683s] Level 1:colcon.colcon_core.environment:create_environment_scripts_only(pinky_rmf)
[1.683s] Level 1:colcon.colcon_core.environment:checking '/home/addinnedu/ROS2_Jazzy_Study/install/pinky_rmf' for CMake module files
[1.684s] DEBUG:colcon.colcon_core.event_handler.log_command:Invoked command in '/home/addinnedu/ROS2_Jazzy_Study/build/pinky_rmf' returned '0': CMAKE_PREFIX_PATH=${CMAKE_PREFIX_PATH}:/home/addinnedu/ROS2_Jazzy_Study/install/send_goal:/home/addinnedu/ROS2_Jazzy_Study/install/pinky_mapf:/home/addinnedu/ROS2_Jazzy_Study/install/my_demo_pkg:/home/addinnedu/ROS2_Jazzy_Study/install/aruco_marker_pkg:/opt/ros/jazzy DEBUGINFOD_URLS=https://debuginfod.ubuntu.com /usr/bin/cmake --install /home/addinnedu/ROS2_Jazzy_Study/build/pinky_rmf
[1.684s] Level 1:colcon.colcon_core.environment:checking '/home/addinnedu/ROS2_Jazzy_Study/install/pinky_rmf' for CMake config files
[1.685s] Level 1:colcon.colcon_core.shell:create_environment_hook('pinky_rmf', 'cmake_prefix_path')
[1.685s] INFO:colcon.colcon_core.shell:Creating environment hook '/home/addinnedu/ROS2_Jazzy_Study/install/pinky_rmf/share/pinky_rmf/hook/cmake_prefix_path.ps1'
[1.685s] INFO:colcon.colcon_core.shell:Creating environment descriptor '/home/addinnedu/ROS2_Jazzy_Study/install/pinky_rmf/share/pinky_rmf/hook/cmake_prefix_path.dsv'
[1.686s] INFO:colcon.colcon_core.shell:Creating environment hook '/home/addinnedu/ROS2_Jazzy_Study/install/pinky_rmf/share/pinky_rmf/hook/cmake_prefix_path.sh'
[1.686s] Level 1:colcon.colcon_core.environment:checking '/home/addinnedu/ROS2_Jazzy_Study/install/pinky_rmf/lib'
[1.686s] Level 1:colcon.colcon_core.environment:checking '/home/addinnedu/ROS2_Jazzy_Study/install/pinky_rmf/bin'
[1.687s] Level 1:colcon.colcon_core.environment:checking '/home/addinnedu/ROS2_Jazzy_Study/install/pinky_rmf/lib/pkgconfig/pinky_rmf.pc'
[1.687s] Level 1:colcon.colcon_core.environment:checking '/home/addinnedu/ROS2_Jazzy_Study/install/pinky_rmf/lib/python3.12/site-packages'
[1.687s] Level 1:colcon.colcon_core.environment:checking '/home/addinnedu/ROS2_Jazzy_Study/install/pinky_rmf/bin'
[1.687s] INFO:colcon.colcon_core.shell:Creating package script '/home/addinnedu/ROS2_Jazzy_Study/install/pinky_rmf/share/pinky_rmf/package.ps1'
[1.688s] INFO:colcon.colcon_core.shell:Creating package descriptor '/home/addinnedu/ROS2_Jazzy_Study/install/pinky_rmf/share/pinky_rmf/package.dsv'
[1.688s] INFO:colcon.colcon_core.shell:Creating package script '/home/addinnedu/ROS2_Jazzy_Study/install/pinky_rmf/share/pinky_rmf/package.sh'
[1.689s] INFO:colcon.colcon_core.shell:Creating package script '/home/addinnedu/ROS2_Jazzy_Study/install/pinky_rmf/share/pinky_rmf/package.bash'
[1.689s] INFO:colcon.colcon_core.shell:Creating package script '/home/addinnedu/ROS2_Jazzy_Study/install/pinky_rmf/share/pinky_rmf/package.zsh'
[1.689s] Level 1:colcon.colcon_core.environment:create_file_with_runtime_dependencies(/home/addinnedu/ROS2_Jazzy_Study/install/pinky_rmf/share/colcon-core/packages/pinky_rmf)
[1.690s] Level 1:colcon.colcon_core.environment:create_environment_scripts_only(pinky_rmf)
[1.690s] Level 1:colcon.colcon_core.environment:checking '/home/addinnedu/ROS2_Jazzy_Study/install/pinky_rmf' for CMake module files
[1.691s] Level 1:colcon.colcon_core.environment:checking '/home/addinnedu/ROS2_Jazzy_Study/install/pinky_rmf' for CMake config files
[1.691s] Level 1:colcon.colcon_core.shell:create_environment_hook('pinky_rmf', 'cmake_prefix_path')
[1.691s] INFO:colcon.colcon_core.shell:Creating environment hook '/home/addinnedu/ROS2_Jazzy_Study/install/pinky_rmf/share/pinky_rmf/hook/cmake_prefix_path.ps1'
[1.692s] INFO:colcon.colcon_core.shell:Creating environment descriptor '/home/addinnedu/ROS2_Jazzy_Study/install/pinky_rmf/share/pinky_rmf/hook/cmake_prefix_path.dsv'
[1.692s] INFO:colcon.colcon_core.shell:Creating environment hook '/home/addinnedu/ROS2_Jazzy_Study/install/pinky_rmf/share/pinky_rmf/hook/cmake_prefix_path.sh'
[1.693s] Level 1:colcon.colcon_core.environment:checking '/home/addinnedu/ROS2_Jazzy_Study/install/pinky_rmf/lib'
[1.693s] Level 1:colcon.colcon_core.environment:checking '/home/addinnedu/ROS2_Jazzy_Study/install/pinky_rmf/bin'
[1.693s] Level 1:colcon.colcon_core.environment:checking '/home/addinnedu/ROS2_Jazzy_Study/install/pinky_rmf/lib/pkgconfig/pinky_rmf.pc'
[1.693s] Level 1:colcon.colcon_core.environment:checking '/home/addinnedu/ROS2_Jazzy_Study/install/pinky_rmf/lib/python3.12/site-packages'
[1.693s] Level 1:colcon.colcon_core.environment:checking '/home/addinnedu/ROS2_Jazzy_Study/install/pinky_rmf/bin'
[1.694s] INFO:colcon.colcon_core.shell:Creating package script '/home/addinnedu/ROS2_Jazzy_Study/install/pinky_rmf/share/pinky_rmf/package.ps1'
[1.694s] INFO:colcon.colcon_core.shell:Creating package descriptor '/home/addinnedu/ROS2_Jazzy_Study/install/pinky_rmf/share/pinky_rmf/package.dsv'
[1.695s] INFO:colcon.colcon_core.shell:Creating package script '/home/addinnedu/ROS2_Jazzy_Study/install/pinky_rmf/share/pinky_rmf/package.sh'
[1.695s] INFO:colcon.colcon_core.shell:Creating package script '/home/addinnedu/ROS2_Jazzy_Study/install/pinky_rmf/share/pinky_rmf/package.bash'
[1.696s] INFO:colcon.colcon_core.shell:Creating package script '/home/addinnedu/ROS2_Jazzy_Study/install/pinky_rmf/share/pinky_rmf/package.zsh'
[1.696s] Level 1:colcon.colcon_core.environment:create_file_with_runtime_dependencies(/home/addinnedu/ROS2_Jazzy_Study/install/pinky_rmf/share/colcon-core/packages/pinky_rmf)
[1.783s] DEBUG:colcon.colcon_core.event_handler.log_command:Invoked command in '/home/addinnedu/ROS2_Jazzy_Study/build/traffic_planner' returned '0': CMAKE_PREFIX_PATH=${CMAKE_PREFIX_PATH}:/home/addinnedu/ROS2_Jazzy_Study/install/send_goal:/home/addinnedu/ROS2_Jazzy_Study/install/pinky_mapf:/home/addinnedu/ROS2_Jazzy_Study/install/my_demo_pkg:/home/addinnedu/ROS2_Jazzy_Study/install/aruco_marker_pkg:/opt/ros/jazzy DEBUGINFOD_URLS=https://debuginfod.ubuntu.com /usr/bin/cmake --build /home/addinnedu/ROS2_Jazzy_Study/build/traffic_planner -- -j16 -l16
[1.784s] DEBUG:colcon.colcon_core.event_handler.log_command:Invoking command in '/home/addinnedu/ROS2_Jazzy_Study/build/traffic_planner': CMAKE_PREFIX_PATH=${CMAKE_PREFIX_PATH}:/home/addinnedu/ROS2_Jazzy_Study/install/send_goal:/home/addinnedu/ROS2_Jazzy_Study/install/pinky_mapf:/home/addinnedu/ROS2_Jazzy_Study/install/my_demo_pkg:/home/addinnedu/ROS2_Jazzy_Study/install/aruco_marker_pkg:/opt/ros/jazzy DEBUGINFOD_URLS=https://debuginfod.ubuntu.com /usr/bin/cmake --install /home/addinnedu/ROS2_Jazzy_Study/build/traffic_planner
[1.807s] Level 1:colcon.colcon_core.environment:create_environment_scripts_only(traffic_planner)
[1.808s] DEBUG:colcon.colcon_core.event_handler.log_command:Invoked command in '/home/addinnedu/ROS2_Jazzy_Study/build/traffic_planner' returned '0': CMAKE_PREFIX_PATH=${CMAKE_PREFIX_PATH}:/home/addinnedu/ROS2_Jazzy_Study/install/send_goal:/home/addinnedu/ROS2_Jazzy_Study/install/pinky_mapf:/home/addinnedu/ROS2_Jazzy_Study/install/my_demo_pkg:/home/addinnedu/ROS2_Jazzy_Study/install/aruco_marker_pkg:/opt/ros/jazzy DEBUGINFOD_URLS=https://debuginfod.ubuntu.com /usr/bin/cmake --install /home/addinnedu/ROS2_Jazzy_Study/build/traffic_planner
[1.808s] Level 1:colcon.colcon_core.environment:checking '/home/addinnedu/ROS2_Jazzy_Study/install/traffic_planner' for CMake module files
[1.809s] Level 1:colcon.colcon_core.environment:checking '/home/addinnedu/ROS2_Jazzy_Study/install/traffic_planner' for CMake config files
[1.809s] Level 1:colcon.colcon_core.shell:create_environment_hook('traffic_planner', 'cmake_prefix_path')
[1.809s] INFO:colcon.colcon_core.shell:Creating environment hook '/home/addinnedu/ROS2_Jazzy_Study/install/traffic_planner/share/traffic_planner/hook/cmake_prefix_path.ps1'
[1.810s] INFO:colcon.colcon_core.shell:Creating environment descriptor '/home/addinnedu/ROS2_Jazzy_Study/install/traffic_planner/share/traffic_planner/hook/cmake_prefix_path.dsv'
[1.810s] INFO:colcon.colcon_core.shell:Creating environment hook '/home/addinnedu/ROS2_Jazzy_Study/install/traffic_planner/share/traffic_planner/hook/cmake_prefix_path.sh'
[1.811s] Level 1:colcon.colcon_core.environment:checking '/home/addinnedu/ROS2_Jazzy_Study/install/traffic_planner/lib'
[1.811s] Level 1:colcon.colcon_core.environment:checking '/home/addinnedu/ROS2_Jazzy_Study/install/traffic_planner/bin'
[1.811s] Level 1:colcon.colcon_core.environment:checking '/home/addinnedu/ROS2_Jazzy_Study/install/traffic_planner/lib/pkgconfig/traffic_planner.pc'
[1.811s] Level 1:colcon.colcon_core.environment:checking '/home/addinnedu/ROS2_Jazzy_Study/install/traffic_planner/lib/python3.12/site-packages'
[1.812s] Level 1:colcon.colcon_core.environment:checking '/home/addinnedu/ROS2_Jazzy_Study/install/traffic_planner/bin'
[1.812s] INFO:colcon.colcon_core.shell:Creating package script '/home/addinnedu/ROS2_Jazzy_Study/install/traffic_planner/share/traffic_planner/package.ps1'
[1.812s] INFO:colcon.colcon_core.shell:Creating package descriptor '/home/addinnedu/ROS2_Jazzy_Study/install/traffic_planner/share/traffic_planner/package.dsv'
[1.813s] INFO:colcon.colcon_core.shell:Creating package script '/home/addinnedu/ROS2_Jazzy_Study/install/traffic_planner/share/traffic_planner/package.sh'
[1.813s] INFO:colcon.colcon_core.shell:Creating package script '/home/addinnedu/ROS2_Jazzy_Study/install/traffic_planner/share/traffic_planner/package.bash'
[1.813s] INFO:colcon.colcon_core.shell:Creating package script '/home/addinnedu/ROS2_Jazzy_Study/install/traffic_planner/share/traffic_planner/package.zsh'
[1.814s] Level 1:colcon.colcon_core.environment:create_file_with_runtime_dependencies(/home/addinnedu/ROS2_Jazzy_Study/install/traffic_planner/share/colcon-core/packages/traffic_planner)
[1.814s] Level 1:colcon.colcon_core.environment:create_environment_scripts_only(traffic_planner)
[1.814s] Level 1:colcon.colcon_core.environment:checking '/home/addinnedu/ROS2_Jazzy_Study/install/traffic_planner' for CMake module files
[1.814s] Level 1:colcon.colcon_core.environment:checking '/home/addinnedu/ROS2_Jazzy_Study/install/traffic_planner' for CMake config files
[1.815s] Level 1:colcon.colcon_core.shell:create_environment_hook('traffic_planner', 'cmake_prefix_path')
[1.815s] INFO:colcon.colcon_core.shell:Creating environment hook '/home/addinnedu/ROS2_Jazzy_Study/install/traffic_planner/share/traffic_planner/hook/cmake_prefix_path.ps1'
[1.815s] INFO:colcon.colcon_core.shell:Creating environment descriptor '/home/addinnedu/ROS2_Jazzy_Study/install/traffic_planner/share/traffic_planner/hook/cmake_prefix_path.dsv'
[1.816s] INFO:colcon.colcon_core.shell:Creating environment hook '/home/addinnedu/ROS2_Jazzy_Study/install/traffic_planner/share/traffic_planner/hook/cmake_prefix_path.sh'
[1.816s] Level 1:colcon.colcon_core.environment:checking '/home/addinnedu/ROS2_Jazzy_Study/install/traffic_planner/lib'
[1.816s] Level 1:colcon.colcon_core.environment:checking '/home/addinnedu/ROS2_Jazzy_Study/install/traffic_planner/bin'
[1.816s] Level 1:colcon.colcon_core.environment:checking '/home/addinnedu/ROS2_Jazzy_Study/install/traffic_planner/lib/pkgconfig/traffic_planner.pc'
[1.816s] Level 1:colcon.colcon_core.environment:checking '/home/addinnedu/ROS2_Jazzy_Study/install/traffic_planner/lib/python3.12/site-packages'
[1.816s] Level 1:colcon.colcon_core.environment:checking '/home/addinnedu/ROS2_Jazzy_Study/install/traffic_planner/bin'
[1.817s] INFO:colcon.colcon_core.shell:Creating package script '/home/addinnedu/ROS2_Jazzy_Study/install/traffic_planner/share/traffic_planner/package.ps1'
[1.817s] INFO:colcon.colcon_core.shell:Creating package descriptor '/home/addinnedu/ROS2_Jazzy_Study/install/traffic_planner/share/traffic_planner/package.dsv'
[1.817s] INFO:colcon.colcon_core.shell:Creating package script '/home/addinnedu/ROS2_Jazzy_Study/install/traffic_planner/share/traffic_planner/package.sh'
[1.818s] INFO:colcon.colcon_core.shell:Creating package script '/home/addinnedu/ROS2_Jazzy_Study/install/traffic_planner/share/traffic_planner/package.bash'
[1.818s] INFO:colcon.colcon_core.shell:Creating package script '/home/addinnedu/ROS2_Jazzy_Study/install/traffic_planner/share/traffic_planner/package.zsh'
[1.818s] Level 1:colcon.colcon_core.environment:create_file_with_runtime_dependencies(/home/addinnedu/ROS2_Jazzy_Study/install/traffic_planner/share/colcon-core/packages/traffic_planner)
[2.295s] Level 1:colcon.colcon_core.shell:create_environment_hook('aruco_marker_pkg', 'pythonpath_develop')
[2.295s] DEBUG:colcon.colcon_core.event_handler.log_command:Invoked command in '/home/addinnedu/ROS2_Jazzy_Study/build/aruco_marker_pkg' returned '0': DEBUGINFOD_URLS=https://debuginfod.ubuntu.com PYTHONPATH=/home/addinnedu/ROS2_Jazzy_Study/build/aruco_marker_pkg/prefix_override:/usr/lib/python3/dist-packages/colcon_core/task/python/colcon_distutils_commands:/home/addinnedu/ROS2_Jazzy_Study/install/aruco_marker_pkg/lib/python3.12/site-packages:${PYTHONPATH} /usr/bin/python3 -W ignore:setup.py install is deprecated -W ignore:easy_install command is deprecated setup.py develop --editable --build-directory /home/addinnedu/ROS2_Jazzy_Study/build/aruco_marker_pkg/build --no-deps symlink_data --force
[2.295s] INFO:colcon.colcon_core.shell:Creating environment hook '/home/addinnedu/ROS2_Jazzy_Study/build/aruco_marker_pkg/share/aruco_marker_pkg/hook/pythonpath_develop.ps1'
[2.296s] INFO:colcon.colcon_core.shell:Creating environment descriptor '/home/addinnedu/ROS2_Jazzy_Study/build/aruco_marker_pkg/share/aruco_marker_pkg/hook/pythonpath_develop.dsv'
[2.296s] INFO:colcon.colcon_core.shell:Creating environment hook '/home/addinnedu/ROS2_Jazzy_Study/build/aruco_marker_pkg/share/aruco_marker_pkg/hook/pythonpath_develop.sh'
[2.296s] Level 1:colcon.colcon_core.environment:checking '/home/addinnedu/ROS2_Jazzy_Study/install/aruco_marker_pkg' for CMake module files
[2.297s] Level 1:colcon.colcon_core.environment:checking '/home/addinnedu/ROS2_Jazzy_Study/install/aruco_marker_pkg' for CMake config files
[2.297s] Level 1:colcon.colcon_core.environment:checking '/home/addinnedu/ROS2_Jazzy_Study/install/aruco_marker_pkg/lib'
[2.297s] Level 1:colcon.colcon_core.environment:checking '/home/addinnedu/ROS2_Jazzy_Study/install/aruco_marker_pkg/bin'
[2.297s] Level 1:colcon.colcon_core.environment:checking '/home/addinnedu/ROS2_Jazzy_Study/install/aruco_marker_pkg/lib/pkgconfig/aruco_marker_pkg.pc'
[2.298s] Level 1:colcon.colcon_core.environment:checking '/home/addinnedu/ROS2_Jazzy_Study/install/aruco_marker_pkg/lib/python3.12/site-packages'
[2.298s] Level 1:colcon.colcon_core.shell:create_environment_hook('aruco_marker_pkg', 'pythonpath')
[2.298s] INFO:colcon.colcon_core.shell:Creating environment hook '/home/addinnedu/ROS2_Jazzy_Study/install/aruco_marker_pkg/share/aruco_marker_pkg/hook/pythonpath.ps1'
[2.298s] INFO:colcon.colcon_core.shell:Creating environment descriptor '/home/addinnedu/ROS2_Jazzy_Study/install/aruco_marker_pkg/share/aruco_marker_pkg/hook/pythonpath.dsv'
[2.299s] INFO:colcon.colcon_core.shell:Creating environment hook '/home/addinnedu/ROS2_Jazzy_Study/install/aruco_marker_pkg/share/aruco_marker_pkg/hook/pythonpath.sh'
[2.299s] Level 1:colcon.colcon_core.environment:checking '/home/addinnedu/ROS2_Jazzy_Study/install/aruco_marker_pkg/bin'
[2.299s] Level 1:colcon.colcon_core.environment:create_environment_scripts_only(aruco_marker_pkg)
[2.299s] INFO:colcon.colcon_core.shell:Creating package script '/home/addinnedu/ROS2_Jazzy_Study/install/aruco_marker_pkg/share/aruco_marker_pkg/package.ps1'
[2.300s] INFO:colcon.colcon_core.shell:Creating package descriptor '/home/addinnedu/ROS2_Jazzy_Study/install/aruco_marker_pkg/share/aruco_marker_pkg/package.dsv'
[2.300s] INFO:colcon.colcon_core.shell:Creating package script '/home/addinnedu/ROS2_Jazzy_Study/install/aruco_marker_pkg/share/aruco_marker_pkg/package.sh'
[2.300s] INFO:colcon.colcon_core.shell:Creating package script '/home/addinnedu/ROS2_Jazzy_Study/install/aruco_marker_pkg/share/aruco_marker_pkg/package.bash'
[2.301s] INFO:colcon.colcon_core.shell:Creating package script '/home/addinnedu/ROS2_Jazzy_Study/install/aruco_marker_pkg/share/aruco_marker_pkg/package.zsh'
[2.301s] Level 1:colcon.colcon_core.environment:create_file_with_runtime_dependencies(/home/addinnedu/ROS2_Jazzy_Study/install/aruco_marker_pkg/share/colcon-core/packages/aruco_marker_pkg)
[2.303s] Level 1:colcon.colcon_core.shell:create_environment_hook('send_goal', 'pythonpath_develop')
[2.304s] INFO:colcon.colcon_core.shell:Creating environment hook '/home/addinnedu/ROS2_Jazzy_Study/build/send_goal/share/send_goal/hook/pythonpath_develop.ps1'
[2.304s] DEBUG:colcon.colcon_core.event_handler.log_command:Invoked command in '/home/addinnedu/ROS2_Jazzy_Study/build/send_goal' returned '0': DEBUGINFOD_URLS=https://debuginfod.ubuntu.com PYTHONPATH=/home/addinnedu/ROS2_Jazzy_Study/build/send_goal/prefix_override:/usr/lib/python3/dist-packages/colcon_core/task/python/colcon_distutils_commands:/home/addinnedu/ROS2_Jazzy_Study/install/send_goal/lib/python3.12/site-packages:${PYTHONPATH} /usr/bin/python3 -W ignore:setup.py install is deprecated -W ignore:easy_install command is deprecated setup.py develop --editable --build-directory /home/addinnedu/ROS2_Jazzy_Study/build/send_goal/build --no-deps symlink_data --force
[2.305s] INFO:colcon.colcon_core.shell:Creating environment descriptor '/home/addinnedu/ROS2_Jazzy_Study/build/send_goal/share/send_goal/hook/pythonpath_develop.dsv'
[2.305s] INFO:colcon.colcon_core.shell:Creating environment hook '/home/addinnedu/ROS2_Jazzy_Study/build/send_goal/share/send_goal/hook/pythonpath_develop.sh'
[2.305s] Level 1:colcon.colcon_core.environment:checking '/home/addinnedu/ROS2_Jazzy_Study/install/send_goal' for CMake module files
[2.306s] Level 1:colcon.colcon_core.environment:checking '/home/addinnedu/ROS2_Jazzy_Study/install/send_goal' for CMake config files
[2.306s] Level 1:colcon.colcon_core.environment:checking '/home/addinnedu/ROS2_Jazzy_Study/install/send_goal/lib'
[2.306s] Level 1:colcon.colcon_core.environment:checking '/home/addinnedu/ROS2_Jazzy_Study/install/send_goal/bin'
[2.306s] Level 1:colcon.colcon_core.environment:checking '/home/addinnedu/ROS2_Jazzy_Study/install/send_goal/lib/pkgconfig/send_goal.pc'
[2.306s] Level 1:colcon.colcon_core.environment:checking '/home/addinnedu/ROS2_Jazzy_Study/install/send_goal/lib/python3.12/site-packages'
[2.306s] Level 1:colcon.colcon_core.shell:create_environment_hook('send_goal', 'pythonpath')
[2.306s] INFO:colcon.colcon_core.shell:Creating environment hook '/home/addinnedu/ROS2_Jazzy_Study/install/send_goal/share/send_goal/hook/pythonpath.ps1'
[2.307s] INFO:colcon.colcon_core.shell:Creating environment descriptor '/home/addinnedu/ROS2_Jazzy_Study/install/send_goal/share/send_goal/hook/pythonpath.dsv'
[2.307s] INFO:colcon.colcon_core.shell:Creating environment hook '/home/addinnedu/ROS2_Jazzy_Study/install/send_goal/share/send_goal/hook/pythonpath.sh'
[2.307s] Level 1:colcon.colcon_core.environment:checking '/home/addinnedu/ROS2_Jazzy_Study/install/send_goal/bin'
[2.308s] Level 1:colcon.colcon_core.environment:create_environment_scripts_only(send_goal)
[2.308s] INFO:colcon.colcon_core.shell:Creating package script '/home/addinnedu/ROS2_Jazzy_Study/install/send_goal/share/send_goal/package.ps1'
[2.308s] INFO:colcon.colcon_core.shell:Creating package descriptor '/home/addinnedu/ROS2_Jazzy_Study/install/send_goal/share/send_goal/package.dsv'
[2.308s] INFO:colcon.colcon_core.shell:Creating package script '/home/addinnedu/ROS2_Jazzy_Study/install/send_goal/share/send_goal/package.sh'
[2.309s] INFO:colcon.colcon_core.shell:Creating package script '/home/addinnedu/ROS2_Jazzy_Study/install/send_goal/share/send_goal/package.bash'
[2.309s] INFO:colcon.colcon_core.shell:Creating package script '/home/addinnedu/ROS2_Jazzy_Study/install/send_goal/share/send_goal/package.zsh'
[2.309s] Level 1:colcon.colcon_core.environment:create_file_with_runtime_dependencies(/home/addinnedu/ROS2_Jazzy_Study/install/send_goal/share/colcon-core/packages/send_goal)
[2.315s] Level 1:colcon.colcon_core.shell:create_environment_hook('my_demo_pkg', 'pythonpath_develop')
[2.315s] DEBUG:colcon.colcon_core.event_handler.log_command:Invoked command in '/home/addinnedu/ROS2_Jazzy_Study/build/my_demo_pkg' returned '0': DEBUGINFOD_URLS=https://debuginfod.ubuntu.com PYTHONPATH=/home/addinnedu/ROS2_Jazzy_Study/build/my_demo_pkg/prefix_override:/usr/lib/python3/dist-packages/colcon_core/task/python/colcon_distutils_commands:/home/addinnedu/ROS2_Jazzy_Study/install/my_demo_pkg/lib/python3.12/site-packages:${PYTHONPATH} /usr/bin/python3 -W ignore:setup.py install is deprecated -W ignore:easy_install command is deprecated setup.py develop --editable --build-directory /home/addinnedu/ROS2_Jazzy_Study/build/my_demo_pkg/build --no-deps symlink_data --force
[2.315s] INFO:colcon.colcon_core.shell:Creating environment hook '/home/addinnedu/ROS2_Jazzy_Study/build/my_demo_pkg/share/my_demo_pkg/hook/pythonpath_develop.ps1'
[2.316s] INFO:colcon.colcon_core.shell:Creating environment descriptor '/home/addinnedu/ROS2_Jazzy_Study/build/my_demo_pkg/share/my_demo_pkg/hook/pythonpath_develop.dsv'
[2.316s] INFO:colcon.colcon_core.shell:Creating environment hook '/home/addinnedu/ROS2_Jazzy_Study/build/my_demo_pkg/share/my_demo_pkg/hook/pythonpath_develop.sh'
[2.316s] Level 1:colcon.colcon_core.environment:checking '/home/addinnedu/ROS2_Jazzy_Study/install/my_demo_pkg' for CMake module files
[2.317s] Level 1:colcon.colcon_core.environment:checking '/home/addinnedu/ROS2_Jazzy_Study/install/my_demo_pkg' for CMake config files
[2.317s] Level 1:colcon.colcon_core.environment:checking '/home/addinnedu/ROS2_Jazzy_Study/install/my_demo_pkg/lib'
[2.317s] Level 1:colcon.colcon_core.environment:checking '/home/addinnedu/ROS2_Jazzy_Study/install/my_demo_pkg/bin'
[2.317s] Level 1:colcon.colcon_core.environment:checking '/home/addinnedu/ROS2_Jazzy_Study/install/my_demo_pkg/lib/pkgconfig/my_demo_pkg.pc'
[2.317s] Level 1:colcon.colcon_core.environment:checking '/home/addinnedu/ROS2_Jazzy_Study/install/my_demo_pkg/lib/python3.12/site-packages'
[2.317s] Level 1:colcon.colcon_core.shell:create_environment_hook('my_demo_pkg', 'pythonpath')
[2.318s] INFO:colcon.colcon_core.shell:Creating environment hook '/home/addinnedu/ROS2_Jazzy_Study/install/my_demo_pkg/share/my_demo_pkg/hook/pythonpath.ps1'
[2.318s] INFO:colcon.colcon_core.shell:Creating environment descriptor '/home/addinnedu/ROS2_Jazzy_Study/install/my_demo_pkg/share/my_demo_pkg/hook/pythonpath.dsv'
[2.318s] INFO:colcon.colcon_core.shell:Creating environment hook '/home/addinnedu/ROS2_Jazzy_Study/install/my_demo_pkg/share/my_demo_pkg/hook/pythonpath.sh'
[2.318s] Level 1:colcon.colcon_core.environment:checking '/home/addinnedu/ROS2_Jazzy_Study/install/my_demo_pkg/bin'
[2.318s] Level 1:colcon.colcon_core.environment:create_environment_scripts_only(my_demo_pkg)
[2.319s] INFO:colcon.colcon_core.shell:Creating package script '/home/addinnedu/ROS2_Jazzy_Study/install/my_demo_pkg/share/my_demo_pkg/package.ps1'
[2.319s] INFO:colcon.colcon_core.shell:Creating package descriptor '/home/addinnedu/ROS2_Jazzy_Study/install/my_demo_pkg/share/my_demo_pkg/package.dsv'
[2.319s] INFO:colcon.colcon_core.shell:Creating package script '/home/addinnedu/ROS2_Jazzy_Study/install/my_demo_pkg/share/my_demo_pkg/package.sh'
[2.320s] INFO:colcon.colcon_core.shell:Creating package script '/home/addinnedu/ROS2_Jazzy_Study/install/my_demo_pkg/share/my_demo_pkg/package.bash'
[2.320s] INFO:colcon.colcon_core.shell:Creating package script '/home/addinnedu/ROS2_Jazzy_Study/install/my_demo_pkg/share/my_demo_pkg/package.zsh'
[2.322s] Level 1:colcon.colcon_core.environment:create_file_with_runtime_dependencies(/home/addinnedu/ROS2_Jazzy_Study/install/my_demo_pkg/share/colcon-core/packages/my_demo_pkg)
[2.353s] Level 1:colcon.colcon_core.shell:create_environment_hook('pinky_mapf', 'pythonpath_develop')
[2.353s] INFO:colcon.colcon_core.shell:Creating environment hook '/home/addinnedu/ROS2_Jazzy_Study/build/pinky_mapf/share/pinky_mapf/hook/pythonpath_develop.ps1'
[2.354s] DEBUG:colcon.colcon_core.event_handler.log_command:Invoked command in '/home/addinnedu/ROS2_Jazzy_Study/build/pinky_mapf' returned '0': DEBUGINFOD_URLS=https://debuginfod.ubuntu.com PYTHONPATH=/home/addinnedu/ROS2_Jazzy_Study/build/pinky_mapf/prefix_override:/usr/lib/python3/dist-packages/colcon_core/task/python/colcon_distutils_commands:/home/addinnedu/ROS2_Jazzy_Study/install/pinky_mapf/lib/python3.12/site-packages:${PYTHONPATH} /usr/bin/python3 -W ignore:setup.py install is deprecated -W ignore:easy_install command is deprecated setup.py develop --editable --build-directory /home/addinnedu/ROS2_Jazzy_Study/build/pinky_mapf/build --no-deps symlink_data --force
[2.354s] INFO:colcon.colcon_core.shell:Creating environment descriptor '/home/addinnedu/ROS2_Jazzy_Study/build/pinky_mapf/share/pinky_mapf/hook/pythonpath_develop.dsv'
[2.354s] INFO:colcon.colcon_core.shell:Creating environment hook '/home/addinnedu/ROS2_Jazzy_Study/build/pinky_mapf/share/pinky_mapf/hook/pythonpath_develop.sh'
[2.355s] Level 1:colcon.colcon_core.environment:checking '/home/addinnedu/ROS2_Jazzy_Study/install/pinky_mapf' for CMake module files
[2.355s] Level 1:colcon.colcon_core.environment:checking '/home/addinnedu/ROS2_Jazzy_Study/install/pinky_mapf' for CMake config files
[2.356s] Level 1:colcon.colcon_core.environment:checking '/home/addinnedu/ROS2_Jazzy_Study/install/pinky_mapf/lib'
[2.356s] Level 1:colcon.colcon_core.environment:checking '/home/addinnedu/ROS2_Jazzy_Study/install/pinky_mapf/bin'
[2.356s] Level 1:colcon.colcon_core.environment:checking '/home/addinnedu/ROS2_Jazzy_Study/install/pinky_mapf/lib/pkgconfig/pinky_mapf.pc'
[2.356s] Level 1:colcon.colcon_core.environment:checking '/home/addinnedu/ROS2_Jazzy_Study/install/pinky_mapf/lib/python3.12/site-packages'
[2.356s] Level 1:colcon.colcon_core.shell:create_environment_hook('pinky_mapf', 'pythonpath')
[2.356s] INFO:colcon.colcon_core.shell:Creating environment hook '/home/addinnedu/ROS2_Jazzy_Study/install/pinky_mapf/share/pinky_mapf/hook/pythonpath.ps1'
[2.357s] INFO:colcon.colcon_core.shell:Creating environment descriptor '/home/addinnedu/ROS2_Jazzy_Study/install/pinky_mapf/share/pinky_mapf/hook/pythonpath.dsv'
[2.357s] INFO:colcon.colcon_core.shell:Creating environment hook '/home/addinnedu/ROS2_Jazzy_Study/install/pinky_mapf/share/pinky_mapf/hook/pythonpath.sh'
[2.357s] Level 1:colcon.colcon_core.environment:checking '/home/addinnedu/ROS2_Jazzy_Study/install/pinky_mapf/bin'
[2.357s] Level 1:colcon.colcon_core.environment:create_environment_scripts_only(pinky_mapf)
[2.357s] INFO:colcon.colcon_core.shell:Creating package script '/home/addinnedu/ROS2_Jazzy_Study/install/pinky_mapf/share/pinky_mapf/package.ps1'
[2.358s] INFO:colcon.colcon_core.shell:Creating package descriptor '/home/addinnedu/ROS2_Jazzy_Study/install/pinky_mapf/share/pinky_mapf/package.dsv'
[2.358s] INFO:colcon.colcon_core.shell:Creating package script '/home/addinnedu/ROS2_Jazzy_Study/install/pinky_mapf/share/pinky_mapf/package.sh'
[2.358s] INFO:colcon.colcon_core.shell:Creating package script '/home/addinnedu/ROS2_Jazzy_Study/install/pinky_mapf/share/pinky_mapf/package.bash'
[2.359s] INFO:colcon.colcon_core.shell:Creating package script '/home/addinnedu/ROS2_Jazzy_Study/install/pinky_mapf/share/pinky_mapf/package.zsh'
[2.359s] Level 1:colcon.colcon_core.environment:create_file_with_runtime_dependencies(/home/addinnedu/ROS2_Jazzy_Study/install/pinky_mapf/share/colcon-core/packages/pinky_mapf)
[2.359s] DEBUG:colcon.colcon_parallel_executor.executor.parallel:closing loop
[2.360s] DEBUG:colcon.colcon_parallel_executor.executor.parallel:loop closed
[2.360s] DEBUG:colcon.colcon_parallel_executor.executor.parallel:run_until_complete finished with '0'
[2.360s] DEBUG:colcon.colcon_core.event_reactor:joining thread
[2.365s] INFO:colcon.colcon_core.plugin_system:Skipping extension 'colcon_notification.desktop_notification.terminal_notifier': Not used on non-Darwin systems
[2.365s] INFO:colcon.colcon_core.plugin_system:Skipping extension 'colcon_notification.desktop_notification.win32': Not used on non-Windows systems
[2.365s] INFO:colcon.colcon_notification.desktop_notification:Sending desktop notification using 'notify2'
[2.376s] DEBUG:colcon.colcon_core.event_reactor:joined thread
[2.376s] INFO:colcon.colcon_core.shell:Creating prefix script '/home/addinnedu/ROS2_Jazzy_Study/install/local_setup.ps1'
[2.377s] INFO:colcon.colcon_core.shell:Creating prefix util module '/home/addinnedu/ROS2_Jazzy_Study/install/_local_setup_util_ps1.py'
[2.377s] INFO:colcon.colcon_core.shell:Creating prefix chain script '/home/addinnedu/ROS2_Jazzy_Study/install/setup.ps1'
[2.379s] INFO:colcon.colcon_core.shell:Creating prefix script '/home/addinnedu/ROS2_Jazzy_Study/install/local_setup.sh'
[2.379s] INFO:colcon.colcon_core.shell:Creating prefix util module '/home/addinnedu/ROS2_Jazzy_Study/install/_local_setup_util_sh.py'
[2.380s] INFO:colcon.colcon_core.shell:Creating prefix chain script '/home/addinnedu/ROS2_Jazzy_Study/install/setup.sh'
[2.381s] INFO:colcon.colcon_core.shell:Creating prefix script '/home/addinnedu/ROS2_Jazzy_Study/install/local_setup.bash'
[2.381s] INFO:colcon.colcon_core.shell:Creating prefix chain script '/home/addinnedu/ROS2_Jazzy_Study/install/setup.bash'
[2.382s] INFO:colcon.colcon_core.shell:Creating prefix script '/home/addinnedu/ROS2_Jazzy_Study/install/local_setup.zsh'
[2.382s] INFO:colcon.colcon_core.shell:Creating prefix chain script '/home/addinnedu/ROS2_Jazzy_Study/install/setup.zsh'
