[0.228s] Invoking command in '/home/addinnedu/ROS2_Jazzy_Study/build/mapf_planner': CMAKE_PREFIX_PATH=${CMAKE_PREFIX_PATH}:/home/addinnedu/ROS2_Jazzy_Study/install/send_goal:/home/addinnedu/ROS2_Jazzy_Study/install/pinky_mapf:/home/addinnedu/ROS2_Jazzy_Study/install/my_demo_pkg:/home/addinnedu/ROS2_Jazzy_Study/install/aruco_marker_pkg:/opt/ros/jazzy DEBUGINFOD_URLS=https://debuginfod.ubuntu.com /usr/bin/cmake --build /home/addinnedu/ROS2_Jazzy_Study/build/mapf_planner -- -j16 -l16
[0.820s] [ 18%] Built target tracked_path_publisher
[0.821s] [ 18%] Built target waypoint_follower
[0.821s] [ 18%] Built target grid_map_publisher
[0.821s] [ 28%] Built target prioritized_planner_node
[0.822s] [ 37%] Built target astar_node
[0.822s] [ 65%] Built target cbs_planner_node_test2
[0.822s] [ 65%] Built target cbs_planner_node
[0.822s] [ 78%] Built target cbs_planner_node_pose_pub
[0.822s] [ 87%] Built target cbs_planner_node_test
[0.822s] [100%] Built target cbs_planner_pose_publisher
[0.823s] Invoked command in '/home/addinnedu/ROS2_Jazzy_Study/build/mapf_planner' returned '0': CMAKE_PREFIX_PATH=${CMAKE_PREFIX_PATH}:/home/addinnedu/ROS2_Jazzy_Study/install/send_goal:/home/addinnedu/ROS2_Jazzy_Study/install/pinky_mapf:/home/addinnedu/ROS2_Jazzy_Study/install/my_demo_pkg:/home/addinnedu/ROS2_Jazzy_Study/install/aruco_marker_pkg:/opt/ros/jazzy DEBUGINFOD_URLS=https://debuginfod.ubuntu.com /usr/bin/cmake --build /home/addinnedu/ROS2_Jazzy_Study/build/mapf_planner -- -j16 -l16
[0.835s] Invoking command in '/home/addinnedu/ROS2_Jazzy_Study/build/mapf_planner': CMAKE_PREFIX_PATH=${CMAKE_PREFIX_PATH}:/home/addinnedu/ROS2_Jazzy_Study/install/send_goal:/home/addinnedu/ROS2_Jazzy_Study/install/pinky_mapf:/home/addinnedu/ROS2_Jazzy_Study/install/my_demo_pkg:/home/addinnedu/ROS2_Jazzy_Study/install/aruco_marker_pkg:/opt/ros/jazzy DEBUGINFOD_URLS=https://debuginfod.ubuntu.com /usr/bin/cmake --install /home/addinnedu/ROS2_Jazzy_Study/build/mapf_planner
[0.847s] -- Install configuration: ""
[0.847s] -- Execute custom install script
[0.847s] -- Up-to-date symlink: /home/addinnedu/ROS2_Jazzy_Study/install/mapf_planner/lib/mapf_planner/astar_node
[0.847s] -- Up-to-date symlink: /home/addinnedu/ROS2_Jazzy_Study/install/mapf_planner/lib/mapf_planner/grid_map_publisher
[0.847s] -- Up-to-date symlink: /home/addinnedu/ROS2_Jazzy_Study/install/mapf_planner/lib/mapf_planner/prioritized_planner_node
[0.848s] -- Up-to-date symlink: /home/addinnedu/ROS2_Jazzy_Study/install/mapf_planner/lib/mapf_planner/cbs_planner_node
[0.848s] -- Up-to-date symlink: /home/addinnedu/ROS2_Jazzy_Study/install/mapf_planner/lib/mapf_planner/waypoint_follower
[0.848s] -- Up-to-date symlink: /home/addinnedu/ROS2_Jazzy_Study/install/mapf_planner/lib/mapf_planner/tracked_path_publisher
[0.848s] -- Up-to-date symlink: /home/addinnedu/ROS2_Jazzy_Study/install/mapf_planner/lib/mapf_planner/cbs_planner_node_test
[0.849s] -- Up-to-date symlink: /home/addinnedu/ROS2_Jazzy_Study/install/mapf_planner/lib/mapf_planner/cbs_planner_node_test2
[0.849s] -- Up-to-date symlink: /home/addinnedu/ROS2_Jazzy_Study/install/mapf_planner/lib/mapf_planner/cbs_planner_pose_publisher
[0.849s] -- Up-to-date symlink: /home/addinnedu/ROS2_Jazzy_Study/install/mapf_planner/lib/mapf_planner/cbs_planner_node_pose_pub
[0.850s] -- Up-to-date symlink: /home/addinnedu/ROS2_Jazzy_Study/install/mapf_planner/share/mapf_planner//launch/multi_node_launch.py
[0.850s] -- Up-to-date symlink: /home/addinnedu/ROS2_Jazzy_Study/install/mapf_planner/share/ament_index/resource_index/package_run_dependencies/mapf_planner
[0.851s] -- Up-to-date symlink: /home/addinnedu/ROS2_Jazzy_Study/install/mapf_planner/share/ament_index/resource_index/parent_prefix_path/mapf_planner
[0.851s] -- Up-to-date symlink: /home/addinnedu/ROS2_Jazzy_Study/install/mapf_planner/share/mapf_planner/environment/ament_prefix_path.sh
[0.851s] -- Up-to-date symlink: /home/addinnedu/ROS2_Jazzy_Study/install/mapf_planner/share/mapf_planner/environment/ament_prefix_path.dsv
[0.851s] -- Up-to-date symlink: /home/addinnedu/ROS2_Jazzy_Study/install/mapf_planner/share/mapf_planner/environment/path.sh
[0.851s] -- Up-to-date symlink: /home/addinnedu/ROS2_Jazzy_Study/install/mapf_planner/share/mapf_planner/environment/path.dsv
[0.852s] -- Up-to-date symlink: /home/addinnedu/ROS2_Jazzy_Study/install/mapf_planner/share/mapf_planner/local_setup.bash
[0.852s] -- Up-to-date symlink: /home/addinnedu/ROS2_Jazzy_Study/install/mapf_planner/share/mapf_planner/local_setup.sh
[0.852s] -- Up-to-date symlink: /home/addinnedu/ROS2_Jazzy_Study/install/mapf_planner/share/mapf_planner/local_setup.zsh
[0.852s] -- Up-to-date symlink: /home/addinnedu/ROS2_Jazzy_Study/install/mapf_planner/share/mapf_planner/local_setup.dsv
[0.852s] -- Symlinking: /home/addinnedu/ROS2_Jazzy_Study/install/mapf_planner/share/mapf_planner/package.dsv
[0.865s] -- Up-to-date symlink: /home/addinnedu/ROS2_Jazzy_Study/install/mapf_planner/share/ament_index/resource_index/packages/mapf_planner
[0.865s] -- Up-to-date symlink: /home/addinnedu/ROS2_Jazzy_Study/install/mapf_planner/share/mapf_planner/cmake/mapf_plannerConfig.cmake
[0.866s] -- Up-to-date symlink: /home/addinnedu/ROS2_Jazzy_Study/install/mapf_planner/share/mapf_planner/cmake/mapf_plannerConfig-version.cmake
[0.866s] -- Up-to-date symlink: /home/addinnedu/ROS2_Jazzy_Study/install/mapf_planner/share/mapf_planner/package.xml
[0.869s] Invoked command in '/home/addinnedu/ROS2_Jazzy_Study/build/mapf_planner' returned '0': CMAKE_PREFIX_PATH=${CMAKE_PREFIX_PATH}:/home/addinnedu/ROS2_Jazzy_Study/install/send_goal:/home/addinnedu/ROS2_Jazzy_Study/install/pinky_mapf:/home/addinnedu/ROS2_Jazzy_Study/install/my_demo_pkg:/home/addinnedu/ROS2_Jazzy_Study/install/aruco_marker_pkg:/opt/ros/jazzy DEBUGINFOD_URLS=https://debuginfod.ubuntu.com /usr/bin/cmake --install /home/addinnedu/ROS2_Jazzy_Study/build/mapf_planner
