[1.108s] Invoking command in '/home/jewoo/ROS2_Jazzy_Study/build/aruco_marker_pkg': DEBUGINFOD_URLS=https://debuginfod.ubuntu.com PYTHONPATH=/home/jewoo/ROS2_Jazzy_Study/build/aruco_marker_pkg/prefix_override:/usr/lib/python3/dist-packages/colcon_core/task/python/colcon_distutils_commands:/home/jewoo/ROS2_Jazzy_Study/install/aruco_marker_pkg/lib/python3.12/site-packages:${PYTHONPATH} /usr/bin/python3 -W ignore:setup.py install is deprecated -W ignore:easy_install command is deprecated setup.py develop --editable --build-directory /home/jewoo/ROS2_Jazzy_Study/build/aruco_marker_pkg/build --no-deps symlink_data
[1.411s] running develop
[1.607s] running egg_info
[1.608s] creating aruco_marker_pkg.egg-info
[1.626s] writing aruco_marker_pkg.egg-info/PKG-INFO
[1.627s] writing dependency_links to aruco_marker_pkg.egg-info/dependency_links.txt
[1.627s] writing entry points to aruco_marker_pkg.egg-info/entry_points.txt
[1.627s] writing requirements to aruco_marker_pkg.egg-info/requires.txt
[1.628s] writing top-level names to aruco_marker_pkg.egg-info/top_level.txt
[1.628s] writing manifest file 'aruco_marker_pkg.egg-info/SOURCES.txt'
[1.667s] reading manifest file 'aruco_marker_pkg.egg-info/SOURCES.txt'
[1.667s] writing manifest file 'aruco_marker_pkg.egg-info/SOURCES.txt'
[1.688s] running build_ext
[1.688s] Creating /home/jewoo/ROS2_Jazzy_Study/install/aruco_marker_pkg/lib/python3.12/site-packages/aruco-marker-pkg.egg-link (link to .)
[1.689s] Installing LocationManager script to /home/jewoo/ROS2_Jazzy_Study/install/aruco_marker_pkg/lib/aruco_marker_pkg
[1.689s] Installing aruco_TF_broadcaster script to /home/jewoo/ROS2_Jazzy_Study/install/aruco_marker_pkg/lib/aruco_marker_pkg
[1.689s] Installing aruco_odom_publisher script to /home/jewoo/ROS2_Jazzy_Study/install/aruco_marker_pkg/lib/aruco_marker_pkg
[1.690s] Installing aruco_path_tracker script to /home/jewoo/ROS2_Jazzy_Study/install/aruco_marker_pkg/lib/aruco_marker_pkg
[1.690s] Installing aruco_test script to /home/jewoo/ROS2_Jazzy_Study/install/aruco_marker_pkg/lib/aruco_marker_pkg
[1.690s] Installing marker_publisher_node script to /home/jewoo/ROS2_Jazzy_Study/install/aruco_marker_pkg/lib/aruco_marker_pkg
[1.690s] Installing monitoring_gui script to /home/jewoo/ROS2_Jazzy_Study/install/aruco_marker_pkg/lib/aruco_marker_pkg
[1.690s] Installing monitoring_gui_matplot script to /home/jewoo/ROS2_Jazzy_Study/install/aruco_marker_pkg/lib/aruco_marker_pkg
[1.690s] Installing monitoring_map_gui script to /home/jewoo/ROS2_Jazzy_Study/install/aruco_marker_pkg/lib/aruco_marker_pkg
[1.690s] Installing monitoring_map_gui_LPF script to /home/jewoo/ROS2_Jazzy_Study/install/aruco_marker_pkg/lib/aruco_marker_pkg
[1.690s] Installing multi_aruco_odom_publisher script to /home/jewoo/ROS2_Jazzy_Study/install/aruco_marker_pkg/lib/aruco_marker_pkg
[1.690s] Installing pose_publisher script to /home/jewoo/ROS2_Jazzy_Study/install/aruco_marker_pkg/lib/aruco_marker_pkg
[1.690s] Installing qmonitor_state_machine script to /home/jewoo/ROS2_Jazzy_Study/install/aruco_marker_pkg/lib/aruco_marker_pkg
[1.691s] 
[1.691s] Installed /home/jewoo/ROS2_Jazzy_Study/build/aruco_marker_pkg
[1.691s] running symlink_data
[1.691s] creating /home/jewoo/ROS2_Jazzy_Study/install/aruco_marker_pkg/share/ament_index
[1.691s] creating /home/jewoo/ROS2_Jazzy_Study/install/aruco_marker_pkg/share/ament_index/resource_index
[1.691s] creating /home/jewoo/ROS2_Jazzy_Study/install/aruco_marker_pkg/share/ament_index/resource_index/packages
[1.691s] symbolically linking /home/jewoo/ROS2_Jazzy_Study/build/aruco_marker_pkg/resource/aruco_marker_pkg -> /home/jewoo/ROS2_Jazzy_Study/install/aruco_marker_pkg/share/ament_index/resource_index/packages
[1.691s] symbolically linking /home/jewoo/ROS2_Jazzy_Study/build/aruco_marker_pkg/package.xml -> /home/jewoo/ROS2_Jazzy_Study/install/aruco_marker_pkg/share/aruco_marker_pkg
[1.771s] Invoked command in '/home/jewoo/ROS2_Jazzy_Study/build/aruco_marker_pkg' returned '0': DEBUGINFOD_URLS=https://debuginfod.ubuntu.com PYTHONPATH=/home/jewoo/ROS2_Jazzy_Study/build/aruco_marker_pkg/prefix_override:/usr/lib/python3/dist-packages/colcon_core/task/python/colcon_distutils_commands:/home/jewoo/ROS2_Jazzy_Study/install/aruco_marker_pkg/lib/python3.12/site-packages:${PYTHONPATH} /usr/bin/python3 -W ignore:setup.py install is deprecated -W ignore:easy_install command is deprecated setup.py develop --editable --build-directory /home/jewoo/ROS2_Jazzy_Study/build/aruco_marker_pkg/build --no-deps symlink_data
