[0.259s] Invoking command in '/home/addinnedu/ROS2_Jazzy_Study/build/mapf_planner': CMAKE_PREFIX_PATH=${CMAKE_PREFIX_PATH}:/home/addinnedu/ROS2_Jazzy_Study/install/send_goal:/home/addinnedu/ROS2_Jazzy_Study/install/pinky_mapf:/home/addinnedu/ROS2_Jazzy_Study/install/my_demo_pkg:/home/addinnedu/ROS2_Jazzy_Study/install/aruco_marker_pkg:/opt/ros/jazzy DEBUGINFOD_URLS=https://debuginfod.ubuntu.com /usr/bin/cmake --build /home/addinnedu/ROS2_Jazzy_Study/build/mapf_planner -- -j16 -l16
[0.884s] [ 31%] Built target tracked_path_publisher
[0.884s] [ 31%] Built target grid_map_publisher
[0.885s] [ 31%] Built target astar_node
[0.885s] [ 34%] Built target cbs_planner_pose_publisher
[0.885s] [ 46%] Built target cbs_planner_node_pose_pub
[0.885s] [ 59%] Built target cbs_planner_node
[0.885s] [ 75%] Built target prioritized_planner_node
[0.886s] [ 75%] Built target waypoint_follower
[0.886s] [ 87%] Built target cbs_planner_node_test
[0.886s] [100%] Built target cbs_planner_node_test2
[0.886s] Invoked command in '/home/addinnedu/ROS2_Jazzy_Study/build/mapf_planner' returned '0': CMAKE_PREFIX_PATH=${CMAKE_PREFIX_PATH}:/home/addinnedu/ROS2_Jazzy_Study/install/send_goal:/home/addinnedu/ROS2_Jazzy_Study/install/pinky_mapf:/home/addinnedu/ROS2_Jazzy_Study/install/my_demo_pkg:/home/addinnedu/ROS2_Jazzy_Study/install/aruco_marker_pkg:/opt/ros/jazzy DEBUGINFOD_URLS=https://debuginfod.ubuntu.com /usr/bin/cmake --build /home/addinnedu/ROS2_Jazzy_Study/build/mapf_planner -- -j16 -l16
[0.898s] Invoking command in '/home/addinnedu/ROS2_Jazzy_Study/build/mapf_planner': CMAKE_PREFIX_PATH=${CMAKE_PREFIX_PATH}:/home/addinnedu/ROS2_Jazzy_Study/install/send_goal:/home/addinnedu/ROS2_Jazzy_Study/install/pinky_mapf:/home/addinnedu/ROS2_Jazzy_Study/install/my_demo_pkg:/home/addinnedu/ROS2_Jazzy_Study/install/aruco_marker_pkg:/opt/ros/jazzy DEBUGINFOD_URLS=https://debuginfod.ubuntu.com /usr/bin/cmake --install /home/addinnedu/ROS2_Jazzy_Study/build/mapf_planner
[0.909s] -- Install configuration: ""
[0.910s] -- Execute custom install script
[0.910s] -- Up-to-date symlink: /home/addinnedu/ROS2_Jazzy_Study/install/mapf_planner/lib/mapf_planner/astar_node
[0.911s] -- Up-to-date symlink: /home/addinnedu/ROS2_Jazzy_Study/install/mapf_planner/lib/mapf_planner/grid_map_publisher
[0.911s] -- Up-to-date symlink: /home/addinnedu/ROS2_Jazzy_Study/install/mapf_planner/lib/mapf_planner/prioritized_planner_node
[0.911s] -- Up-to-date symlink: /home/addinnedu/ROS2_Jazzy_Study/install/mapf_planner/lib/mapf_planner/cbs_planner_node
[0.911s] -- Up-to-date symlink: /home/addinnedu/ROS2_Jazzy_Study/install/mapf_planner/lib/mapf_planner/waypoint_follower
[0.911s] -- Up-to-date symlink: /home/addinnedu/ROS2_Jazzy_Study/install/mapf_planner/lib/mapf_planner/tracked_path_publisher
[0.911s] -- Up-to-date symlink: /home/addinnedu/ROS2_Jazzy_Study/install/mapf_planner/lib/mapf_planner/cbs_planner_node_test
[0.912s] -- Up-to-date symlink: /home/addinnedu/ROS2_Jazzy_Study/install/mapf_planner/lib/mapf_planner/cbs_planner_node_test2
[0.912s] -- Up-to-date symlink: /home/addinnedu/ROS2_Jazzy_Study/install/mapf_planner/lib/mapf_planner/cbs_planner_pose_publisher
[0.912s] -- Up-to-date symlink: /home/addinnedu/ROS2_Jazzy_Study/install/mapf_planner/lib/mapf_planner/cbs_planner_node_pose_pub
[0.912s] -- Up-to-date symlink: /home/addinnedu/ROS2_Jazzy_Study/install/mapf_planner/share/mapf_planner//launch/multi_node_launch.py
[0.913s] -- Up-to-date symlink: /home/addinnedu/ROS2_Jazzy_Study/install/mapf_planner/share/ament_index/resource_index/package_run_dependencies/mapf_planner
[0.913s] -- Up-to-date symlink: /home/addinnedu/ROS2_Jazzy_Study/install/mapf_planner/share/ament_index/resource_index/parent_prefix_path/mapf_planner
[0.914s] -- Up-to-date symlink: /home/addinnedu/ROS2_Jazzy_Study/install/mapf_planner/share/mapf_planner/environment/ament_prefix_path.sh
[0.914s] -- Up-to-date symlink: /home/addinnedu/ROS2_Jazzy_Study/install/mapf_planner/share/mapf_planner/environment/ament_prefix_path.dsv
[0.914s] -- Up-to-date symlink: /home/addinnedu/ROS2_Jazzy_Study/install/mapf_planner/share/mapf_planner/environment/path.sh
[0.914s] -- Up-to-date symlink: /home/addinnedu/ROS2_Jazzy_Study/install/mapf_planner/share/mapf_planner/environment/path.dsv
[0.914s] -- Up-to-date symlink: /home/addinnedu/ROS2_Jazzy_Study/install/mapf_planner/share/mapf_planner/local_setup.bash
[0.914s] -- Up-to-date symlink: /home/addinnedu/ROS2_Jazzy_Study/install/mapf_planner/share/mapf_planner/local_setup.sh
[0.914s] -- Up-to-date symlink: /home/addinnedu/ROS2_Jazzy_Study/install/mapf_planner/share/mapf_planner/local_setup.zsh
[0.914s] -- Up-to-date symlink: /home/addinnedu/ROS2_Jazzy_Study/install/mapf_planner/share/mapf_planner/local_setup.dsv
[0.915s] -- Symlinking: /home/addinnedu/ROS2_Jazzy_Study/install/mapf_planner/share/mapf_planner/package.dsv
[0.928s] -- Up-to-date symlink: /home/addinnedu/ROS2_Jazzy_Study/install/mapf_planner/share/ament_index/resource_index/packages/mapf_planner
[0.928s] -- Up-to-date symlink: /home/addinnedu/ROS2_Jazzy_Study/install/mapf_planner/share/mapf_planner/cmake/mapf_plannerConfig.cmake
[0.928s] -- Up-to-date symlink: /home/addinnedu/ROS2_Jazzy_Study/install/mapf_planner/share/mapf_planner/cmake/mapf_plannerConfig-version.cmake
[0.928s] -- Up-to-date symlink: /home/addinnedu/ROS2_Jazzy_Study/install/mapf_planner/share/mapf_planner/package.xml
[0.931s] Invoked command in '/home/addinnedu/ROS2_Jazzy_Study/build/mapf_planner' returned '0': CMAKE_PREFIX_PATH=${CMAKE_PREFIX_PATH}:/home/addinnedu/ROS2_Jazzy_Study/install/send_goal:/home/addinnedu/ROS2_Jazzy_Study/install/pinky_mapf:/home/addinnedu/ROS2_Jazzy_Study/install/my_demo_pkg:/home/addinnedu/ROS2_Jazzy_Study/install/aruco_marker_pkg:/opt/ros/jazzy DEBUGINFOD_URLS=https://debuginfod.ubuntu.com /usr/bin/cmake --install /home/addinnedu/ROS2_Jazzy_Study/build/mapf_planner
