[1.430s] Invoking command in '/home/addinnedu/ROS2_Jazzy_Study/src/my_demo_pkg': DEBUGINFOD_URLS=https://debuginfod.ubuntu.com PYTHONPATH=/home/addinnedu/ROS2_Jazzy_Study/build/my_demo_pkg/prefix_override:/usr/lib/python3/dist-packages/colcon_core/task/python/colcon_distutils_commands:/home/addinnedu/ROS2_Jazzy_Study/install/my_demo_pkg/lib/python3.12/site-packages:${PYTHONPATH} /usr/bin/python3 -W ignore:setup.py install is deprecated -W ignore:easy_install command is deprecated setup.py egg_info --egg-base ../../build/my_demo_pkg build --build-base /home/addinnedu/ROS2_Jazzy_Study/build/my_demo_pkg/build install --record /home/addinnedu/ROS2_Jazzy_Study/build/my_demo_pkg/install.log --single-version-externally-managed install_data
[1.686s] running egg_info
[1.686s] creating ../../build/my_demo_pkg/my_demo_pkg.egg-info
[1.706s] writing ../../build/my_demo_pkg/my_demo_pkg.egg-info/PKG-INFO
[1.707s] writing dependency_links to ../../build/my_demo_pkg/my_demo_pkg.egg-info/dependency_links.txt
[1.707s] writing entry points to ../../build/my_demo_pkg/my_demo_pkg.egg-info/entry_points.txt
[1.707s] writing requirements to ../../build/my_demo_pkg/my_demo_pkg.egg-info/requires.txt
[1.707s] writing top-level names to ../../build/my_demo_pkg/my_demo_pkg.egg-info/top_level.txt
[1.707s] writing manifest file '../../build/my_demo_pkg/my_demo_pkg.egg-info/SOURCES.txt'
[1.749s] reading manifest file '../../build/my_demo_pkg/my_demo_pkg.egg-info/SOURCES.txt'
[1.750s] writing manifest file '../../build/my_demo_pkg/my_demo_pkg.egg-info/SOURCES.txt'
[1.750s] running build
[1.750s] running build_py
[1.750s] creating /home/addinnedu/ROS2_Jazzy_Study/build/my_demo_pkg/build
[1.750s] creating /home/addinnedu/ROS2_Jazzy_Study/build/my_demo_pkg/build/lib
[1.750s] creating /home/addinnedu/ROS2_Jazzy_Study/build/my_demo_pkg/build/lib/my_demo_pkg
[1.750s] copying my_demo_pkg/talker2.py -> /home/addinnedu/ROS2_Jazzy_Study/build/my_demo_pkg/build/lib/my_demo_pkg
[1.750s] copying my_demo_pkg/talker1.py -> /home/addinnedu/ROS2_Jazzy_Study/build/my_demo_pkg/build/lib/my_demo_pkg
[1.750s] copying my_demo_pkg/__init__.py -> /home/addinnedu/ROS2_Jazzy_Study/build/my_demo_pkg/build/lib/my_demo_pkg
[1.752s] running install
[1.755s] running install_lib
[1.780s] creating /home/addinnedu/ROS2_Jazzy_Study/install/my_demo_pkg/lib/python3.12/site-packages/my_demo_pkg
[1.780s] copying /home/addinnedu/ROS2_Jazzy_Study/build/my_demo_pkg/build/lib/my_demo_pkg/talker2.py -> /home/addinnedu/ROS2_Jazzy_Study/install/my_demo_pkg/lib/python3.12/site-packages/my_demo_pkg
[1.781s] copying /home/addinnedu/ROS2_Jazzy_Study/build/my_demo_pkg/build/lib/my_demo_pkg/talker1.py -> /home/addinnedu/ROS2_Jazzy_Study/install/my_demo_pkg/lib/python3.12/site-packages/my_demo_pkg
[1.781s] copying /home/addinnedu/ROS2_Jazzy_Study/build/my_demo_pkg/build/lib/my_demo_pkg/__init__.py -> /home/addinnedu/ROS2_Jazzy_Study/install/my_demo_pkg/lib/python3.12/site-packages/my_demo_pkg
[1.781s] byte-compiling /home/addinnedu/ROS2_Jazzy_Study/install/my_demo_pkg/lib/python3.12/site-packages/my_demo_pkg/talker2.py to talker2.cpython-312.pyc
[1.782s] byte-compiling /home/addinnedu/ROS2_Jazzy_Study/install/my_demo_pkg/lib/python3.12/site-packages/my_demo_pkg/talker1.py to talker1.cpython-312.pyc
[1.782s] byte-compiling /home/addinnedu/ROS2_Jazzy_Study/install/my_demo_pkg/lib/python3.12/site-packages/my_demo_pkg/__init__.py to __init__.cpython-312.pyc
[1.782s] running install_data
[1.782s] copying package.xml -> /home/addinnedu/ROS2_Jazzy_Study/install/my_demo_pkg/share/my_demo_pkg
[1.782s] running install_egg_info
[1.804s] Copying ../../build/my_demo_pkg/my_demo_pkg.egg-info to /home/addinnedu/ROS2_Jazzy_Study/install/my_demo_pkg/lib/python3.12/site-packages/my_demo_pkg-0.0.0-py3.12.egg-info
[1.805s] running install_scripts
[2.061s] Installing talker1 script to /home/addinnedu/ROS2_Jazzy_Study/install/my_demo_pkg/lib/my_demo_pkg
[2.062s] Installing talker2 script to /home/addinnedu/ROS2_Jazzy_Study/install/my_demo_pkg/lib/my_demo_pkg
[2.068s] writing list of installed files to '/home/addinnedu/ROS2_Jazzy_Study/build/my_demo_pkg/install.log'
[2.144s] Invoked command in '/home/addinnedu/ROS2_Jazzy_Study/src/my_demo_pkg' returned '0': DEBUGINFOD_URLS=https://debuginfod.ubuntu.com PYTHONPATH=/home/addinnedu/ROS2_Jazzy_Study/build/my_demo_pkg/prefix_override:/usr/lib/python3/dist-packages/colcon_core/task/python/colcon_distutils_commands:/home/addinnedu/ROS2_Jazzy_Study/install/my_demo_pkg/lib/python3.12/site-packages:${PYTHONPATH} /usr/bin/python3 -W ignore:setup.py install is deprecated -W ignore:easy_install command is deprecated setup.py egg_info --egg-base ../../build/my_demo_pkg build --build-base /home/addinnedu/ROS2_Jazzy_Study/build/my_demo_pkg/build install --record /home/addinnedu/ROS2_Jazzy_Study/build/my_demo_pkg/install.log --single-version-externally-managed install_data
