[0.697s] Invoking command in '/home/addinnedu/ROS2_Jazzy_Study/build/pinky_rmf': CMAKE_PREFIX_PATH=${CMAKE_PREFIX_PATH}:/home/addinnedu/ROS2_Jazzy_Study/install/send_goal:/home/addinnedu/ROS2_Jazzy_Study/install/pinky_mapf:/home/addinnedu/ROS2_Jazzy_Study/install/my_demo_pkg:/home/addinnedu/ROS2_Jazzy_Study/install/aruco_marker_pkg:/opt/ros/jazzy DEBUGINFOD_URLS=https://debuginfod.ubuntu.com /usr/bin/cmake /home/addinnedu/ROS2_Jazzy_Study/src/pinky_rmf -DAMENT_CMAKE_SYMLINK_INSTALL=1 -DCMAKE_INSTALL_PREFIX=/home/addinnedu/ROS2_Jazzy_Study/install/pinky_rmf
[0.916s] -- Found ament_cmake: 2.5.4 (/opt/ros/jazzy/share/ament_cmake/cmake)
[0.916s] -- Override CMake install command with custom implementation using symlinks instead of copying resources
[0.916s] -- Found rclcpp: 28.1.9 (/opt/ros/jazzy/share/rclcpp/cmake)
[0.940s] -- Found rosidl_generator_c: 4.6.5 (/opt/ros/jazzy/share/rosidl_generator_c/cmake)
[0.948s] -- Found rosidl_generator_cpp: 4.6.5 (/opt/ros/jazzy/share/rosidl_generator_cpp/cmake)
[0.961s] -- Using all available rosidl_typesupport_c: rosidl_typesupport_fastrtps_c;rosidl_typesupport_introspection_c
[0.977s] -- Using all available rosidl_typesupport_cpp: rosidl_typesupport_fastrtps_cpp;rosidl_typesupport_introspection_cpp
[1.038s] -- Found rmw_implementation_cmake: 7.3.2 (/opt/ros/jazzy/share/rmw_implementation_cmake/cmake)
[1.040s] -- Found rmw_fastrtps_cpp: 8.4.2 (/opt/ros/jazzy/share/rmw_fastrtps_cpp/cmake)
[1.121s] -- Using RMW implementation 'rmw_fastrtps_cpp' as default
[1.206s] -- Found rclcpp_action: 28.1.9 (/opt/ros/jazzy/share/rclcpp_action/cmake)
[1.261s] -- Found std_msgs: 5.3.6 (/opt/ros/jazzy/share/std_msgs/cmake)
[1.277s] -- Found geometry_msgs: 5.3.6 (/opt/ros/jazzy/share/geometry_msgs/cmake)
[1.293s] -- Found nav2_msgs: 1.3.6 (/opt/ros/jazzy/share/nav2_msgs/cmake)
[1.419s] -- Found ament_lint_auto: 0.17.2 (/opt/ros/jazzy/share/ament_lint_auto/cmake)
[1.513s] -- Added test 'cppcheck' to perform static code analysis on C / C++ code
[1.513s] -- Configured cppcheck include dirs: $<BUILD_INTERFACE:/home/addinnedu/ROS2_Jazzy_Study/src/pinky_rmf/include>
[1.513s] -- Configured cppcheck exclude dirs and/or files: 
[1.514s] -- Added test 'lint_cmake' to check CMake code style
[1.514s] -- Added test 'uncrustify' to check C / C++ code style
[1.514s] -- Configured uncrustify additional arguments: 
[1.514s] -- Added test 'xmllint' to check XML markup files
[1.514s] -- Configuring done (0.8s)
[1.527s] -- Generating done (0.0s)
[1.531s] -- Build files have been written to: /home/addinnedu/ROS2_Jazzy_Study/build/pinky_rmf
[1.543s] Invoked command in '/home/addinnedu/ROS2_Jazzy_Study/build/pinky_rmf' returned '0': CMAKE_PREFIX_PATH=${CMAKE_PREFIX_PATH}:/home/addinnedu/ROS2_Jazzy_Study/install/send_goal:/home/addinnedu/ROS2_Jazzy_Study/install/pinky_mapf:/home/addinnedu/ROS2_Jazzy_Study/install/my_demo_pkg:/home/addinnedu/ROS2_Jazzy_Study/install/aruco_marker_pkg:/opt/ros/jazzy DEBUGINFOD_URLS=https://debuginfod.ubuntu.com /usr/bin/cmake /home/addinnedu/ROS2_Jazzy_Study/src/pinky_rmf -DAMENT_CMAKE_SYMLINK_INSTALL=1 -DCMAKE_INSTALL_PREFIX=/home/addinnedu/ROS2_Jazzy_Study/install/pinky_rmf
[1.543s] Invoking command in '/home/addinnedu/ROS2_Jazzy_Study/build/pinky_rmf': CMAKE_PREFIX_PATH=${CMAKE_PREFIX_PATH}:/home/addinnedu/ROS2_Jazzy_Study/install/send_goal:/home/addinnedu/ROS2_Jazzy_Study/install/pinky_mapf:/home/addinnedu/ROS2_Jazzy_Study/install/my_demo_pkg:/home/addinnedu/ROS2_Jazzy_Study/install/aruco_marker_pkg:/opt/ros/jazzy DEBUGINFOD_URLS=https://debuginfod.ubuntu.com /usr/bin/cmake --build /home/addinnedu/ROS2_Jazzy_Study/build/pinky_rmf -- -j16 -l16
[1.623s] [100%] Built target goal_pose_listener
[1.640s] Invoked command in '/home/addinnedu/ROS2_Jazzy_Study/build/pinky_rmf' returned '0': CMAKE_PREFIX_PATH=${CMAKE_PREFIX_PATH}:/home/addinnedu/ROS2_Jazzy_Study/install/send_goal:/home/addinnedu/ROS2_Jazzy_Study/install/pinky_mapf:/home/addinnedu/ROS2_Jazzy_Study/install/my_demo_pkg:/home/addinnedu/ROS2_Jazzy_Study/install/aruco_marker_pkg:/opt/ros/jazzy DEBUGINFOD_URLS=https://debuginfod.ubuntu.com /usr/bin/cmake --build /home/addinnedu/ROS2_Jazzy_Study/build/pinky_rmf -- -j16 -l16
[1.641s] Invoking command in '/home/addinnedu/ROS2_Jazzy_Study/build/pinky_rmf': CMAKE_PREFIX_PATH=${CMAKE_PREFIX_PATH}:/home/addinnedu/ROS2_Jazzy_Study/install/send_goal:/home/addinnedu/ROS2_Jazzy_Study/install/pinky_mapf:/home/addinnedu/ROS2_Jazzy_Study/install/my_demo_pkg:/home/addinnedu/ROS2_Jazzy_Study/install/aruco_marker_pkg:/opt/ros/jazzy DEBUGINFOD_URLS=https://debuginfod.ubuntu.com /usr/bin/cmake --install /home/addinnedu/ROS2_Jazzy_Study/build/pinky_rmf
[1.651s] -- Install configuration: ""
[1.651s] -- Execute custom install script
[1.652s] -- Up-to-date symlink: /home/addinnedu/ROS2_Jazzy_Study/install/pinky_rmf/lib/pinky_rmf/goal_pose_listener
[1.652s] -- Up-to-date symlink: /home/addinnedu/ROS2_Jazzy_Study/install/pinky_rmf/share/ament_index/resource_index/package_run_dependencies/pinky_rmf
[1.652s] -- Up-to-date symlink: /home/addinnedu/ROS2_Jazzy_Study/install/pinky_rmf/share/ament_index/resource_index/parent_prefix_path/pinky_rmf
[1.652s] -- Up-to-date symlink: /home/addinnedu/ROS2_Jazzy_Study/install/pinky_rmf/share/pinky_rmf/environment/ament_prefix_path.sh
[1.652s] -- Up-to-date symlink: /home/addinnedu/ROS2_Jazzy_Study/install/pinky_rmf/share/pinky_rmf/environment/ament_prefix_path.dsv
[1.652s] -- Up-to-date symlink: /home/addinnedu/ROS2_Jazzy_Study/install/pinky_rmf/share/pinky_rmf/environment/path.sh
[1.652s] -- Up-to-date symlink: /home/addinnedu/ROS2_Jazzy_Study/install/pinky_rmf/share/pinky_rmf/environment/path.dsv
[1.652s] -- Up-to-date symlink: /home/addinnedu/ROS2_Jazzy_Study/install/pinky_rmf/share/pinky_rmf/local_setup.bash
[1.653s] -- Up-to-date symlink: /home/addinnedu/ROS2_Jazzy_Study/install/pinky_rmf/share/pinky_rmf/local_setup.sh
[1.653s] -- Up-to-date symlink: /home/addinnedu/ROS2_Jazzy_Study/install/pinky_rmf/share/pinky_rmf/local_setup.zsh
[1.653s] -- Up-to-date symlink: /home/addinnedu/ROS2_Jazzy_Study/install/pinky_rmf/share/pinky_rmf/local_setup.dsv
[1.653s] -- Symlinking: /home/addinnedu/ROS2_Jazzy_Study/install/pinky_rmf/share/pinky_rmf/package.dsv
[1.667s] -- Up-to-date symlink: /home/addinnedu/ROS2_Jazzy_Study/install/pinky_rmf/share/ament_index/resource_index/packages/pinky_rmf
[1.667s] -- Up-to-date symlink: /home/addinnedu/ROS2_Jazzy_Study/install/pinky_rmf/share/pinky_rmf/cmake/pinky_rmfConfig.cmake
[1.667s] -- Up-to-date symlink: /home/addinnedu/ROS2_Jazzy_Study/install/pinky_rmf/share/pinky_rmf/cmake/pinky_rmfConfig-version.cmake
[1.668s] -- Up-to-date symlink: /home/addinnedu/ROS2_Jazzy_Study/install/pinky_rmf/share/pinky_rmf/package.xml
[1.670s] Invoked command in '/home/addinnedu/ROS2_Jazzy_Study/build/pinky_rmf' returned '0': CMAKE_PREFIX_PATH=${CMAKE_PREFIX_PATH}:/home/addinnedu/ROS2_Jazzy_Study/install/send_goal:/home/addinnedu/ROS2_Jazzy_Study/install/pinky_mapf:/home/addinnedu/ROS2_Jazzy_Study/install/my_demo_pkg:/home/addinnedu/ROS2_Jazzy_Study/install/aruco_marker_pkg:/opt/ros/jazzy DEBUGINFOD_URLS=https://debuginfod.ubuntu.com /usr/bin/cmake --install /home/addinnedu/ROS2_Jazzy_Study/build/pinky_rmf
