[0.097s] DEBUG:colcon:Command line arguments: ['/usr/bin/colcon', 'build']
[0.097s] DEBUG:colcon:Parsed command line arguments: Namespace(log_base=None, log_level=None, verb_name='build', build_base='build', install_base='install', merge_install=False, symlink_install=False, test_result_base=None, continue_on_error=False, executor='parallel', parallel_workers=16, event_handlers=None, ignore_user_meta=False, metas=['./colcon.meta'], base_paths=['.'], packages_ignore=None, packages_ignore_regex=None, paths=None, packages_up_to=None, packages_up_to_regex=None, packages_above=None, packages_above_and_dependencies=None, packages_above_depth=None, packages_select_by_dep=None, packages_skip_by_dep=None, packages_skip_up_to=None, packages_select_build_failed=False, packages_skip_build_finished=False, packages_select_test_failures=False, packages_skip_test_passed=False, packages_select=None, packages_skip=None, packages_select_regex=None, packages_skip_regex=None, packages_start=None, packages_end=None, allow_overriding=[], cmake_args=None, cmake_target=None, cmake_target_skip_unavailable=False, cmake_clean_cache=False, cmake_clean_first=False, cmake_force_configure=False, ament_cmake_args=None, catkin_cmake_args=None, catkin_skip_building_tests=False, mixin_files=None, mixin=None, verb_parser=<colcon_mixin.mixin.mixin_argument.MixinArgumentDecorator object at 0x7a046f5d06b0>, verb_extension=<colcon_core.verb.build.BuildVerb object at 0x7a046f5afec0>, main=<bound method BuildVerb.main of <colcon_core.verb.build.BuildVerb object at 0x7a046f5afec0>>, mixin_verb=('build',))
[0.129s] Level 1:colcon.colcon_core.package_discovery:discover_packages(colcon_meta) check parameters
[0.129s] Level 1:colcon.colcon_core.package_discovery:discover_packages(recursive) check parameters
[0.129s] Level 1:colcon.colcon_core.package_discovery:discover_packages(ignore) check parameters
[0.129s] Level 1:colcon.colcon_core.package_discovery:discover_packages(path) check parameters
[0.129s] Level 1:colcon.colcon_core.package_discovery:discover_packages(colcon_meta) discover
[0.130s] Level 1:colcon.colcon_core.package_discovery:discover_packages(recursive) discover
[0.130s] INFO:colcon.colcon_core.package_discovery:Crawling recursively for packages in '/home/addinnedu/ROS2_Jazzy_Study'
[0.130s] Level 1:colcon.colcon_core.package_identification:_identify(.) by extensions ['ignore', 'ignore_ament_install']
[0.130s] Level 1:colcon.colcon_core.package_identification:_identify(.) by extension 'ignore'
[0.130s] Level 1:colcon.colcon_core.package_identification:_identify(.) by extension 'ignore_ament_install'
[0.130s] Level 1:colcon.colcon_core.package_identification:_identify(.) by extensions ['colcon_pkg']
[0.130s] Level 1:colcon.colcon_core.package_identification:_identify(.) by extension 'colcon_pkg'
[0.130s] Level 1:colcon.colcon_core.package_identification:_identify(.) by extensions ['colcon_meta']
[0.130s] Level 1:colcon.colcon_core.package_identification:_identify(.) by extension 'colcon_meta'
[0.130s] Level 1:colcon.colcon_core.package_identification:_identify(.) by extensions ['ros']
[0.130s] Level 1:colcon.colcon_core.package_identification:_identify(.) by extension 'ros'
[0.149s] Level 1:colcon.colcon_core.package_identification:_identify(.) by extensions ['cmake', 'python']
[0.149s] Level 1:colcon.colcon_core.package_identification:_identify(.) by extension 'cmake'
[0.149s] Level 1:colcon.colcon_core.package_identification:_identify(.) by extension 'python'
[0.149s] Level 1:colcon.colcon_core.package_identification:_identify(.) by extensions ['python_setup_py']
[0.149s] Level 1:colcon.colcon_core.package_identification:_identify(.) by extension 'python_setup_py'
[0.149s] Level 1:colcon.colcon_core.package_identification:_identify(build) by extensions ['ignore', 'ignore_ament_install']
[0.149s] Level 1:colcon.colcon_core.package_identification:_identify(build) by extension 'ignore'
[0.149s] Level 1:colcon.colcon_core.package_identification:_identify(build) ignored
[0.149s] Level 1:colcon.colcon_core.package_identification:_identify(install) by extensions ['ignore', 'ignore_ament_install']
[0.149s] Level 1:colcon.colcon_core.package_identification:_identify(install) by extension 'ignore'
[0.150s] Level 1:colcon.colcon_core.package_identification:_identify(install) ignored
[0.150s] Level 1:colcon.colcon_core.package_identification:_identify(log) by extensions ['ignore', 'ignore_ament_install']
[0.150s] Level 1:colcon.colcon_core.package_identification:_identify(log) by extension 'ignore'
[0.150s] Level 1:colcon.colcon_core.package_identification:_identify(log) ignored
[0.150s] Level 1:colcon.colcon_core.package_identification:_identify(src) by extensions ['ignore', 'ignore_ament_install']
[0.150s] Level 1:colcon.colcon_core.package_identification:_identify(src) by extension 'ignore'
[0.150s] Level 1:colcon.colcon_core.package_identification:_identify(src) by extension 'ignore_ament_install'
[0.150s] Level 1:colcon.colcon_core.package_identification:_identify(src) by extensions ['colcon_pkg']
[0.150s] Level 1:colcon.colcon_core.package_identification:_identify(src) by extension 'colcon_pkg'
[0.150s] Level 1:colcon.colcon_core.package_identification:_identify(src) by extensions ['colcon_meta']
[0.150s] Level 1:colcon.colcon_core.package_identification:_identify(src) by extension 'colcon_meta'
[0.150s] Level 1:colcon.colcon_core.package_identification:_identify(src) by extensions ['ros']
[0.150s] Level 1:colcon.colcon_core.package_identification:_identify(src) by extension 'ros'
[0.150s] Level 1:colcon.colcon_core.package_identification:_identify(src) by extensions ['cmake', 'python']
[0.150s] Level 1:colcon.colcon_core.package_identification:_identify(src) by extension 'cmake'
[0.150s] Level 1:colcon.colcon_core.package_identification:_identify(src) by extension 'python'
[0.150s] Level 1:colcon.colcon_core.package_identification:_identify(src) by extensions ['python_setup_py']
[0.150s] Level 1:colcon.colcon_core.package_identification:_identify(src) by extension 'python_setup_py'
[0.150s] Level 1:colcon.colcon_core.package_identification:_identify(src/ROS2_Bridge_yaml_files) by extensions ['ignore', 'ignore_ament_install']
[0.150s] Level 1:colcon.colcon_core.package_identification:_identify(src/ROS2_Bridge_yaml_files) by extension 'ignore'
[0.150s] Level 1:colcon.colcon_core.package_identification:_identify(src/ROS2_Bridge_yaml_files) by extension 'ignore_ament_install'
[0.150s] Level 1:colcon.colcon_core.package_identification:_identify(src/ROS2_Bridge_yaml_files) by extensions ['colcon_pkg']
[0.150s] Level 1:colcon.colcon_core.package_identification:_identify(src/ROS2_Bridge_yaml_files) by extension 'colcon_pkg'
[0.150s] Level 1:colcon.colcon_core.package_identification:_identify(src/ROS2_Bridge_yaml_files) by extensions ['colcon_meta']
[0.150s] Level 1:colcon.colcon_core.package_identification:_identify(src/ROS2_Bridge_yaml_files) by extension 'colcon_meta'
[0.150s] Level 1:colcon.colcon_core.package_identification:_identify(src/ROS2_Bridge_yaml_files) by extensions ['ros']
[0.151s] Level 1:colcon.colcon_core.package_identification:_identify(src/ROS2_Bridge_yaml_files) by extension 'ros'
[0.151s] Level 1:colcon.colcon_core.package_identification:_identify(src/ROS2_Bridge_yaml_files) by extensions ['cmake', 'python']
[0.151s] Level 1:colcon.colcon_core.package_identification:_identify(src/ROS2_Bridge_yaml_files) by extension 'cmake'
[0.151s] Level 1:colcon.colcon_core.package_identification:_identify(src/ROS2_Bridge_yaml_files) by extension 'python'
[0.151s] Level 1:colcon.colcon_core.package_identification:_identify(src/ROS2_Bridge_yaml_files) by extensions ['python_setup_py']
[0.151s] Level 1:colcon.colcon_core.package_identification:_identify(src/ROS2_Bridge_yaml_files) by extension 'python_setup_py'
[0.151s] Level 1:colcon.colcon_core.package_identification:_identify(src/aruco_marker_pkg) by extensions ['ignore', 'ignore_ament_install']
[0.151s] Level 1:colcon.colcon_core.package_identification:_identify(src/aruco_marker_pkg) by extension 'ignore'
[0.151s] Level 1:colcon.colcon_core.package_identification:_identify(src/aruco_marker_pkg) by extension 'ignore_ament_install'
[0.151s] Level 1:colcon.colcon_core.package_identification:_identify(src/aruco_marker_pkg) by extensions ['colcon_pkg']
[0.151s] Level 1:colcon.colcon_core.package_identification:_identify(src/aruco_marker_pkg) by extension 'colcon_pkg'
[0.151s] Level 1:colcon.colcon_core.package_identification:_identify(src/aruco_marker_pkg) by extensions ['colcon_meta']
[0.151s] Level 1:colcon.colcon_core.package_identification:_identify(src/aruco_marker_pkg) by extension 'colcon_meta'
[0.151s] Level 1:colcon.colcon_core.package_identification:_identify(src/aruco_marker_pkg) by extensions ['ros']
[0.151s] Level 1:colcon.colcon_core.package_identification:_identify(src/aruco_marker_pkg) by extension 'ros'
[0.153s] DEBUG:colcon.colcon_core.package_identification:Package 'src/aruco_marker_pkg' with type 'ros.ament_python' and name 'aruco_marker_pkg'
[0.153s] Level 1:colcon.colcon_core.package_identification:_identify(src/mapf_planner) by extensions ['ignore', 'ignore_ament_install']
[0.153s] Level 1:colcon.colcon_core.package_identification:_identify(src/mapf_planner) by extension 'ignore'
[0.153s] Level 1:colcon.colcon_core.package_identification:_identify(src/mapf_planner) by extension 'ignore_ament_install'
[0.153s] Level 1:colcon.colcon_core.package_identification:_identify(src/mapf_planner) by extensions ['colcon_pkg']
[0.153s] Level 1:colcon.colcon_core.package_identification:_identify(src/mapf_planner) by extension 'colcon_pkg'
[0.153s] Level 1:colcon.colcon_core.package_identification:_identify(src/mapf_planner) by extensions ['colcon_meta']
[0.153s] Level 1:colcon.colcon_core.package_identification:_identify(src/mapf_planner) by extension 'colcon_meta'
[0.153s] Level 1:colcon.colcon_core.package_identification:_identify(src/mapf_planner) by extensions ['ros']
[0.153s] Level 1:colcon.colcon_core.package_identification:_identify(src/mapf_planner) by extension 'ros'
[0.154s] DEBUG:colcon.colcon_core.package_identification:Package 'src/mapf_planner' with type 'ros.ament_cmake' and name 'mapf_planner'
[0.154s] Level 1:colcon.colcon_core.package_identification:_identify(src/monitoring_pkg) by extensions ['ignore', 'ignore_ament_install']
[0.154s] Level 1:colcon.colcon_core.package_identification:_identify(src/monitoring_pkg) by extension 'ignore'
[0.154s] Level 1:colcon.colcon_core.package_identification:_identify(src/monitoring_pkg) by extension 'ignore_ament_install'
[0.154s] Level 1:colcon.colcon_core.package_identification:_identify(src/monitoring_pkg) by extensions ['colcon_pkg']
[0.154s] Level 1:colcon.colcon_core.package_identification:_identify(src/monitoring_pkg) by extension 'colcon_pkg'
[0.154s] Level 1:colcon.colcon_core.package_identification:_identify(src/monitoring_pkg) by extensions ['colcon_meta']
[0.154s] Level 1:colcon.colcon_core.package_identification:_identify(src/monitoring_pkg) by extension 'colcon_meta'
[0.154s] Level 1:colcon.colcon_core.package_identification:_identify(src/monitoring_pkg) by extensions ['ros']
[0.154s] Level 1:colcon.colcon_core.package_identification:_identify(src/monitoring_pkg) by extension 'ros'
[0.155s] DEBUG:colcon.colcon_core.package_identification:Package 'src/monitoring_pkg' with type 'ros.ament_cmake' and name 'monitoring_pkg'
[0.155s] Level 1:colcon.colcon_core.package_identification:_identify(src/my_demo_pkg) by extensions ['ignore', 'ignore_ament_install']
[0.155s] Level 1:colcon.colcon_core.package_identification:_identify(src/my_demo_pkg) by extension 'ignore'
[0.155s] Level 1:colcon.colcon_core.package_identification:_identify(src/my_demo_pkg) by extension 'ignore_ament_install'
[0.155s] Level 1:colcon.colcon_core.package_identification:_identify(src/my_demo_pkg) by extensions ['colcon_pkg']
[0.155s] Level 1:colcon.colcon_core.package_identification:_identify(src/my_demo_pkg) by extension 'colcon_pkg'
[0.155s] Level 1:colcon.colcon_core.package_identification:_identify(src/my_demo_pkg) by extensions ['colcon_meta']
[0.155s] Level 1:colcon.colcon_core.package_identification:_identify(src/my_demo_pkg) by extension 'colcon_meta'
[0.155s] Level 1:colcon.colcon_core.package_identification:_identify(src/my_demo_pkg) by extensions ['ros']
[0.155s] Level 1:colcon.colcon_core.package_identification:_identify(src/my_demo_pkg) by extension 'ros'
[0.156s] DEBUG:colcon.colcon_core.package_identification:Package 'src/my_demo_pkg' with type 'ros.ament_python' and name 'my_demo_pkg'
[0.156s] Level 1:colcon.colcon_core.package_identification:_identify(src/pinky_camera) by extensions ['ignore', 'ignore_ament_install']
[0.156s] Level 1:colcon.colcon_core.package_identification:_identify(src/pinky_camera) by extension 'ignore'
[0.156s] Level 1:colcon.colcon_core.package_identification:_identify(src/pinky_camera) by extension 'ignore_ament_install'
[0.156s] Level 1:colcon.colcon_core.package_identification:_identify(src/pinky_camera) by extensions ['colcon_pkg']
[0.156s] Level 1:colcon.colcon_core.package_identification:_identify(src/pinky_camera) by extension 'colcon_pkg'
[0.156s] Level 1:colcon.colcon_core.package_identification:_identify(src/pinky_camera) by extensions ['colcon_meta']
[0.156s] Level 1:colcon.colcon_core.package_identification:_identify(src/pinky_camera) by extension 'colcon_meta'
[0.156s] Level 1:colcon.colcon_core.package_identification:_identify(src/pinky_camera) by extensions ['ros']
[0.156s] Level 1:colcon.colcon_core.package_identification:_identify(src/pinky_camera) by extension 'ros'
[0.156s] Level 1:colcon.colcon_core.package_identification:_identify(src/pinky_camera) by extensions ['cmake', 'python']
[0.156s] Level 1:colcon.colcon_core.package_identification:_identify(src/pinky_camera) by extension 'cmake'
[0.156s] Level 1:colcon.colcon_core.package_identification:_identify(src/pinky_camera) by extension 'python'
[0.156s] Level 1:colcon.colcon_core.package_identification:_identify(src/pinky_camera) by extensions ['python_setup_py']
[0.156s] Level 1:colcon.colcon_core.package_identification:_identify(src/pinky_camera) by extension 'python_setup_py'
[0.156s] Level 1:colcon.colcon_core.package_identification:_identify(src/pinky_mapf) by extensions ['ignore', 'ignore_ament_install']
[0.156s] Level 1:colcon.colcon_core.package_identification:_identify(src/pinky_mapf) by extension 'ignore'
[0.156s] Level 1:colcon.colcon_core.package_identification:_identify(src/pinky_mapf) by extension 'ignore_ament_install'
[0.156s] Level 1:colcon.colcon_core.package_identification:_identify(src/pinky_mapf) by extensions ['colcon_pkg']
[0.156s] Level 1:colcon.colcon_core.package_identification:_identify(src/pinky_mapf) by extension 'colcon_pkg'
[0.156s] Level 1:colcon.colcon_core.package_identification:_identify(src/pinky_mapf) by extensions ['colcon_meta']
[0.156s] Level 1:colcon.colcon_core.package_identification:_identify(src/pinky_mapf) by extension 'colcon_meta'
[0.156s] Level 1:colcon.colcon_core.package_identification:_identify(src/pinky_mapf) by extensions ['ros']
[0.156s] Level 1:colcon.colcon_core.package_identification:_identify(src/pinky_mapf) by extension 'ros'
[0.157s] DEBUG:colcon.colcon_core.package_identification:Package 'src/pinky_mapf' with type 'ros.ament_python' and name 'pinky_mapf'
[0.157s] Level 1:colcon.colcon_core.package_identification:_identify(src/pinky_rmf) by extensions ['ignore', 'ignore_ament_install']
[0.157s] Level 1:colcon.colcon_core.package_identification:_identify(src/pinky_rmf) by extension 'ignore'
[0.157s] Level 1:colcon.colcon_core.package_identification:_identify(src/pinky_rmf) by extension 'ignore_ament_install'
[0.157s] Level 1:colcon.colcon_core.package_identification:_identify(src/pinky_rmf) by extensions ['colcon_pkg']
[0.157s] Level 1:colcon.colcon_core.package_identification:_identify(src/pinky_rmf) by extension 'colcon_pkg'
[0.157s] Level 1:colcon.colcon_core.package_identification:_identify(src/pinky_rmf) by extensions ['colcon_meta']
[0.157s] Level 1:colcon.colcon_core.package_identification:_identify(src/pinky_rmf) by extension 'colcon_meta'
[0.157s] Level 1:colcon.colcon_core.package_identification:_identify(src/pinky_rmf) by extensions ['ros']
[0.157s] Level 1:colcon.colcon_core.package_identification:_identify(src/pinky_rmf) by extension 'ros'
[0.157s] DEBUG:colcon.colcon_core.package_identification:Package 'src/pinky_rmf' with type 'ros.ament_cmake' and name 'pinky_rmf'
[0.158s] Level 1:colcon.colcon_core.package_identification:_identify(src/send_goal) by extensions ['ignore', 'ignore_ament_install']
[0.158s] Level 1:colcon.colcon_core.package_identification:_identify(src/send_goal) by extension 'ignore'
[0.158s] Level 1:colcon.colcon_core.package_identification:_identify(src/send_goal) by extension 'ignore_ament_install'
[0.158s] Level 1:colcon.colcon_core.package_identification:_identify(src/send_goal) by extensions ['colcon_pkg']
[0.158s] Level 1:colcon.colcon_core.package_identification:_identify(src/send_goal) by extension 'colcon_pkg'
[0.158s] Level 1:colcon.colcon_core.package_identification:_identify(src/send_goal) by extensions ['colcon_meta']
[0.158s] Level 1:colcon.colcon_core.package_identification:_identify(src/send_goal) by extension 'colcon_meta'
[0.158s] Level 1:colcon.colcon_core.package_identification:_identify(src/send_goal) by extensions ['ros']
[0.158s] Level 1:colcon.colcon_core.package_identification:_identify(src/send_goal) by extension 'ros'
[0.158s] DEBUG:colcon.colcon_core.package_identification:Package 'src/send_goal' with type 'ros.ament_python' and name 'send_goal'
[0.158s] Level 1:colcon.colcon_core.package_identification:_identify(src/traffic_planner) by extensions ['ignore', 'ignore_ament_install']
[0.158s] Level 1:colcon.colcon_core.package_identification:_identify(src/traffic_planner) by extension 'ignore'
[0.158s] Level 1:colcon.colcon_core.package_identification:_identify(src/traffic_planner) by extension 'ignore_ament_install'
[0.158s] Level 1:colcon.colcon_core.package_identification:_identify(src/traffic_planner) by extensions ['colcon_pkg']
[0.158s] Level 1:colcon.colcon_core.package_identification:_identify(src/traffic_planner) by extension 'colcon_pkg'
[0.158s] Level 1:colcon.colcon_core.package_identification:_identify(src/traffic_planner) by extensions ['colcon_meta']
[0.158s] Level 1:colcon.colcon_core.package_identification:_identify(src/traffic_planner) by extension 'colcon_meta'
[0.158s] Level 1:colcon.colcon_core.package_identification:_identify(src/traffic_planner) by extensions ['ros']
[0.158s] Level 1:colcon.colcon_core.package_identification:_identify(src/traffic_planner) by extension 'ros'
[0.159s] DEBUG:colcon.colcon_core.package_identification:Package 'src/traffic_planner' with type 'ros.ament_cmake' and name 'traffic_planner'
[0.159s] Level 1:colcon.colcon_core.package_discovery:discover_packages(recursive) using defaults
[0.159s] Level 1:colcon.colcon_core.package_discovery:discover_packages(ignore) discover
[0.159s] Level 1:colcon.colcon_core.package_discovery:discover_packages(ignore) using defaults
[0.159s] Level 1:colcon.colcon_core.package_discovery:discover_packages(path) discover
[0.159s] Level 1:colcon.colcon_core.package_discovery:discover_packages(path) using defaults
[0.174s] Level 1:colcon.colcon_core.package_discovery:discover_packages(prefix_path) check parameters
[0.174s] Level 1:colcon.colcon_core.package_discovery:discover_packages(prefix_path) discover
[0.176s] DEBUG:colcon.colcon_installed_package_information.package_discovery:Found 8 installed packages in /home/addinnedu/ROS2_Jazzy_Study/install
[0.176s] DEBUG:colcon.colcon_installed_package_information.package_discovery:Found 3 installed packages in /home/addinnedu/Rotus_team/roscamp-repo-3/Ros_Files/install
[0.178s] DEBUG:colcon.colcon_installed_package_information.package_discovery:Found 466 installed packages in /opt/ros/jazzy
[0.179s] Level 1:colcon.colcon_core.package_discovery:discover_packages(prefix_path) using defaults
[0.226s] Level 5:colcon.colcon_core.verb:set package 'aruco_marker_pkg' build argument 'cmake_args' from command line to 'None'
[0.226s] Level 5:colcon.colcon_core.verb:set package 'aruco_marker_pkg' build argument 'cmake_target' from command line to 'None'
[0.226s] Level 5:colcon.colcon_core.verb:set package 'aruco_marker_pkg' build argument 'cmake_target_skip_unavailable' from command line to 'False'
[0.226s] Level 5:colcon.colcon_core.verb:set package 'aruco_marker_pkg' build argument 'cmake_clean_cache' from command line to 'False'
[0.226s] Level 5:colcon.colcon_core.verb:set package 'aruco_marker_pkg' build argument 'cmake_clean_first' from command line to 'False'
[0.226s] Level 5:colcon.colcon_core.verb:set package 'aruco_marker_pkg' build argument 'cmake_force_configure' from command line to 'False'
[0.227s] Level 5:colcon.colcon_core.verb:set package 'aruco_marker_pkg' build argument 'ament_cmake_args' from command line to 'None'
[0.227s] Level 5:colcon.colcon_core.verb:set package 'aruco_marker_pkg' build argument 'catkin_cmake_args' from command line to 'None'
[0.227s] Level 5:colcon.colcon_core.verb:set package 'aruco_marker_pkg' build argument 'catkin_skip_building_tests' from command line to 'False'
[0.227s] DEBUG:colcon.colcon_core.verb:Building package 'aruco_marker_pkg' with the following arguments: {'ament_cmake_args': None, 'build_base': '/home/addinnedu/ROS2_Jazzy_Study/build/aruco_marker_pkg', 'catkin_cmake_args': None, 'catkin_skip_building_tests': False, 'cmake_args': None, 'cmake_clean_cache': False, 'cmake_clean_first': False, 'cmake_force_configure': False, 'cmake_target': None, 'cmake_target_skip_unavailable': False, 'install_base': '/home/addinnedu/ROS2_Jazzy_Study/install/aruco_marker_pkg', 'merge_install': False, 'path': '/home/addinnedu/ROS2_Jazzy_Study/src/aruco_marker_pkg', 'symlink_install': False, 'test_result_base': None}
[0.227s] Level 5:colcon.colcon_core.verb:set package 'mapf_planner' build argument 'cmake_args' from command line to 'None'
[0.227s] Level 5:colcon.colcon_core.verb:set package 'mapf_planner' build argument 'cmake_target' from command line to 'None'
[0.227s] Level 5:colcon.colcon_core.verb:set package 'mapf_planner' build argument 'cmake_target_skip_unavailable' from command line to 'False'
[0.227s] Level 5:colcon.colcon_core.verb:set package 'mapf_planner' build argument 'cmake_clean_cache' from command line to 'False'
[0.227s] Level 5:colcon.colcon_core.verb:set package 'mapf_planner' build argument 'cmake_clean_first' from command line to 'False'
[0.227s] Level 5:colcon.colcon_core.verb:set package 'mapf_planner' build argument 'cmake_force_configure' from command line to 'False'
[0.227s] Level 5:colcon.colcon_core.verb:set package 'mapf_planner' build argument 'ament_cmake_args' from command line to 'None'
[0.227s] Level 5:colcon.colcon_core.verb:set package 'mapf_planner' build argument 'catkin_cmake_args' from command line to 'None'
[0.227s] Level 5:colcon.colcon_core.verb:set package 'mapf_planner' build argument 'catkin_skip_building_tests' from command line to 'False'
[0.227s] DEBUG:colcon.colcon_core.verb:Building package 'mapf_planner' with the following arguments: {'ament_cmake_args': None, 'build_base': '/home/addinnedu/ROS2_Jazzy_Study/build/mapf_planner', 'catkin_cmake_args': None, 'catkin_skip_building_tests': False, 'cmake_args': None, 'cmake_clean_cache': False, 'cmake_clean_first': False, 'cmake_force_configure': False, 'cmake_target': None, 'cmake_target_skip_unavailable': False, 'install_base': '/home/addinnedu/ROS2_Jazzy_Study/install/mapf_planner', 'merge_install': False, 'path': '/home/addinnedu/ROS2_Jazzy_Study/src/mapf_planner', 'symlink_install': False, 'test_result_base': None}
[0.227s] Level 5:colcon.colcon_core.verb:set package 'monitoring_pkg' build argument 'cmake_args' from command line to 'None'
[0.227s] Level 5:colcon.colcon_core.verb:set package 'monitoring_pkg' build argument 'cmake_target' from command line to 'None'
[0.227s] Level 5:colcon.colcon_core.verb:set package 'monitoring_pkg' build argument 'cmake_target_skip_unavailable' from command line to 'False'
[0.227s] Level 5:colcon.colcon_core.verb:set package 'monitoring_pkg' build argument 'cmake_clean_cache' from command line to 'False'
[0.227s] Level 5:colcon.colcon_core.verb:set package 'monitoring_pkg' build argument 'cmake_clean_first' from command line to 'False'
[0.227s] Level 5:colcon.colcon_core.verb:set package 'monitoring_pkg' build argument 'cmake_force_configure' from command line to 'False'
[0.227s] Level 5:colcon.colcon_core.verb:set package 'monitoring_pkg' build argument 'ament_cmake_args' from command line to 'None'
[0.227s] Level 5:colcon.colcon_core.verb:set package 'monitoring_pkg' build argument 'catkin_cmake_args' from command line to 'None'
[0.227s] Level 5:colcon.colcon_core.verb:set package 'monitoring_pkg' build argument 'catkin_skip_building_tests' from command line to 'False'
[0.227s] DEBUG:colcon.colcon_core.verb:Building package 'monitoring_pkg' with the following arguments: {'ament_cmake_args': None, 'build_base': '/home/addinnedu/ROS2_Jazzy_Study/build/monitoring_pkg', 'catkin_cmake_args': None, 'catkin_skip_building_tests': False, 'cmake_args': None, 'cmake_clean_cache': False, 'cmake_clean_first': False, 'cmake_force_configure': False, 'cmake_target': None, 'cmake_target_skip_unavailable': False, 'install_base': '/home/addinnedu/ROS2_Jazzy_Study/install/monitoring_pkg', 'merge_install': False, 'path': '/home/addinnedu/ROS2_Jazzy_Study/src/monitoring_pkg', 'symlink_install': False, 'test_result_base': None}
[0.227s] Level 5:colcon.colcon_core.verb:set package 'my_demo_pkg' build argument 'cmake_args' from command line to 'None'
[0.227s] Level 5:colcon.colcon_core.verb:set package 'my_demo_pkg' build argument 'cmake_target' from command line to 'None'
[0.227s] Level 5:colcon.colcon_core.verb:set package 'my_demo_pkg' build argument 'cmake_target_skip_unavailable' from command line to 'False'
[0.227s] Level 5:colcon.colcon_core.verb:set package 'my_demo_pkg' build argument 'cmake_clean_cache' from command line to 'False'
[0.227s] Level 5:colcon.colcon_core.verb:set package 'my_demo_pkg' build argument 'cmake_clean_first' from command line to 'False'
[0.227s] Level 5:colcon.colcon_core.verb:set package 'my_demo_pkg' build argument 'cmake_force_configure' from command line to 'False'
[0.227s] Level 5:colcon.colcon_core.verb:set package 'my_demo_pkg' build argument 'ament_cmake_args' from command line to 'None'
[0.228s] Level 5:colcon.colcon_core.verb:set package 'my_demo_pkg' build argument 'catkin_cmake_args' from command line to 'None'
[0.228s] Level 5:colcon.colcon_core.verb:set package 'my_demo_pkg' build argument 'catkin_skip_building_tests' from command line to 'False'
[0.228s] DEBUG:colcon.colcon_core.verb:Building package 'my_demo_pkg' with the following arguments: {'ament_cmake_args': None, 'build_base': '/home/addinnedu/ROS2_Jazzy_Study/build/my_demo_pkg', 'catkin_cmake_args': None, 'catkin_skip_building_tests': False, 'cmake_args': None, 'cmake_clean_cache': False, 'cmake_clean_first': False, 'cmake_force_configure': False, 'cmake_target': None, 'cmake_target_skip_unavailable': False, 'install_base': '/home/addinnedu/ROS2_Jazzy_Study/install/my_demo_pkg', 'merge_install': False, 'path': '/home/addinnedu/ROS2_Jazzy_Study/src/my_demo_pkg', 'symlink_install': False, 'test_result_base': None}
[0.228s] Level 5:colcon.colcon_core.verb:set package 'pinky_mapf' build argument 'cmake_args' from command line to 'None'
[0.228s] Level 5:colcon.colcon_core.verb:set package 'pinky_mapf' build argument 'cmake_target' from command line to 'None'
[0.228s] Level 5:colcon.colcon_core.verb:set package 'pinky_mapf' build argument 'cmake_target_skip_unavailable' from command line to 'False'
[0.228s] Level 5:colcon.colcon_core.verb:set package 'pinky_mapf' build argument 'cmake_clean_cache' from command line to 'False'
[0.228s] Level 5:colcon.colcon_core.verb:set package 'pinky_mapf' build argument 'cmake_clean_first' from command line to 'False'
[0.228s] Level 5:colcon.colcon_core.verb:set package 'pinky_mapf' build argument 'cmake_force_configure' from command line to 'False'
[0.228s] Level 5:colcon.colcon_core.verb:set package 'pinky_mapf' build argument 'ament_cmake_args' from command line to 'None'
[0.228s] Level 5:colcon.colcon_core.verb:set package 'pinky_mapf' build argument 'catkin_cmake_args' from command line to 'None'
[0.228s] Level 5:colcon.colcon_core.verb:set package 'pinky_mapf' build argument 'catkin_skip_building_tests' from command line to 'False'
[0.228s] DEBUG:colcon.colcon_core.verb:Building package 'pinky_mapf' with the following arguments: {'ament_cmake_args': None, 'build_base': '/home/addinnedu/ROS2_Jazzy_Study/build/pinky_mapf', 'catkin_cmake_args': None, 'catkin_skip_building_tests': False, 'cmake_args': None, 'cmake_clean_cache': False, 'cmake_clean_first': False, 'cmake_force_configure': False, 'cmake_target': None, 'cmake_target_skip_unavailable': False, 'install_base': '/home/addinnedu/ROS2_Jazzy_Study/install/pinky_mapf', 'merge_install': False, 'path': '/home/addinnedu/ROS2_Jazzy_Study/src/pinky_mapf', 'symlink_install': False, 'test_result_base': None}
[0.228s] Level 5:colcon.colcon_core.verb:set package 'pinky_rmf' build argument 'cmake_args' from command line to 'None'
[0.228s] Level 5:colcon.colcon_core.verb:set package 'pinky_rmf' build argument 'cmake_target' from command line to 'None'
[0.228s] Level 5:colcon.colcon_core.verb:set package 'pinky_rmf' build argument 'cmake_target_skip_unavailable' from command line to 'False'
[0.228s] Level 5:colcon.colcon_core.verb:set package 'pinky_rmf' build argument 'cmake_clean_cache' from command line to 'False'
[0.228s] Level 5:colcon.colcon_core.verb:set package 'pinky_rmf' build argument 'cmake_clean_first' from command line to 'False'
[0.228s] Level 5:colcon.colcon_core.verb:set package 'pinky_rmf' build argument 'cmake_force_configure' from command line to 'False'
[0.228s] Level 5:colcon.colcon_core.verb:set package 'pinky_rmf' build argument 'ament_cmake_args' from command line to 'None'
[0.228s] Level 5:colcon.colcon_core.verb:set package 'pinky_rmf' build argument 'catkin_cmake_args' from command line to 'None'
[0.228s] Level 5:colcon.colcon_core.verb:set package 'pinky_rmf' build argument 'catkin_skip_building_tests' from command line to 'False'
[0.228s] DEBUG:colcon.colcon_core.verb:Building package 'pinky_rmf' with the following arguments: {'ament_cmake_args': None, 'build_base': '/home/addinnedu/ROS2_Jazzy_Study/build/pinky_rmf', 'catkin_cmake_args': None, 'catkin_skip_building_tests': False, 'cmake_args': None, 'cmake_clean_cache': False, 'cmake_clean_first': False, 'cmake_force_configure': False, 'cmake_target': None, 'cmake_target_skip_unavailable': False, 'install_base': '/home/addinnedu/ROS2_Jazzy_Study/install/pinky_rmf', 'merge_install': False, 'path': '/home/addinnedu/ROS2_Jazzy_Study/src/pinky_rmf', 'symlink_install': False, 'test_result_base': None}
[0.228s] Level 5:colcon.colcon_core.verb:set package 'send_goal' build argument 'cmake_args' from command line to 'None'
[0.228s] Level 5:colcon.colcon_core.verb:set package 'send_goal' build argument 'cmake_target' from command line to 'None'
[0.228s] Level 5:colcon.colcon_core.verb:set package 'send_goal' build argument 'cmake_target_skip_unavailable' from command line to 'False'
[0.228s] Level 5:colcon.colcon_core.verb:set package 'send_goal' build argument 'cmake_clean_cache' from command line to 'False'
[0.228s] Level 5:colcon.colcon_core.verb:set package 'send_goal' build argument 'cmake_clean_first' from command line to 'False'
[0.228s] Level 5:colcon.colcon_core.verb:set package 'send_goal' build argument 'cmake_force_configure' from command line to 'False'
[0.228s] Level 5:colcon.colcon_core.verb:set package 'send_goal' build argument 'ament_cmake_args' from command line to 'None'
[0.228s] Level 5:colcon.colcon_core.verb:set package 'send_goal' build argument 'catkin_cmake_args' from command line to 'None'
[0.228s] Level 5:colcon.colcon_core.verb:set package 'send_goal' build argument 'catkin_skip_building_tests' from command line to 'False'
[0.228s] DEBUG:colcon.colcon_core.verb:Building package 'send_goal' with the following arguments: {'ament_cmake_args': None, 'build_base': '/home/addinnedu/ROS2_Jazzy_Study/build/send_goal', 'catkin_cmake_args': None, 'catkin_skip_building_tests': False, 'cmake_args': None, 'cmake_clean_cache': False, 'cmake_clean_first': False, 'cmake_force_configure': False, 'cmake_target': None, 'cmake_target_skip_unavailable': False, 'install_base': '/home/addinnedu/ROS2_Jazzy_Study/install/send_goal', 'merge_install': False, 'path': '/home/addinnedu/ROS2_Jazzy_Study/src/send_goal', 'symlink_install': False, 'test_result_base': None}
[0.229s] Level 5:colcon.colcon_core.verb:set package 'traffic_planner' build argument 'cmake_args' from command line to 'None'
[0.229s] Level 5:colcon.colcon_core.verb:set package 'traffic_planner' build argument 'cmake_target' from command line to 'None'
[0.229s] Level 5:colcon.colcon_core.verb:set package 'traffic_planner' build argument 'cmake_target_skip_unavailable' from command line to 'False'
[0.229s] Level 5:colcon.colcon_core.verb:set package 'traffic_planner' build argument 'cmake_clean_cache' from command line to 'False'
[0.229s] Level 5:colcon.colcon_core.verb:set package 'traffic_planner' build argument 'cmake_clean_first' from command line to 'False'
[0.229s] Level 5:colcon.colcon_core.verb:set package 'traffic_planner' build argument 'cmake_force_configure' from command line to 'False'
[0.229s] Level 5:colcon.colcon_core.verb:set package 'traffic_planner' build argument 'ament_cmake_args' from command line to 'None'
[0.229s] Level 5:colcon.colcon_core.verb:set package 'traffic_planner' build argument 'catkin_cmake_args' from command line to 'None'
[0.229s] Level 5:colcon.colcon_core.verb:set package 'traffic_planner' build argument 'catkin_skip_building_tests' from command line to 'False'
[0.229s] DEBUG:colcon.colcon_core.verb:Building package 'traffic_planner' with the following arguments: {'ament_cmake_args': None, 'build_base': '/home/addinnedu/ROS2_Jazzy_Study/build/traffic_planner', 'catkin_cmake_args': None, 'catkin_skip_building_tests': False, 'cmake_args': None, 'cmake_clean_cache': False, 'cmake_clean_first': False, 'cmake_force_configure': False, 'cmake_target': None, 'cmake_target_skip_unavailable': False, 'install_base': '/home/addinnedu/ROS2_Jazzy_Study/install/traffic_planner', 'merge_install': False, 'path': '/home/addinnedu/ROS2_Jazzy_Study/src/traffic_planner', 'symlink_install': False, 'test_result_base': None}
[0.229s] INFO:colcon.colcon_core.executor:Executing jobs using 'parallel' executor
[0.230s] DEBUG:colcon.colcon_parallel_executor.executor.parallel:run_until_complete
[0.230s] INFO:colcon.colcon_ros.task.ament_python.build:Building ROS package in '/home/addinnedu/ROS2_Jazzy_Study/src/aruco_marker_pkg' with build type 'ament_python'
[0.230s] Level 1:colcon.colcon_core.shell:create_environment_hook('aruco_marker_pkg', 'ament_prefix_path')
[0.232s] INFO:colcon.colcon_core.plugin_system:Skipping extension 'colcon_core.shell.bat': Not used on non-Windows systems
[0.232s] INFO:colcon.colcon_core.shell:Creating environment hook '/home/addinnedu/ROS2_Jazzy_Study/install/aruco_marker_pkg/share/aruco_marker_pkg/hook/ament_prefix_path.ps1'
[0.233s] INFO:colcon.colcon_core.shell:Creating environment descriptor '/home/addinnedu/ROS2_Jazzy_Study/install/aruco_marker_pkg/share/aruco_marker_pkg/hook/ament_prefix_path.dsv'
[0.233s] INFO:colcon.colcon_core.shell:Creating environment hook '/home/addinnedu/ROS2_Jazzy_Study/install/aruco_marker_pkg/share/aruco_marker_pkg/hook/ament_prefix_path.sh'
[0.234s] INFO:colcon.colcon_core.shell:Skip shell extension 'powershell' for command environment: Not usable outside of PowerShell
[0.234s] DEBUG:colcon.colcon_core.shell:Skip shell extension 'dsv' for command environment
[0.237s] INFO:colcon.colcon_ros.task.ament_cmake.build:Building ROS package in '/home/addinnedu/ROS2_Jazzy_Study/src/mapf_planner' with build type 'ament_cmake'
[0.238s] INFO:colcon.colcon_cmake.task.cmake.build:Building CMake package in '/home/addinnedu/ROS2_Jazzy_Study/src/mapf_planner'
[0.238s] INFO:colcon.colcon_core.shell:Skip shell extension 'powershell' for command environment: Not usable outside of PowerShell
[0.238s] DEBUG:colcon.colcon_core.shell:Skip shell extension 'dsv' for command environment
[0.250s] INFO:colcon.colcon_ros.task.ament_cmake.build:Building ROS package in '/home/addinnedu/ROS2_Jazzy_Study/src/monitoring_pkg' with build type 'ament_cmake'
[0.250s] INFO:colcon.colcon_cmake.task.cmake.build:Building CMake package in '/home/addinnedu/ROS2_Jazzy_Study/src/monitoring_pkg'
[0.250s] INFO:colcon.colcon_core.shell:Skip shell extension 'powershell' for command environment: Not usable outside of PowerShell
[0.250s] DEBUG:colcon.colcon_core.shell:Skip shell extension 'dsv' for command environment
[0.255s] INFO:colcon.colcon_ros.task.ament_python.build:Building ROS package in '/home/addinnedu/ROS2_Jazzy_Study/src/my_demo_pkg' with build type 'ament_python'
[0.255s] Level 1:colcon.colcon_core.shell:create_environment_hook('my_demo_pkg', 'ament_prefix_path')
[0.255s] INFO:colcon.colcon_core.shell:Creating environment hook '/home/addinnedu/ROS2_Jazzy_Study/install/my_demo_pkg/share/my_demo_pkg/hook/ament_prefix_path.ps1'
[0.255s] INFO:colcon.colcon_core.shell:Creating environment descriptor '/home/addinnedu/ROS2_Jazzy_Study/install/my_demo_pkg/share/my_demo_pkg/hook/ament_prefix_path.dsv'
[0.256s] INFO:colcon.colcon_core.shell:Creating environment hook '/home/addinnedu/ROS2_Jazzy_Study/install/my_demo_pkg/share/my_demo_pkg/hook/ament_prefix_path.sh'
[0.256s] INFO:colcon.colcon_core.shell:Skip shell extension 'powershell' for command environment: Not usable outside of PowerShell
[0.256s] DEBUG:colcon.colcon_core.shell:Skip shell extension 'dsv' for command environment
[0.260s] INFO:colcon.colcon_ros.task.ament_python.build:Building ROS package in '/home/addinnedu/ROS2_Jazzy_Study/src/pinky_mapf' with build type 'ament_python'
[0.260s] Level 1:colcon.colcon_core.shell:create_environment_hook('pinky_mapf', 'ament_prefix_path')
[0.260s] INFO:colcon.colcon_core.shell:Creating environment hook '/home/addinnedu/ROS2_Jazzy_Study/install/pinky_mapf/share/pinky_mapf/hook/ament_prefix_path.ps1'
[0.261s] INFO:colcon.colcon_core.shell:Creating environment descriptor '/home/addinnedu/ROS2_Jazzy_Study/install/pinky_mapf/share/pinky_mapf/hook/ament_prefix_path.dsv'
[0.261s] INFO:colcon.colcon_core.shell:Creating environment hook '/home/addinnedu/ROS2_Jazzy_Study/install/pinky_mapf/share/pinky_mapf/hook/ament_prefix_path.sh'
[0.261s] INFO:colcon.colcon_core.shell:Skip shell extension 'powershell' for command environment: Not usable outside of PowerShell
[0.261s] DEBUG:colcon.colcon_core.shell:Skip shell extension 'dsv' for command environment
[0.266s] INFO:colcon.colcon_ros.task.ament_cmake.build:Building ROS package in '/home/addinnedu/ROS2_Jazzy_Study/src/pinky_rmf' with build type 'ament_cmake'
[0.266s] INFO:colcon.colcon_cmake.task.cmake.build:Building CMake package in '/home/addinnedu/ROS2_Jazzy_Study/src/pinky_rmf'
[0.266s] INFO:colcon.colcon_core.shell:Skip shell extension 'powershell' for command environment: Not usable outside of PowerShell
[0.266s] DEBUG:colcon.colcon_core.shell:Skip shell extension 'dsv' for command environment
[0.270s] INFO:colcon.colcon_ros.task.ament_python.build:Building ROS package in '/home/addinnedu/ROS2_Jazzy_Study/src/send_goal' with build type 'ament_python'
[0.270s] Level 1:colcon.colcon_core.shell:create_environment_hook('send_goal', 'ament_prefix_path')
[0.270s] INFO:colcon.colcon_core.shell:Creating environment hook '/home/addinnedu/ROS2_Jazzy_Study/install/send_goal/share/send_goal/hook/ament_prefix_path.ps1'
[0.270s] INFO:colcon.colcon_core.shell:Creating environment descriptor '/home/addinnedu/ROS2_Jazzy_Study/install/send_goal/share/send_goal/hook/ament_prefix_path.dsv'
[0.270s] INFO:colcon.colcon_core.shell:Creating environment hook '/home/addinnedu/ROS2_Jazzy_Study/install/send_goal/share/send_goal/hook/ament_prefix_path.sh'
[0.287s] INFO:colcon.colcon_core.shell:Skip shell extension 'powershell' for command environment: Not usable outside of PowerShell
[0.287s] DEBUG:colcon.colcon_core.shell:Skip shell extension 'dsv' for command environment
[0.292s] INFO:colcon.colcon_ros.task.ament_cmake.build:Building ROS package in '/home/addinnedu/ROS2_Jazzy_Study/src/traffic_planner' with build type 'ament_cmake'
[0.292s] INFO:colcon.colcon_cmake.task.cmake.build:Building CMake package in '/home/addinnedu/ROS2_Jazzy_Study/src/traffic_planner'
[0.292s] INFO:colcon.colcon_core.shell:Skip shell extension 'powershell' for command environment: Not usable outside of PowerShell
[0.292s] DEBUG:colcon.colcon_core.shell:Skip shell extension 'dsv' for command environment
[0.487s] INFO:colcon.colcon_core.task.python.build:Building Python package in '/home/addinnedu/ROS2_Jazzy_Study/src/aruco_marker_pkg'
[0.488s] INFO:colcon.colcon_core.shell:Skip shell extension 'powershell' for command environment: Not usable outside of PowerShell
[0.488s] DEBUG:colcon.colcon_core.shell:Skip shell extension 'dsv' for command environment
[0.495s] DEBUG:colcon.colcon_core.event_handler.log_command:Invoking command in '/home/addinnedu/ROS2_Jazzy_Study/build/mapf_planner': CMAKE_PREFIX_PATH=${CMAKE_PREFIX_PATH}:/home/addinnedu/ROS2_Jazzy_Study/install/send_goal:/home/addinnedu/ROS2_Jazzy_Study/install/pinky_mapf:/home/addinnedu/ROS2_Jazzy_Study/install/my_demo_pkg:/home/addinnedu/ROS2_Jazzy_Study/install/aruco_marker_pkg:/opt/ros/jazzy DEBUGINFOD_URLS=https://debuginfod.ubuntu.com /usr/bin/cmake --build /home/addinnedu/ROS2_Jazzy_Study/build/mapf_planner -- -j16 -l16
[0.497s] DEBUG:colcon.colcon_core.event_handler.log_command:Invoking command in '/home/addinnedu/ROS2_Jazzy_Study/build/monitoring_pkg': CMAKE_PREFIX_PATH=${CMAKE_PREFIX_PATH}:/home/addinnedu/ROS2_Jazzy_Study/install/send_goal:/home/addinnedu/ROS2_Jazzy_Study/install/pinky_mapf:/home/addinnedu/ROS2_Jazzy_Study/install/my_demo_pkg:/home/addinnedu/ROS2_Jazzy_Study/install/aruco_marker_pkg:/opt/ros/jazzy DEBUGINFOD_URLS=https://debuginfod.ubuntu.com /usr/bin/cmake --build /home/addinnedu/ROS2_Jazzy_Study/build/monitoring_pkg -- -j16 -l16
[0.712s] WARNING:colcon.colcon_ros.task.ament_python.build:Package 'my_demo_pkg' doesn't explicitly install a marker in the package index (colcon-ros currently does it implicitly but that fallback will be removed in the future)
[0.712s] INFO:colcon.colcon_core.task.python.build:Building Python package in '/home/addinnedu/ROS2_Jazzy_Study/src/my_demo_pkg'
[0.712s] INFO:colcon.colcon_core.shell:Skip shell extension 'powershell' for command environment: Not usable outside of PowerShell
[0.712s] DEBUG:colcon.colcon_core.shell:Skip shell extension 'dsv' for command environment
[0.928s] INFO:colcon.colcon_core.task.python.build:Building Python package in '/home/addinnedu/ROS2_Jazzy_Study/src/pinky_mapf'
[0.928s] INFO:colcon.colcon_core.shell:Skip shell extension 'powershell' for command environment: Not usable outside of PowerShell
[0.928s] DEBUG:colcon.colcon_core.shell:Skip shell extension 'dsv' for command environment
[0.935s] DEBUG:colcon.colcon_core.event_handler.log_command:Invoking command in '/home/addinnedu/ROS2_Jazzy_Study/build/pinky_rmf': CMAKE_PREFIX_PATH=${CMAKE_PREFIX_PATH}:/home/addinnedu/ROS2_Jazzy_Study/install/send_goal:/home/addinnedu/ROS2_Jazzy_Study/install/pinky_mapf:/home/addinnedu/ROS2_Jazzy_Study/install/my_demo_pkg:/home/addinnedu/ROS2_Jazzy_Study/install/aruco_marker_pkg:/opt/ros/jazzy DEBUGINFOD_URLS=https://debuginfod.ubuntu.com /usr/bin/cmake --build /home/addinnedu/ROS2_Jazzy_Study/build/pinky_rmf -- -j16 -l16
[1.135s] INFO:colcon.colcon_core.task.python.build:Building Python package in '/home/addinnedu/ROS2_Jazzy_Study/src/send_goal'
[1.135s] INFO:colcon.colcon_core.shell:Skip shell extension 'powershell' for command environment: Not usable outside of PowerShell
[1.135s] DEBUG:colcon.colcon_core.shell:Skip shell extension 'dsv' for command environment
[1.143s] DEBUG:colcon.colcon_core.event_handler.log_command:Invoked command in '/home/addinnedu/ROS2_Jazzy_Study/build/mapf_planner' returned '0': CMAKE_PREFIX_PATH=${CMAKE_PREFIX_PATH}:/home/addinnedu/ROS2_Jazzy_Study/install/send_goal:/home/addinnedu/ROS2_Jazzy_Study/install/pinky_mapf:/home/addinnedu/ROS2_Jazzy_Study/install/my_demo_pkg:/home/addinnedu/ROS2_Jazzy_Study/install/aruco_marker_pkg:/opt/ros/jazzy DEBUGINFOD_URLS=https://debuginfod.ubuntu.com /usr/bin/cmake --build /home/addinnedu/ROS2_Jazzy_Study/build/mapf_planner -- -j16 -l16
[1.154s] DEBUG:colcon.colcon_core.event_handler.log_command:Invoking command in '/home/addinnedu/ROS2_Jazzy_Study/build/mapf_planner': CMAKE_PREFIX_PATH=${CMAKE_PREFIX_PATH}:/home/addinnedu/ROS2_Jazzy_Study/install/send_goal:/home/addinnedu/ROS2_Jazzy_Study/install/pinky_mapf:/home/addinnedu/ROS2_Jazzy_Study/install/my_demo_pkg:/home/addinnedu/ROS2_Jazzy_Study/install/aruco_marker_pkg:/opt/ros/jazzy DEBUGINFOD_URLS=https://debuginfod.ubuntu.com /usr/bin/cmake --install /home/addinnedu/ROS2_Jazzy_Study/build/mapf_planner
[1.155s] DEBUG:colcon.colcon_core.event_handler.log_command:Invoked command in '/home/addinnedu/ROS2_Jazzy_Study/build/monitoring_pkg' returned '0': CMAKE_PREFIX_PATH=${CMAKE_PREFIX_PATH}:/home/addinnedu/ROS2_Jazzy_Study/install/send_goal:/home/addinnedu/ROS2_Jazzy_Study/install/pinky_mapf:/home/addinnedu/ROS2_Jazzy_Study/install/my_demo_pkg:/home/addinnedu/ROS2_Jazzy_Study/install/aruco_marker_pkg:/opt/ros/jazzy DEBUGINFOD_URLS=https://debuginfod.ubuntu.com /usr/bin/cmake --build /home/addinnedu/ROS2_Jazzy_Study/build/monitoring_pkg -- -j16 -l16
[1.156s] DEBUG:colcon.colcon_core.event_handler.log_command:Invoking command in '/home/addinnedu/ROS2_Jazzy_Study/build/monitoring_pkg': CMAKE_PREFIX_PATH=${CMAKE_PREFIX_PATH}:/home/addinnedu/ROS2_Jazzy_Study/install/send_goal:/home/addinnedu/ROS2_Jazzy_Study/install/pinky_mapf:/home/addinnedu/ROS2_Jazzy_Study/install/my_demo_pkg:/home/addinnedu/ROS2_Jazzy_Study/install/aruco_marker_pkg:/opt/ros/jazzy DEBUGINFOD_URLS=https://debuginfod.ubuntu.com /usr/bin/cmake --install /home/addinnedu/ROS2_Jazzy_Study/build/monitoring_pkg
[1.156s] DEBUG:colcon.colcon_core.event_handler.log_command:Invoked command in '/home/addinnedu/ROS2_Jazzy_Study/build/pinky_rmf' returned '0': CMAKE_PREFIX_PATH=${CMAKE_PREFIX_PATH}:/home/addinnedu/ROS2_Jazzy_Study/install/send_goal:/home/addinnedu/ROS2_Jazzy_Study/install/pinky_mapf:/home/addinnedu/ROS2_Jazzy_Study/install/my_demo_pkg:/home/addinnedu/ROS2_Jazzy_Study/install/aruco_marker_pkg:/opt/ros/jazzy DEBUGINFOD_URLS=https://debuginfod.ubuntu.com /usr/bin/cmake --build /home/addinnedu/ROS2_Jazzy_Study/build/pinky_rmf -- -j16 -l16
[1.157s] DEBUG:colcon.colcon_core.event_handler.log_command:Invoking command in '/home/addinnedu/ROS2_Jazzy_Study/build/pinky_rmf': CMAKE_PREFIX_PATH=${CMAKE_PREFIX_PATH}:/home/addinnedu/ROS2_Jazzy_Study/install/send_goal:/home/addinnedu/ROS2_Jazzy_Study/install/pinky_mapf:/home/addinnedu/ROS2_Jazzy_Study/install/my_demo_pkg:/home/addinnedu/ROS2_Jazzy_Study/install/aruco_marker_pkg:/opt/ros/jazzy DEBUGINFOD_URLS=https://debuginfod.ubuntu.com /usr/bin/cmake --install /home/addinnedu/ROS2_Jazzy_Study/build/pinky_rmf
[1.161s] DEBUG:colcon.colcon_core.event_handler.log_command:Invoking command in '/home/addinnedu/ROS2_Jazzy_Study/build/traffic_planner': CMAKE_PREFIX_PATH=${CMAKE_PREFIX_PATH}:/home/addinnedu/ROS2_Jazzy_Study/install/send_goal:/home/addinnedu/ROS2_Jazzy_Study/install/pinky_mapf:/home/addinnedu/ROS2_Jazzy_Study/install/my_demo_pkg:/home/addinnedu/ROS2_Jazzy_Study/install/aruco_marker_pkg:/opt/ros/jazzy DEBUGINFOD_URLS=https://debuginfod.ubuntu.com /usr/bin/cmake --build /home/addinnedu/ROS2_Jazzy_Study/build/traffic_planner -- -j16 -l16
[1.180s] Level 1:colcon.colcon_core.environment:create_environment_scripts_only(pinky_rmf)
[1.181s] DEBUG:colcon.colcon_core.event_handler.log_command:Invoked command in '/home/addinnedu/ROS2_Jazzy_Study/build/pinky_rmf' returned '0': CMAKE_PREFIX_PATH=${CMAKE_PREFIX_PATH}:/home/addinnedu/ROS2_Jazzy_Study/install/send_goal:/home/addinnedu/ROS2_Jazzy_Study/install/pinky_mapf:/home/addinnedu/ROS2_Jazzy_Study/install/my_demo_pkg:/home/addinnedu/ROS2_Jazzy_Study/install/aruco_marker_pkg:/opt/ros/jazzy DEBUGINFOD_URLS=https://debuginfod.ubuntu.com /usr/bin/cmake --install /home/addinnedu/ROS2_Jazzy_Study/build/pinky_rmf
[1.183s] Level 1:colcon.colcon_core.environment:checking '/home/addinnedu/ROS2_Jazzy_Study/install/pinky_rmf' for CMake module files
[1.184s] Level 1:colcon.colcon_core.environment:checking '/home/addinnedu/ROS2_Jazzy_Study/install/pinky_rmf' for CMake config files
[1.184s] Level 1:colcon.colcon_core.shell:create_environment_hook('pinky_rmf', 'cmake_prefix_path')
[1.184s] INFO:colcon.colcon_core.shell:Creating environment hook '/home/addinnedu/ROS2_Jazzy_Study/install/pinky_rmf/share/pinky_rmf/hook/cmake_prefix_path.ps1'
[1.185s] INFO:colcon.colcon_core.shell:Creating environment descriptor '/home/addinnedu/ROS2_Jazzy_Study/install/pinky_rmf/share/pinky_rmf/hook/cmake_prefix_path.dsv'
[1.185s] INFO:colcon.colcon_core.shell:Creating environment hook '/home/addinnedu/ROS2_Jazzy_Study/install/pinky_rmf/share/pinky_rmf/hook/cmake_prefix_path.sh'
[1.186s] Level 1:colcon.colcon_core.environment:checking '/home/addinnedu/ROS2_Jazzy_Study/install/pinky_rmf/lib'
[1.186s] Level 1:colcon.colcon_core.environment:checking '/home/addinnedu/ROS2_Jazzy_Study/install/pinky_rmf/bin'
[1.186s] Level 1:colcon.colcon_core.environment:checking '/home/addinnedu/ROS2_Jazzy_Study/install/pinky_rmf/lib/pkgconfig/pinky_rmf.pc'
[1.186s] Level 1:colcon.colcon_core.environment:checking '/home/addinnedu/ROS2_Jazzy_Study/install/pinky_rmf/lib/python3.12/site-packages'
[1.187s] Level 1:colcon.colcon_core.environment:checking '/home/addinnedu/ROS2_Jazzy_Study/install/pinky_rmf/bin'
[1.187s] INFO:colcon.colcon_core.shell:Creating package script '/home/addinnedu/ROS2_Jazzy_Study/install/pinky_rmf/share/pinky_rmf/package.ps1'
[1.188s] INFO:colcon.colcon_core.shell:Creating package descriptor '/home/addinnedu/ROS2_Jazzy_Study/install/pinky_rmf/share/pinky_rmf/package.dsv'
[1.188s] INFO:colcon.colcon_core.shell:Creating package script '/home/addinnedu/ROS2_Jazzy_Study/install/pinky_rmf/share/pinky_rmf/package.sh'
[1.189s] INFO:colcon.colcon_core.shell:Creating package script '/home/addinnedu/ROS2_Jazzy_Study/install/pinky_rmf/share/pinky_rmf/package.bash'
[1.189s] INFO:colcon.colcon_core.shell:Creating package script '/home/addinnedu/ROS2_Jazzy_Study/install/pinky_rmf/share/pinky_rmf/package.zsh'
[1.189s] Level 1:colcon.colcon_core.environment:create_file_with_runtime_dependencies(/home/addinnedu/ROS2_Jazzy_Study/install/pinky_rmf/share/colcon-core/packages/pinky_rmf)
[1.190s] Level 1:colcon.colcon_core.environment:create_environment_scripts_only(pinky_rmf)
[1.190s] Level 1:colcon.colcon_core.environment:checking '/home/addinnedu/ROS2_Jazzy_Study/install/pinky_rmf' for CMake module files
[1.191s] Level 1:colcon.colcon_core.environment:checking '/home/addinnedu/ROS2_Jazzy_Study/install/pinky_rmf' for CMake config files
[1.191s] Level 1:colcon.colcon_core.shell:create_environment_hook('pinky_rmf', 'cmake_prefix_path')
[1.191s] INFO:colcon.colcon_core.shell:Creating environment hook '/home/addinnedu/ROS2_Jazzy_Study/install/pinky_rmf/share/pinky_rmf/hook/cmake_prefix_path.ps1'
[1.191s] INFO:colcon.colcon_core.shell:Creating environment descriptor '/home/addinnedu/ROS2_Jazzy_Study/install/pinky_rmf/share/pinky_rmf/hook/cmake_prefix_path.dsv'
[1.192s] INFO:colcon.colcon_core.shell:Creating environment hook '/home/addinnedu/ROS2_Jazzy_Study/install/pinky_rmf/share/pinky_rmf/hook/cmake_prefix_path.sh'
[1.192s] Level 1:colcon.colcon_core.environment:checking '/home/addinnedu/ROS2_Jazzy_Study/install/pinky_rmf/lib'
[1.192s] Level 1:colcon.colcon_core.environment:checking '/home/addinnedu/ROS2_Jazzy_Study/install/pinky_rmf/bin'
[1.192s] Level 1:colcon.colcon_core.environment:checking '/home/addinnedu/ROS2_Jazzy_Study/install/pinky_rmf/lib/pkgconfig/pinky_rmf.pc'
[1.192s] Level 1:colcon.colcon_core.environment:checking '/home/addinnedu/ROS2_Jazzy_Study/install/pinky_rmf/lib/python3.12/site-packages'
[1.193s] Level 1:colcon.colcon_core.environment:checking '/home/addinnedu/ROS2_Jazzy_Study/install/pinky_rmf/bin'
[1.193s] INFO:colcon.colcon_core.shell:Creating package script '/home/addinnedu/ROS2_Jazzy_Study/install/pinky_rmf/share/pinky_rmf/package.ps1'
[1.193s] INFO:colcon.colcon_core.shell:Creating package descriptor '/home/addinnedu/ROS2_Jazzy_Study/install/pinky_rmf/share/pinky_rmf/package.dsv'
[1.194s] INFO:colcon.colcon_core.shell:Creating package script '/home/addinnedu/ROS2_Jazzy_Study/install/pinky_rmf/share/pinky_rmf/package.sh'
[1.194s] INFO:colcon.colcon_core.shell:Creating package script '/home/addinnedu/ROS2_Jazzy_Study/install/pinky_rmf/share/pinky_rmf/package.bash'
[1.195s] INFO:colcon.colcon_core.shell:Creating package script '/home/addinnedu/ROS2_Jazzy_Study/install/pinky_rmf/share/pinky_rmf/package.zsh'
[1.195s] Level 1:colcon.colcon_core.environment:create_file_with_runtime_dependencies(/home/addinnedu/ROS2_Jazzy_Study/install/pinky_rmf/share/colcon-core/packages/pinky_rmf)
[1.196s] Level 1:colcon.colcon_core.environment:create_environment_scripts_only(monitoring_pkg)
[1.196s] Level 1:colcon.colcon_core.environment:checking '/home/addinnedu/ROS2_Jazzy_Study/install/monitoring_pkg' for CMake module files
[1.197s] DEBUG:colcon.colcon_core.event_handler.log_command:Invoked command in '/home/addinnedu/ROS2_Jazzy_Study/build/monitoring_pkg' returned '0': CMAKE_PREFIX_PATH=${CMAKE_PREFIX_PATH}:/home/addinnedu/ROS2_Jazzy_Study/install/send_goal:/home/addinnedu/ROS2_Jazzy_Study/install/pinky_mapf:/home/addinnedu/ROS2_Jazzy_Study/install/my_demo_pkg:/home/addinnedu/ROS2_Jazzy_Study/install/aruco_marker_pkg:/opt/ros/jazzy DEBUGINFOD_URLS=https://debuginfod.ubuntu.com /usr/bin/cmake --install /home/addinnedu/ROS2_Jazzy_Study/build/monitoring_pkg
[1.197s] Level 1:colcon.colcon_core.environment:checking '/home/addinnedu/ROS2_Jazzy_Study/install/monitoring_pkg' for CMake config files
[1.197s] Level 1:colcon.colcon_core.shell:create_environment_hook('monitoring_pkg', 'cmake_prefix_path')
[1.198s] INFO:colcon.colcon_core.shell:Creating environment hook '/home/addinnedu/ROS2_Jazzy_Study/install/monitoring_pkg/share/monitoring_pkg/hook/cmake_prefix_path.ps1'
[1.198s] INFO:colcon.colcon_core.shell:Creating environment descriptor '/home/addinnedu/ROS2_Jazzy_Study/install/monitoring_pkg/share/monitoring_pkg/hook/cmake_prefix_path.dsv'
[1.198s] INFO:colcon.colcon_core.shell:Creating environment hook '/home/addinnedu/ROS2_Jazzy_Study/install/monitoring_pkg/share/monitoring_pkg/hook/cmake_prefix_path.sh'
[1.199s] Level 1:colcon.colcon_core.environment:checking '/home/addinnedu/ROS2_Jazzy_Study/install/monitoring_pkg/lib'
[1.199s] Level 1:colcon.colcon_core.environment:checking '/home/addinnedu/ROS2_Jazzy_Study/install/monitoring_pkg/bin'
[1.199s] Level 1:colcon.colcon_core.environment:checking '/home/addinnedu/ROS2_Jazzy_Study/install/monitoring_pkg/lib/pkgconfig/monitoring_pkg.pc'
[1.200s] Level 1:colcon.colcon_core.environment:checking '/home/addinnedu/ROS2_Jazzy_Study/install/monitoring_pkg/lib/python3.12/site-packages'
[1.200s] Level 1:colcon.colcon_core.environment:checking '/home/addinnedu/ROS2_Jazzy_Study/install/monitoring_pkg/bin'
[1.200s] INFO:colcon.colcon_core.shell:Creating package script '/home/addinnedu/ROS2_Jazzy_Study/install/monitoring_pkg/share/monitoring_pkg/package.ps1'
[1.200s] INFO:colcon.colcon_core.shell:Creating package descriptor '/home/addinnedu/ROS2_Jazzy_Study/install/monitoring_pkg/share/monitoring_pkg/package.dsv'
[1.201s] INFO:colcon.colcon_core.shell:Creating package script '/home/addinnedu/ROS2_Jazzy_Study/install/monitoring_pkg/share/monitoring_pkg/package.sh'
[1.201s] INFO:colcon.colcon_core.shell:Creating package script '/home/addinnedu/ROS2_Jazzy_Study/install/monitoring_pkg/share/monitoring_pkg/package.bash'
[1.201s] INFO:colcon.colcon_core.shell:Creating package script '/home/addinnedu/ROS2_Jazzy_Study/install/monitoring_pkg/share/monitoring_pkg/package.zsh'
[1.201s] Level 1:colcon.colcon_core.environment:create_file_with_runtime_dependencies(/home/addinnedu/ROS2_Jazzy_Study/install/monitoring_pkg/share/colcon-core/packages/monitoring_pkg)
[1.202s] Level 1:colcon.colcon_core.environment:create_environment_scripts_only(monitoring_pkg)
[1.202s] Level 1:colcon.colcon_core.environment:checking '/home/addinnedu/ROS2_Jazzy_Study/install/monitoring_pkg' for CMake module files
[1.202s] Level 1:colcon.colcon_core.environment:checking '/home/addinnedu/ROS2_Jazzy_Study/install/monitoring_pkg' for CMake config files
[1.203s] Level 1:colcon.colcon_core.shell:create_environment_hook('monitoring_pkg', 'cmake_prefix_path')
[1.203s] INFO:colcon.colcon_core.shell:Creating environment hook '/home/addinnedu/ROS2_Jazzy_Study/install/monitoring_pkg/share/monitoring_pkg/hook/cmake_prefix_path.ps1'
[1.203s] INFO:colcon.colcon_core.shell:Creating environment descriptor '/home/addinnedu/ROS2_Jazzy_Study/install/monitoring_pkg/share/monitoring_pkg/hook/cmake_prefix_path.dsv'
[1.203s] INFO:colcon.colcon_core.shell:Creating environment hook '/home/addinnedu/ROS2_Jazzy_Study/install/monitoring_pkg/share/monitoring_pkg/hook/cmake_prefix_path.sh'
[1.204s] Level 1:colcon.colcon_core.environment:checking '/home/addinnedu/ROS2_Jazzy_Study/install/monitoring_pkg/lib'
[1.204s] Level 1:colcon.colcon_core.environment:checking '/home/addinnedu/ROS2_Jazzy_Study/install/monitoring_pkg/bin'
[1.204s] Level 1:colcon.colcon_core.environment:checking '/home/addinnedu/ROS2_Jazzy_Study/install/monitoring_pkg/lib/pkgconfig/monitoring_pkg.pc'
[1.204s] Level 1:colcon.colcon_core.environment:checking '/home/addinnedu/ROS2_Jazzy_Study/install/monitoring_pkg/lib/python3.12/site-packages'
[1.204s] Level 1:colcon.colcon_core.environment:checking '/home/addinnedu/ROS2_Jazzy_Study/install/monitoring_pkg/bin'
[1.204s] INFO:colcon.colcon_core.shell:Creating package script '/home/addinnedu/ROS2_Jazzy_Study/install/monitoring_pkg/share/monitoring_pkg/package.ps1'
[1.205s] INFO:colcon.colcon_core.shell:Creating package descriptor '/home/addinnedu/ROS2_Jazzy_Study/install/monitoring_pkg/share/monitoring_pkg/package.dsv'
[1.205s] INFO:colcon.colcon_core.shell:Creating package script '/home/addinnedu/ROS2_Jazzy_Study/install/monitoring_pkg/share/monitoring_pkg/package.sh'
[1.205s] INFO:colcon.colcon_core.shell:Creating package script '/home/addinnedu/ROS2_Jazzy_Study/install/monitoring_pkg/share/monitoring_pkg/package.bash'
[1.206s] INFO:colcon.colcon_core.shell:Creating package script '/home/addinnedu/ROS2_Jazzy_Study/install/monitoring_pkg/share/monitoring_pkg/package.zsh'
[1.206s] Level 1:colcon.colcon_core.environment:create_file_with_runtime_dependencies(/home/addinnedu/ROS2_Jazzy_Study/install/monitoring_pkg/share/colcon-core/packages/monitoring_pkg)
[1.206s] Level 1:colcon.colcon_core.environment:create_environment_scripts_only(mapf_planner)
[1.207s] Level 1:colcon.colcon_core.environment:checking '/home/addinnedu/ROS2_Jazzy_Study/install/mapf_planner' for CMake module files
[1.208s] DEBUG:colcon.colcon_core.event_handler.log_command:Invoked command in '/home/addinnedu/ROS2_Jazzy_Study/build/mapf_planner' returned '0': CMAKE_PREFIX_PATH=${CMAKE_PREFIX_PATH}:/home/addinnedu/ROS2_Jazzy_Study/install/send_goal:/home/addinnedu/ROS2_Jazzy_Study/install/pinky_mapf:/home/addinnedu/ROS2_Jazzy_Study/install/my_demo_pkg:/home/addinnedu/ROS2_Jazzy_Study/install/aruco_marker_pkg:/opt/ros/jazzy DEBUGINFOD_URLS=https://debuginfod.ubuntu.com /usr/bin/cmake --install /home/addinnedu/ROS2_Jazzy_Study/build/mapf_planner
[1.208s] Level 1:colcon.colcon_core.environment:checking '/home/addinnedu/ROS2_Jazzy_Study/install/mapf_planner' for CMake config files
[1.209s] Level 1:colcon.colcon_core.shell:create_environment_hook('mapf_planner', 'cmake_prefix_path')
[1.209s] INFO:colcon.colcon_core.shell:Creating environment hook '/home/addinnedu/ROS2_Jazzy_Study/install/mapf_planner/share/mapf_planner/hook/cmake_prefix_path.ps1'
[1.209s] INFO:colcon.colcon_core.shell:Creating environment descriptor '/home/addinnedu/ROS2_Jazzy_Study/install/mapf_planner/share/mapf_planner/hook/cmake_prefix_path.dsv'
[1.210s] INFO:colcon.colcon_core.shell:Creating environment hook '/home/addinnedu/ROS2_Jazzy_Study/install/mapf_planner/share/mapf_planner/hook/cmake_prefix_path.sh'
[1.210s] Level 1:colcon.colcon_core.environment:checking '/home/addinnedu/ROS2_Jazzy_Study/install/mapf_planner/lib'
[1.210s] Level 1:colcon.colcon_core.environment:checking '/home/addinnedu/ROS2_Jazzy_Study/install/mapf_planner/bin'
[1.210s] Level 1:colcon.colcon_core.environment:checking '/home/addinnedu/ROS2_Jazzy_Study/install/mapf_planner/lib/pkgconfig/mapf_planner.pc'
[1.210s] Level 1:colcon.colcon_core.environment:checking '/home/addinnedu/ROS2_Jazzy_Study/install/mapf_planner/lib/python3.12/site-packages'
[1.210s] Level 1:colcon.colcon_core.environment:checking '/home/addinnedu/ROS2_Jazzy_Study/install/mapf_planner/bin'
[1.211s] INFO:colcon.colcon_core.shell:Creating package script '/home/addinnedu/ROS2_Jazzy_Study/install/mapf_planner/share/mapf_planner/package.ps1'
[1.211s] INFO:colcon.colcon_core.shell:Creating package descriptor '/home/addinnedu/ROS2_Jazzy_Study/install/mapf_planner/share/mapf_planner/package.dsv'
[1.211s] INFO:colcon.colcon_core.shell:Creating package script '/home/addinnedu/ROS2_Jazzy_Study/install/mapf_planner/share/mapf_planner/package.sh'
[1.212s] INFO:colcon.colcon_core.shell:Creating package script '/home/addinnedu/ROS2_Jazzy_Study/install/mapf_planner/share/mapf_planner/package.bash'
[1.212s] INFO:colcon.colcon_core.shell:Creating package script '/home/addinnedu/ROS2_Jazzy_Study/install/mapf_planner/share/mapf_planner/package.zsh'
[1.212s] Level 1:colcon.colcon_core.environment:create_file_with_runtime_dependencies(/home/addinnedu/ROS2_Jazzy_Study/install/mapf_planner/share/colcon-core/packages/mapf_planner)
[1.213s] Level 1:colcon.colcon_core.environment:create_environment_scripts_only(mapf_planner)
[1.213s] Level 1:colcon.colcon_core.environment:checking '/home/addinnedu/ROS2_Jazzy_Study/install/mapf_planner' for CMake module files
[1.213s] Level 1:colcon.colcon_core.environment:checking '/home/addinnedu/ROS2_Jazzy_Study/install/mapf_planner' for CMake config files
[1.213s] Level 1:colcon.colcon_core.shell:create_environment_hook('mapf_planner', 'cmake_prefix_path')
[1.213s] INFO:colcon.colcon_core.shell:Creating environment hook '/home/addinnedu/ROS2_Jazzy_Study/install/mapf_planner/share/mapf_planner/hook/cmake_prefix_path.ps1'
[1.214s] INFO:colcon.colcon_core.shell:Creating environment descriptor '/home/addinnedu/ROS2_Jazzy_Study/install/mapf_planner/share/mapf_planner/hook/cmake_prefix_path.dsv'
[1.214s] INFO:colcon.colcon_core.shell:Creating environment hook '/home/addinnedu/ROS2_Jazzy_Study/install/mapf_planner/share/mapf_planner/hook/cmake_prefix_path.sh'
[1.214s] Level 1:colcon.colcon_core.environment:checking '/home/addinnedu/ROS2_Jazzy_Study/install/mapf_planner/lib'
[1.214s] Level 1:colcon.colcon_core.environment:checking '/home/addinnedu/ROS2_Jazzy_Study/install/mapf_planner/bin'
[1.215s] Level 1:colcon.colcon_core.environment:checking '/home/addinnedu/ROS2_Jazzy_Study/install/mapf_planner/lib/pkgconfig/mapf_planner.pc'
[1.215s] Level 1:colcon.colcon_core.environment:checking '/home/addinnedu/ROS2_Jazzy_Study/install/mapf_planner/lib/python3.12/site-packages'
[1.215s] Level 1:colcon.colcon_core.environment:checking '/home/addinnedu/ROS2_Jazzy_Study/install/mapf_planner/bin'
[1.215s] INFO:colcon.colcon_core.shell:Creating package script '/home/addinnedu/ROS2_Jazzy_Study/install/mapf_planner/share/mapf_planner/package.ps1'
[1.216s] INFO:colcon.colcon_core.shell:Creating package descriptor '/home/addinnedu/ROS2_Jazzy_Study/install/mapf_planner/share/mapf_planner/package.dsv'
[1.216s] INFO:colcon.colcon_core.shell:Creating package script '/home/addinnedu/ROS2_Jazzy_Study/install/mapf_planner/share/mapf_planner/package.sh'
[1.218s] INFO:colcon.colcon_core.shell:Creating package script '/home/addinnedu/ROS2_Jazzy_Study/install/mapf_planner/share/mapf_planner/package.bash'
[1.218s] INFO:colcon.colcon_core.shell:Creating package script '/home/addinnedu/ROS2_Jazzy_Study/install/mapf_planner/share/mapf_planner/package.zsh'
[1.219s] Level 1:colcon.colcon_core.environment:create_file_with_runtime_dependencies(/home/addinnedu/ROS2_Jazzy_Study/install/mapf_planner/share/colcon-core/packages/mapf_planner)
[1.304s] DEBUG:colcon.colcon_core.event_handler.log_command:Invoked command in '/home/addinnedu/ROS2_Jazzy_Study/build/traffic_planner' returned '0': CMAKE_PREFIX_PATH=${CMAKE_PREFIX_PATH}:/home/addinnedu/ROS2_Jazzy_Study/install/send_goal:/home/addinnedu/ROS2_Jazzy_Study/install/pinky_mapf:/home/addinnedu/ROS2_Jazzy_Study/install/my_demo_pkg:/home/addinnedu/ROS2_Jazzy_Study/install/aruco_marker_pkg:/opt/ros/jazzy DEBUGINFOD_URLS=https://debuginfod.ubuntu.com /usr/bin/cmake --build /home/addinnedu/ROS2_Jazzy_Study/build/traffic_planner -- -j16 -l16
[1.305s] DEBUG:colcon.colcon_core.event_handler.log_command:Invoking command in '/home/addinnedu/ROS2_Jazzy_Study/build/traffic_planner': CMAKE_PREFIX_PATH=${CMAKE_PREFIX_PATH}:/home/addinnedu/ROS2_Jazzy_Study/install/send_goal:/home/addinnedu/ROS2_Jazzy_Study/install/pinky_mapf:/home/addinnedu/ROS2_Jazzy_Study/install/my_demo_pkg:/home/addinnedu/ROS2_Jazzy_Study/install/aruco_marker_pkg:/opt/ros/jazzy DEBUGINFOD_URLS=https://debuginfod.ubuntu.com /usr/bin/cmake --install /home/addinnedu/ROS2_Jazzy_Study/build/traffic_planner
[1.331s] Level 1:colcon.colcon_core.environment:create_environment_scripts_only(traffic_planner)
[1.331s] Level 1:colcon.colcon_core.environment:checking '/home/addinnedu/ROS2_Jazzy_Study/install/traffic_planner' for CMake module files
[1.332s] DEBUG:colcon.colcon_core.event_handler.log_command:Invoked command in '/home/addinnedu/ROS2_Jazzy_Study/build/traffic_planner' returned '0': CMAKE_PREFIX_PATH=${CMAKE_PREFIX_PATH}:/home/addinnedu/ROS2_Jazzy_Study/install/send_goal:/home/addinnedu/ROS2_Jazzy_Study/install/pinky_mapf:/home/addinnedu/ROS2_Jazzy_Study/install/my_demo_pkg:/home/addinnedu/ROS2_Jazzy_Study/install/aruco_marker_pkg:/opt/ros/jazzy DEBUGINFOD_URLS=https://debuginfod.ubuntu.com /usr/bin/cmake --install /home/addinnedu/ROS2_Jazzy_Study/build/traffic_planner
[1.332s] Level 1:colcon.colcon_core.environment:checking '/home/addinnedu/ROS2_Jazzy_Study/install/traffic_planner' for CMake config files
[1.333s] Level 1:colcon.colcon_core.shell:create_environment_hook('traffic_planner', 'cmake_prefix_path')
[1.333s] INFO:colcon.colcon_core.shell:Creating environment hook '/home/addinnedu/ROS2_Jazzy_Study/install/traffic_planner/share/traffic_planner/hook/cmake_prefix_path.ps1'
[1.334s] INFO:colcon.colcon_core.shell:Creating environment descriptor '/home/addinnedu/ROS2_Jazzy_Study/install/traffic_planner/share/traffic_planner/hook/cmake_prefix_path.dsv'
[1.334s] INFO:colcon.colcon_core.shell:Creating environment hook '/home/addinnedu/ROS2_Jazzy_Study/install/traffic_planner/share/traffic_planner/hook/cmake_prefix_path.sh'
[1.335s] Level 1:colcon.colcon_core.environment:checking '/home/addinnedu/ROS2_Jazzy_Study/install/traffic_planner/lib'
[1.335s] Level 1:colcon.colcon_core.environment:checking '/home/addinnedu/ROS2_Jazzy_Study/install/traffic_planner/bin'
[1.335s] Level 1:colcon.colcon_core.environment:checking '/home/addinnedu/ROS2_Jazzy_Study/install/traffic_planner/lib/pkgconfig/traffic_planner.pc'
[1.335s] Level 1:colcon.colcon_core.environment:checking '/home/addinnedu/ROS2_Jazzy_Study/install/traffic_planner/lib/python3.12/site-packages'
[1.335s] Level 1:colcon.colcon_core.environment:checking '/home/addinnedu/ROS2_Jazzy_Study/install/traffic_planner/bin'
[1.335s] INFO:colcon.colcon_core.shell:Creating package script '/home/addinnedu/ROS2_Jazzy_Study/install/traffic_planner/share/traffic_planner/package.ps1'
[1.336s] INFO:colcon.colcon_core.shell:Creating package descriptor '/home/addinnedu/ROS2_Jazzy_Study/install/traffic_planner/share/traffic_planner/package.dsv'
[1.336s] INFO:colcon.colcon_core.shell:Creating package script '/home/addinnedu/ROS2_Jazzy_Study/install/traffic_planner/share/traffic_planner/package.sh'
[1.336s] INFO:colcon.colcon_core.shell:Creating package script '/home/addinnedu/ROS2_Jazzy_Study/install/traffic_planner/share/traffic_planner/package.bash'
[1.337s] INFO:colcon.colcon_core.shell:Creating package script '/home/addinnedu/ROS2_Jazzy_Study/install/traffic_planner/share/traffic_planner/package.zsh'
[1.337s] Level 1:colcon.colcon_core.environment:create_file_with_runtime_dependencies(/home/addinnedu/ROS2_Jazzy_Study/install/traffic_planner/share/colcon-core/packages/traffic_planner)
[1.337s] Level 1:colcon.colcon_core.environment:create_environment_scripts_only(traffic_planner)
[1.338s] Level 1:colcon.colcon_core.environment:checking '/home/addinnedu/ROS2_Jazzy_Study/install/traffic_planner' for CMake module files
[1.338s] Level 1:colcon.colcon_core.environment:checking '/home/addinnedu/ROS2_Jazzy_Study/install/traffic_planner' for CMake config files
[1.338s] Level 1:colcon.colcon_core.shell:create_environment_hook('traffic_planner', 'cmake_prefix_path')
[1.338s] INFO:colcon.colcon_core.shell:Creating environment hook '/home/addinnedu/ROS2_Jazzy_Study/install/traffic_planner/share/traffic_planner/hook/cmake_prefix_path.ps1'
[1.339s] INFO:colcon.colcon_core.shell:Creating environment descriptor '/home/addinnedu/ROS2_Jazzy_Study/install/traffic_planner/share/traffic_planner/hook/cmake_prefix_path.dsv'
[1.339s] INFO:colcon.colcon_core.shell:Creating environment hook '/home/addinnedu/ROS2_Jazzy_Study/install/traffic_planner/share/traffic_planner/hook/cmake_prefix_path.sh'
[1.339s] Level 1:colcon.colcon_core.environment:checking '/home/addinnedu/ROS2_Jazzy_Study/install/traffic_planner/lib'
[1.339s] Level 1:colcon.colcon_core.environment:checking '/home/addinnedu/ROS2_Jazzy_Study/install/traffic_planner/bin'
[1.340s] Level 1:colcon.colcon_core.environment:checking '/home/addinnedu/ROS2_Jazzy_Study/install/traffic_planner/lib/pkgconfig/traffic_planner.pc'
[1.340s] Level 1:colcon.colcon_core.environment:checking '/home/addinnedu/ROS2_Jazzy_Study/install/traffic_planner/lib/python3.12/site-packages'
[1.340s] Level 1:colcon.colcon_core.environment:checking '/home/addinnedu/ROS2_Jazzy_Study/install/traffic_planner/bin'
[1.340s] INFO:colcon.colcon_core.shell:Creating package script '/home/addinnedu/ROS2_Jazzy_Study/install/traffic_planner/share/traffic_planner/package.ps1'
[1.340s] INFO:colcon.colcon_core.shell:Creating package descriptor '/home/addinnedu/ROS2_Jazzy_Study/install/traffic_planner/share/traffic_planner/package.dsv'
[1.341s] INFO:colcon.colcon_core.shell:Creating package script '/home/addinnedu/ROS2_Jazzy_Study/install/traffic_planner/share/traffic_planner/package.sh'
[1.341s] INFO:colcon.colcon_core.shell:Creating package script '/home/addinnedu/ROS2_Jazzy_Study/install/traffic_planner/share/traffic_planner/package.bash'
[1.341s] INFO:colcon.colcon_core.shell:Creating package script '/home/addinnedu/ROS2_Jazzy_Study/install/traffic_planner/share/traffic_planner/package.zsh'
[1.341s] Level 1:colcon.colcon_core.environment:create_file_with_runtime_dependencies(/home/addinnedu/ROS2_Jazzy_Study/install/traffic_planner/share/colcon-core/packages/traffic_planner)
[1.787s] DEBUG:colcon.colcon_core.event_handler.log_command:Invoking command in '/home/addinnedu/ROS2_Jazzy_Study/src/send_goal': DEBUGINFOD_URLS=https://debuginfod.ubuntu.com PYTHONPATH=/home/addinnedu/ROS2_Jazzy_Study/build/send_goal/prefix_override:/usr/lib/python3/dist-packages/colcon_core/task/python/colcon_distutils_commands:/home/addinnedu/ROS2_Jazzy_Study/install/send_goal/lib/python3.12/site-packages:${PYTHONPATH} /usr/bin/python3 -W ignore:setup.py install is deprecated -W ignore:easy_install command is deprecated setup.py egg_info --egg-base ../../build/send_goal build --build-base /home/addinnedu/ROS2_Jazzy_Study/build/send_goal/build install --record /home/addinnedu/ROS2_Jazzy_Study/build/send_goal/install.log --single-version-externally-managed install_data
[1.788s] DEBUG:colcon.colcon_core.event_handler.log_command:Invoking command in '/home/addinnedu/ROS2_Jazzy_Study/src/my_demo_pkg': DEBUGINFOD_URLS=https://debuginfod.ubuntu.com PYTHONPATH=/home/addinnedu/ROS2_Jazzy_Study/build/my_demo_pkg/prefix_override:/usr/lib/python3/dist-packages/colcon_core/task/python/colcon_distutils_commands:/home/addinnedu/ROS2_Jazzy_Study/install/my_demo_pkg/lib/python3.12/site-packages:${PYTHONPATH} /usr/bin/python3 -W ignore:setup.py install is deprecated -W ignore:easy_install command is deprecated setup.py egg_info --egg-base ../../build/my_demo_pkg build --build-base /home/addinnedu/ROS2_Jazzy_Study/build/my_demo_pkg/build install --record /home/addinnedu/ROS2_Jazzy_Study/build/my_demo_pkg/install.log --single-version-externally-managed install_data
[1.789s] DEBUG:colcon.colcon_core.event_handler.log_command:Invoking command in '/home/addinnedu/ROS2_Jazzy_Study/src/aruco_marker_pkg': DEBUGINFOD_URLS=https://debuginfod.ubuntu.com PYTHONPATH=/home/addinnedu/ROS2_Jazzy_Study/build/aruco_marker_pkg/prefix_override:/usr/lib/python3/dist-packages/colcon_core/task/python/colcon_distutils_commands:/home/addinnedu/ROS2_Jazzy_Study/install/aruco_marker_pkg/lib/python3.12/site-packages:${PYTHONPATH} /usr/bin/python3 -W ignore:setup.py install is deprecated -W ignore:easy_install command is deprecated setup.py egg_info --egg-base ../../build/aruco_marker_pkg build --build-base /home/addinnedu/ROS2_Jazzy_Study/build/aruco_marker_pkg/build install --record /home/addinnedu/ROS2_Jazzy_Study/build/aruco_marker_pkg/install.log --single-version-externally-managed install_data
[1.791s] DEBUG:colcon.colcon_core.event_handler.log_command:Invoking command in '/home/addinnedu/ROS2_Jazzy_Study/src/pinky_mapf': DEBUGINFOD_URLS=https://debuginfod.ubuntu.com PYTHONPATH=/home/addinnedu/ROS2_Jazzy_Study/build/pinky_mapf/prefix_override:/usr/lib/python3/dist-packages/colcon_core/task/python/colcon_distutils_commands:/home/addinnedu/ROS2_Jazzy_Study/install/pinky_mapf/lib/python3.12/site-packages:${PYTHONPATH} /usr/bin/python3 -W ignore:setup.py install is deprecated -W ignore:easy_install command is deprecated setup.py egg_info --egg-base ../../build/pinky_mapf build --build-base /home/addinnedu/ROS2_Jazzy_Study/build/pinky_mapf/build install --record /home/addinnedu/ROS2_Jazzy_Study/build/pinky_mapf/install.log --single-version-externally-managed install_data
[2.322s] Level 1:colcon.colcon_core.environment:checking '/home/addinnedu/ROS2_Jazzy_Study/install/send_goal' for CMake module files
[2.323s] DEBUG:colcon.colcon_core.event_handler.log_command:Invoked command in '/home/addinnedu/ROS2_Jazzy_Study/src/send_goal' returned '0': DEBUGINFOD_URLS=https://debuginfod.ubuntu.com PYTHONPATH=/home/addinnedu/ROS2_Jazzy_Study/build/send_goal/prefix_override:/usr/lib/python3/dist-packages/colcon_core/task/python/colcon_distutils_commands:/home/addinnedu/ROS2_Jazzy_Study/install/send_goal/lib/python3.12/site-packages:${PYTHONPATH} /usr/bin/python3 -W ignore:setup.py install is deprecated -W ignore:easy_install command is deprecated setup.py egg_info --egg-base ../../build/send_goal build --build-base /home/addinnedu/ROS2_Jazzy_Study/build/send_goal/build install --record /home/addinnedu/ROS2_Jazzy_Study/build/send_goal/install.log --single-version-externally-managed install_data
[2.323s] Level 1:colcon.colcon_core.environment:checking '/home/addinnedu/ROS2_Jazzy_Study/install/send_goal' for CMake config files
[2.323s] Level 1:colcon.colcon_core.environment:checking '/home/addinnedu/ROS2_Jazzy_Study/install/send_goal/lib'
[2.323s] Level 1:colcon.colcon_core.environment:checking '/home/addinnedu/ROS2_Jazzy_Study/install/send_goal/bin'
[2.324s] Level 1:colcon.colcon_core.environment:checking '/home/addinnedu/ROS2_Jazzy_Study/install/send_goal/lib/pkgconfig/send_goal.pc'
[2.324s] Level 1:colcon.colcon_core.environment:checking '/home/addinnedu/ROS2_Jazzy_Study/install/send_goal/lib/python3.12/site-packages'
[2.324s] Level 1:colcon.colcon_core.shell:create_environment_hook('send_goal', 'pythonpath')
[2.324s] INFO:colcon.colcon_core.shell:Creating environment hook '/home/addinnedu/ROS2_Jazzy_Study/install/send_goal/share/send_goal/hook/pythonpath.ps1'
[2.325s] INFO:colcon.colcon_core.shell:Creating environment descriptor '/home/addinnedu/ROS2_Jazzy_Study/install/send_goal/share/send_goal/hook/pythonpath.dsv'
[2.325s] INFO:colcon.colcon_core.shell:Creating environment hook '/home/addinnedu/ROS2_Jazzy_Study/install/send_goal/share/send_goal/hook/pythonpath.sh'
[2.326s] Level 1:colcon.colcon_core.environment:checking '/home/addinnedu/ROS2_Jazzy_Study/install/send_goal/bin'
[2.326s] Level 1:colcon.colcon_core.environment:create_environment_scripts_only(send_goal)
[2.326s] INFO:colcon.colcon_core.shell:Creating package script '/home/addinnedu/ROS2_Jazzy_Study/install/send_goal/share/send_goal/package.ps1'
[2.327s] INFO:colcon.colcon_core.shell:Creating package descriptor '/home/addinnedu/ROS2_Jazzy_Study/install/send_goal/share/send_goal/package.dsv'
[2.327s] INFO:colcon.colcon_core.shell:Creating package script '/home/addinnedu/ROS2_Jazzy_Study/install/send_goal/share/send_goal/package.sh'
[2.327s] INFO:colcon.colcon_core.shell:Creating package script '/home/addinnedu/ROS2_Jazzy_Study/install/send_goal/share/send_goal/package.bash'
[2.327s] INFO:colcon.colcon_core.shell:Creating package script '/home/addinnedu/ROS2_Jazzy_Study/install/send_goal/share/send_goal/package.zsh'
[2.328s] Level 1:colcon.colcon_core.environment:create_file_with_runtime_dependencies(/home/addinnedu/ROS2_Jazzy_Study/install/send_goal/share/colcon-core/packages/send_goal)
[2.351s] Level 1:colcon.colcon_core.environment:checking '/home/addinnedu/ROS2_Jazzy_Study/install/pinky_mapf' for CMake module files
[2.351s] DEBUG:colcon.colcon_core.event_handler.log_command:Invoked command in '/home/addinnedu/ROS2_Jazzy_Study/src/pinky_mapf' returned '0': DEBUGINFOD_URLS=https://debuginfod.ubuntu.com PYTHONPATH=/home/addinnedu/ROS2_Jazzy_Study/build/pinky_mapf/prefix_override:/usr/lib/python3/dist-packages/colcon_core/task/python/colcon_distutils_commands:/home/addinnedu/ROS2_Jazzy_Study/install/pinky_mapf/lib/python3.12/site-packages:${PYTHONPATH} /usr/bin/python3 -W ignore:setup.py install is deprecated -W ignore:easy_install command is deprecated setup.py egg_info --egg-base ../../build/pinky_mapf build --build-base /home/addinnedu/ROS2_Jazzy_Study/build/pinky_mapf/build install --record /home/addinnedu/ROS2_Jazzy_Study/build/pinky_mapf/install.log --single-version-externally-managed install_data
[2.351s] Level 1:colcon.colcon_core.environment:checking '/home/addinnedu/ROS2_Jazzy_Study/install/pinky_mapf' for CMake config files
[2.352s] Level 1:colcon.colcon_core.environment:checking '/home/addinnedu/ROS2_Jazzy_Study/install/pinky_mapf/lib'
[2.352s] Level 1:colcon.colcon_core.environment:checking '/home/addinnedu/ROS2_Jazzy_Study/install/pinky_mapf/bin'
[2.352s] Level 1:colcon.colcon_core.environment:checking '/home/addinnedu/ROS2_Jazzy_Study/install/pinky_mapf/lib/pkgconfig/pinky_mapf.pc'
[2.352s] Level 1:colcon.colcon_core.environment:checking '/home/addinnedu/ROS2_Jazzy_Study/install/pinky_mapf/lib/python3.12/site-packages'
[2.352s] Level 1:colcon.colcon_core.shell:create_environment_hook('pinky_mapf', 'pythonpath')
[2.352s] INFO:colcon.colcon_core.shell:Creating environment hook '/home/addinnedu/ROS2_Jazzy_Study/install/pinky_mapf/share/pinky_mapf/hook/pythonpath.ps1'
[2.353s] INFO:colcon.colcon_core.shell:Creating environment descriptor '/home/addinnedu/ROS2_Jazzy_Study/install/pinky_mapf/share/pinky_mapf/hook/pythonpath.dsv'
[2.353s] INFO:colcon.colcon_core.shell:Creating environment hook '/home/addinnedu/ROS2_Jazzy_Study/install/pinky_mapf/share/pinky_mapf/hook/pythonpath.sh'
[2.354s] Level 1:colcon.colcon_core.environment:checking '/home/addinnedu/ROS2_Jazzy_Study/install/pinky_mapf/bin'
[2.354s] Level 1:colcon.colcon_core.environment:create_environment_scripts_only(pinky_mapf)
[2.354s] INFO:colcon.colcon_core.shell:Creating package script '/home/addinnedu/ROS2_Jazzy_Study/install/pinky_mapf/share/pinky_mapf/package.ps1'
[2.354s] INFO:colcon.colcon_core.shell:Creating package descriptor '/home/addinnedu/ROS2_Jazzy_Study/install/pinky_mapf/share/pinky_mapf/package.dsv'
[2.355s] INFO:colcon.colcon_core.shell:Creating package script '/home/addinnedu/ROS2_Jazzy_Study/install/pinky_mapf/share/pinky_mapf/package.sh'
[2.355s] INFO:colcon.colcon_core.shell:Creating package script '/home/addinnedu/ROS2_Jazzy_Study/install/pinky_mapf/share/pinky_mapf/package.bash'
[2.355s] INFO:colcon.colcon_core.shell:Creating package script '/home/addinnedu/ROS2_Jazzy_Study/install/pinky_mapf/share/pinky_mapf/package.zsh'
[2.355s] Level 1:colcon.colcon_core.environment:create_file_with_runtime_dependencies(/home/addinnedu/ROS2_Jazzy_Study/install/pinky_mapf/share/colcon-core/packages/pinky_mapf)
[2.357s] Level 1:colcon.colcon_core.environment:checking '/home/addinnedu/ROS2_Jazzy_Study/install/aruco_marker_pkg' for CMake module files
[2.357s] DEBUG:colcon.colcon_core.event_handler.log_command:Invoked command in '/home/addinnedu/ROS2_Jazzy_Study/src/aruco_marker_pkg' returned '0': DEBUGINFOD_URLS=https://debuginfod.ubuntu.com PYTHONPATH=/home/addinnedu/ROS2_Jazzy_Study/build/aruco_marker_pkg/prefix_override:/usr/lib/python3/dist-packages/colcon_core/task/python/colcon_distutils_commands:/home/addinnedu/ROS2_Jazzy_Study/install/aruco_marker_pkg/lib/python3.12/site-packages:${PYTHONPATH} /usr/bin/python3 -W ignore:setup.py install is deprecated -W ignore:easy_install command is deprecated setup.py egg_info --egg-base ../../build/aruco_marker_pkg build --build-base /home/addinnedu/ROS2_Jazzy_Study/build/aruco_marker_pkg/build install --record /home/addinnedu/ROS2_Jazzy_Study/build/aruco_marker_pkg/install.log --single-version-externally-managed install_data
[2.357s] Level 1:colcon.colcon_core.environment:checking '/home/addinnedu/ROS2_Jazzy_Study/install/aruco_marker_pkg' for CMake config files
[2.358s] Level 1:colcon.colcon_core.environment:checking '/home/addinnedu/ROS2_Jazzy_Study/install/aruco_marker_pkg/lib'
[2.358s] Level 1:colcon.colcon_core.environment:checking '/home/addinnedu/ROS2_Jazzy_Study/install/aruco_marker_pkg/bin'
[2.358s] Level 1:colcon.colcon_core.environment:checking '/home/addinnedu/ROS2_Jazzy_Study/install/aruco_marker_pkg/lib/pkgconfig/aruco_marker_pkg.pc'
[2.358s] Level 1:colcon.colcon_core.environment:checking '/home/addinnedu/ROS2_Jazzy_Study/install/aruco_marker_pkg/lib/python3.12/site-packages'
[2.358s] Level 1:colcon.colcon_core.shell:create_environment_hook('aruco_marker_pkg', 'pythonpath')
[2.359s] INFO:colcon.colcon_core.shell:Creating environment hook '/home/addinnedu/ROS2_Jazzy_Study/install/aruco_marker_pkg/share/aruco_marker_pkg/hook/pythonpath.ps1'
[2.359s] INFO:colcon.colcon_core.shell:Creating environment descriptor '/home/addinnedu/ROS2_Jazzy_Study/install/aruco_marker_pkg/share/aruco_marker_pkg/hook/pythonpath.dsv'
[2.359s] INFO:colcon.colcon_core.shell:Creating environment hook '/home/addinnedu/ROS2_Jazzy_Study/install/aruco_marker_pkg/share/aruco_marker_pkg/hook/pythonpath.sh'
[2.360s] Level 1:colcon.colcon_core.environment:checking '/home/addinnedu/ROS2_Jazzy_Study/install/aruco_marker_pkg/bin'
[2.360s] Level 1:colcon.colcon_core.environment:create_environment_scripts_only(aruco_marker_pkg)
[2.360s] INFO:colcon.colcon_core.shell:Creating package script '/home/addinnedu/ROS2_Jazzy_Study/install/aruco_marker_pkg/share/aruco_marker_pkg/package.ps1'
[2.360s] INFO:colcon.colcon_core.shell:Creating package descriptor '/home/addinnedu/ROS2_Jazzy_Study/install/aruco_marker_pkg/share/aruco_marker_pkg/package.dsv'
[2.361s] INFO:colcon.colcon_core.shell:Creating package script '/home/addinnedu/ROS2_Jazzy_Study/install/aruco_marker_pkg/share/aruco_marker_pkg/package.sh'
[2.361s] INFO:colcon.colcon_core.shell:Creating package script '/home/addinnedu/ROS2_Jazzy_Study/install/aruco_marker_pkg/share/aruco_marker_pkg/package.bash'
[2.361s] INFO:colcon.colcon_core.shell:Creating package script '/home/addinnedu/ROS2_Jazzy_Study/install/aruco_marker_pkg/share/aruco_marker_pkg/package.zsh'
[2.362s] Level 1:colcon.colcon_core.environment:create_file_with_runtime_dependencies(/home/addinnedu/ROS2_Jazzy_Study/install/aruco_marker_pkg/share/colcon-core/packages/aruco_marker_pkg)
[2.363s] Level 1:colcon.colcon_core.environment:checking '/home/addinnedu/ROS2_Jazzy_Study/install/my_demo_pkg' for CMake module files
[2.363s] DEBUG:colcon.colcon_core.event_handler.log_command:Invoked command in '/home/addinnedu/ROS2_Jazzy_Study/src/my_demo_pkg' returned '0': DEBUGINFOD_URLS=https://debuginfod.ubuntu.com PYTHONPATH=/home/addinnedu/ROS2_Jazzy_Study/build/my_demo_pkg/prefix_override:/usr/lib/python3/dist-packages/colcon_core/task/python/colcon_distutils_commands:/home/addinnedu/ROS2_Jazzy_Study/install/my_demo_pkg/lib/python3.12/site-packages:${PYTHONPATH} /usr/bin/python3 -W ignore:setup.py install is deprecated -W ignore:easy_install command is deprecated setup.py egg_info --egg-base ../../build/my_demo_pkg build --build-base /home/addinnedu/ROS2_Jazzy_Study/build/my_demo_pkg/build install --record /home/addinnedu/ROS2_Jazzy_Study/build/my_demo_pkg/install.log --single-version-externally-managed install_data
[2.363s] Level 1:colcon.colcon_core.environment:checking '/home/addinnedu/ROS2_Jazzy_Study/install/my_demo_pkg' for CMake config files
[2.364s] Level 1:colcon.colcon_core.environment:checking '/home/addinnedu/ROS2_Jazzy_Study/install/my_demo_pkg/lib'
[2.364s] Level 1:colcon.colcon_core.environment:checking '/home/addinnedu/ROS2_Jazzy_Study/install/my_demo_pkg/bin'
[2.364s] Level 1:colcon.colcon_core.environment:checking '/home/addinnedu/ROS2_Jazzy_Study/install/my_demo_pkg/lib/pkgconfig/my_demo_pkg.pc'
[2.364s] Level 1:colcon.colcon_core.environment:checking '/home/addinnedu/ROS2_Jazzy_Study/install/my_demo_pkg/lib/python3.12/site-packages'
[2.364s] Level 1:colcon.colcon_core.shell:create_environment_hook('my_demo_pkg', 'pythonpath')
[2.365s] INFO:colcon.colcon_core.shell:Creating environment hook '/home/addinnedu/ROS2_Jazzy_Study/install/my_demo_pkg/share/my_demo_pkg/hook/pythonpath.ps1'
[2.365s] INFO:colcon.colcon_core.shell:Creating environment descriptor '/home/addinnedu/ROS2_Jazzy_Study/install/my_demo_pkg/share/my_demo_pkg/hook/pythonpath.dsv'
[2.365s] INFO:colcon.colcon_core.shell:Creating environment hook '/home/addinnedu/ROS2_Jazzy_Study/install/my_demo_pkg/share/my_demo_pkg/hook/pythonpath.sh'
[2.366s] Level 1:colcon.colcon_core.environment:checking '/home/addinnedu/ROS2_Jazzy_Study/install/my_demo_pkg/bin'
[2.366s] Level 1:colcon.colcon_core.environment:create_environment_scripts_only(my_demo_pkg)
[2.366s] INFO:colcon.colcon_core.shell:Creating package script '/home/addinnedu/ROS2_Jazzy_Study/install/my_demo_pkg/share/my_demo_pkg/package.ps1'
[2.366s] INFO:colcon.colcon_core.shell:Creating package descriptor '/home/addinnedu/ROS2_Jazzy_Study/install/my_demo_pkg/share/my_demo_pkg/package.dsv'
[2.367s] INFO:colcon.colcon_core.shell:Creating package script '/home/addinnedu/ROS2_Jazzy_Study/install/my_demo_pkg/share/my_demo_pkg/package.sh'
[2.367s] INFO:colcon.colcon_core.shell:Creating package script '/home/addinnedu/ROS2_Jazzy_Study/install/my_demo_pkg/share/my_demo_pkg/package.bash'
[2.367s] INFO:colcon.colcon_core.shell:Creating package script '/home/addinnedu/ROS2_Jazzy_Study/install/my_demo_pkg/share/my_demo_pkg/package.zsh'
[2.368s] Level 1:colcon.colcon_core.environment:create_file_with_runtime_dependencies(/home/addinnedu/ROS2_Jazzy_Study/install/my_demo_pkg/share/colcon-core/packages/my_demo_pkg)
[2.368s] DEBUG:colcon.colcon_parallel_executor.executor.parallel:closing loop
[2.368s] DEBUG:colcon.colcon_parallel_executor.executor.parallel:loop closed
[2.368s] DEBUG:colcon.colcon_parallel_executor.executor.parallel:run_until_complete finished with '0'
[2.368s] DEBUG:colcon.colcon_core.event_reactor:joining thread
[2.373s] INFO:colcon.colcon_core.plugin_system:Skipping extension 'colcon_notification.desktop_notification.terminal_notifier': Not used on non-Darwin systems
[2.373s] INFO:colcon.colcon_core.plugin_system:Skipping extension 'colcon_notification.desktop_notification.win32': Not used on non-Windows systems
[2.373s] INFO:colcon.colcon_notification.desktop_notification:Sending desktop notification using 'notify2'
[2.387s] DEBUG:colcon.colcon_core.event_reactor:joined thread
[2.387s] INFO:colcon.colcon_core.shell:Creating prefix script '/home/addinnedu/ROS2_Jazzy_Study/install/local_setup.ps1'
[2.389s] INFO:colcon.colcon_core.shell:Creating prefix util module '/home/addinnedu/ROS2_Jazzy_Study/install/_local_setup_util_ps1.py'
[2.390s] INFO:colcon.colcon_core.shell:Creating prefix chain script '/home/addinnedu/ROS2_Jazzy_Study/install/setup.ps1'
[2.391s] INFO:colcon.colcon_core.shell:Creating prefix script '/home/addinnedu/ROS2_Jazzy_Study/install/local_setup.sh'
[2.392s] INFO:colcon.colcon_core.shell:Creating prefix util module '/home/addinnedu/ROS2_Jazzy_Study/install/_local_setup_util_sh.py'
[2.392s] INFO:colcon.colcon_core.shell:Creating prefix chain script '/home/addinnedu/ROS2_Jazzy_Study/install/setup.sh'
[2.393s] INFO:colcon.colcon_core.shell:Creating prefix script '/home/addinnedu/ROS2_Jazzy_Study/install/local_setup.bash'
[2.393s] INFO:colcon.colcon_core.shell:Creating prefix chain script '/home/addinnedu/ROS2_Jazzy_Study/install/setup.bash'
[2.395s] INFO:colcon.colcon_core.shell:Creating prefix script '/home/addinnedu/ROS2_Jazzy_Study/install/local_setup.zsh'
[2.395s] INFO:colcon.colcon_core.shell:Creating prefix chain script '/home/addinnedu/ROS2_Jazzy_Study/install/setup.zsh'
